Startpoint: cfg[2] (input port clocked by clk)
Endpoint: out3[19] (output port clocked by clk)
Path Group: clk
Path Type: max

  Delay    Time   Description
---------------------------------------------------------
   0.00    0.00   clock clk (rise edge)
   0.00    0.00   clock network delay (ideal)
  50.00   50.00 ^ input external delay
   0.05   50.05 ^ cfg[2] (in)
   0.30   50.36 ^ _2621_/X (sky130_fd_sc_hd__buf_1)
   0.46   50.82 ^ _2622_/X (sky130_fd_sc_hd__buf_1)
   0.64   51.46 ^ _2647_/X (sky130_fd_sc_hd__buf_1)
   0.55   52.00 ^ _2650_/X (sky130_fd_sc_hd__o22a_4)
   0.01   52.02 ^ out3[19] (out)
          52.02   data arrival time

 250.00  250.00   clock clk (rise edge)
   0.00  250.00   clock network delay (ideal)
   0.00  250.00   clock reconvergence pessimism
 -50.00  200.00   output external delay
         200.00   data required time
---------------------------------------------------------
         200.00   data required time
         -52.02   data arrival time
---------------------------------------------------------
         147.98   slack (MET)


