Startpoint: _16463_ (rising edge-triggered flip-flop clocked by vclk)
Endpoint: _16463_ (rising edge-triggered flip-flop clocked by vclk)
Path Group: vclk
Path Type: min

  Delay    Time   Description
---------------------------------------------------------
   0.00    0.00   clock vclk (rise edge)
   0.00    0.00   clock network delay (ideal)
   0.00    0.00 ^ _16463_/CLK (sky130_fd_sc_hd__dfxtp_4)
   0.70    0.70 ^ _16463_/Q (sky130_fd_sc_hd__dfxtp_4)
   0.10    0.80 v _16428_/Y (sky130_fd_sc_hd__a21boi_4)
   0.00    0.80 v _16463_/D (sky130_fd_sc_hd__dfxtp_4)
           0.80   data arrival time

   0.00    0.00   clock vclk (rise edge)
   0.00    0.00   clock network delay (ideal)
   0.00    0.00   clock reconvergence pessimism
           0.00 ^ _16463_/CLK (sky130_fd_sc_hd__dfxtp_4)
  -0.10   -0.10   library hold time
          -0.10   data required time
---------------------------------------------------------
          -0.10   data required time
          -0.80   data arrival time
---------------------------------------------------------
           0.90   slack (MET)


Startpoint: B2[0] (input port clocked by vclk)
Endpoint: _16463_ (rising edge-triggered flip-flop clocked by vclk)
Path Group: vclk
Path Type: max

  Delay    Time   Description
---------------------------------------------------------
   0.00    0.00   clock vclk (rise edge)
   0.00    0.00   clock network delay (ideal)
   2.00    2.00 ^ input external delay
   0.02    2.02 ^ B2[0] (in)
   0.01    2.03 v _09788_/Y (sky130_fd_sc_hd__inv_8)
   0.07    2.10 v _09789_/X (sky130_fd_sc_hd__buf_1)
   0.16    2.26 v _10640_/X (sky130_fd_sc_hd__or2_4)
   0.16    2.42 v _10642_/X (sky130_fd_sc_hd__or2_4)
   0.13    2.55 ^ _10643_/X (sky130_fd_sc_hd__a21bo_4)
   0.11    2.66 v _10670_/X (sky130_fd_sc_hd__a2bb2o_4)
   0.15    2.81 v _10683_/X (sky130_fd_sc_hd__a2bb2o_4)
   0.14    2.95 v _10696_/X (sky130_fd_sc_hd__a2bb2o_4)
   0.15    3.10 v _10716_/X (sky130_fd_sc_hd__a2bb2o_4)
   0.13    3.22 v _10722_/X (sky130_fd_sc_hd__a2bb2o_4)
   0.17    3.39 v _10739_/X (sky130_fd_sc_hd__or2_4)
   0.13    3.52 ^ _10741_/X (sky130_fd_sc_hd__a21bo_4)
   0.11    3.63 v _10756_/X (sky130_fd_sc_hd__a2bb2o_4)
   0.14    3.77 v _10766_/X (sky130_fd_sc_hd__or2_4)
   0.10    3.88 v _10767_/X (sky130_fd_sc_hd__buf_4)
   0.08    3.95 v _10768_/X (sky130_fd_sc_hd__o21a_4)
   0.14    4.09 v _10769_/X (sky130_fd_sc_hd__or2_4)
   0.08    4.17 v _10770_/X (sky130_fd_sc_hd__o21a_4)
   0.14    4.31 v _10771_/X (sky130_fd_sc_hd__or2_4)
   0.08    4.39 v _10772_/X (sky130_fd_sc_hd__o21a_4)
   0.14    4.53 v _10773_/X (sky130_fd_sc_hd__or2_4)
   0.08    4.61 v _10774_/X (sky130_fd_sc_hd__o21a_4)
   0.14    4.75 v _10775_/X (sky130_fd_sc_hd__or2_4)
   0.08    4.83 v _10776_/X (sky130_fd_sc_hd__o21a_4)
   0.14    4.97 v _10777_/X (sky130_fd_sc_hd__or2_4)
   0.08    5.05 v _10778_/X (sky130_fd_sc_hd__o21a_4)
   0.14    5.19 v _10779_/X (sky130_fd_sc_hd__or2_4)
   0.08    5.27 v _10780_/X (sky130_fd_sc_hd__o21a_4)
   0.14    5.41 v _10781_/X (sky130_fd_sc_hd__or2_4)
   0.08    5.49 v _10782_/X (sky130_fd_sc_hd__o21a_4)
   0.14    5.63 v _10784_/X (sky130_fd_sc_hd__o21a_4)
   0.13    5.76 v _10786_/X (sky130_fd_sc_hd__o21a_4)
   0.11    5.87 v _10787_/X (sky130_fd_sc_hd__o22a_4)
   0.14    6.02 v _10788_/X (sky130_fd_sc_hd__or2_4)
   0.15    6.16 v _10789_/X (sky130_fd_sc_hd__or2_4)
   0.12    6.28 ^ _10829_/X (sky130_fd_sc_hd__a21bo_4)
   0.09    6.37 ^ _10831_/X (sky130_fd_sc_hd__or2_4)
   0.13    6.49 v _10833_/X (sky130_fd_sc_hd__a21bo_4)
   0.15    6.64 v _10841_/X (sky130_fd_sc_hd__or2_4)
   0.10    6.74 v _10842_/X (sky130_fd_sc_hd__buf_4)
   0.07    6.82 v _10843_/X (sky130_fd_sc_hd__o21a_4)
   0.13    6.95 v _10844_/X (sky130_fd_sc_hd__or2_4)
   0.10    7.05 v _10845_/X (sky130_fd_sc_hd__buf_4)
   0.08    7.12 v _10846_/X (sky130_fd_sc_hd__o21a_4)
   0.14    7.27 v _10847_/X (sky130_fd_sc_hd__or2_4)
   0.07    7.34 v _10848_/X (sky130_fd_sc_hd__o21a_4)
   0.13    7.47 v _10849_/X (sky130_fd_sc_hd__or2_4)
   0.10    7.57 v _10850_/X (sky130_fd_sc_hd__buf_4)
   0.08    7.65 v _10851_/X (sky130_fd_sc_hd__o21a_4)
   0.14    7.79 v _10852_/X (sky130_fd_sc_hd__or2_4)
   0.08    7.87 v _10853_/X (sky130_fd_sc_hd__o21a_4)
   0.15    8.02 v _10854_/X (sky130_fd_sc_hd__or2_4)
   0.08    8.10 v _10855_/X (sky130_fd_sc_hd__o21a_4)
   0.14    8.24 v _10856_/X (sky130_fd_sc_hd__or2_4)
   0.07    8.31 v _10857_/X (sky130_fd_sc_hd__o21a_4)
   0.13    8.44 v _10858_/X (sky130_fd_sc_hd__or2_4)
   0.10    8.55 v _10859_/X (sky130_fd_sc_hd__buf_4)
   0.07    8.62 v _10860_/X (sky130_fd_sc_hd__o21a_4)
   0.13    8.75 v _10861_/X (sky130_fd_sc_hd__or2_4)
   0.10    8.85 v _10862_/X (sky130_fd_sc_hd__buf_4)
   0.07    8.93 v _10863_/X (sky130_fd_sc_hd__o21a_4)
   0.13    9.06 v _10864_/X (sky130_fd_sc_hd__or2_4)
   0.10    9.16 v _10865_/X (sky130_fd_sc_hd__buf_4)
   0.07    9.23 v _10866_/X (sky130_fd_sc_hd__o21a_4)
   0.13    9.36 v _10867_/X (sky130_fd_sc_hd__or2_4)
   0.10    9.46 v _10868_/X (sky130_fd_sc_hd__buf_4)
   0.11    9.58 v _10869_/X (sky130_fd_sc_hd__o22a_4)
   0.13    9.71 v _10870_/X (sky130_fd_sc_hd__or2_4)
   0.10    9.81 v _10871_/X (sky130_fd_sc_hd__buf_4)
   0.13    9.94 v _10874_/X (sky130_fd_sc_hd__o22a_4)
   0.13   10.07 v _10875_/X (sky130_fd_sc_hd__or2_4)
   0.10   10.17 v _10876_/X (sky130_fd_sc_hd__buf_4)
   0.07   10.24 v _10877_/X (sky130_fd_sc_hd__o21a_4)
   0.14   10.39 v _10878_/X (sky130_fd_sc_hd__or2_4)
   0.15   10.53 v _10879_/X (sky130_fd_sc_hd__or2_4)
   0.15   10.68 v _10880_/X (sky130_fd_sc_hd__or2_4)
   0.15   10.83 v _10881_/X (sky130_fd_sc_hd__or2_4)
   0.16   10.98 v _10882_/X (sky130_fd_sc_hd__or2_4)
   0.09   11.07 ^ _10883_/Y (sky130_fd_sc_hd__nor2_4)
   0.09   11.15 ^ _10887_/X (sky130_fd_sc_hd__a2bb2o_4)
   0.07   11.23 ^ _10888_/X (sky130_fd_sc_hd__or3_4)
   0.07   11.30 ^ _10889_/X (sky130_fd_sc_hd__buf_8)
   0.11   11.41 v _10905_/X (sky130_fd_sc_hd__a21bo_4)
   0.13   11.54 v _10906_/X (sky130_fd_sc_hd__or2_4)
   0.10   11.64 v _10907_/X (sky130_fd_sc_hd__buf_4)
   0.03   11.68 ^ _10908_/Y (sky130_fd_sc_hd__inv_8)
   0.11   11.79 ^ _10909_/X (sky130_fd_sc_hd__o22a_4)
   0.01   11.80 v _10910_/Y (sky130_fd_sc_hd__inv_8)
   0.14   11.94 v _10911_/X (sky130_fd_sc_hd__or2_4)
   0.17   12.11 v _10930_/X (sky130_fd_sc_hd__or2_4)
   0.14   12.25 ^ _14613_/Y (sky130_fd_sc_hd__nor3_4)
   0.03   12.28 v _14614_/Y (sky130_fd_sc_hd__nor4_4)
   0.14   12.43 v _14615_/X (sky130_fd_sc_hd__or2_4)
   0.08   12.51 v _14616_/X (sky130_fd_sc_hd__o21a_4)
   0.16   12.67 v _14620_/X (sky130_fd_sc_hd__or2_4)
   0.15   12.82 v _14621_/X (sky130_fd_sc_hd__or2_4)
   0.18   13.00 v _14623_/X (sky130_fd_sc_hd__or2_4)
   0.16   13.16 v _14624_/X (sky130_fd_sc_hd__or2_4)
   0.10   13.26 v _14635_/X (sky130_fd_sc_hd__and3_4)
   0.09   13.35 v _14636_/X (sky130_fd_sc_hd__buf_4)
   0.13   13.48 v _14637_/X (sky130_fd_sc_hd__or2_4)
   0.13   13.60 ^ _14638_/X (sky130_fd_sc_hd__a21bo_4)
   0.08   13.69 ^ _14639_/X (sky130_fd_sc_hd__or2_4)
   0.09   13.78 ^ _14651_/X (sky130_fd_sc_hd__or2_4)
   0.02   13.81 v _14698_/Y (sky130_fd_sc_hd__nor2_4)
   0.08   13.88 v _14763_/X (sky130_fd_sc_hd__and2_4)
   0.27   14.15 v _15199_/X (sky130_fd_sc_hd__or4_4)
   0.12   14.27 v _15200_/X (sky130_fd_sc_hd__and2_4)
   0.04   14.31 ^ _15206_/Y (sky130_fd_sc_hd__nand2_4)
   0.07   14.38 ^ _15219_/X (sky130_fd_sc_hd__o21a_4)
   0.08   14.46 ^ _15220_/X (sky130_fd_sc_hd__or2_4)
   0.09   14.55 ^ _15228_/X (sky130_fd_sc_hd__o21a_4)
   0.02   14.56 v _15229_/Y (sky130_fd_sc_hd__inv_8)
   0.17   14.73 ^ _15248_/Y (sky130_fd_sc_hd__a32oi_4)
   0.01   14.74 v _15292_/Y (sky130_fd_sc_hd__nor3_4)
   0.27   15.02 v _15293_/X (sky130_fd_sc_hd__or4_4)
   0.05   15.07 ^ _15296_/Y (sky130_fd_sc_hd__inv_8)
   0.02   15.09 v _15418_/Y (sky130_fd_sc_hd__nor3_4)
   0.27   15.36 v _15419_/X (sky130_fd_sc_hd__or4_4)
   0.06   15.42 ^ _15422_/Y (sky130_fd_sc_hd__inv_8)
   0.02   15.43 v _16175_/Y (sky130_fd_sc_hd__nor3_4)
   0.23   15.67 v _16176_/X (sky130_fd_sc_hd__or4_4)
   0.12   15.78 v _16177_/X (sky130_fd_sc_hd__and2_4)
   0.04   15.82 ^ _16181_/Y (sky130_fd_sc_hd__nand2_4)
   0.07   15.89 ^ _16188_/X (sky130_fd_sc_hd__o21a_4)
   0.08   15.97 ^ _16189_/X (sky130_fd_sc_hd__or2_4)
   0.09   16.06 ^ _16194_/X (sky130_fd_sc_hd__o21a_4)
   0.02   16.08 v _16208_/Y (sky130_fd_sc_hd__nor3_4)
   0.15   16.22 v _16209_/X (sky130_fd_sc_hd__a211o_4)
   0.04   16.27 ^ _16212_/Y (sky130_fd_sc_hd__inv_8)
   0.02   16.28 v _16244_/Y (sky130_fd_sc_hd__nor4_4)
   0.27   16.55 v _16245_/X (sky130_fd_sc_hd__or4_4)
   0.05   16.61 ^ _16248_/Y (sky130_fd_sc_hd__inv_8)
   0.02   16.63 v _16314_/Y (sky130_fd_sc_hd__nor3_4)
   0.18   16.81 ^ _16315_/Y (sky130_fd_sc_hd__nor4_4)
   0.12   16.93 ^ _16347_/X (sky130_fd_sc_hd__or4_4)
   0.02   16.94 v _16391_/Y (sky130_fd_sc_hd__nor3_4)
   0.27   17.21 v _16392_/X (sky130_fd_sc_hd__or4_4)
   0.05   17.27 ^ _16395_/Y (sky130_fd_sc_hd__inv_8)
   0.04   17.31 v _16415_/Y (sky130_fd_sc_hd__o32ai_4)
   0.13   17.44 v _16424_/X (sky130_fd_sc_hd__and4_4)
   0.11   17.55 v _16427_/X (sky130_fd_sc_hd__o21a_4)
   0.08   17.63 v _16428_/Y (sky130_fd_sc_hd__a21boi_4)
   0.00   17.63 v _16463_/D (sky130_fd_sc_hd__dfxtp_4)
          17.63   data arrival time

  12.00   12.00   clock vclk (rise edge)
   0.00   12.00   clock network delay (ideal)
   0.00   12.00   clock reconvergence pessimism
          12.00 ^ _16463_/CLK (sky130_fd_sc_hd__dfxtp_4)
  -0.07   11.93   library setup time
          11.93   data required time
---------------------------------------------------------
          11.93   data required time
         -17.63   data arrival time
---------------------------------------------------------
          -5.70   slack (VIOLATED)


