
25. Printing statistics.

=== mac_cluster ===

   Number of wires:               8491
   Number of wire bits:           8801
   Number of public wires:         401
   Number of public wire bits:     711
   Number of memories:               0
   Number of memory bits:            0
   Number of processes:              0
   Number of cells:               8602
     sky130_fd_sc_hd__a2111oi_4      1
     sky130_fd_sc_hd__a211o_4       90
     sky130_fd_sc_hd__a21bo_4      592
     sky130_fd_sc_hd__a21boi_4      31
     sky130_fd_sc_hd__a21o_4       140
     sky130_fd_sc_hd__a21oi_4       19
     sky130_fd_sc_hd__a22oi_4        2
     sky130_fd_sc_hd__a2bb2o_4    1377
     sky130_fd_sc_hd__a2bb2oi_4     37
     sky130_fd_sc_hd__a32o_4       157
     sky130_fd_sc_hd__a32oi_4       27
     sky130_fd_sc_hd__and2_4       280
     sky130_fd_sc_hd__and3_4        61
     sky130_fd_sc_hd__and4_4         4
     sky130_fd_sc_hd__buf_1        914
     sky130_fd_sc_hd__buf_4         25
     sky130_fd_sc_hd__buf_8         27
     sky130_fd_sc_hd__conb_1         7
     sky130_fd_sc_hd__dfxtp_4      256
     sky130_fd_sc_hd__inv_8        411
     sky130_fd_sc_hd__nand2_4      247
     sky130_fd_sc_hd__nor2_4       277
     sky130_fd_sc_hd__nor3_4        88
     sky130_fd_sc_hd__nor4_4         7
     sky130_fd_sc_hd__o21a_4       435
     sky130_fd_sc_hd__o21ai_4       81
     sky130_fd_sc_hd__o22a_4       755
     sky130_fd_sc_hd__o32a_4        17
     sky130_fd_sc_hd__o32ai_4        2
     sky130_fd_sc_hd__or2_4       2105
     sky130_fd_sc_hd__or3_4         41
     sky130_fd_sc_hd__or4_4         60
     sky130_fd_sc_hd__xnor2_4        2
     sky130_fd_sc_hd__xor2_4        27

   Chip area for module '\mac_cluster': 114203.280000

