Startpoint: B3[7] (input port clocked by clk)
Endpoint: _6282_ (rising edge-triggered flip-flop clocked by clk)
Path Group: clk
Path Type: max

  Delay    Time   Description
---------------------------------------------------------
   0.00    0.00   clock clk (rise edge)
   0.00    0.00   clock network delay (ideal)
  50.00   50.00 v input external delay
   0.03   50.03 v B3[7] (in)
   0.39   50.43 v _3710_/X (sky130_fd_sc_hd__o21a_4)
   0.25   50.68 v _3711_/X (sky130_fd_sc_hd__o21a_4)
   0.09   50.76 ^ _3712_/Y (sky130_fd_sc_hd__inv_8)
   0.88   51.64 ^ _3713_/X (sky130_fd_sc_hd__buf_1)
   0.62   52.27 v _3715_/X (sky130_fd_sc_hd__a2bb2o_4)
   0.41   52.68 v _3716_/X (sky130_fd_sc_hd__or2_4)
   0.34   53.02 v _3717_/X (sky130_fd_sc_hd__buf_1)
   0.16   53.18 ^ _3718_/Y (sky130_fd_sc_hd__inv_8)
   0.13   53.31 v _3956_/Y (sky130_fd_sc_hd__a22oi_4)
   0.45   53.76 v _3957_/X (sky130_fd_sc_hd__or2_4)
   0.29   54.05 ^ _3958_/X (sky130_fd_sc_hd__a21bo_4)
   0.00   54.05 ^ _6282_/D (sky130_fd_sc_hd__dfxtp_4)
          54.05   data arrival time

 250.00  250.00   clock clk (rise edge)
   0.00  250.00   clock network delay (ideal)
   0.00  250.00   clock reconvergence pessimism
         250.00 ^ _6282_/CLK (sky130_fd_sc_hd__dfxtp_4)
  -0.15  249.85   library setup time
         249.85   data required time
---------------------------------------------------------
         249.85   data required time
         -54.05   data arrival time
---------------------------------------------------------
         195.80   slack (MET)


