Startpoint: _17726_ (rising edge-triggered flip-flop clocked by clk)
Endpoint: _17726_ (rising edge-triggered flip-flop clocked by clk)
Path Group: clk
Path Type: min

  Delay    Time   Description
---------------------------------------------------------
   0.00    0.00   clock clk (rise edge)
   0.00    0.00   clock network delay (ideal)
   0.00    0.00 ^ _17726_/CLK (sky130_fd_sc_hd__dfxtp_4)
   0.25    0.25 ^ _17726_/Q (sky130_fd_sc_hd__dfxtp_4)
   0.05    0.29 v _16799_/Y (sky130_fd_sc_hd__a21boi_4)
   0.07    0.36 ^ _16800_/Y (sky130_fd_sc_hd__nor2_4)
   0.03    0.39 v _16802_/Y (sky130_fd_sc_hd__nor3_4)
   0.00    0.39 v _17726_/D (sky130_fd_sc_hd__dfxtp_4)
           0.39   data arrival time

   0.00    0.00   clock clk (rise edge)
   0.00    0.00   clock network delay (ideal)
   0.00    0.00   clock reconvergence pessimism
           0.00 ^ _17726_/CLK (sky130_fd_sc_hd__dfxtp_4)
   0.00    0.00   library hold time
           0.00   data required time
---------------------------------------------------------
           0.00   data required time
          -0.39   data arrival time
---------------------------------------------------------
           0.39   slack (MET)


Startpoint: cfg[0] (input port clocked by clk)
Endpoint: _17735_ (rising edge-triggered flip-flop clocked by clk)
Path Group: clk
Path Type: max

  Delay    Time   Description
---------------------------------------------------------
   0.00    0.00   clock clk (rise edge)
   0.00    0.00   clock network delay (ideal)
  50.00   50.00 ^ input external delay
   0.08   50.08 ^ cfg[0] (in)
   0.22   50.29 ^ _08636_/X (sky130_fd_sc_hd__or2_4)
   0.53   50.82 ^ _08637_/X (sky130_fd_sc_hd__buf_1)
   0.20   51.02 v _08638_/Y (sky130_fd_sc_hd__inv_8)
   0.49   51.51 v _08643_/X (sky130_fd_sc_hd__or2_4)
   0.29   51.80 v _08644_/X (sky130_fd_sc_hd__buf_1)
   0.15   51.94 ^ _08695_/Y (sky130_fd_sc_hd__inv_8)
   0.54   52.48 ^ _09755_/X (sky130_fd_sc_hd__buf_1)
   0.28   52.77 v _09757_/Y (sky130_fd_sc_hd__a21boi_4)
   0.44   53.20 v _09758_/X (sky130_fd_sc_hd__or2_4)
   0.33   53.53 v _09759_/X (sky130_fd_sc_hd__buf_1)
   0.58   54.11 v _09895_/X (sky130_fd_sc_hd__or2_4)
   0.32   54.43 v _09896_/X (sky130_fd_sc_hd__xor2_4)
   0.28   54.70 v _09897_/X (sky130_fd_sc_hd__buf_1)
   0.32   55.02 v _09898_/X (sky130_fd_sc_hd__buf_1)
   1.10   56.12 v _13347_/X (sky130_fd_sc_hd__or4_4)
   0.46   56.58 v _13348_/X (sky130_fd_sc_hd__or2_4)
   0.32   56.90 v _13349_/X (sky130_fd_sc_hd__buf_1)
   0.56   57.46 v _13351_/X (sky130_fd_sc_hd__or2_4)
   0.33   57.79 v _13352_/X (sky130_fd_sc_hd__buf_1)
   0.52   58.31 v _13353_/X (sky130_fd_sc_hd__or2_4)
   0.31   58.61 v _13354_/X (sky130_fd_sc_hd__buf_1)
   0.32   58.94 v _13355_/X (sky130_fd_sc_hd__o21a_4)
   0.42   59.35 v _13356_/X (sky130_fd_sc_hd__or2_4)
   0.31   59.66 v _13357_/X (sky130_fd_sc_hd__buf_1)
   0.32   59.98 v _13358_/X (sky130_fd_sc_hd__o21a_4)
   0.42   60.40 v _13359_/X (sky130_fd_sc_hd__or2_4)
   0.31   60.71 v _13360_/X (sky130_fd_sc_hd__buf_1)
   0.56   61.27 v _13362_/X (sky130_fd_sc_hd__o22a_4)
   0.44   61.71 v _13404_/X (sky130_fd_sc_hd__o21a_4)
   0.40   62.11 ^ _13405_/X (sky130_fd_sc_hd__a2bb2o_4)
   0.45   62.56 v _13408_/X (sky130_fd_sc_hd__a2bb2o_4)
   0.45   63.01 v _13409_/X (sky130_fd_sc_hd__or2_4)
   0.23   63.24 v _13410_/X (sky130_fd_sc_hd__o21a_4)
   0.45   63.69 v _13411_/X (sky130_fd_sc_hd__or2_4)
   0.23   63.92 v _13412_/X (sky130_fd_sc_hd__o21a_4)
   0.45   64.37 v _13413_/X (sky130_fd_sc_hd__or2_4)
   0.26   64.63 v _13414_/X (sky130_fd_sc_hd__o21a_4)
   0.10   64.74 ^ _13415_/Y (sky130_fd_sc_hd__inv_8)
   0.43   65.17 ^ _13416_/X (sky130_fd_sc_hd__and3_4)
   0.15   65.32 v _13421_/Y (sky130_fd_sc_hd__a21oi_4)
   0.90   66.22 v _13422_/X (sky130_fd_sc_hd__or4_4)
   0.71   66.93 v _13423_/X (sky130_fd_sc_hd__or3_4)
   0.52   67.45 v _13434_/X (sky130_fd_sc_hd__or2_4)
   0.46   67.91 v _13436_/X (sky130_fd_sc_hd__or2_4)
   0.39   68.30 v _13437_/X (sky130_fd_sc_hd__buf_1)
   0.55   68.85 ^ _13440_/X (sky130_fd_sc_hd__a2bb2o_4)
   0.33   69.18 ^ _13441_/X (sky130_fd_sc_hd__o22a_4)
   0.08   69.26 v _13442_/Y (sky130_fd_sc_hd__inv_8)
   0.29   69.54 v _13443_/X (sky130_fd_sc_hd__and2_4)
   0.38   69.92 v _13454_/X (sky130_fd_sc_hd__a21o_4)
   0.52   70.44 v _13456_/X (sky130_fd_sc_hd__or2_4)
   0.34   70.78 ^ _13516_/Y (sky130_fd_sc_hd__nor3_4)
   0.15   70.93 v _13517_/Y (sky130_fd_sc_hd__nor3_4)
   0.69   71.62 v _13518_/X (sky130_fd_sc_hd__or3_4)
   0.23   71.85 ^ _13519_/Y (sky130_fd_sc_hd__nor2_4)
   0.11   71.96 v _13520_/Y (sky130_fd_sc_hd__nor3_4)
   0.29   72.25 v _13521_/X (sky130_fd_sc_hd__and2_4)
   0.51   72.76 v _13522_/X (sky130_fd_sc_hd__a211o_4)
   0.48   73.24 v _13523_/X (sky130_fd_sc_hd__or2_4)
   0.50   73.73 v _13524_/X (sky130_fd_sc_hd__or2_4)
   0.65   74.38 v _13525_/X (sky130_fd_sc_hd__or3_4)
   0.34   74.72 v _13526_/X (sky130_fd_sc_hd__buf_1)
   0.57   75.30 v _13527_/X (sky130_fd_sc_hd__or2_4)
   0.32   75.62 ^ _14635_/X (sky130_fd_sc_hd__a21bo_4)
   0.19   75.82 ^ _14637_/X (sky130_fd_sc_hd__or3_4)
   0.40   76.21 ^ _14638_/X (sky130_fd_sc_hd__buf_1)
   0.14   76.36 v _14639_/Y (sky130_fd_sc_hd__inv_8)
   0.53   76.88 v _14640_/X (sky130_fd_sc_hd__a211o_4)
   0.51   77.39 v _14641_/X (sky130_fd_sc_hd__or2_4)
   0.30   77.69 ^ _14990_/Y (sky130_fd_sc_hd__nor3_4)
   0.25   77.94 ^ _14991_/X (sky130_fd_sc_hd__or3_4)
   0.47   78.41 ^ _14992_/X (sky130_fd_sc_hd__buf_1)
   0.16   78.57 v _14993_/Y (sky130_fd_sc_hd__inv_8)
   0.50   79.07 v _15032_/X (sky130_fd_sc_hd__or2_4)
   0.48   79.54 v _15062_/X (sky130_fd_sc_hd__or2_4)
   1.02   80.56 v _15142_/X (sky130_fd_sc_hd__or4_4)
   0.36   80.92 v _15143_/X (sky130_fd_sc_hd__buf_1)
   0.59   81.51 v _15156_/X (sky130_fd_sc_hd__or2_4)
   0.47   81.98 v _15160_/X (sky130_fd_sc_hd__or2_4)
   0.37   82.35 v _15161_/X (sky130_fd_sc_hd__buf_1)
   0.19   82.54 ^ _15167_/Y (sky130_fd_sc_hd__inv_8)
   0.26   82.80 ^ _15169_/X (sky130_fd_sc_hd__or2_4)
   0.45   83.25 v _15170_/X (sky130_fd_sc_hd__a2bb2o_4)
   0.42   83.67 ^ _15179_/X (sky130_fd_sc_hd__a2bb2o_4)
   0.08   83.75 v _15183_/Y (sky130_fd_sc_hd__inv_8)
   0.24   83.99 v _15185_/X (sky130_fd_sc_hd__and2_4)
   0.37   84.36 v _15186_/X (sky130_fd_sc_hd__a21o_4)
   0.53   84.90 v _15200_/X (sky130_fd_sc_hd__or2_4)
   0.20   85.09 ^ _15225_/Y (sky130_fd_sc_hd__nor2_4)
   0.27   85.36 ^ _15260_/X (sky130_fd_sc_hd__and2_4)
   0.19   85.55 ^ _15480_/X (sky130_fd_sc_hd__or4_4)
   0.42   85.98 ^ _15481_/X (sky130_fd_sc_hd__buf_1)
   0.17   86.15 v _15482_/Y (sky130_fd_sc_hd__inv_8)
   0.25   86.40 ^ _15483_/Y (sky130_fd_sc_hd__nor3_4)
   0.17   86.57 v _15484_/Y (sky130_fd_sc_hd__nor4_4)
   0.18   86.76 ^ _15485_/Y (sky130_fd_sc_hd__nor3_4)
   0.24   87.00 ^ _15486_/X (sky130_fd_sc_hd__or3_4)
   0.51   87.51 ^ _15487_/X (sky130_fd_sc_hd__buf_1)
   0.15   87.66 v _15488_/Y (sky130_fd_sc_hd__inv_8)
   0.38   88.03 v _15490_/X (sky130_fd_sc_hd__o21a_4)
   0.63   88.66 v _15491_/X (sky130_fd_sc_hd__or3_4)
   0.44   89.09 v _15492_/X (sky130_fd_sc_hd__buf_1)
   0.62   89.72 v _15493_/X (sky130_fd_sc_hd__or2_4)
   0.43   90.15 v _15494_/X (sky130_fd_sc_hd__or2_4)
   0.32   90.47 v _15495_/X (sky130_fd_sc_hd__buf_1)
   0.53   91.00 v _15496_/X (sky130_fd_sc_hd__or2_4)
   0.33   91.32 v _15497_/X (sky130_fd_sc_hd__buf_1)
   0.58   91.90 v _15498_/X (sky130_fd_sc_hd__or2_4)
   0.21   92.11 ^ _15500_/Y (sky130_fd_sc_hd__nor2_4)
   0.24   92.35 ^ _15502_/X (sky130_fd_sc_hd__or2_4)
   0.20   92.55 ^ _15505_/X (sky130_fd_sc_hd__a21o_4)
   0.38   92.93 ^ _15820_/X (sky130_fd_sc_hd__and3_4)
   0.25   93.18 ^ _15821_/X (sky130_fd_sc_hd__or2_4)
   0.07   93.25 v _15822_/Y (sky130_fd_sc_hd__inv_8)
   0.40   93.66 v _15823_/X (sky130_fd_sc_hd__or2_4)
   0.35   94.00 v _15824_/X (sky130_fd_sc_hd__buf_1)
   0.15   94.16 ^ _15825_/Y (sky130_fd_sc_hd__inv_8)
   0.49   94.65 ^ _15826_/X (sky130_fd_sc_hd__and4_4)
   0.23   94.88 ^ _15827_/X (sky130_fd_sc_hd__or2_4)
   0.09   94.96 v _15830_/Y (sky130_fd_sc_hd__nand2_4)
   0.47   95.43 v _15834_/X (sky130_fd_sc_hd__or2_4)
   0.47   95.90 v _15837_/X (sky130_fd_sc_hd__or2_4)
   0.44   96.34 v _15838_/X (sky130_fd_sc_hd__or2_4)
   0.44   96.77 v _15839_/X (sky130_fd_sc_hd__or2_4)
   0.44   97.21 v _15840_/X (sky130_fd_sc_hd__or2_4)
   0.44   97.65 v _15841_/X (sky130_fd_sc_hd__or2_4)
   0.47   98.12 v _15845_/X (sky130_fd_sc_hd__or2_4)
   0.44   98.56 v _15846_/X (sky130_fd_sc_hd__or2_4)
   0.47   99.03 v _15848_/X (sky130_fd_sc_hd__or2_4)
   0.44   99.47 v _15849_/X (sky130_fd_sc_hd__or2_4)
   0.47   99.94 v _15853_/X (sky130_fd_sc_hd__or2_4)
   0.47  100.41 v _15855_/X (sky130_fd_sc_hd__or2_4)
   0.44  100.85 v _15856_/X (sky130_fd_sc_hd__or2_4)
   0.44  101.29 v _15857_/X (sky130_fd_sc_hd__or2_4)
   0.49  101.78 v _15858_/X (sky130_fd_sc_hd__or2_4)
   0.09  101.87 ^ _15859_/Y (sky130_fd_sc_hd__inv_8)
   0.28  102.16 ^ _15861_/X (sky130_fd_sc_hd__and2_4)
   0.32  102.47 ^ _15863_/X (sky130_fd_sc_hd__and2_4)
   0.33  102.80 ^ _15865_/X (sky130_fd_sc_hd__and2_4)
   0.52  103.32 ^ _15871_/X (sky130_fd_sc_hd__and4_4)
   0.33  103.65 ^ _15873_/X (sky130_fd_sc_hd__and2_4)
   0.08  103.73 v _15911_/Y (sky130_fd_sc_hd__nor2_4)
   0.43  104.16 v _15912_/X (sky130_fd_sc_hd__a2bb2o_4)
   0.45  104.61 v _15913_/X (sky130_fd_sc_hd__or2_4)
   0.37  104.97 ^ _15914_/X (sky130_fd_sc_hd__a21bo_4)
   0.26  105.23 ^ _15915_/X (sky130_fd_sc_hd__or2_4)
   0.25  105.48 ^ _15932_/X (sky130_fd_sc_hd__or2_4)
   0.10  105.58 v _15958_/Y (sky130_fd_sc_hd__nor2_4)
   0.67  106.25 ^ _16757_/Y (sky130_fd_sc_hd__nor4_4)
   0.18  106.44 v _16758_/Y (sky130_fd_sc_hd__nor3_4)
   0.74  107.17 v _16759_/X (sky130_fd_sc_hd__or3_4)
   0.46  107.63 ^ _16761_/Y (sky130_fd_sc_hd__a32oi_4)
   0.31  107.94 ^ _16763_/X (sky130_fd_sc_hd__or2_4)
   0.25  108.20 ^ _17475_/X (sky130_fd_sc_hd__o21a_4)
   0.30  108.50 ^ _17478_/X (sky130_fd_sc_hd__and2_4)
   0.07  108.56 v _17479_/Y (sky130_fd_sc_hd__nor3_4)
   0.00  108.56 v _17735_/D (sky130_fd_sc_hd__dfxtp_4)
         108.56   data arrival time

 250.00  250.00   clock clk (rise edge)
   0.00  250.00   clock network delay (ideal)
   0.00  250.00   clock reconvergence pessimism
         250.00 ^ _17735_/CLK (sky130_fd_sc_hd__dfxtp_4)
  -0.29  249.71   library setup time
         249.71   data required time
---------------------------------------------------------
         249.71   data required time
        -108.56   data arrival time
---------------------------------------------------------
         141.15   slack (MET)


