Startpoint: _10543_ (rising edge-triggered flip-flop clocked by clk)
Endpoint: _10472_ (rising edge-triggered flip-flop clocked by clk)
Path Group: clk
Path Type: min

  Delay    Time   Description
---------------------------------------------------------
   0.00    0.00   clock clk (rise edge)
   0.00    0.00   clock network delay (ideal)
   0.00    0.00 ^ _10543_/CLK (sky130_fd_sc_hd__dfxtp_4)
   0.25    0.25 v _10543_/Q (sky130_fd_sc_hd__dfxtp_4)
   0.00    0.25 v _10472_/D (sky130_fd_sc_hd__dfxtp_4)
           0.25   data arrival time

   0.00    0.00   clock clk (rise edge)
   0.00    0.00   clock network delay (ideal)
   0.00    0.00   clock reconvergence pessimism
           0.00 ^ _10472_/CLK (sky130_fd_sc_hd__dfxtp_4)
   0.00    0.00   library hold time
           0.00   data required time
---------------------------------------------------------
           0.00   data required time
          -0.25   data arrival time
---------------------------------------------------------
           0.25   slack (MET)


Startpoint: _10679_ (rising edge-triggered flip-flop clocked by clk)
Endpoint: _10512_ (rising edge-triggered flip-flop clocked by clk)
Path Group: clk
Path Type: max

  Delay    Time   Description
---------------------------------------------------------
   0.00    0.00   clock clk (rise edge)
   0.00    0.00   clock network delay (ideal)
   0.00    0.00 ^ _10679_/CLK (sky130_fd_sc_hd__dfxtp_4)
   0.85    0.85 v _10679_/Q (sky130_fd_sc_hd__dfxtp_4)
   0.12    0.97 ^ _06715_/Y (sky130_fd_sc_hd__inv_8)
   0.63    1.60 ^ _06716_/X (sky130_fd_sc_hd__buf_1)
   1.04    2.64 ^ _08259_/X (sky130_fd_sc_hd__buf_1)
   0.33    2.97 v _08265_/Y (sky130_fd_sc_hd__nor2_2)
   0.74    3.71 v macmul2.A0B2_mul_block.array_multiplier.ha_3/SUM (sky130_fd_sc_hd__ha_1)
   1.15    4.86 v macmul2.A0B2_mul_block.array_multiplier.fa_15/SUM (sky130_fd_sc_hd__fa_1)
   1.13    5.99 v macmul2.A0B2_mul_block.array_multiplier.fa_25/SUM (sky130_fd_sc_hd__fa_1)
   1.04    7.03 v macmul2.A0B2_mul_block.array_multiplier.fa_37/COUT (sky130_fd_sc_hd__fa_4)
   0.94    7.97 v macmul2.A0B2_mul_block.array_multiplier.fa_38/COUT (sky130_fd_sc_hd__fa_4)
   0.94    8.91 v macmul2.A0B2_mul_block.array_multiplier.fa_39/COUT (sky130_fd_sc_hd__fa_4)
   0.94    9.85 v macmul2.A0B2_mul_block.array_multiplier.fa_40/COUT (sky130_fd_sc_hd__fa_4)
   0.94   10.79 v macmul2.A0B2_mul_block.array_multiplier.fa_41/COUT (sky130_fd_sc_hd__fa_4)
   0.95   11.73 v macmul2.A0B2_mul_block.array_multiplier.fa_42/COUT (sky130_fd_sc_hd__fa_4)
   0.95   12.69 v macmul2.A0B2_mul_block.array_multiplier.fa_43/COUT (sky130_fd_sc_hd__fa_4)
   1.33   14.02 v macmul2.A0B2_mul_block.array_multiplier.fa_44/SUM (sky130_fd_sc_hd__fa_4)
   1.12   15.14 v macmul2.block_1_adder.adder_chain[3].adder/COUT (sky130_fd_sc_hd__fa_4)
   0.95   16.09 v macmul2.block_1_adder.adder_chain[4].adder/COUT (sky130_fd_sc_hd__fa_4)
   0.95   17.04 v macmul2.block_1_adder.adder_chain[5].adder/COUT (sky130_fd_sc_hd__fa_4)
   0.95   17.99 v macmul2.block_1_adder.adder_chain[6].adder/COUT (sky130_fd_sc_hd__fa_4)
   0.95   18.94 v macmul2.block_1_adder.adder_chain[7].adder/COUT (sky130_fd_sc_hd__fa_4)
   0.95   19.89 v macmul2.block_2_adder.adder_chain[0].adder/COUT (sky130_fd_sc_hd__fa_4)
   0.95   20.84 v macmul2.block_2_adder.adder_chain[1].adder/COUT (sky130_fd_sc_hd__fa_4)
   0.95   21.79 v macmul2.block_2_adder.adder_chain[2].adder/COUT (sky130_fd_sc_hd__fa_4)
   0.95   22.74 v macmul2.block_2_adder.adder_chain[3].adder/COUT (sky130_fd_sc_hd__fa_4)
   0.94   23.68 v macmul2.block_2_adder.adder_chain[4].adder/COUT (sky130_fd_sc_hd__fa_4)
   0.94   24.62 v macmul2.block_2_adder.adder_chain[5].adder/COUT (sky130_fd_sc_hd__fa_4)
   0.94   25.56 v macmul2.block_2_adder.adder_chain[6].adder/COUT (sky130_fd_sc_hd__fa_4)
   0.90   26.46 v macmul2.block_2_adder.adder_chain[7].adder/COUT (sky130_fd_sc_hd__fa_4)
   0.41   26.87 v _08343_/X (sky130_fd_sc_hd__and2_2)
   0.92   27.79 v macmul2.block_3_adder.adder_chain[0].adder/COUT (sky130_fd_sc_hd__fa_4)
   0.95   28.74 v macmul2.block_3_adder.adder_chain[1].adder/COUT (sky130_fd_sc_hd__fa_4)
   0.95   29.69 v macmul2.block_3_adder.adder_chain[2].adder/COUT (sky130_fd_sc_hd__fa_4)
   1.32   31.01 v macmul2.block_3_adder.adder_chain[3].adder/SUM (sky130_fd_sc_hd__fa_4)
   0.30   31.31 ^ _06752_/Y (sky130_fd_sc_hd__nor2_2)
   0.13   31.44 v _06753_/Y (sky130_fd_sc_hd__nor3_2)
   0.73   32.16 v _06754_/X (sky130_fd_sc_hd__or2_2)
   1.08   33.25 v maccombiner.partial2_upper_partial3_full_adder.adder_chain[3].adder/COUT (sky130_fd_sc_hd__fa_4)
   0.95   34.20 v maccombiner.partial2_upper_partial3_full_adder.adder_chain[4].adder/COUT (sky130_fd_sc_hd__fa_4)
   0.95   35.15 v maccombiner.partial2_upper_partial3_full_adder.adder_chain[5].adder/COUT (sky130_fd_sc_hd__fa_4)
   0.95   36.10 v maccombiner.partial2_upper_partial3_full_adder.adder_chain[6].adder/COUT (sky130_fd_sc_hd__fa_4)
   0.95   37.05 v maccombiner.partial2_upper_partial3_full_adder.adder_chain[7].adder/COUT (sky130_fd_sc_hd__fa_4)
   1.44   38.49 v maccombiner.partial2_upper_partial3_full_adder.adder_chain[8].adder/SUM (sky130_fd_sc_hd__fa_4)
   1.08   39.58 v maccombiner.quad_full_adder.adder_chain[16].adder/COUT (sky130_fd_sc_hd__fa_4)
   0.95   40.52 v maccombiner.quad_full_adder.adder_chain[17].adder/COUT (sky130_fd_sc_hd__fa_4)
   0.95   41.47 v maccombiner.quad_full_adder.adder_chain[18].adder/COUT (sky130_fd_sc_hd__fa_4)
   0.95   42.42 v maccombiner.quad_full_adder.adder_chain[19].adder/COUT (sky130_fd_sc_hd__fa_4)
   0.95   43.37 v maccombiner.quad_full_adder.adder_chain[20].adder/COUT (sky130_fd_sc_hd__fa_4)
   0.94   44.31 v maccombiner.quad_full_adder.adder_chain[21].adder/COUT (sky130_fd_sc_hd__fa_4)
   0.94   45.25 v maccombiner.quad_full_adder.adder_chain[22].adder/COUT (sky130_fd_sc_hd__fa_4)
   0.94   46.19 v maccombiner.quad_full_adder.adder_chain[23].adder/COUT (sky130_fd_sc_hd__fa_4)
   0.94   47.13 v maccombiner.quad_full_adder.adder_chain[24].adder/COUT (sky130_fd_sc_hd__fa_4)
   0.95   48.08 v maccombiner.quad_full_adder.adder_chain[25].adder/COUT (sky130_fd_sc_hd__fa_4)
   0.95   49.03 v maccombiner.quad_full_adder.adder_chain[26].adder/COUT (sky130_fd_sc_hd__fa_4)
   0.95   49.98 v maccombiner.quad_full_adder.adder_chain[27].adder/COUT (sky130_fd_sc_hd__fa_4)
   0.95   50.93 v maccombiner.quad_full_adder.adder_chain[28].adder/COUT (sky130_fd_sc_hd__fa_4)
   0.94   51.87 v maccombiner.quad_full_adder.adder_chain[29].adder/COUT (sky130_fd_sc_hd__fa_4)
   0.94   52.81 v maccombiner.quad_full_adder.adder_chain[30].adder/COUT (sky130_fd_sc_hd__fa_4)
   0.94   53.75 v maccombiner.quad_full_adder.adder_chain[31].adder/COUT (sky130_fd_sc_hd__fa_4)
   0.95   54.71 v maccombiner.quad_full_adder.adder_chain[32].adder/COUT (sky130_fd_sc_hd__fa_4)
   0.95   55.66 v maccombiner.quad_full_adder.adder_chain[33].adder/COUT (sky130_fd_sc_hd__fa_4)
   0.95   56.61 v maccombiner.quad_full_adder.adder_chain[34].adder/COUT (sky130_fd_sc_hd__fa_4)
   0.95   57.55 v maccombiner.quad_full_adder.adder_chain[35].adder/COUT (sky130_fd_sc_hd__fa_4)
   0.94   58.50 v maccombiner.quad_full_adder.adder_chain[36].adder/COUT (sky130_fd_sc_hd__fa_4)
   0.94   59.44 v maccombiner.quad_full_adder.adder_chain[37].adder/COUT (sky130_fd_sc_hd__fa_4)
   0.94   60.38 v maccombiner.quad_full_adder.adder_chain[38].adder/COUT (sky130_fd_sc_hd__fa_4)
   0.94   61.32 v maccombiner.quad_full_adder.adder_chain[39].adder/COUT (sky130_fd_sc_hd__fa_4)
   0.94   62.26 v maccombiner.quad_full_adder.adder_chain[40].adder/COUT (sky130_fd_sc_hd__fa_4)
   0.94   63.20 v maccombiner.quad_full_adder.adder_chain[41].adder/COUT (sky130_fd_sc_hd__fa_4)
   0.94   64.15 v maccombiner.quad_full_adder.adder_chain[42].adder/COUT (sky130_fd_sc_hd__fa_4)
   0.95   65.09 v maccombiner.quad_full_adder.adder_chain[43].adder/COUT (sky130_fd_sc_hd__fa_4)
   0.94   66.03 v maccombiner.quad_full_adder.adder_chain[44].adder/COUT (sky130_fd_sc_hd__fa_4)
   0.94   66.97 v maccombiner.quad_full_adder.adder_chain[45].adder/COUT (sky130_fd_sc_hd__fa_4)
   0.95   67.91 v maccombiner.quad_full_adder.adder_chain[46].adder/COUT (sky130_fd_sc_hd__fa_4)
   0.95   68.86 v maccombiner.quad_full_adder.adder_chain[47].adder/COUT (sky130_fd_sc_hd__fa_4)
   1.26   70.12 v maccombiner.quad_full_adder.adder_chain[48].adder/SUM (sky130_fd_sc_hd__fa_4)
   0.40   70.52 v _05847_/X (sky130_fd_sc_hd__and2_2)
   0.68   71.20 v _05848_/X (sky130_fd_sc_hd__or2_2)
   0.40   71.60 v _05849_/X (sky130_fd_sc_hd__buf_1)
   1.04   72.65 v _07000_/X (sky130_fd_sc_hd__or3_2)
   1.32   73.97 v _07001_/X (sky130_fd_sc_hd__or4_2)
   1.16   75.13 v _07012_/X (sky130_fd_sc_hd__or3_2)
   0.41   75.54 v _07013_/X (sky130_fd_sc_hd__buf_1)
   0.43   75.96 ^ _07021_/Y (sky130_fd_sc_hd__nor3_2)
   0.33   76.29 ^ _07022_/X (sky130_fd_sc_hd__or2_2)
   0.44   76.73 ^ _07023_/X (sky130_fd_sc_hd__buf_1)
   0.14   76.87 v _08650_/Y (sky130_fd_sc_hd__inv_8)
   0.68   77.55 v _08671_/X (sky130_fd_sc_hd__or2_2)
   0.36   77.92 v _08672_/X (sky130_fd_sc_hd__buf_1)
   0.73   78.65 v _08676_/X (sky130_fd_sc_hd__or2_2)
   0.37   79.02 v _08677_/X (sky130_fd_sc_hd__buf_1)
   0.75   79.77 v _08691_/X (sky130_fd_sc_hd__or2_2)
   0.36   80.14 v _08692_/X (sky130_fd_sc_hd__buf_1)
   0.26   80.40 ^ _08694_/Y (sky130_fd_sc_hd__nor2_2)
   1.34   81.74 v macaccnegator.C3_adder.adder.adders[0].adder.adders[2].adder.adders[2].adder/SUM (sky130_fd_sc_hd__fa_4)
   0.26   82.00 ^ _06419_/Y (sky130_fd_sc_hd__nor2_2)
   0.13   82.13 v _06426_/Y (sky130_fd_sc_hd__nor3_2)
   0.00   82.14 v _10512_/D (sky130_fd_sc_hd__dfxtp_4)
          82.14   data arrival time

  80.00   80.00   clock clk (rise edge)
   0.00   80.00   clock network delay (ideal)
   0.00   80.00   clock reconvergence pessimism
          80.00 ^ _10512_/CLK (sky130_fd_sc_hd__dfxtp_4)
  -0.28   79.72   library setup time
          79.72   data required time
---------------------------------------------------------
          79.72   data required time
         -82.14   data arrival time
---------------------------------------------------------
          -2.42   slack (VIOLATED)


