Startpoint: _6475_ (rising edge-triggered flip-flop clocked by clk)
Endpoint: _6475_ (rising edge-triggered flip-flop clocked by clk)
Path Group: clk
Path Type: min

  Delay    Time   Description
---------------------------------------------------------
   0.00    0.00   clock clk (rise edge)
   0.00    0.00   clock network delay (ideal)
   0.00    0.00 ^ _6475_/CLK (sky130_fd_sc_hd__dfxtp_4)
   0.26    0.26 v _6475_/Q (sky130_fd_sc_hd__dfxtp_4)
   0.06    0.32 ^ _2975_/Y (sky130_fd_sc_hd__inv_8)
   0.08    0.40 ^ _2976_/X (sky130_fd_sc_hd__a21o_4)
   0.02    0.41 v _2977_/Y (sky130_fd_sc_hd__nor2_4)
   0.00    0.41 v _6475_/D (sky130_fd_sc_hd__dfxtp_4)
           0.41   data arrival time

   0.00    0.00   clock clk (rise edge)
   0.00    0.00   clock network delay (ideal)
   0.00    0.00   clock reconvergence pessimism
           0.00 ^ _6475_/CLK (sky130_fd_sc_hd__dfxtp_4)
   0.00    0.00   library hold time
           0.00   data required time
---------------------------------------------------------
           0.00   data required time
          -0.41   data arrival time
---------------------------------------------------------
           0.41   slack (MET)


Startpoint: B0[0] (input port clocked by clk)
Endpoint: _6473_ (rising edge-triggered flip-flop clocked by clk)
Path Group: clk
Path Type: max

  Delay    Time   Description
---------------------------------------------------------
   0.00    0.00   clock clk (rise edge)
   0.00    0.00   clock network delay (ideal)
  50.00   50.00 ^ input external delay
   0.05   50.05 ^ B0[0] (in)
   0.06   50.11 v _3502_/Y (sky130_fd_sc_hd__inv_8)
   1.01   51.12 v macmulnegator.B0_adder.adder_chain[0].adder/COUT (sky130_fd_sc_hd__fa_4)
   0.93   52.05 v macmulnegator.B0_adder.adder_chain[1].adder/COUT (sky130_fd_sc_hd__fa_4)
   0.93   52.98 v macmulnegator.B0_adder.adder_chain[2].adder/COUT (sky130_fd_sc_hd__fa_4)
   0.93   53.91 v macmulnegator.B0_adder.adder_chain[3].adder/COUT (sky130_fd_sc_hd__fa_4)
   0.93   54.83 v macmulnegator.B0_adder.adder_chain[4].adder/COUT (sky130_fd_sc_hd__fa_4)
   0.93   55.76 v macmulnegator.B0_adder.adder_chain[5].adder/COUT (sky130_fd_sc_hd__fa_4)
   0.93   56.69 v macmulnegator.B0_adder.adder_chain[6].adder/COUT (sky130_fd_sc_hd__fa_4)
   0.90   57.59 v macmulnegator.B0_adder.adder_chain[7].adder/COUT (sky130_fd_sc_hd__fa_4)
   0.50   58.09 v _4463_/X (sky130_fd_sc_hd__or2_4)
   0.90   58.99 v macmulnegator.B1_adder.adder_chain[0].adder/COUT (sky130_fd_sc_hd__fa_4)
   0.93   59.92 v macmulnegator.B1_adder.adder_chain[1].adder/COUT (sky130_fd_sc_hd__fa_4)
   0.93   60.85 v macmulnegator.B1_adder.adder_chain[2].adder/COUT (sky130_fd_sc_hd__fa_4)
   0.93   61.78 v macmulnegator.B1_adder.adder_chain[3].adder/COUT (sky130_fd_sc_hd__fa_4)
   0.93   62.70 v macmulnegator.B1_adder.adder_chain[4].adder/COUT (sky130_fd_sc_hd__fa_4)
   0.93   63.63 v macmulnegator.B1_adder.adder_chain[5].adder/COUT (sky130_fd_sc_hd__fa_4)
   0.93   64.56 v macmulnegator.B1_adder.adder_chain[6].adder/COUT (sky130_fd_sc_hd__fa_4)
   0.90   65.46 v macmulnegator.B1_adder.adder_chain[7].adder/COUT (sky130_fd_sc_hd__fa_4)
   0.51   65.97 v _4462_/X (sky130_fd_sc_hd__or2_4)
   0.90   66.87 v macmulnegator.B2_adder.adder_chain[0].adder/COUT (sky130_fd_sc_hd__fa_4)
   0.93   67.80 v macmulnegator.B2_adder.adder_chain[1].adder/COUT (sky130_fd_sc_hd__fa_4)
   0.93   68.73 v macmulnegator.B2_adder.adder_chain[2].adder/COUT (sky130_fd_sc_hd__fa_4)
   0.93   69.66 v macmulnegator.B2_adder.adder_chain[3].adder/COUT (sky130_fd_sc_hd__fa_4)
   0.93   70.59 v macmulnegator.B2_adder.adder_chain[4].adder/COUT (sky130_fd_sc_hd__fa_4)
   0.93   71.52 v macmulnegator.B2_adder.adder_chain[5].adder/COUT (sky130_fd_sc_hd__fa_4)
   0.93   72.45 v macmulnegator.B2_adder.adder_chain[6].adder/COUT (sky130_fd_sc_hd__fa_4)
   0.90   73.35 v macmulnegator.B2_adder.adder_chain[7].adder/COUT (sky130_fd_sc_hd__fa_4)
   0.50   73.85 v _4461_/X (sky130_fd_sc_hd__or2_4)
   0.90   74.75 v macmulnegator.B3_adder.adder_chain[0].adder/COUT (sky130_fd_sc_hd__fa_4)
   0.93   75.68 v macmulnegator.B3_adder.adder_chain[1].adder/COUT (sky130_fd_sc_hd__fa_4)
   0.93   76.61 v macmulnegator.B3_adder.adder_chain[2].adder/COUT (sky130_fd_sc_hd__fa_4)
   1.31   77.92 v macmulnegator.B3_adder.adder_chain[3].adder/SUM (sky130_fd_sc_hd__fa_4)
   0.25   78.18 ^ _5456_/Y (sky130_fd_sc_hd__a22oi_4)
   0.74   78.92 ^ _5457_/X (sky130_fd_sc_hd__buf_1)
   1.18   80.10 ^ _5597_/X (sky130_fd_sc_hd__buf_1)
   0.24   80.34 v _5622_/Y (sky130_fd_sc_hd__nor2_4)
   1.06   81.40 v macmul3.A0B3_mul_block.array_multiplier.fa_15/SUM (sky130_fd_sc_hd__fa_1)
   1.11   82.52 v macmul3.A0B3_mul_block.array_multiplier.fa_25/SUM (sky130_fd_sc_hd__fa_1)
   1.02   83.54 v macmul3.A0B3_mul_block.array_multiplier.fa_37/COUT (sky130_fd_sc_hd__fa_4)
   0.93   84.47 v macmul3.A0B3_mul_block.array_multiplier.fa_38/COUT (sky130_fd_sc_hd__fa_4)
   0.93   85.39 v macmul3.A0B3_mul_block.array_multiplier.fa_39/COUT (sky130_fd_sc_hd__fa_4)
   0.93   86.32 v macmul3.A0B3_mul_block.array_multiplier.fa_40/COUT (sky130_fd_sc_hd__fa_4)
   1.31   87.63 v macmul3.A0B3_mul_block.array_multiplier.fa_41/SUM (sky130_fd_sc_hd__fa_4)
   1.09   88.72 v macmul3.block_1_adder.adder_chain[0].adder/COUT (sky130_fd_sc_hd__fa_4)
   0.93   89.65 v macmul3.block_1_adder.adder_chain[1].adder/COUT (sky130_fd_sc_hd__fa_4)
   0.93   90.58 v macmul3.block_1_adder.adder_chain[2].adder/COUT (sky130_fd_sc_hd__fa_4)
   0.93   91.50 v macmul3.block_1_adder.adder_chain[3].adder/COUT (sky130_fd_sc_hd__fa_4)
   0.93   92.43 v macmul3.block_1_adder.adder_chain[4].adder/COUT (sky130_fd_sc_hd__fa_4)
   0.93   93.36 v macmul3.block_1_adder.adder_chain[5].adder/COUT (sky130_fd_sc_hd__fa_4)
   0.93   94.29 v macmul3.block_1_adder.adder_chain[6].adder/COUT (sky130_fd_sc_hd__fa_4)
   0.93   95.22 v macmul3.block_1_adder.adder_chain[7].adder/COUT (sky130_fd_sc_hd__fa_4)
   0.93   96.15 v macmul3.block_2_adder.adder_chain[0].adder/COUT (sky130_fd_sc_hd__fa_4)
   0.93   97.08 v macmul3.block_2_adder.adder_chain[1].adder/COUT (sky130_fd_sc_hd__fa_4)
   0.93   98.00 v macmul3.block_2_adder.adder_chain[2].adder/COUT (sky130_fd_sc_hd__fa_4)
   0.93   98.93 v macmul3.block_2_adder.adder_chain[3].adder/COUT (sky130_fd_sc_hd__fa_4)
   0.93   99.86 v macmul3.block_2_adder.adder_chain[4].adder/COUT (sky130_fd_sc_hd__fa_4)
   0.93  100.79 v macmul3.block_2_adder.adder_chain[5].adder/COUT (sky130_fd_sc_hd__fa_4)
   0.93  101.72 v macmul3.block_2_adder.adder_chain[6].adder/COUT (sky130_fd_sc_hd__fa_4)
   0.91  102.62 v macmul3.block_2_adder.adder_chain[7].adder/COUT (sky130_fd_sc_hd__fa_4)
   0.28  102.91 v _5748_/X (sky130_fd_sc_hd__and2_4)
   1.24  104.15 v macmul3.block_3_adder.adder_chain[0].adder/SUM (sky130_fd_sc_hd__fa_4)
   0.52  104.67 v _3797_/X (sky130_fd_sc_hd__or2_4)
   0.55  105.22 v _3798_/X (sky130_fd_sc_hd__a32o_4)
   0.97  106.20 v maccombiner.partial2_upper_partial3_full_adder.adder_chain[8].adder/COUT (sky130_fd_sc_hd__fa_4)
   0.93  107.13 v maccombiner.partial2_upper_partial3_full_adder.adder_chain[9].adder/COUT (sky130_fd_sc_hd__fa_4)
   1.32  108.45 v maccombiner.partial2_upper_partial3_full_adder.adder_chain[10].adder/SUM (sky130_fd_sc_hd__fa_4)
   1.04  109.49 v maccombiner.quad_full_adder.adder_chain[18].adder/COUT (sky130_fd_sc_hd__fa_4)
   0.93  110.42 v maccombiner.quad_full_adder.adder_chain[19].adder/COUT (sky130_fd_sc_hd__fa_4)
   1.52  111.93 ^ maccombiner.quad_full_adder.adder_chain[20].adder/SUM (sky130_fd_sc_hd__fa_4)
   0.21  112.15 ^ _4075_/X (sky130_fd_sc_hd__or2_4)
   0.47  112.62 ^ _4078_/X (sky130_fd_sc_hd__a32o_4)
   0.10  112.72 v _4503_/Y (sky130_fd_sc_hd__inv_8)
   1.02  113.74 v macaccnegator.C1_adder.adder_chain[4].adder/COUT (sky130_fd_sc_hd__fa_4)
   0.93  114.67 v macaccnegator.C1_adder.adder_chain[5].adder/COUT (sky130_fd_sc_hd__fa_4)
   0.93  115.60 v macaccnegator.C1_adder.adder_chain[6].adder/COUT (sky130_fd_sc_hd__fa_4)
   0.93  116.53 v macaccnegator.C1_adder.adder_chain[7].adder/COUT (sky130_fd_sc_hd__fa_4)
   0.93  117.45 v macaccnegator.C1_adder.adder_chain[8].adder/COUT (sky130_fd_sc_hd__fa_4)
   0.93  118.38 v macaccnegator.C1_adder.adder_chain[9].adder/COUT (sky130_fd_sc_hd__fa_4)
   0.93  119.31 v macaccnegator.C1_adder.adder_chain[10].adder/COUT (sky130_fd_sc_hd__fa_4)
   0.93  120.24 v macaccnegator.C1_adder.adder_chain[11].adder/COUT (sky130_fd_sc_hd__fa_4)
   0.93  121.16 v macaccnegator.C1_adder.adder_chain[12].adder/COUT (sky130_fd_sc_hd__fa_4)
   0.93  122.09 v macaccnegator.C1_adder.adder_chain[13].adder/COUT (sky130_fd_sc_hd__fa_4)
   0.93  123.02 v macaccnegator.C1_adder.adder_chain[14].adder/COUT (sky130_fd_sc_hd__fa_4)
   0.93  123.95 v macaccnegator.C1_adder.adder_chain[15].adder/COUT (sky130_fd_sc_hd__fa_4)
   0.93  124.88 v macaccnegator.C1_adder.adder_chain[16].adder/COUT (sky130_fd_sc_hd__fa_4)
   0.93  125.81 v macaccnegator.C1_adder.adder_chain[17].adder/COUT (sky130_fd_sc_hd__fa_4)
   0.93  126.74 v macaccnegator.C1_adder.adder_chain[18].adder/COUT (sky130_fd_sc_hd__fa_4)
   0.93  127.67 v macaccnegator.C1_adder.adder_chain[19].adder/COUT (sky130_fd_sc_hd__fa_4)
   0.93  128.60 v macaccnegator.C1_adder.adder_chain[20].adder/COUT (sky130_fd_sc_hd__fa_4)
   0.93  129.53 v macaccnegator.C1_adder.adder_chain[21].adder/COUT (sky130_fd_sc_hd__fa_4)
   0.93  130.46 v macaccnegator.C1_adder.adder_chain[22].adder/COUT (sky130_fd_sc_hd__fa_4)
   0.93  131.39 v macaccnegator.C1_adder.adder_chain[23].adder/COUT (sky130_fd_sc_hd__fa_4)
   0.93  132.31 v macaccnegator.C1_adder.adder_chain[24].adder/COUT (sky130_fd_sc_hd__fa_4)
   0.93  133.24 v macaccnegator.C1_adder.adder_chain[25].adder/COUT (sky130_fd_sc_hd__fa_4)
   0.93  134.17 v macaccnegator.C1_adder.adder_chain[26].adder/COUT (sky130_fd_sc_hd__fa_4)
   0.93  135.10 v macaccnegator.C1_adder.adder_chain[27].adder/COUT (sky130_fd_sc_hd__fa_4)
   0.93  136.03 v macaccnegator.C1_adder.adder_chain[28].adder/COUT (sky130_fd_sc_hd__fa_4)
   0.93  136.95 v macaccnegator.C1_adder.adder_chain[29].adder/COUT (sky130_fd_sc_hd__fa_4)
   0.93  137.89 v macaccnegator.C1_adder.adder_chain[30].adder/COUT (sky130_fd_sc_hd__fa_4)
   0.90  138.79 v macaccnegator.C1_adder.adder_chain[31].adder/COUT (sky130_fd_sc_hd__fa_4)
   0.50  139.29 v _4290_/X (sky130_fd_sc_hd__or2_4)
   0.90  140.19 v macaccnegator.C2_adder.adder_chain[0].adder/COUT (sky130_fd_sc_hd__fa_4)
   0.93  141.11 v macaccnegator.C2_adder.adder_chain[1].adder/COUT (sky130_fd_sc_hd__fa_4)
   0.93  142.04 v macaccnegator.C2_adder.adder_chain[2].adder/COUT (sky130_fd_sc_hd__fa_4)
   0.93  142.97 v macaccnegator.C2_adder.adder_chain[3].adder/COUT (sky130_fd_sc_hd__fa_4)
   0.93  143.90 v macaccnegator.C2_adder.adder_chain[4].adder/COUT (sky130_fd_sc_hd__fa_4)
   0.93  144.83 v macaccnegator.C2_adder.adder_chain[5].adder/COUT (sky130_fd_sc_hd__fa_4)
   0.93  145.76 v macaccnegator.C2_adder.adder_chain[6].adder/COUT (sky130_fd_sc_hd__fa_4)
   0.93  146.69 v macaccnegator.C2_adder.adder_chain[7].adder/COUT (sky130_fd_sc_hd__fa_4)
   0.93  147.61 v macaccnegator.C2_adder.adder_chain[8].adder/COUT (sky130_fd_sc_hd__fa_4)
   0.93  148.54 v macaccnegator.C2_adder.adder_chain[9].adder/COUT (sky130_fd_sc_hd__fa_4)
   0.93  149.47 v macaccnegator.C2_adder.adder_chain[10].adder/COUT (sky130_fd_sc_hd__fa_4)
   0.93  150.39 v macaccnegator.C2_adder.adder_chain[11].adder/COUT (sky130_fd_sc_hd__fa_4)
   0.93  151.32 v macaccnegator.C2_adder.adder_chain[12].adder/COUT (sky130_fd_sc_hd__fa_4)
   0.93  152.25 v macaccnegator.C2_adder.adder_chain[13].adder/COUT (sky130_fd_sc_hd__fa_4)
   0.93  153.18 v macaccnegator.C2_adder.adder_chain[14].adder/COUT (sky130_fd_sc_hd__fa_4)
   0.93  154.11 v macaccnegator.C2_adder.adder_chain[15].adder/COUT (sky130_fd_sc_hd__fa_4)
   0.93  155.03 v macaccnegator.C2_adder.adder_chain[16].adder/COUT (sky130_fd_sc_hd__fa_4)
   0.93  155.96 v macaccnegator.C2_adder.adder_chain[17].adder/COUT (sky130_fd_sc_hd__fa_4)
   0.93  156.89 v macaccnegator.C2_adder.adder_chain[18].adder/COUT (sky130_fd_sc_hd__fa_4)
   0.93  157.82 v macaccnegator.C2_adder.adder_chain[19].adder/COUT (sky130_fd_sc_hd__fa_4)
   0.93  158.75 v macaccnegator.C2_adder.adder_chain[20].adder/COUT (sky130_fd_sc_hd__fa_4)
   0.93  159.67 v macaccnegator.C2_adder.adder_chain[21].adder/COUT (sky130_fd_sc_hd__fa_4)
   0.93  160.60 v macaccnegator.C2_adder.adder_chain[22].adder/COUT (sky130_fd_sc_hd__fa_4)
   0.93  161.53 v macaccnegator.C2_adder.adder_chain[23].adder/COUT (sky130_fd_sc_hd__fa_4)
   0.93  162.46 v macaccnegator.C2_adder.adder_chain[24].adder/COUT (sky130_fd_sc_hd__fa_4)
   0.93  163.38 v macaccnegator.C2_adder.adder_chain[25].adder/COUT (sky130_fd_sc_hd__fa_4)
   0.93  164.31 v macaccnegator.C2_adder.adder_chain[26].adder/COUT (sky130_fd_sc_hd__fa_4)
   0.93  165.24 v macaccnegator.C2_adder.adder_chain[27].adder/COUT (sky130_fd_sc_hd__fa_4)
   0.93  166.17 v macaccnegator.C2_adder.adder_chain[28].adder/COUT (sky130_fd_sc_hd__fa_4)
   0.93  167.10 v macaccnegator.C2_adder.adder_chain[29].adder/COUT (sky130_fd_sc_hd__fa_4)
   0.93  168.02 v macaccnegator.C2_adder.adder_chain[30].adder/COUT (sky130_fd_sc_hd__fa_4)
   0.91  168.94 v macaccnegator.C2_adder.adder_chain[31].adder/COUT (sky130_fd_sc_hd__fa_4)
   0.50  169.44 v _4289_/X (sky130_fd_sc_hd__or2_4)
   0.90  170.34 v macaccnegator.C3_adder.adder_chain[0].adder/COUT (sky130_fd_sc_hd__fa_4)
   0.93  171.27 v macaccnegator.C3_adder.adder_chain[1].adder/COUT (sky130_fd_sc_hd__fa_4)
   0.93  172.20 v macaccnegator.C3_adder.adder_chain[2].adder/COUT (sky130_fd_sc_hd__fa_4)
   0.93  173.12 v macaccnegator.C3_adder.adder_chain[3].adder/COUT (sky130_fd_sc_hd__fa_4)
   0.93  174.05 v macaccnegator.C3_adder.adder_chain[4].adder/COUT (sky130_fd_sc_hd__fa_4)
   0.93  174.98 v macaccnegator.C3_adder.adder_chain[5].adder/COUT (sky130_fd_sc_hd__fa_4)
   1.25  176.23 v macaccnegator.C3_adder.adder_chain[6].adder/SUM (sky130_fd_sc_hd__fa_4)
   0.51  176.74 v _3896_/X (sky130_fd_sc_hd__or2_4)
   0.25  176.99 v _3897_/Y (sky130_fd_sc_hd__a21boi_4)
   1.04  178.03 v macacc.acc3.accumlate_adder.adder_chain[6].adder/COUT (sky130_fd_sc_hd__fa_4)
   0.93  178.96 v macacc.acc3.accumlate_adder.adder_chain[7].adder/COUT (sky130_fd_sc_hd__fa_4)
   0.93  179.89 v macacc.acc3.accumlate_adder.adder_chain[8].adder/COUT (sky130_fd_sc_hd__fa_4)
   0.93  180.82 v macacc.acc3.accumlate_adder.adder_chain[9].adder/COUT (sky130_fd_sc_hd__fa_4)
   0.93  181.74 v macacc.acc3.accumlate_adder.adder_chain[10].adder/COUT (sky130_fd_sc_hd__fa_4)
   0.93  182.67 v macacc.acc3.accumlate_adder.adder_chain[11].adder/COUT (sky130_fd_sc_hd__fa_4)
   0.93  183.60 v macacc.acc3.accumlate_adder.adder_chain[12].adder/COUT (sky130_fd_sc_hd__fa_4)
   0.93  184.53 v macacc.acc3.accumlate_adder.adder_chain[13].adder/COUT (sky130_fd_sc_hd__fa_4)
   0.93  185.46 v macacc.acc3.accumlate_adder.adder_chain[14].adder/COUT (sky130_fd_sc_hd__fa_4)
   0.93  186.39 v macacc.acc3.accumlate_adder.adder_chain[15].adder/COUT (sky130_fd_sc_hd__fa_4)
   0.93  187.32 v macacc.acc3.accumlate_adder.adder_chain[16].adder/COUT (sky130_fd_sc_hd__fa_4)
   0.93  188.25 v macacc.acc3.accumlate_adder.adder_chain[17].adder/COUT (sky130_fd_sc_hd__fa_4)
   0.93  189.17 v macacc.acc3.accumlate_adder.adder_chain[18].adder/COUT (sky130_fd_sc_hd__fa_4)
   0.93  190.10 v macacc.acc3.accumlate_adder.adder_chain[19].adder/COUT (sky130_fd_sc_hd__fa_4)
   0.93  191.04 v macacc.acc3.accumlate_adder.adder_chain[20].adder/COUT (sky130_fd_sc_hd__fa_4)
   0.93  191.96 v macacc.acc3.accumlate_adder.adder_chain[21].adder/COUT (sky130_fd_sc_hd__fa_4)
   0.93  192.89 v macacc.acc3.accumlate_adder.adder_chain[22].adder/COUT (sky130_fd_sc_hd__fa_4)
   0.93  193.82 v macacc.acc3.accumlate_adder.adder_chain[23].adder/COUT (sky130_fd_sc_hd__fa_4)
   0.93  194.75 v macacc.acc3.accumlate_adder.adder_chain[24].adder/COUT (sky130_fd_sc_hd__fa_4)
   0.93  195.68 v macacc.acc3.accumlate_adder.adder_chain[25].adder/COUT (sky130_fd_sc_hd__fa_4)
   0.93  196.60 v macacc.acc3.accumlate_adder.adder_chain[26].adder/COUT (sky130_fd_sc_hd__fa_4)
   0.93  197.53 v macacc.acc3.accumlate_adder.adder_chain[27].adder/COUT (sky130_fd_sc_hd__fa_4)
   0.93  198.46 v macacc.acc3.accumlate_adder.adder_chain[28].adder/COUT (sky130_fd_sc_hd__fa_4)
   0.93  199.39 v macacc.acc3.accumlate_adder.adder_chain[29].adder/COUT (sky130_fd_sc_hd__fa_4)
   0.93  200.32 v macacc.acc3.accumlate_adder.adder_chain[30].adder/COUT (sky130_fd_sc_hd__fa_4)
   1.25  201.57 v macacc.acc3.accumlate_adder.adder_chain[31].adder/SUM (sky130_fd_sc_hd__fa_4)
   0.50  202.07 v _2983_/X (sky130_fd_sc_hd__or2_4)
   0.40  202.46 ^ _2984_/Y (sky130_fd_sc_hd__a32oi_4)
   0.10  202.57 v _2985_/Y (sky130_fd_sc_hd__nor2_4)
   0.00  202.57 v _6473_/D (sky130_fd_sc_hd__dfxtp_4)
         202.57   data arrival time

 250.00  250.00   clock clk (rise edge)
   0.00  250.00   clock network delay (ideal)
   0.00  250.00   clock reconvergence pessimism
         250.00 ^ _6473_/CLK (sky130_fd_sc_hd__dfxtp_4)
  -0.28  249.72   library setup time
         249.72   data required time
---------------------------------------------------------
         249.72   data required time
        -202.57   data arrival time
---------------------------------------------------------
          47.15   slack (MET)


