Startpoint: _17726_ (rising edge-triggered flip-flop clocked by clk)
Endpoint: _17726_ (rising edge-triggered flip-flop clocked by clk)
Path Group: clk
Path Type: min

  Delay    Time   Description
---------------------------------------------------------
   0.00    0.00   clock clk (rise edge)
   0.00    0.00   clock network delay (ideal)
   0.00    0.00 ^ _17726_/CLK (sky130_fd_sc_hd__dfxtp_4)
   0.22    0.22 ^ _17726_/Q (sky130_fd_sc_hd__dfxtp_4)
   0.04    0.25 v _16799_/Y (sky130_fd_sc_hd__a21boi_4)
   0.06    0.32 ^ _16800_/Y (sky130_fd_sc_hd__nor2_4)
   0.02    0.34 v _16802_/Y (sky130_fd_sc_hd__nor3_4)
   0.00    0.34 v _17726_/D (sky130_fd_sc_hd__dfxtp_4)
           0.34   data arrival time

   0.00    0.00   clock clk (rise edge)
   0.00    0.00   clock network delay (ideal)
   0.00    0.00   clock reconvergence pessimism
           0.00 ^ _17726_/CLK (sky130_fd_sc_hd__dfxtp_4)
  -0.03   -0.03   library hold time
          -0.03   data required time
---------------------------------------------------------
          -0.03   data required time
          -0.34   data arrival time
---------------------------------------------------------
           0.37   slack (MET)


Startpoint: cfg[0] (input port clocked by clk)
Endpoint: _17735_ (rising edge-triggered flip-flop clocked by clk)
Path Group: clk
Path Type: max

  Delay    Time   Description
---------------------------------------------------------
   0.00    0.00   clock clk (rise edge)
   0.00    0.00   clock network delay (ideal)
  50.00   50.00 ^ input external delay
   0.07   50.07 ^ cfg[0] (in)
   0.21   50.28 ^ _08636_/X (sky130_fd_sc_hd__or2_4)
   0.52   50.80 ^ _08637_/X (sky130_fd_sc_hd__buf_1)
   0.18   50.97 v _08638_/Y (sky130_fd_sc_hd__inv_8)
   0.47   51.44 v _08643_/X (sky130_fd_sc_hd__or2_4)
   0.29   51.74 v _08644_/X (sky130_fd_sc_hd__buf_1)
   0.13   51.87 ^ _08695_/Y (sky130_fd_sc_hd__inv_8)
   0.14   52.01 ^ _08696_/X (sky130_fd_sc_hd__a21o_4)
   0.30   52.30 ^ _08697_/X (sky130_fd_sc_hd__and2_4)
   0.49   52.80 ^ _08698_/X (sky130_fd_sc_hd__and4_4)
   0.26   53.06 ^ _08699_/X (sky130_fd_sc_hd__or2_4)
   0.06   53.12 v _08700_/Y (sky130_fd_sc_hd__inv_8)
   0.40   53.53 v _10279_/X (sky130_fd_sc_hd__or2_4)
   0.33   53.86 v _10280_/X (sky130_fd_sc_hd__buf_1)
   0.52   54.38 v _10281_/X (sky130_fd_sc_hd__or2_4)
   0.28   54.66 v _10344_/X (sky130_fd_sc_hd__and2_4)
   0.30   54.95 v _10345_/X (sky130_fd_sc_hd__buf_1)
   0.14   55.10 ^ _10346_/Y (sky130_fd_sc_hd__inv_8)
   0.24   55.34 ^ _10347_/X (sky130_fd_sc_hd__o21a_4)
   0.39   55.73 v _10348_/X (sky130_fd_sc_hd__a2bb2o_4)
   0.24   55.98 v _10349_/X (sky130_fd_sc_hd__buf_1)
   0.48   56.46 v _11316_/X (sky130_fd_sc_hd__or2_4)
   0.47   56.93 v _11318_/X (sky130_fd_sc_hd__or2_4)
   0.32   57.25 ^ _11319_/X (sky130_fd_sc_hd__a21bo_4)
   0.20   57.44 ^ _11321_/X (sky130_fd_sc_hd__or2_4)
   0.43   57.88 v _11322_/X (sky130_fd_sc_hd__a21bo_4)
   0.42   58.30 v _11336_/X (sky130_fd_sc_hd__a2bb2o_4)
   0.42   58.72 ^ _11356_/X (sky130_fd_sc_hd__a2bb2o_4)
   0.41   59.13 v _11362_/X (sky130_fd_sc_hd__a2bb2o_4)
   0.51   59.64 v _11378_/X (sky130_fd_sc_hd__or2_4)
   0.36   60.00 ^ _11380_/X (sky130_fd_sc_hd__a21bo_4)
   0.43   60.43 v _11394_/X (sky130_fd_sc_hd__a2bb2o_4)
   0.48   60.91 v _11405_/X (sky130_fd_sc_hd__or2_4)
   0.23   61.14 v _11406_/X (sky130_fd_sc_hd__o21a_4)
   0.45   61.59 v _11407_/X (sky130_fd_sc_hd__or2_4)
   0.23   61.82 v _11408_/X (sky130_fd_sc_hd__o21a_4)
   0.45   62.27 v _11409_/X (sky130_fd_sc_hd__or2_4)
   0.23   62.50 v _11410_/X (sky130_fd_sc_hd__o21a_4)
   0.45   62.95 v _11411_/X (sky130_fd_sc_hd__or2_4)
   0.23   63.18 v _11412_/X (sky130_fd_sc_hd__o21a_4)
   0.45   63.62 v _11413_/X (sky130_fd_sc_hd__or2_4)
   0.23   63.86 v _11414_/X (sky130_fd_sc_hd__o21a_4)
   0.45   64.30 v _11415_/X (sky130_fd_sc_hd__or2_4)
   0.23   64.54 v _11416_/X (sky130_fd_sc_hd__o21a_4)
   0.45   64.98 v _11417_/X (sky130_fd_sc_hd__or2_4)
   0.23   65.22 v _11418_/X (sky130_fd_sc_hd__o21a_4)
   0.45   65.66 v _11419_/X (sky130_fd_sc_hd__or2_4)
   0.26   65.93 v _11420_/X (sky130_fd_sc_hd__o21a_4)
   0.18   66.11 ^ _11421_/Y (sky130_fd_sc_hd__nor2_4)
   0.09   66.19 v _11422_/Y (sky130_fd_sc_hd__nor3_4)
   0.46   66.66 v _11423_/X (sky130_fd_sc_hd__or2_4)
   0.37   67.03 v _11424_/X (sky130_fd_sc_hd__o22a_4)
   0.46   67.49 v _11425_/X (sky130_fd_sc_hd__or2_4)
   0.32   67.81 ^ _11473_/X (sky130_fd_sc_hd__a21bo_4)
   0.24   68.05 ^ _11475_/X (sky130_fd_sc_hd__or2_4)
   0.42   68.47 v _11476_/X (sky130_fd_sc_hd__a21bo_4)
   0.45   68.92 v _11479_/X (sky130_fd_sc_hd__or2_4)
   0.31   69.23 v _11480_/X (sky130_fd_sc_hd__buf_1)
   0.49   69.72 v _11481_/X (sky130_fd_sc_hd__or2_4)
   0.31   70.03 v _11482_/X (sky130_fd_sc_hd__buf_1)
   0.29   70.32 v _11483_/X (sky130_fd_sc_hd__o21a_4)
   0.41   70.74 v _11484_/X (sky130_fd_sc_hd__or2_4)
   0.31   71.05 v _11485_/X (sky130_fd_sc_hd__buf_1)
   0.29   71.34 v _11486_/X (sky130_fd_sc_hd__o21a_4)
   0.41   71.76 v _11487_/X (sky130_fd_sc_hd__or2_4)
   0.31   72.07 v _11488_/X (sky130_fd_sc_hd__buf_1)
   0.29   72.36 v _11489_/X (sky130_fd_sc_hd__o21a_4)
   0.41   72.77 v _11490_/X (sky130_fd_sc_hd__or2_4)
   0.31   73.09 v _11491_/X (sky130_fd_sc_hd__buf_1)
   0.31   73.40 v _11492_/X (sky130_fd_sc_hd__o21a_4)
   0.45   73.84 v _11493_/X (sky130_fd_sc_hd__or2_4)
   0.23   74.08 v _11494_/X (sky130_fd_sc_hd__o21a_4)
   0.45   74.52 v _11495_/X (sky130_fd_sc_hd__or2_4)
   0.23   74.76 v _11496_/X (sky130_fd_sc_hd__o21a_4)
   0.45   75.20 v _11497_/X (sky130_fd_sc_hd__or2_4)
   0.22   75.42 v _11498_/X (sky130_fd_sc_hd__o21a_4)
   0.42   75.84 v _11499_/X (sky130_fd_sc_hd__or2_4)
   0.31   76.15 v _11500_/X (sky130_fd_sc_hd__buf_1)
   0.30   76.45 v _11501_/X (sky130_fd_sc_hd__o21a_4)
   0.42   76.87 v _11502_/X (sky130_fd_sc_hd__or2_4)
   0.31   77.18 v _11503_/X (sky130_fd_sc_hd__buf_1)
   0.30   77.48 v _11504_/X (sky130_fd_sc_hd__o21a_4)
   0.42   77.90 v _11505_/X (sky130_fd_sc_hd__or2_4)
   0.31   78.21 v _11506_/X (sky130_fd_sc_hd__buf_1)
   0.34   78.55 v _11507_/X (sky130_fd_sc_hd__o21a_4)
   0.36   78.91 ^ _11508_/Y (sky130_fd_sc_hd__nor3_4)
   0.22   79.12 v _11512_/Y (sky130_fd_sc_hd__a21oi_4)
   0.43   79.55 v _11513_/X (sky130_fd_sc_hd__or2_4)
   0.31   79.86 v _11514_/X (sky130_fd_sc_hd__buf_1)
   0.30   80.16 v _11515_/X (sky130_fd_sc_hd__o21a_4)
   0.47   80.63 v _11516_/X (sky130_fd_sc_hd__or2_4)
   0.50   81.13 v _11518_/X (sky130_fd_sc_hd__or2_4)
   0.46   81.59 v _11519_/X (sky130_fd_sc_hd__or2_4)
   0.48   82.07 v _11520_/X (sky130_fd_sc_hd__or2_4)
   0.49   82.56 v _11521_/X (sky130_fd_sc_hd__or2_4)
   0.27   82.83 ^ _11522_/Y (sky130_fd_sc_hd__nor2_4)
   0.30   83.13 ^ _11525_/X (sky130_fd_sc_hd__xor2_4)
   0.24   83.37 ^ _11529_/X (sky130_fd_sc_hd__or2_4)
   0.40   83.78 ^ _11530_/X (sky130_fd_sc_hd__buf_1)
   0.13   83.90 v _11531_/Y (sky130_fd_sc_hd__inv_8)
   0.45   84.36 v _11533_/X (sky130_fd_sc_hd__or2_4)
   0.40   84.76 v _11534_/X (sky130_fd_sc_hd__buf_1)
   0.59   85.35 v _12228_/X (sky130_fd_sc_hd__o22a_4)
   0.50   85.85 v _12229_/X (sky130_fd_sc_hd__or2_4)
   0.29   86.13 ^ _15485_/Y (sky130_fd_sc_hd__nor3_4)
   0.24   86.37 ^ _15486_/X (sky130_fd_sc_hd__or3_4)
   0.52   86.89 ^ _15487_/X (sky130_fd_sc_hd__buf_1)
   0.13   87.02 v _15488_/Y (sky130_fd_sc_hd__inv_8)
   0.37   87.39 v _15490_/X (sky130_fd_sc_hd__o21a_4)
   0.62   88.01 v _15491_/X (sky130_fd_sc_hd__or3_4)
   0.45   88.46 v _15492_/X (sky130_fd_sc_hd__buf_1)
   0.58   89.05 v _15493_/X (sky130_fd_sc_hd__or2_4)
   0.42   89.47 v _15494_/X (sky130_fd_sc_hd__or2_4)
   0.33   89.80 v _15495_/X (sky130_fd_sc_hd__buf_1)
   0.50   90.30 v _15496_/X (sky130_fd_sc_hd__or2_4)
   0.33   90.63 v _15497_/X (sky130_fd_sc_hd__buf_1)
   0.56   91.19 v _15498_/X (sky130_fd_sc_hd__or2_4)
   0.20   91.39 ^ _15500_/Y (sky130_fd_sc_hd__nor2_4)
   0.24   91.63 ^ _15502_/X (sky130_fd_sc_hd__or2_4)
   0.20   91.83 ^ _15505_/X (sky130_fd_sc_hd__a21o_4)
   0.37   92.20 ^ _15820_/X (sky130_fd_sc_hd__and3_4)
   0.26   92.45 ^ _15821_/X (sky130_fd_sc_hd__or2_4)
   0.06   92.51 v _15822_/Y (sky130_fd_sc_hd__inv_8)
   0.40   92.91 v _15823_/X (sky130_fd_sc_hd__or2_4)
   0.35   93.26 v _15824_/X (sky130_fd_sc_hd__buf_1)
   0.13   93.39 ^ _15825_/Y (sky130_fd_sc_hd__inv_8)
   0.48   93.87 ^ _15826_/X (sky130_fd_sc_hd__and4_4)
   0.23   94.10 ^ _15827_/X (sky130_fd_sc_hd__or2_4)
   0.08   94.18 v _15830_/Y (sky130_fd_sc_hd__nand2_4)
   0.47   94.65 v _15834_/X (sky130_fd_sc_hd__or2_4)
   0.47   95.12 v _15837_/X (sky130_fd_sc_hd__or2_4)
   0.44   95.56 v _15838_/X (sky130_fd_sc_hd__or2_4)
   0.44   95.99 v _15839_/X (sky130_fd_sc_hd__or2_4)
   0.44   96.43 v _15840_/X (sky130_fd_sc_hd__or2_4)
   0.44   96.86 v _15841_/X (sky130_fd_sc_hd__or2_4)
   0.47   97.34 v _15845_/X (sky130_fd_sc_hd__or2_4)
   0.44   97.77 v _15846_/X (sky130_fd_sc_hd__or2_4)
   0.47   98.24 v _15848_/X (sky130_fd_sc_hd__or2_4)
   0.44   98.68 v _15849_/X (sky130_fd_sc_hd__or2_4)
   0.47   99.15 v _15853_/X (sky130_fd_sc_hd__or2_4)
   0.47   99.62 v _15855_/X (sky130_fd_sc_hd__or2_4)
   0.44  100.06 v _15856_/X (sky130_fd_sc_hd__or2_4)
   0.44  100.50 v _15857_/X (sky130_fd_sc_hd__or2_4)
   0.50  100.99 v _15858_/X (sky130_fd_sc_hd__or2_4)
   0.08  101.07 ^ _15859_/Y (sky130_fd_sc_hd__inv_8)
   0.28  101.36 ^ _15861_/X (sky130_fd_sc_hd__and2_4)
   0.31  101.67 ^ _15863_/X (sky130_fd_sc_hd__and2_4)
   0.33  102.00 ^ _15865_/X (sky130_fd_sc_hd__and2_4)
   0.51  102.51 ^ _15871_/X (sky130_fd_sc_hd__and4_4)
   0.33  102.83 ^ _15873_/X (sky130_fd_sc_hd__and2_4)
   0.07  102.91 v _15911_/Y (sky130_fd_sc_hd__nor2_4)
   0.42  103.33 v _15912_/X (sky130_fd_sc_hd__a2bb2o_4)
   0.45  103.78 v _15913_/X (sky130_fd_sc_hd__or2_4)
   0.37  104.14 ^ _15914_/X (sky130_fd_sc_hd__a21bo_4)
   0.25  104.39 ^ _15915_/X (sky130_fd_sc_hd__or2_4)
   0.25  104.64 ^ _15932_/X (sky130_fd_sc_hd__or2_4)
   0.09  104.73 v _15958_/Y (sky130_fd_sc_hd__nor2_4)
   0.67  105.40 ^ _16757_/Y (sky130_fd_sc_hd__nor4_4)
   0.17  105.57 v _16758_/Y (sky130_fd_sc_hd__nor3_4)
   0.74  106.31 v _16759_/X (sky130_fd_sc_hd__or3_4)
   0.45  106.75 ^ _16761_/Y (sky130_fd_sc_hd__a32oi_4)
   0.31  107.06 ^ _16763_/X (sky130_fd_sc_hd__or2_4)
   0.25  107.31 ^ _17475_/X (sky130_fd_sc_hd__o21a_4)
   0.30  107.61 ^ _17478_/X (sky130_fd_sc_hd__and2_4)
   0.06  107.67 v _17479_/Y (sky130_fd_sc_hd__nor3_4)
   0.00  107.67 v _17735_/D (sky130_fd_sc_hd__dfxtp_4)
         107.67   data arrival time

 250.00  250.00   clock clk (rise edge)
   0.00  250.00   clock network delay (ideal)
   0.00  250.00   clock reconvergence pessimism
         250.00 ^ _17735_/CLK (sky130_fd_sc_hd__dfxtp_4)
  -0.32  249.68   library setup time
         249.68   data required time
---------------------------------------------------------
         249.68   data required time
        -107.67   data arrival time
---------------------------------------------------------
         142.00   slack (MET)


