Startpoint: _17726_ (rising edge-triggered flip-flop clocked by clk)
Endpoint: _17726_ (rising edge-triggered flip-flop clocked by clk)
Path Group: clk
Path Type: min

  Delay    Time   Description
---------------------------------------------------------
   0.00    0.00   clock clk (rise edge)
   0.00    0.00   clock network delay (ideal)
   0.00    0.00 ^ _17726_/CLK (sky130_fd_sc_hd__dfxtp_4)
   0.21    0.21 ^ _17726_/Q (sky130_fd_sc_hd__dfxtp_4)
   0.03    0.24 v _16799_/Y (sky130_fd_sc_hd__a21boi_4)
   0.06    0.30 ^ _16800_/Y (sky130_fd_sc_hd__nor2_4)
   0.02    0.33 v _16802_/Y (sky130_fd_sc_hd__nor3_4)
   0.00    0.33 v _17726_/D (sky130_fd_sc_hd__dfxtp_4)
           0.33   data arrival time

   0.00    0.00   clock clk (rise edge)
   0.00    0.00   clock network delay (ideal)
   0.00    0.00   clock reconvergence pessimism
           0.00 ^ _17726_/CLK (sky130_fd_sc_hd__dfxtp_4)
  -0.03   -0.03   library hold time
          -0.03   data required time
---------------------------------------------------------
          -0.03   data required time
          -0.33   data arrival time
---------------------------------------------------------
           0.36   slack (MET)


Startpoint: cfg[0] (input port clocked by clk)
Endpoint: _17735_ (rising edge-triggered flip-flop clocked by clk)
Path Group: clk
Path Type: max

  Delay    Time   Description
---------------------------------------------------------
   0.00    0.00   clock clk (rise edge)
   0.00    0.00   clock network delay (ideal)
  50.00   50.00 v input external delay
   0.03   50.03 v cfg[0] (in)
   0.06   50.09 ^ _08639_/Y (sky130_fd_sc_hd__inv_8)
   0.17   50.26 ^ _08640_/X (sky130_fd_sc_hd__or2_4)
   0.44   50.70 ^ _08641_/X (sky130_fd_sc_hd__buf_1)
   0.12   50.82 v _08642_/Y (sky130_fd_sc_hd__inv_8)
   0.42   51.24 v _08643_/X (sky130_fd_sc_hd__or2_4)
   0.13   51.37 v _08644_/X (sky130_fd_sc_hd__buf_1)
   0.05   51.42 ^ _08695_/Y (sky130_fd_sc_hd__inv_8)
   0.13   51.55 ^ _08696_/X (sky130_fd_sc_hd__a21o_4)
   0.29   51.84 ^ _08697_/X (sky130_fd_sc_hd__and2_4)
   0.49   52.33 ^ _08698_/X (sky130_fd_sc_hd__and4_4)
   0.27   52.60 ^ _08699_/X (sky130_fd_sc_hd__or2_4)
   0.06   52.66 v _08700_/Y (sky130_fd_sc_hd__inv_8)
   0.40   53.06 v _10279_/X (sky130_fd_sc_hd__or2_4)
   0.33   53.39 v _10280_/X (sky130_fd_sc_hd__buf_1)
   0.54   53.93 v _10281_/X (sky130_fd_sc_hd__or2_4)
   0.28   54.21 v _10344_/X (sky130_fd_sc_hd__and2_4)
   0.12   54.33 v _10345_/X (sky130_fd_sc_hd__buf_1)
   0.05   54.38 ^ _10346_/Y (sky130_fd_sc_hd__inv_8)
   0.23   54.61 ^ _10347_/X (sky130_fd_sc_hd__o21a_4)
   0.38   55.00 v _10348_/X (sky130_fd_sc_hd__a2bb2o_4)
   0.23   55.22 v _10349_/X (sky130_fd_sc_hd__buf_1)
   0.48   55.71 v _11316_/X (sky130_fd_sc_hd__or2_4)
   0.47   56.18 v _11318_/X (sky130_fd_sc_hd__or2_4)
   0.32   56.49 ^ _11319_/X (sky130_fd_sc_hd__a21bo_4)
   0.20   56.69 ^ _11321_/X (sky130_fd_sc_hd__or2_4)
   0.43   57.13 v _11322_/X (sky130_fd_sc_hd__a21bo_4)
   0.42   57.55 v _11336_/X (sky130_fd_sc_hd__a2bb2o_4)
   0.41   57.96 ^ _11356_/X (sky130_fd_sc_hd__a2bb2o_4)
   0.40   58.36 v _11362_/X (sky130_fd_sc_hd__a2bb2o_4)
   0.51   58.87 v _11378_/X (sky130_fd_sc_hd__or2_4)
   0.36   59.23 ^ _11380_/X (sky130_fd_sc_hd__a21bo_4)
   0.40   59.63 v _11394_/X (sky130_fd_sc_hd__a2bb2o_4)
   0.47   60.10 v _11405_/X (sky130_fd_sc_hd__or2_4)
   0.23   60.33 v _11406_/X (sky130_fd_sc_hd__o21a_4)
   0.45   60.78 v _11407_/X (sky130_fd_sc_hd__or2_4)
   0.19   60.97 v _11408_/X (sky130_fd_sc_hd__o21a_4)
   0.41   61.38 v _11409_/X (sky130_fd_sc_hd__or2_4)
   0.23   61.61 v _11410_/X (sky130_fd_sc_hd__o21a_4)
   0.45   62.05 v _11411_/X (sky130_fd_sc_hd__or2_4)
   0.23   62.28 v _11412_/X (sky130_fd_sc_hd__o21a_4)
   0.44   62.72 v _11413_/X (sky130_fd_sc_hd__or2_4)
   0.19   62.92 v _11414_/X (sky130_fd_sc_hd__o21a_4)
   0.44   63.35 v _11415_/X (sky130_fd_sc_hd__or2_4)
   0.23   63.58 v _11416_/X (sky130_fd_sc_hd__o21a_4)
   0.45   64.03 v _11417_/X (sky130_fd_sc_hd__or2_4)
   0.23   64.26 v _11418_/X (sky130_fd_sc_hd__o21a_4)
   0.43   64.70 v _11419_/X (sky130_fd_sc_hd__or2_4)
   0.26   64.95 v _11420_/X (sky130_fd_sc_hd__o21a_4)
   0.19   65.14 ^ _11421_/Y (sky130_fd_sc_hd__nor2_4)
   0.09   65.23 v _11422_/Y (sky130_fd_sc_hd__nor3_4)
   0.45   65.68 v _11423_/X (sky130_fd_sc_hd__or2_4)
   0.37   66.04 v _11424_/X (sky130_fd_sc_hd__o22a_4)
   0.41   66.45 v _11425_/X (sky130_fd_sc_hd__or2_4)
   0.31   66.76 ^ _11473_/X (sky130_fd_sc_hd__a21bo_4)
   0.19   66.95 ^ _11475_/X (sky130_fd_sc_hd__or2_4)
   0.39   67.34 v _11476_/X (sky130_fd_sc_hd__a21bo_4)
   0.45   67.79 v _11479_/X (sky130_fd_sc_hd__or2_4)
   0.30   68.09 v _11480_/X (sky130_fd_sc_hd__buf_1)
   0.49   68.58 v _11481_/X (sky130_fd_sc_hd__or2_4)
   0.31   68.89 v _11482_/X (sky130_fd_sc_hd__buf_1)
   0.28   69.17 v _11483_/X (sky130_fd_sc_hd__o21a_4)
   0.41   69.58 v _11484_/X (sky130_fd_sc_hd__or2_4)
   0.31   69.90 v _11485_/X (sky130_fd_sc_hd__buf_1)
   0.31   70.21 v _11486_/X (sky130_fd_sc_hd__o21a_4)
   0.41   70.62 v _11487_/X (sky130_fd_sc_hd__or2_4)
   0.31   70.93 v _11488_/X (sky130_fd_sc_hd__buf_1)
   0.29   71.22 v _11489_/X (sky130_fd_sc_hd__o21a_4)
   0.41   71.63 v _11490_/X (sky130_fd_sc_hd__or2_4)
   0.31   71.94 v _11491_/X (sky130_fd_sc_hd__buf_1)
   0.27   72.21 v _11492_/X (sky130_fd_sc_hd__o21a_4)
   0.41   72.62 v _11493_/X (sky130_fd_sc_hd__or2_4)
   0.23   72.85 v _11494_/X (sky130_fd_sc_hd__o21a_4)
   0.45   73.30 v _11495_/X (sky130_fd_sc_hd__or2_4)
   0.23   73.53 v _11496_/X (sky130_fd_sc_hd__o21a_4)
   0.40   73.93 v _11497_/X (sky130_fd_sc_hd__or2_4)
   0.21   74.14 v _11498_/X (sky130_fd_sc_hd__o21a_4)
   0.42   74.56 v _11499_/X (sky130_fd_sc_hd__or2_4)
   0.31   74.87 v _11500_/X (sky130_fd_sc_hd__buf_1)
   0.30   75.17 v _11501_/X (sky130_fd_sc_hd__o21a_4)
   0.42   75.59 v _11502_/X (sky130_fd_sc_hd__or2_4)
   0.13   75.72 v _11503_/X (sky130_fd_sc_hd__buf_1)
   0.19   75.91 v _11504_/X (sky130_fd_sc_hd__o21a_4)
   0.42   76.33 v _11505_/X (sky130_fd_sc_hd__or2_4)
   0.31   76.64 v _11506_/X (sky130_fd_sc_hd__buf_1)
   0.35   77.00 v _11507_/X (sky130_fd_sc_hd__o21a_4)
   0.15   77.15 ^ _11508_/Y (sky130_fd_sc_hd__nor3_4)
   0.13   77.27 v _11512_/Y (sky130_fd_sc_hd__a21oi_4)
   0.42   77.69 v _11513_/X (sky130_fd_sc_hd__or2_4)
   0.31   78.00 v _11514_/X (sky130_fd_sc_hd__buf_1)
   0.28   78.29 v _11515_/X (sky130_fd_sc_hd__o21a_4)
   0.41   78.70 v _11516_/X (sky130_fd_sc_hd__or2_4)
   0.47   79.17 v _11518_/X (sky130_fd_sc_hd__or2_4)
   0.46   79.62 v _11519_/X (sky130_fd_sc_hd__or2_4)
   0.41   80.03 v _11520_/X (sky130_fd_sc_hd__or2_4)
   0.45   80.48 v _11521_/X (sky130_fd_sc_hd__or2_4)
   0.26   80.74 ^ _11522_/Y (sky130_fd_sc_hd__nor2_4)
   0.24   80.98 ^ _12049_/X (sky130_fd_sc_hd__a21o_4)
   0.19   81.17 ^ _12051_/X (sky130_fd_sc_hd__or3_4)
   0.35   81.51 ^ _12052_/X (sky130_fd_sc_hd__buf_1)
   0.10   81.61 v _12053_/Y (sky130_fd_sc_hd__inv_8)
   0.30   81.91 v _12054_/X (sky130_fd_sc_hd__a21o_4)
   0.45   82.36 v _12055_/X (sky130_fd_sc_hd__or2_4)
   0.42   82.78 v _12226_/X (sky130_fd_sc_hd__a21o_4)
   0.52   83.30 v _12229_/X (sky130_fd_sc_hd__or2_4)
   0.29   83.59 ^ _15485_/Y (sky130_fd_sc_hd__nor3_4)
   0.24   83.83 ^ _15486_/X (sky130_fd_sc_hd__or3_4)
   0.10   83.93 ^ _15487_/X (sky130_fd_sc_hd__buf_1)
   0.03   83.96 v _15488_/Y (sky130_fd_sc_hd__inv_8)
   0.34   84.31 v _15490_/X (sky130_fd_sc_hd__o21a_4)
   0.63   84.93 v _15491_/X (sky130_fd_sc_hd__or3_4)
   0.39   85.33 v _15492_/X (sky130_fd_sc_hd__buf_1)
   0.53   85.85 v _15493_/X (sky130_fd_sc_hd__or2_4)
   0.42   86.27 v _15494_/X (sky130_fd_sc_hd__or2_4)
   0.13   86.40 v _15495_/X (sky130_fd_sc_hd__buf_1)
   0.40   86.80 v _15496_/X (sky130_fd_sc_hd__or2_4)
   0.33   87.14 v _15497_/X (sky130_fd_sc_hd__buf_1)
   0.56   87.70 v _15498_/X (sky130_fd_sc_hd__or2_4)
   0.20   87.89 ^ _15500_/Y (sky130_fd_sc_hd__nor2_4)
   0.24   88.13 ^ _15502_/X (sky130_fd_sc_hd__or2_4)
   0.20   88.34 ^ _15505_/X (sky130_fd_sc_hd__a21o_4)
   0.37   88.71 ^ _15820_/X (sky130_fd_sc_hd__and3_4)
   0.25   88.96 ^ _15821_/X (sky130_fd_sc_hd__or2_4)
   0.06   89.01 v _15822_/Y (sky130_fd_sc_hd__inv_8)
   0.40   89.42 v _15823_/X (sky130_fd_sc_hd__or2_4)
   0.35   89.77 v _15824_/X (sky130_fd_sc_hd__buf_1)
   0.14   89.91 ^ _15825_/Y (sky130_fd_sc_hd__inv_8)
   0.49   90.40 ^ _15826_/X (sky130_fd_sc_hd__and4_4)
   0.18   90.58 ^ _15827_/X (sky130_fd_sc_hd__or2_4)
   0.05   90.63 v _15830_/Y (sky130_fd_sc_hd__nand2_4)
   0.46   91.10 v _15834_/X (sky130_fd_sc_hd__or2_4)
   0.47   91.57 v _15837_/X (sky130_fd_sc_hd__or2_4)
   0.44   92.00 v _15838_/X (sky130_fd_sc_hd__or2_4)
   0.44   92.44 v _15839_/X (sky130_fd_sc_hd__or2_4)
   0.44   92.87 v _15840_/X (sky130_fd_sc_hd__or2_4)
   0.42   93.30 v _15841_/X (sky130_fd_sc_hd__or2_4)
   0.46   93.75 v _15845_/X (sky130_fd_sc_hd__or2_4)
   0.43   94.19 v _15846_/X (sky130_fd_sc_hd__or2_4)
   0.47   94.66 v _15848_/X (sky130_fd_sc_hd__or2_4)
   0.44   95.09 v _15849_/X (sky130_fd_sc_hd__or2_4)
   0.47   95.56 v _15853_/X (sky130_fd_sc_hd__or2_4)
   0.47   96.03 v _15855_/X (sky130_fd_sc_hd__or2_4)
   0.44   96.47 v _15856_/X (sky130_fd_sc_hd__or2_4)
   0.42   96.89 v _15857_/X (sky130_fd_sc_hd__or2_4)
   0.49   97.39 v _15858_/X (sky130_fd_sc_hd__or2_4)
   0.08   97.47 ^ _15859_/Y (sky130_fd_sc_hd__inv_8)
   0.29   97.76 ^ _15861_/X (sky130_fd_sc_hd__and2_4)
   0.31   98.07 ^ _15863_/X (sky130_fd_sc_hd__and2_4)
   0.33   98.40 ^ _15865_/X (sky130_fd_sc_hd__and2_4)
   0.51   98.91 ^ _15871_/X (sky130_fd_sc_hd__and4_4)
   0.33   99.24 ^ _15873_/X (sky130_fd_sc_hd__and2_4)
   0.07   99.32 v _15911_/Y (sky130_fd_sc_hd__nor2_4)
   0.42   99.74 v _15912_/X (sky130_fd_sc_hd__a2bb2o_4)
   0.44  100.18 v _15913_/X (sky130_fd_sc_hd__or2_4)
   0.37  100.55 ^ _15914_/X (sky130_fd_sc_hd__a21bo_4)
   0.26  100.81 ^ _15915_/X (sky130_fd_sc_hd__or2_4)
   0.25  101.06 ^ _15932_/X (sky130_fd_sc_hd__or2_4)
   0.09  101.15 v _15958_/Y (sky130_fd_sc_hd__nor2_4)
   0.68  101.83 ^ _16757_/Y (sky130_fd_sc_hd__nor4_4)
   0.17  102.00 v _16758_/Y (sky130_fd_sc_hd__nor3_4)
   0.74  102.74 v _16759_/X (sky130_fd_sc_hd__or3_4)
   0.45  103.19 ^ _16761_/Y (sky130_fd_sc_hd__a32oi_4)
   0.30  103.49 ^ _16763_/X (sky130_fd_sc_hd__or2_4)
   0.25  103.73 ^ _17475_/X (sky130_fd_sc_hd__o21a_4)
   0.30  104.03 ^ _17478_/X (sky130_fd_sc_hd__and2_4)
   0.06  104.09 v _17479_/Y (sky130_fd_sc_hd__nor3_4)
   0.00  104.09 v _17735_/D (sky130_fd_sc_hd__dfxtp_4)
         104.09   data arrival time

 250.00  250.00   clock clk (rise edge)
   0.00  250.00   clock network delay (ideal)
   0.00  250.00   clock reconvergence pessimism
         250.00 ^ _17735_/CLK (sky130_fd_sc_hd__dfxtp_4)
  -0.33  249.67   library setup time
         249.67   data required time
---------------------------------------------------------
         249.67   data required time
        -104.09   data arrival time
---------------------------------------------------------
         145.58   slack (MET)


