
30. Printing statistics.

=== mac_cluster ===

   Number of wires:               9013
   Number of wire bits:           9324
   Number of public wires:         401
   Number of public wire bits:     712
   Number of memories:               0
   Number of memory bits:            0
   Number of processes:              0
   Number of cells:               9124
     sky130_fd_sc_hd__a211o_4      100
     sky130_fd_sc_hd__a21bo_4      571
     sky130_fd_sc_hd__a21boi_4      28
     sky130_fd_sc_hd__a21o_4       164
     sky130_fd_sc_hd__a21oi_4       38
     sky130_fd_sc_hd__a22oi_4        4
     sky130_fd_sc_hd__a2bb2o_4    1533
     sky130_fd_sc_hd__a2bb2oi_4     93
     sky130_fd_sc_hd__a32o_4       144
     sky130_fd_sc_hd__a32oi_4       14
     sky130_fd_sc_hd__and2_4       395
     sky130_fd_sc_hd__and3_4        75
     sky130_fd_sc_hd__and4_4        10
     sky130_fd_sc_hd__buf_1        856
     sky130_fd_sc_hd__dfxtp_4      256
     sky130_fd_sc_hd__inv_8        450
     sky130_fd_sc_hd__nand2_4      240
     sky130_fd_sc_hd__nand3_4        2
     sky130_fd_sc_hd__nor2_4       332
     sky130_fd_sc_hd__nor3_4        75
     sky130_fd_sc_hd__nor4_4        11
     sky130_fd_sc_hd__o21a_4       321
     sky130_fd_sc_hd__o21ai_4      124
     sky130_fd_sc_hd__o22a_4       854
     sky130_fd_sc_hd__o32a_4        15
     sky130_fd_sc_hd__o32ai_4        2
     sky130_fd_sc_hd__or2_4       2267
     sky130_fd_sc_hd__or3_4         64
     sky130_fd_sc_hd__or4_4         59
     sky130_fd_sc_hd__xnor2_4        2
     sky130_fd_sc_hd__xor2_4        25

   Chip area for module '\mac_cluster': 122197.196800

