Startpoint: A3[7] (input port clocked by clk)
Endpoint: _5606_ (rising edge-triggered flip-flop clocked by clk)
Path Group: clk
Path Type: max

  Delay    Time   Description
---------------------------------------------------------
   0.00    0.00   clock clk (rise edge)
   0.00    0.00   clock network delay (ideal)
  50.00   50.00 ^ input external delay
   0.07   50.07 ^ A3[7] (in)
   0.08   50.15 v _2884_/Y (sky130_fd_sc_hd__inv_8)
   0.46   50.61 v _2886_/X (sky130_fd_sc_hd__o22a_4)
   0.40   51.01 v _3070_/X (sky130_fd_sc_hd__o22a_4)
   0.41   51.42 v _3071_/X (sky130_fd_sc_hd__or2_4)
   0.31   51.73 v _3072_/X (sky130_fd_sc_hd__buf_1)
   0.16   51.90 ^ _3073_/Y (sky130_fd_sc_hd__inv_8)
   0.62   52.52 ^ _3119_/X (sky130_fd_sc_hd__buf_1)
   0.83   53.35 ^ _3154_/X (sky130_fd_sc_hd__buf_1)
   0.58   53.92 v _3164_/X (sky130_fd_sc_hd__a2bb2o_4)
   0.00   53.92 v _5606_/D (sky130_fd_sc_hd__dfxtp_4)
          53.92   data arrival time

 250.00  250.00   clock clk (rise edge)
   0.00  250.00   clock network delay (ideal)
   0.00  250.00   clock reconvergence pessimism
         250.00 ^ _5606_/CLK (sky130_fd_sc_hd__dfxtp_4)
  -0.28  249.72   library setup time
         249.72   data required time
---------------------------------------------------------
         249.72   data required time
         -53.92   data arrival time
---------------------------------------------------------
         195.79   slack (MET)


