Startpoint: _5973_ (rising edge-triggered flip-flop clocked by clk)
Endpoint: _5973_ (rising edge-triggered flip-flop clocked by clk)
Path Group: clk
Path Type: min

  Delay    Time   Description
---------------------------------------------------------
   0.00    0.00   clock clk (rise edge)
   0.00    0.00   clock network delay (ideal)
   0.00    0.00 ^ _5973_/CLK (sky130_fd_sc_hd__dfxtp_4)
   0.19    0.19 v _5973_/Q (sky130_fd_sc_hd__dfxtp_4)
   0.02    0.21 ^ _2217_/Y (sky130_fd_sc_hd__inv_8)
   0.07    0.29 ^ _2218_/X (sky130_fd_sc_hd__a21o_4)
   0.01    0.30 v _2219_/Y (sky130_fd_sc_hd__nor2_4)
   0.00    0.30 v _5973_/D (sky130_fd_sc_hd__dfxtp_4)
           0.30   data arrival time

   0.00    0.00   clock clk (rise edge)
   0.00    0.00   clock network delay (ideal)
   0.00    0.00   clock reconvergence pessimism
           0.00 ^ _5973_/CLK (sky130_fd_sc_hd__dfxtp_4)
  -0.03   -0.03   library hold time
          -0.03   data required time
---------------------------------------------------------
          -0.03   data required time
          -0.30   data arrival time
---------------------------------------------------------
           0.33   slack (MET)


Startpoint: B0[0] (input port clocked by clk)
Endpoint: _5971_ (rising edge-triggered flip-flop clocked by clk)
Path Group: clk
Path Type: max

  Delay    Time   Description
---------------------------------------------------------
   0.00    0.00   clock clk (rise edge)
   0.00    0.00   clock network delay (ideal)
   2.00    2.00 ^ input external delay
   0.05    2.05 ^ B0[0] (in)
   0.05    2.10 v _3720_/Y (sky130_fd_sc_hd__inv_8)
   1.01    3.11 v macmulnegator.B0_adder.adder_chain[0].adder/COUT (sky130_fd_sc_hd__fa_4)
   0.93    4.04 v macmulnegator.B0_adder.adder_chain[1].adder/COUT (sky130_fd_sc_hd__fa_4)
   0.93    4.97 v macmulnegator.B0_adder.adder_chain[2].adder/COUT (sky130_fd_sc_hd__fa_4)
   0.93    5.89 v macmulnegator.B0_adder.adder_chain[3].adder/COUT (sky130_fd_sc_hd__fa_4)
   0.93    6.82 v macmulnegator.B0_adder.adder_chain[4].adder/COUT (sky130_fd_sc_hd__fa_4)
   0.93    7.75 v macmulnegator.B0_adder.adder_chain[5].adder/COUT (sky130_fd_sc_hd__fa_4)
   0.93    8.68 v macmulnegator.B0_adder.adder_chain[6].adder/COUT (sky130_fd_sc_hd__fa_4)
   0.90    9.58 v macmulnegator.B0_adder.adder_chain[7].adder/COUT (sky130_fd_sc_hd__fa_4)
   0.50   10.08 v _3631_/X (sky130_fd_sc_hd__or2_4)
   0.90   10.98 v macmulnegator.B1_adder.adder_chain[0].adder/COUT (sky130_fd_sc_hd__fa_4)
   0.93   11.90 v macmulnegator.B1_adder.adder_chain[1].adder/COUT (sky130_fd_sc_hd__fa_4)
   0.93   12.83 v macmulnegator.B1_adder.adder_chain[2].adder/COUT (sky130_fd_sc_hd__fa_4)
   0.93   13.76 v macmulnegator.B1_adder.adder_chain[3].adder/COUT (sky130_fd_sc_hd__fa_4)
   0.93   14.68 v macmulnegator.B1_adder.adder_chain[4].adder/COUT (sky130_fd_sc_hd__fa_4)
   0.93   15.61 v macmulnegator.B1_adder.adder_chain[5].adder/COUT (sky130_fd_sc_hd__fa_4)
   0.93   16.54 v macmulnegator.B1_adder.adder_chain[6].adder/COUT (sky130_fd_sc_hd__fa_4)
   0.90   17.44 v macmulnegator.B1_adder.adder_chain[7].adder/COUT (sky130_fd_sc_hd__fa_4)
   0.50   17.95 v _3630_/X (sky130_fd_sc_hd__or2_4)
   0.90   18.84 v macmulnegator.B2_adder.adder_chain[0].adder/COUT (sky130_fd_sc_hd__fa_4)
   0.93   19.77 v macmulnegator.B2_adder.adder_chain[1].adder/COUT (sky130_fd_sc_hd__fa_4)
   0.93   20.70 v macmulnegator.B2_adder.adder_chain[2].adder/COUT (sky130_fd_sc_hd__fa_4)
   0.93   21.62 v macmulnegator.B2_adder.adder_chain[3].adder/COUT (sky130_fd_sc_hd__fa_4)
   0.93   22.55 v macmulnegator.B2_adder.adder_chain[4].adder/COUT (sky130_fd_sc_hd__fa_4)
   0.93   23.48 v macmulnegator.B2_adder.adder_chain[5].adder/COUT (sky130_fd_sc_hd__fa_4)
   0.93   24.41 v macmulnegator.B2_adder.adder_chain[6].adder/COUT (sky130_fd_sc_hd__fa_4)
   0.91   25.31 v macmulnegator.B2_adder.adder_chain[7].adder/COUT (sky130_fd_sc_hd__fa_4)
   0.50   25.81 v _3629_/X (sky130_fd_sc_hd__or2_4)
   0.90   26.71 v macmulnegator.B3_adder.adder_chain[0].adder/COUT (sky130_fd_sc_hd__fa_4)
   0.93   27.64 v macmulnegator.B3_adder.adder_chain[1].adder/COUT (sky130_fd_sc_hd__fa_4)
   0.93   28.57 v macmulnegator.B3_adder.adder_chain[2].adder/COUT (sky130_fd_sc_hd__fa_4)
   0.93   29.49 v macmulnegator.B3_adder.adder_chain[3].adder/COUT (sky130_fd_sc_hd__fa_4)
   0.93   30.42 v macmulnegator.B3_adder.adder_chain[4].adder/COUT (sky130_fd_sc_hd__fa_4)
   1.31   31.73 v macmulnegator.B3_adder.adder_chain[5].adder/SUM (sky130_fd_sc_hd__fa_4)
   0.25   31.98 ^ _4599_/Y (sky130_fd_sc_hd__a22oi_4)
   0.92   32.90 ^ _4779_/X (sky130_fd_sc_hd__buf_1)
   0.25   33.14 v _4782_/Y (sky130_fd_sc_hd__nor2_4)
   1.36   34.51 v macmul3.A0B3_mul_block.array_multiplier.horizontal[5].vertical[0].multiplier_cell.adder/SUM (sky130_fd_sc_hd__fa_4)
   1.09   35.60 v macmul3.A0B3_mul_block.array_multiplier.horizontal[4].vertical[1].multiplier_cell.adder/COUT (sky130_fd_sc_hd__fa_4)
   0.93   36.53 v macmul3.A0B3_mul_block.array_multiplier.horizontal[5].vertical[1].multiplier_cell.adder/COUT (sky130_fd_sc_hd__fa_4)
   1.30   37.83 v macmul3.A0B3_mul_block.array_multiplier.horizontal[6].vertical[1].multiplier_cell.adder/SUM (sky130_fd_sc_hd__fa_4)
   1.09   38.93 v macmul3.A0B3_mul_block.array_multiplier.horizontal[5].vertical[2].multiplier_cell.adder/COUT (sky130_fd_sc_hd__fa_4)
   0.93   39.85 v macmul3.A0B3_mul_block.array_multiplier.horizontal[6].vertical[2].multiplier_cell.adder/COUT (sky130_fd_sc_hd__fa_4)
   1.56   41.41 ^ macmul3.A0B3_mul_block.array_multiplier.horizontal[7].vertical[2].multiplier_cell.adder/SUM (sky130_fd_sc_hd__fa_4)
   1.29   42.70 v macmul3.A0B3_mul_block.array_multiplier.horizontal[6].vertical[3].multiplier_cell.adder/SUM (sky130_fd_sc_hd__fa_4)
   1.09   43.80 v macmul3.A0B3_mul_block.array_multiplier.horizontal[5].vertical[4].multiplier_cell.adder/COUT (sky130_fd_sc_hd__fa_4)
   0.93   44.72 v macmul3.A0B3_mul_block.array_multiplier.horizontal[6].vertical[4].multiplier_cell.adder/COUT (sky130_fd_sc_hd__fa_4)
   1.56   46.28 ^ macmul3.A0B3_mul_block.array_multiplier.horizontal[7].vertical[4].multiplier_cell.adder/SUM (sky130_fd_sc_hd__fa_4)
   1.29   47.57 v macmul3.A0B3_mul_block.array_multiplier.horizontal[6].vertical[5].multiplier_cell.adder/SUM (sky130_fd_sc_hd__fa_4)
   1.09   48.66 v macmul3.A0B3_mul_block.array_multiplier.horizontal[5].vertical[6].multiplier_cell.adder/COUT (sky130_fd_sc_hd__fa_4)
   0.93   49.59 v macmul3.A0B3_mul_block.array_multiplier.horizontal[6].vertical[6].multiplier_cell.adder/COUT (sky130_fd_sc_hd__fa_4)
   1.56   51.15 ^ macmul3.A0B3_mul_block.array_multiplier.horizontal[7].vertical[6].multiplier_cell.adder/SUM (sky130_fd_sc_hd__fa_4)
   1.29   52.44 v macmul3.A0B3_mul_block.array_multiplier.horizontal[6].vertical[7].multiplier_cell.adder/SUM (sky130_fd_sc_hd__fa_4)
   1.09   53.53 v macmul3.block_1_adder.adder_chain[5].adder/COUT (sky130_fd_sc_hd__fa_4)
   0.93   54.46 v macmul3.block_1_adder.adder_chain[6].adder/COUT (sky130_fd_sc_hd__fa_4)
   0.93   55.39 v macmul3.block_1_adder.adder_chain[7].adder/COUT (sky130_fd_sc_hd__fa_4)
   0.93   56.32 v macmul3.block_2_adder.adder_chain[0].adder/COUT (sky130_fd_sc_hd__fa_4)
   0.93   57.25 v macmul3.block_2_adder.adder_chain[1].adder/COUT (sky130_fd_sc_hd__fa_4)
   0.93   58.17 v macmul3.block_2_adder.adder_chain[2].adder/COUT (sky130_fd_sc_hd__fa_4)
   0.93   59.10 v macmul3.block_2_adder.adder_chain[3].adder/COUT (sky130_fd_sc_hd__fa_4)
   0.93   60.03 v macmul3.block_2_adder.adder_chain[4].adder/COUT (sky130_fd_sc_hd__fa_4)
   0.93   60.96 v macmul3.block_2_adder.adder_chain[5].adder/COUT (sky130_fd_sc_hd__fa_4)
   0.93   61.89 v macmul3.block_2_adder.adder_chain[6].adder/COUT (sky130_fd_sc_hd__fa_4)
   0.90   62.79 v macmul3.block_2_adder.adder_chain[7].adder/COUT (sky130_fd_sc_hd__fa_4)
   0.28   63.07 v _4907_/X (sky130_fd_sc_hd__and2_4)
   0.88   63.95 v macmul3.block_3_adder.adder_chain[0].adder/COUT (sky130_fd_sc_hd__fa_4)
   0.93   64.88 v macmul3.block_3_adder.adder_chain[1].adder/COUT (sky130_fd_sc_hd__fa_4)
   0.93   65.81 v macmul3.block_3_adder.adder_chain[2].adder/COUT (sky130_fd_sc_hd__fa_4)
   0.93   66.74 v macmul3.block_3_adder.adder_chain[3].adder/COUT (sky130_fd_sc_hd__fa_4)
   0.93   67.66 v macmul3.block_3_adder.adder_chain[4].adder/COUT (sky130_fd_sc_hd__fa_4)
   0.93   68.59 v macmul3.block_3_adder.adder_chain[5].adder/COUT (sky130_fd_sc_hd__fa_4)
   1.29   69.88 v macmul3.block_3_adder.adder_chain[6].adder/SUM (sky130_fd_sc_hd__fa_4)
   0.52   70.40 v _2982_/X (sky130_fd_sc_hd__or2_4)
   0.55   70.95 v _2983_/X (sky130_fd_sc_hd__a32o_4)
   0.98   71.93 v maccombiner.partial2_upper_partial3_full_adder.adder_chain[14].adder/COUT (sky130_fd_sc_hd__fa_4)
   1.32   73.25 v maccombiner.partial2_upper_partial3_full_adder.adder_chain[15].adder/SUM (sky130_fd_sc_hd__fa_4)
   1.04   74.29 v maccombiner.quad_full_adder.adder_chain[23].adder/COUT (sky130_fd_sc_hd__fa_4)
   0.93   75.21 v maccombiner.quad_full_adder.adder_chain[24].adder/COUT (sky130_fd_sc_hd__fa_4)
   0.93   76.14 v maccombiner.quad_full_adder.adder_chain[25].adder/COUT (sky130_fd_sc_hd__fa_4)
   0.93   77.07 v maccombiner.quad_full_adder.adder_chain[26].adder/COUT (sky130_fd_sc_hd__fa_4)
   0.93   78.00 v maccombiner.quad_full_adder.adder_chain[27].adder/COUT (sky130_fd_sc_hd__fa_4)
   0.93   78.92 v maccombiner.quad_full_adder.adder_chain[28].adder/COUT (sky130_fd_sc_hd__fa_4)
   0.93   79.85 v maccombiner.quad_full_adder.adder_chain[29].adder/COUT (sky130_fd_sc_hd__fa_4)
   1.52   81.37 ^ maccombiner.quad_full_adder.adder_chain[30].adder/SUM (sky130_fd_sc_hd__fa_4)
   0.21   81.58 ^ _3286_/X (sky130_fd_sc_hd__or2_4)
   0.48   82.07 ^ _3288_/X (sky130_fd_sc_hd__a32o_4)
   0.09   82.16 v _3689_/Y (sky130_fd_sc_hd__inv_8)
   1.02   83.18 v macaccnegator.C1_adder.adder_chain[14].adder/COUT (sky130_fd_sc_hd__fa_4)
   0.93   84.11 v macaccnegator.C1_adder.adder_chain[15].adder/COUT (sky130_fd_sc_hd__fa_4)
   0.93   85.03 v macaccnegator.C1_adder.adder_chain[16].adder/COUT (sky130_fd_sc_hd__fa_4)
   0.93   85.96 v macaccnegator.C1_adder.adder_chain[17].adder/COUT (sky130_fd_sc_hd__fa_4)
   0.93   86.89 v macaccnegator.C1_adder.adder_chain[18].adder/COUT (sky130_fd_sc_hd__fa_4)
   0.93   87.82 v macaccnegator.C1_adder.adder_chain[19].adder/COUT (sky130_fd_sc_hd__fa_4)
   0.93   88.74 v macaccnegator.C1_adder.adder_chain[20].adder/COUT (sky130_fd_sc_hd__fa_4)
   0.93   89.67 v macaccnegator.C1_adder.adder_chain[21].adder/COUT (sky130_fd_sc_hd__fa_4)
   0.93   90.60 v macaccnegator.C1_adder.adder_chain[22].adder/COUT (sky130_fd_sc_hd__fa_4)
   0.93   91.53 v macaccnegator.C1_adder.adder_chain[23].adder/COUT (sky130_fd_sc_hd__fa_4)
   0.93   92.45 v macaccnegator.C1_adder.adder_chain[24].adder/COUT (sky130_fd_sc_hd__fa_4)
   0.93   93.38 v macaccnegator.C1_adder.adder_chain[25].adder/COUT (sky130_fd_sc_hd__fa_4)
   0.93   94.31 v macaccnegator.C1_adder.adder_chain[26].adder/COUT (sky130_fd_sc_hd__fa_4)
   0.93   95.24 v macaccnegator.C1_adder.adder_chain[27].adder/COUT (sky130_fd_sc_hd__fa_4)
   0.93   96.16 v macaccnegator.C1_adder.adder_chain[28].adder/COUT (sky130_fd_sc_hd__fa_4)
   0.93   97.09 v macaccnegator.C1_adder.adder_chain[29].adder/COUT (sky130_fd_sc_hd__fa_4)
   0.93   98.02 v macaccnegator.C1_adder.adder_chain[30].adder/COUT (sky130_fd_sc_hd__fa_4)
   0.90   98.92 v macaccnegator.C1_adder.adder_chain[31].adder/COUT (sky130_fd_sc_hd__fa_4)
   0.50   99.43 v _3458_/X (sky130_fd_sc_hd__or2_4)
   0.90  100.32 v macaccnegator.C2_adder.adder_chain[0].adder/COUT (sky130_fd_sc_hd__fa_4)
   0.93  101.25 v macaccnegator.C2_adder.adder_chain[1].adder/COUT (sky130_fd_sc_hd__fa_4)
   0.93  102.18 v macaccnegator.C2_adder.adder_chain[2].adder/COUT (sky130_fd_sc_hd__fa_4)
   0.93  103.11 v macaccnegator.C2_adder.adder_chain[3].adder/COUT (sky130_fd_sc_hd__fa_4)
   0.93  104.03 v macaccnegator.C2_adder.adder_chain[4].adder/COUT (sky130_fd_sc_hd__fa_4)
   0.93  104.96 v macaccnegator.C2_adder.adder_chain[5].adder/COUT (sky130_fd_sc_hd__fa_4)
   0.93  105.89 v macaccnegator.C2_adder.adder_chain[6].adder/COUT (sky130_fd_sc_hd__fa_4)
   0.93  106.82 v macaccnegator.C2_adder.adder_chain[7].adder/COUT (sky130_fd_sc_hd__fa_4)
   0.93  107.74 v macaccnegator.C2_adder.adder_chain[8].adder/COUT (sky130_fd_sc_hd__fa_4)
   0.93  108.67 v macaccnegator.C2_adder.adder_chain[9].adder/COUT (sky130_fd_sc_hd__fa_4)
   0.93  109.60 v macaccnegator.C2_adder.adder_chain[10].adder/COUT (sky130_fd_sc_hd__fa_4)
   0.93  110.53 v macaccnegator.C2_adder.adder_chain[11].adder/COUT (sky130_fd_sc_hd__fa_4)
   0.93  111.46 v macaccnegator.C2_adder.adder_chain[12].adder/COUT (sky130_fd_sc_hd__fa_4)
   0.93  112.38 v macaccnegator.C2_adder.adder_chain[13].adder/COUT (sky130_fd_sc_hd__fa_4)
   0.93  113.31 v macaccnegator.C2_adder.adder_chain[14].adder/COUT (sky130_fd_sc_hd__fa_4)
   0.93  114.24 v macaccnegator.C2_adder.adder_chain[15].adder/COUT (sky130_fd_sc_hd__fa_4)
   0.93  115.17 v macaccnegator.C2_adder.adder_chain[16].adder/COUT (sky130_fd_sc_hd__fa_4)
   0.93  116.09 v macaccnegator.C2_adder.adder_chain[17].adder/COUT (sky130_fd_sc_hd__fa_4)
   0.93  117.02 v macaccnegator.C2_adder.adder_chain[18].adder/COUT (sky130_fd_sc_hd__fa_4)
   0.93  117.95 v macaccnegator.C2_adder.adder_chain[19].adder/COUT (sky130_fd_sc_hd__fa_4)
   0.93  118.87 v macaccnegator.C2_adder.adder_chain[20].adder/COUT (sky130_fd_sc_hd__fa_4)
   0.93  119.80 v macaccnegator.C2_adder.adder_chain[21].adder/COUT (sky130_fd_sc_hd__fa_4)
   0.93  120.73 v macaccnegator.C2_adder.adder_chain[22].adder/COUT (sky130_fd_sc_hd__fa_4)
   0.93  121.66 v macaccnegator.C2_adder.adder_chain[23].adder/COUT (sky130_fd_sc_hd__fa_4)
   0.93  122.59 v macaccnegator.C2_adder.adder_chain[24].adder/COUT (sky130_fd_sc_hd__fa_4)
   0.93  123.51 v macaccnegator.C2_adder.adder_chain[25].adder/COUT (sky130_fd_sc_hd__fa_4)
   0.93  124.44 v macaccnegator.C2_adder.adder_chain[26].adder/COUT (sky130_fd_sc_hd__fa_4)
   0.93  125.37 v macaccnegator.C2_adder.adder_chain[27].adder/COUT (sky130_fd_sc_hd__fa_4)
   0.93  126.30 v macaccnegator.C2_adder.adder_chain[28].adder/COUT (sky130_fd_sc_hd__fa_4)
   0.93  127.22 v macaccnegator.C2_adder.adder_chain[29].adder/COUT (sky130_fd_sc_hd__fa_4)
   0.93  128.15 v macaccnegator.C2_adder.adder_chain[30].adder/COUT (sky130_fd_sc_hd__fa_4)
   0.90  129.05 v macaccnegator.C2_adder.adder_chain[31].adder/COUT (sky130_fd_sc_hd__fa_4)
   0.51  129.55 v _3457_/X (sky130_fd_sc_hd__or2_4)
   1.22  130.78 v macaccnegator.C3_adder.adder_chain[0].adder/SUM (sky130_fd_sc_hd__fa_4)
   0.51  131.29 v _3033_/X (sky130_fd_sc_hd__or2_4)
   0.25  131.54 v _3034_/Y (sky130_fd_sc_hd__a21boi_4)
   1.01  132.55 v macacc.acc3.accumlate_adder.adder_chain[0].adder/COUT (sky130_fd_sc_hd__fa_4)
   0.93  133.48 v macacc.acc3.accumlate_adder.adder_chain[1].adder/COUT (sky130_fd_sc_hd__fa_4)
   0.93  134.40 v macacc.acc3.accumlate_adder.adder_chain[2].adder/COUT (sky130_fd_sc_hd__fa_4)
   0.93  135.33 v macacc.acc3.accumlate_adder.adder_chain[3].adder/COUT (sky130_fd_sc_hd__fa_4)
   0.93  136.26 v macacc.acc3.accumlate_adder.adder_chain[4].adder/COUT (sky130_fd_sc_hd__fa_4)
   0.93  137.19 v macacc.acc3.accumlate_adder.adder_chain[5].adder/COUT (sky130_fd_sc_hd__fa_4)
   0.93  138.11 v macacc.acc3.accumlate_adder.adder_chain[6].adder/COUT (sky130_fd_sc_hd__fa_4)
   0.93  139.04 v macacc.acc3.accumlate_adder.adder_chain[7].adder/COUT (sky130_fd_sc_hd__fa_4)
   0.93  139.97 v macacc.acc3.accumlate_adder.adder_chain[8].adder/COUT (sky130_fd_sc_hd__fa_4)
   0.93  140.90 v macacc.acc3.accumlate_adder.adder_chain[9].adder/COUT (sky130_fd_sc_hd__fa_4)
   0.93  141.82 v macacc.acc3.accumlate_adder.adder_chain[10].adder/COUT (sky130_fd_sc_hd__fa_4)
   0.93  142.75 v macacc.acc3.accumlate_adder.adder_chain[11].adder/COUT (sky130_fd_sc_hd__fa_4)
   0.93  143.68 v macacc.acc3.accumlate_adder.adder_chain[12].adder/COUT (sky130_fd_sc_hd__fa_4)
   0.93  144.61 v macacc.acc3.accumlate_adder.adder_chain[13].adder/COUT (sky130_fd_sc_hd__fa_4)
   0.93  145.53 v macacc.acc3.accumlate_adder.adder_chain[14].adder/COUT (sky130_fd_sc_hd__fa_4)
   0.93  146.46 v macacc.acc3.accumlate_adder.adder_chain[15].adder/COUT (sky130_fd_sc_hd__fa_4)
   0.93  147.39 v macacc.acc3.accumlate_adder.adder_chain[16].adder/COUT (sky130_fd_sc_hd__fa_4)
   0.93  148.32 v macacc.acc3.accumlate_adder.adder_chain[17].adder/COUT (sky130_fd_sc_hd__fa_4)
   0.93  149.24 v macacc.acc3.accumlate_adder.adder_chain[18].adder/COUT (sky130_fd_sc_hd__fa_4)
   0.93  150.17 v macacc.acc3.accumlate_adder.adder_chain[19].adder/COUT (sky130_fd_sc_hd__fa_4)
   0.93  151.10 v macacc.acc3.accumlate_adder.adder_chain[20].adder/COUT (sky130_fd_sc_hd__fa_4)
   0.93  152.03 v macacc.acc3.accumlate_adder.adder_chain[21].adder/COUT (sky130_fd_sc_hd__fa_4)
   0.93  152.96 v macacc.acc3.accumlate_adder.adder_chain[22].adder/COUT (sky130_fd_sc_hd__fa_4)
   0.93  153.89 v macacc.acc3.accumlate_adder.adder_chain[23].adder/COUT (sky130_fd_sc_hd__fa_4)
   0.93  154.81 v macacc.acc3.accumlate_adder.adder_chain[24].adder/COUT (sky130_fd_sc_hd__fa_4)
   0.93  155.74 v macacc.acc3.accumlate_adder.adder_chain[25].adder/COUT (sky130_fd_sc_hd__fa_4)
   0.93  156.67 v macacc.acc3.accumlate_adder.adder_chain[26].adder/COUT (sky130_fd_sc_hd__fa_4)
   0.93  157.60 v macacc.acc3.accumlate_adder.adder_chain[27].adder/COUT (sky130_fd_sc_hd__fa_4)
   0.93  158.52 v macacc.acc3.accumlate_adder.adder_chain[28].adder/COUT (sky130_fd_sc_hd__fa_4)
   0.93  159.45 v macacc.acc3.accumlate_adder.adder_chain[29].adder/COUT (sky130_fd_sc_hd__fa_4)
   0.93  160.38 v macacc.acc3.accumlate_adder.adder_chain[30].adder/COUT (sky130_fd_sc_hd__fa_4)
   1.25  161.63 v macacc.acc3.accumlate_adder.adder_chain[31].adder/SUM (sky130_fd_sc_hd__fa_4)
   0.50  162.13 v _2228_/X (sky130_fd_sc_hd__or2_4)
   0.39  162.52 ^ _2229_/Y (sky130_fd_sc_hd__a32oi_4)
   0.10  162.62 v _2230_/Y (sky130_fd_sc_hd__nor2_4)
   0.00  162.62 v _5971_/D (sky130_fd_sc_hd__dfxtp_4)
         162.62   data arrival time

  10.00   10.00   clock clk (rise edge)
   0.00   10.00   clock network delay (ideal)
   0.00   10.00   clock reconvergence pessimism
          10.00 ^ _5971_/CLK (sky130_fd_sc_hd__dfxtp_4)
  -0.31    9.69   library setup time
           9.69   data required time
---------------------------------------------------------
           9.69   data required time
        -162.62   data arrival time
---------------------------------------------------------
        -152.93   slack (VIOLATED)


