Startpoint: _8814_ (rising edge-triggered flip-flop clocked by clk)
Endpoint: _8762_ (rising edge-triggered flip-flop clocked by clk)
Path Group: clk
Path Type: min

  Delay    Time   Description
---------------------------------------------------------
   0.00    0.00   clock clk (rise edge)
   0.00    0.00   clock network delay (ideal)
   0.00    0.00 ^ _8814_/CLK (sky130_fd_sc_hd__dfxtp_4)
   0.22    0.22 v _8814_/Q (sky130_fd_sc_hd__dfxtp_4)
   0.03    0.24 ^ _6216_/Y (sky130_fd_sc_hd__inv_8)
   0.02    0.26 v _6217_/Y (sky130_fd_sc_hd__nor2_2)
   0.00    0.26 v _8762_/D (sky130_fd_sc_hd__dfxtp_4)
           0.26   data arrival time

   0.00    0.00   clock clk (rise edge)
   0.00    0.00   clock network delay (ideal)
   0.00    0.00   clock reconvergence pessimism
           0.00 ^ _8762_/CLK (sky130_fd_sc_hd__dfxtp_4)
  -0.03   -0.03   library hold time
          -0.03   data required time
---------------------------------------------------------
          -0.03   data required time
          -0.26   data arrival time
---------------------------------------------------------
           0.29   slack (MET)


Startpoint: _9042_ (rising edge-triggered flip-flop clocked by clk)
Endpoint: _9041_ (rising edge-triggered flip-flop clocked by clk)
Path Group: clk
Path Type: max

  Delay    Time   Description
---------------------------------------------------------
   0.00    0.00   clock clk (rise edge)
   0.00    0.00   clock network delay (ideal)
   0.00    0.00 ^ _9042_/CLK (sky130_fd_sc_hd__dfxtp_4)
   0.71    0.71 ^ _9042_/Q (sky130_fd_sc_hd__dfxtp_4)
   0.48    1.19 ^ _4829_/X (sky130_fd_sc_hd__buf_1)
   0.36    1.55 ^ _5528_/X (sky130_fd_sc_hd__or2_2)
   0.80    2.35 ^ _5529_/X (sky130_fd_sc_hd__buf_1)
   0.68    3.03 ^ _6984_/X (sky130_fd_sc_hd__and3_2)
   0.09    3.12 v _6985_/Y (sky130_fd_sc_hd__nor3_2)
   0.66    3.79 v _6986_/X (sky130_fd_sc_hd__or2_2)
   0.26    4.04 v _6987_/X (sky130_fd_sc_hd__buf_1)
   0.13    4.17 ^ _6988_/Y (sky130_fd_sc_hd__inv_8)
   0.28    4.46 ^ _6989_/X (sky130_fd_sc_hd__buf_1)
   0.27    4.73 ^ _6990_/X (sky130_fd_sc_hd__or2_2)
   0.18    4.91 v _6994_/Y (sky130_fd_sc_hd__nand2_2)
   1.09    6.00 v macacc.acc0.accumlate_adder.adder_chain[0].adder/COUT (sky130_fd_sc_hd__fa_4)
   0.96    6.96 v macacc.acc0.accumlate_adder.adder_chain[1].adder/COUT (sky130_fd_sc_hd__fa_4)
   0.94    7.89 v macacc.acc0.accumlate_adder.adder_chain[2].adder/COUT (sky130_fd_sc_hd__fa_4)
   0.95    8.84 v macacc.acc0.accumlate_adder.adder_chain[3].adder/COUT (sky130_fd_sc_hd__fa_4)
   0.94    9.79 v macacc.acc0.accumlate_adder.adder_chain[4].adder/COUT (sky130_fd_sc_hd__fa_4)
   0.94   10.73 v macacc.acc0.accumlate_adder.adder_chain[5].adder/COUT (sky130_fd_sc_hd__fa_4)
   0.96   11.68 v macacc.acc0.accumlate_adder.adder_chain[6].adder/COUT (sky130_fd_sc_hd__fa_4)
   0.95   12.63 v macacc.acc0.accumlate_adder.adder_chain[7].adder/COUT (sky130_fd_sc_hd__fa_4)
   0.95   13.58 v macacc.acc0.accumlate_adder.adder_chain[8].adder/COUT (sky130_fd_sc_hd__fa_4)
   0.95   14.53 v macacc.acc0.accumlate_adder.adder_chain[9].adder/COUT (sky130_fd_sc_hd__fa_4)
   0.95   15.48 v macacc.acc0.accumlate_adder.adder_chain[10].adder/COUT (sky130_fd_sc_hd__fa_4)
   0.94   16.42 v macacc.acc0.accumlate_adder.adder_chain[11].adder/COUT (sky130_fd_sc_hd__fa_4)
   0.94   17.36 v macacc.acc0.accumlate_adder.adder_chain[12].adder/COUT (sky130_fd_sc_hd__fa_4)
   0.94   18.29 v macacc.acc0.accumlate_adder.adder_chain[13].adder/COUT (sky130_fd_sc_hd__fa_4)
   0.93   19.23 v macacc.acc0.accumlate_adder.adder_chain[14].adder/COUT (sky130_fd_sc_hd__fa_4)
   0.95   20.18 v macacc.acc0.accumlate_adder.adder_chain[15].adder/COUT (sky130_fd_sc_hd__fa_4)
   0.94   21.12 v macacc.acc0.accumlate_adder.adder_chain[16].adder/COUT (sky130_fd_sc_hd__fa_4)
   0.94   22.06 v macacc.acc0.accumlate_adder.adder_chain[17].adder/COUT (sky130_fd_sc_hd__fa_4)
   0.94   23.00 v macacc.acc0.accumlate_adder.adder_chain[18].adder/COUT (sky130_fd_sc_hd__fa_4)
   0.93   23.93 v macacc.acc0.accumlate_adder.adder_chain[19].adder/COUT (sky130_fd_sc_hd__fa_4)
   0.93   24.87 v macacc.acc0.accumlate_adder.adder_chain[20].adder/COUT (sky130_fd_sc_hd__fa_4)
   0.93   25.80 v macacc.acc0.accumlate_adder.adder_chain[21].adder/COUT (sky130_fd_sc_hd__fa_4)
   0.93   26.73 v macacc.acc0.accumlate_adder.adder_chain[22].adder/COUT (sky130_fd_sc_hd__fa_4)
   0.94   27.67 v macacc.acc0.accumlate_adder.adder_chain[23].adder/COUT (sky130_fd_sc_hd__fa_4)
   0.93   28.61 v macacc.acc0.accumlate_adder.adder_chain[24].adder/COUT (sky130_fd_sc_hd__fa_4)
   0.94   29.55 v macacc.acc0.accumlate_adder.adder_chain[25].adder/COUT (sky130_fd_sc_hd__fa_4)
   0.94   30.48 v macacc.acc0.accumlate_adder.adder_chain[26].adder/COUT (sky130_fd_sc_hd__fa_4)
   0.93   31.42 v macacc.acc0.accumlate_adder.adder_chain[27].adder/COUT (sky130_fd_sc_hd__fa_4)
   0.96   32.38 v macacc.acc0.accumlate_adder.adder_chain[28].adder/COUT (sky130_fd_sc_hd__fa_4)
   0.97   33.35 v macacc.acc0.accumlate_adder.adder_chain[29].adder/COUT (sky130_fd_sc_hd__fa_4)
   0.95   34.31 v macacc.acc0.accumlate_adder.adder_chain[30].adder/COUT (sky130_fd_sc_hd__fa_4)
   0.95   35.26 v macacc.acc0.accumlate_adder.adder_chain[31].adder/COUT (sky130_fd_sc_hd__fa_4)
   0.42   35.68 v _4582_/X (sky130_fd_sc_hd__and2_2)
   0.91   36.59 v macacc.acc1.accumlate_adder.adder_chain[0].adder/COUT (sky130_fd_sc_hd__fa_4)
   0.94   37.53 v macacc.acc1.accumlate_adder.adder_chain[1].adder/COUT (sky130_fd_sc_hd__fa_4)
   0.95   38.48 v macacc.acc1.accumlate_adder.adder_chain[2].adder/COUT (sky130_fd_sc_hd__fa_4)
   0.94   39.41 v macacc.acc1.accumlate_adder.adder_chain[3].adder/COUT (sky130_fd_sc_hd__fa_4)
   0.94   40.36 v macacc.acc1.accumlate_adder.adder_chain[4].adder/COUT (sky130_fd_sc_hd__fa_4)
   0.95   41.31 v macacc.acc1.accumlate_adder.adder_chain[5].adder/COUT (sky130_fd_sc_hd__fa_4)
   0.95   42.26 v macacc.acc1.accumlate_adder.adder_chain[6].adder/COUT (sky130_fd_sc_hd__fa_4)
   0.95   43.21 v macacc.acc1.accumlate_adder.adder_chain[7].adder/COUT (sky130_fd_sc_hd__fa_4)
   0.94   44.14 v macacc.acc1.accumlate_adder.adder_chain[8].adder/COUT (sky130_fd_sc_hd__fa_4)
   0.98   45.12 v macacc.acc1.accumlate_adder.adder_chain[9].adder/COUT (sky130_fd_sc_hd__fa_4)
   0.95   46.06 v macacc.acc1.accumlate_adder.adder_chain[10].adder/COUT (sky130_fd_sc_hd__fa_4)
   0.95   47.01 v macacc.acc1.accumlate_adder.adder_chain[11].adder/COUT (sky130_fd_sc_hd__fa_4)
   0.94   47.95 v macacc.acc1.accumlate_adder.adder_chain[12].adder/COUT (sky130_fd_sc_hd__fa_4)
   0.95   48.89 v macacc.acc1.accumlate_adder.adder_chain[13].adder/COUT (sky130_fd_sc_hd__fa_4)
   0.95   49.84 v macacc.acc1.accumlate_adder.adder_chain[14].adder/COUT (sky130_fd_sc_hd__fa_4)
   0.95   50.79 v macacc.acc1.accumlate_adder.adder_chain[15].adder/COUT (sky130_fd_sc_hd__fa_4)
   0.97   51.76 v macacc.acc1.accumlate_adder.adder_chain[16].adder/COUT (sky130_fd_sc_hd__fa_4)
   0.95   52.71 v macacc.acc1.accumlate_adder.adder_chain[17].adder/COUT (sky130_fd_sc_hd__fa_4)
   0.94   53.65 v macacc.acc1.accumlate_adder.adder_chain[18].adder/COUT (sky130_fd_sc_hd__fa_4)
   0.94   54.59 v macacc.acc1.accumlate_adder.adder_chain[19].adder/COUT (sky130_fd_sc_hd__fa_4)
   0.95   55.54 v macacc.acc1.accumlate_adder.adder_chain[20].adder/COUT (sky130_fd_sc_hd__fa_4)
   0.93   56.47 v macacc.acc1.accumlate_adder.adder_chain[21].adder/COUT (sky130_fd_sc_hd__fa_4)
   0.94   57.42 v macacc.acc1.accumlate_adder.adder_chain[22].adder/COUT (sky130_fd_sc_hd__fa_4)
   0.97   58.39 v macacc.acc1.accumlate_adder.adder_chain[23].adder/COUT (sky130_fd_sc_hd__fa_4)
   0.94   59.32 v macacc.acc1.accumlate_adder.adder_chain[24].adder/COUT (sky130_fd_sc_hd__fa_4)
   0.93   60.26 v macacc.acc1.accumlate_adder.adder_chain[25].adder/COUT (sky130_fd_sc_hd__fa_4)
   0.95   61.21 v macacc.acc1.accumlate_adder.adder_chain[26].adder/COUT (sky130_fd_sc_hd__fa_4)
   0.94   62.15 v macacc.acc1.accumlate_adder.adder_chain[27].adder/COUT (sky130_fd_sc_hd__fa_4)
   0.94   63.09 v macacc.acc1.accumlate_adder.adder_chain[28].adder/COUT (sky130_fd_sc_hd__fa_4)
   0.93   64.02 v macacc.acc1.accumlate_adder.adder_chain[29].adder/COUT (sky130_fd_sc_hd__fa_4)
   0.95   64.97 v macacc.acc1.accumlate_adder.adder_chain[30].adder/COUT (sky130_fd_sc_hd__fa_4)
   0.94   65.91 v macacc.acc1.accumlate_adder.adder_chain[31].adder/COUT (sky130_fd_sc_hd__fa_4)
   0.50   66.41 v _4581_/X (sky130_fd_sc_hd__and3_2)
   0.91   67.33 v macacc.acc2.accumlate_adder.adder_chain[0].adder/COUT (sky130_fd_sc_hd__fa_4)
   0.94   68.26 v macacc.acc2.accumlate_adder.adder_chain[1].adder/COUT (sky130_fd_sc_hd__fa_4)
   0.93   69.19 v macacc.acc2.accumlate_adder.adder_chain[2].adder/COUT (sky130_fd_sc_hd__fa_4)
   0.93   70.13 v macacc.acc2.accumlate_adder.adder_chain[3].adder/COUT (sky130_fd_sc_hd__fa_4)
   0.93   71.06 v macacc.acc2.accumlate_adder.adder_chain[4].adder/COUT (sky130_fd_sc_hd__fa_4)
   0.93   71.99 v macacc.acc2.accumlate_adder.adder_chain[5].adder/COUT (sky130_fd_sc_hd__fa_4)
   0.95   72.94 v macacc.acc2.accumlate_adder.adder_chain[6].adder/COUT (sky130_fd_sc_hd__fa_4)
   0.94   73.87 v macacc.acc2.accumlate_adder.adder_chain[7].adder/COUT (sky130_fd_sc_hd__fa_4)
   0.94   74.81 v macacc.acc2.accumlate_adder.adder_chain[8].adder/COUT (sky130_fd_sc_hd__fa_4)
   0.95   75.76 v macacc.acc2.accumlate_adder.adder_chain[9].adder/COUT (sky130_fd_sc_hd__fa_4)
   0.95   76.71 v macacc.acc2.accumlate_adder.adder_chain[10].adder/COUT (sky130_fd_sc_hd__fa_4)
   0.94   77.64 v macacc.acc2.accumlate_adder.adder_chain[11].adder/COUT (sky130_fd_sc_hd__fa_4)
   0.95   78.59 v macacc.acc2.accumlate_adder.adder_chain[12].adder/COUT (sky130_fd_sc_hd__fa_4)
   0.94   79.54 v macacc.acc2.accumlate_adder.adder_chain[13].adder/COUT (sky130_fd_sc_hd__fa_4)
   0.94   80.47 v macacc.acc2.accumlate_adder.adder_chain[14].adder/COUT (sky130_fd_sc_hd__fa_4)
   0.94   81.41 v macacc.acc2.accumlate_adder.adder_chain[15].adder/COUT (sky130_fd_sc_hd__fa_4)
   0.94   82.35 v macacc.acc2.accumlate_adder.adder_chain[16].adder/COUT (sky130_fd_sc_hd__fa_4)
   0.94   83.29 v macacc.acc2.accumlate_adder.adder_chain[17].adder/COUT (sky130_fd_sc_hd__fa_4)
   0.95   84.24 v macacc.acc2.accumlate_adder.adder_chain[18].adder/COUT (sky130_fd_sc_hd__fa_4)
   0.94   85.18 v macacc.acc2.accumlate_adder.adder_chain[19].adder/COUT (sky130_fd_sc_hd__fa_4)
   0.95   86.12 v macacc.acc2.accumlate_adder.adder_chain[20].adder/COUT (sky130_fd_sc_hd__fa_4)
   0.93   87.06 v macacc.acc2.accumlate_adder.adder_chain[21].adder/COUT (sky130_fd_sc_hd__fa_4)
   0.93   87.99 v macacc.acc2.accumlate_adder.adder_chain[22].adder/COUT (sky130_fd_sc_hd__fa_4)
   0.94   88.93 v macacc.acc2.accumlate_adder.adder_chain[23].adder/COUT (sky130_fd_sc_hd__fa_4)
   0.94   89.88 v macacc.acc2.accumlate_adder.adder_chain[24].adder/COUT (sky130_fd_sc_hd__fa_4)
   0.93   90.81 v macacc.acc2.accumlate_adder.adder_chain[25].adder/COUT (sky130_fd_sc_hd__fa_4)
   0.94   91.74 v macacc.acc2.accumlate_adder.adder_chain[26].adder/COUT (sky130_fd_sc_hd__fa_4)
   0.94   92.68 v macacc.acc2.accumlate_adder.adder_chain[27].adder/COUT (sky130_fd_sc_hd__fa_4)
   0.93   93.62 v macacc.acc2.accumlate_adder.adder_chain[28].adder/COUT (sky130_fd_sc_hd__fa_4)
   0.94   94.56 v macacc.acc2.accumlate_adder.adder_chain[29].adder/COUT (sky130_fd_sc_hd__fa_4)
   0.94   95.50 v macacc.acc2.accumlate_adder.adder_chain[30].adder/COUT (sky130_fd_sc_hd__fa_4)
   0.97   96.47 v macacc.acc2.accumlate_adder.adder_chain[31].adder/COUT (sky130_fd_sc_hd__fa_4)
   0.44   96.91 v _4580_/X (sky130_fd_sc_hd__and2_2)
   0.92   97.83 v macacc.acc3.accumlate_adder.adder_chain[0].adder/COUT (sky130_fd_sc_hd__fa_4)
   0.95   98.78 v macacc.acc3.accumlate_adder.adder_chain[1].adder/COUT (sky130_fd_sc_hd__fa_4)
   0.94   99.71 v macacc.acc3.accumlate_adder.adder_chain[2].adder/COUT (sky130_fd_sc_hd__fa_4)
   0.94  100.65 v macacc.acc3.accumlate_adder.adder_chain[3].adder/COUT (sky130_fd_sc_hd__fa_4)
   0.94  101.59 v macacc.acc3.accumlate_adder.adder_chain[4].adder/COUT (sky130_fd_sc_hd__fa_4)
   0.95  102.54 v macacc.acc3.accumlate_adder.adder_chain[5].adder/COUT (sky130_fd_sc_hd__fa_4)
   1.00  103.54 v macacc.acc3.accumlate_adder.adder_chain[6].adder/COUT (sky130_fd_sc_hd__fa_4)
   0.96  104.50 v macacc.acc3.accumlate_adder.adder_chain[7].adder/COUT (sky130_fd_sc_hd__fa_4)
   0.94  105.45 v macacc.acc3.accumlate_adder.adder_chain[8].adder/COUT (sky130_fd_sc_hd__fa_4)
   0.95  106.40 v macacc.acc3.accumlate_adder.adder_chain[9].adder/COUT (sky130_fd_sc_hd__fa_4)
   0.93  107.33 v macacc.acc3.accumlate_adder.adder_chain[10].adder/COUT (sky130_fd_sc_hd__fa_4)
   0.95  108.28 v macacc.acc3.accumlate_adder.adder_chain[11].adder/COUT (sky130_fd_sc_hd__fa_4)
   0.95  109.22 v macacc.acc3.accumlate_adder.adder_chain[12].adder/COUT (sky130_fd_sc_hd__fa_4)
   0.94  110.17 v macacc.acc3.accumlate_adder.adder_chain[13].adder/COUT (sky130_fd_sc_hd__fa_4)
   0.93  111.10 v macacc.acc3.accumlate_adder.adder_chain[14].adder/COUT (sky130_fd_sc_hd__fa_4)
   0.94  112.04 v macacc.acc3.accumlate_adder.adder_chain[15].adder/COUT (sky130_fd_sc_hd__fa_4)
   0.94  112.98 v macacc.acc3.accumlate_adder.adder_chain[16].adder/COUT (sky130_fd_sc_hd__fa_4)
   0.94  113.92 v macacc.acc3.accumlate_adder.adder_chain[17].adder/COUT (sky130_fd_sc_hd__fa_4)
   0.93  114.86 v macacc.acc3.accumlate_adder.adder_chain[18].adder/COUT (sky130_fd_sc_hd__fa_4)
   0.94  115.79 v macacc.acc3.accumlate_adder.adder_chain[19].adder/COUT (sky130_fd_sc_hd__fa_4)
   0.96  116.76 v macacc.acc3.accumlate_adder.adder_chain[20].adder/COUT (sky130_fd_sc_hd__fa_4)
   0.94  117.70 v macacc.acc3.accumlate_adder.adder_chain[21].adder/COUT (sky130_fd_sc_hd__fa_4)
   0.94  118.65 v macacc.acc3.accumlate_adder.adder_chain[22].adder/COUT (sky130_fd_sc_hd__fa_4)
   0.95  119.59 v macacc.acc3.accumlate_adder.adder_chain[23].adder/COUT (sky130_fd_sc_hd__fa_4)
   0.95  120.54 v macacc.acc3.accumlate_adder.adder_chain[24].adder/COUT (sky130_fd_sc_hd__fa_4)
   0.94  121.48 v macacc.acc3.accumlate_adder.adder_chain[25].adder/COUT (sky130_fd_sc_hd__fa_4)
   0.93  122.41 v macacc.acc3.accumlate_adder.adder_chain[26].adder/COUT (sky130_fd_sc_hd__fa_4)
   0.96  123.38 v macacc.acc3.accumlate_adder.adder_chain[27].adder/COUT (sky130_fd_sc_hd__fa_4)
   0.95  124.33 v macacc.acc3.accumlate_adder.adder_chain[28].adder/COUT (sky130_fd_sc_hd__fa_4)
   0.94  125.27 v macacc.acc3.accumlate_adder.adder_chain[29].adder/COUT (sky130_fd_sc_hd__fa_4)
   0.94  126.21 v macacc.acc3.accumlate_adder.adder_chain[30].adder/COUT (sky130_fd_sc_hd__fa_4)
   1.54  127.74 ^ macacc.acc3.accumlate_adder.adder_chain[31].adder/SUM (sky130_fd_sc_hd__fa_4)
   0.08  127.83 v _4836_/Y (sky130_fd_sc_hd__nor2_2)
   0.23  128.05 ^ _4837_/Y (sky130_fd_sc_hd__nor3_2)
   0.14  128.19 v _4838_/Y (sky130_fd_sc_hd__nor2_2)
   0.12  128.32 ^ _4839_/Y (sky130_fd_sc_hd__nor2_2)
   0.00  128.32 ^ _9041_/D (sky130_fd_sc_hd__dfxtp_4)
         128.32   data arrival time

 129.20  129.20   clock clk (rise edge)
   0.00  129.20   clock network delay (ideal)
   0.00  129.20   clock reconvergence pessimism
         129.20 ^ _9041_/CLK (sky130_fd_sc_hd__dfxtp_4)
  -0.16  129.04   library setup time
         129.04   data required time
---------------------------------------------------------
         129.04   data required time
        -128.32   data arrival time
---------------------------------------------------------
           0.72   slack (MET)


