Startpoint: _5941_ (rising edge-triggered flip-flop clocked by clk)
Endpoint: _5941_ (rising edge-triggered flip-flop clocked by clk)
Path Group: clk
Path Type: min

  Delay    Time   Description
---------------------------------------------------------
   0.00    0.00   clock clk (rise edge)
   0.00    0.00   clock network delay (ideal)
   0.00    0.00 ^ _5941_/CLK (sky130_fd_sc_hd__dfxtp_4)
   0.23    0.23 ^ _5941_/Q (sky130_fd_sc_hd__dfxtp_4)
   0.08    0.31 ^ _2374_/X (sky130_fd_sc_hd__or2_4)
   0.06    0.37 v _2376_/Y (sky130_fd_sc_hd__a32oi_4)
   0.04    0.40 ^ _2377_/Y (sky130_fd_sc_hd__nor2_4)
   0.00    0.41 ^ _5941_/D (sky130_fd_sc_hd__dfxtp_4)
           0.41   data arrival time

   0.00    0.00   clock clk (rise edge)
   0.00    0.00   clock network delay (ideal)
   0.00    0.00   clock reconvergence pessimism
           0.00 ^ _5941_/CLK (sky130_fd_sc_hd__dfxtp_4)
  -0.01   -0.01   library hold time
          -0.01   data required time
---------------------------------------------------------
          -0.01   data required time
          -0.41   data arrival time
---------------------------------------------------------
           0.42   slack (MET)


Startpoint: B0[0] (input port clocked by clk)
Endpoint: _5971_ (rising edge-triggered flip-flop clocked by clk)
Path Group: clk
Path Type: max

  Delay    Time   Description
---------------------------------------------------------
   0.00    0.00   clock clk (rise edge)
   0.00    0.00   clock network delay (ideal)
   2.00    2.00 ^ input external delay
   0.06    2.06 ^ B0[0] (in)
   0.06    2.11 v _3720_/Y (sky130_fd_sc_hd__inv_8)
   1.01    3.12 v macmulnegator.B0_adder.adder_chain[0].adder/COUT (sky130_fd_sc_hd__fa_4)
   0.93    4.05 v macmulnegator.B0_adder.adder_chain[1].adder/COUT (sky130_fd_sc_hd__fa_4)
   0.93    4.98 v macmulnegator.B0_adder.adder_chain[2].adder/COUT (sky130_fd_sc_hd__fa_4)
   0.93    5.91 v macmulnegator.B0_adder.adder_chain[3].adder/COUT (sky130_fd_sc_hd__fa_4)
   0.93    6.84 v macmulnegator.B0_adder.adder_chain[4].adder/COUT (sky130_fd_sc_hd__fa_4)
   0.93    7.77 v macmulnegator.B0_adder.adder_chain[5].adder/COUT (sky130_fd_sc_hd__fa_4)
   0.93    8.69 v macmulnegator.B0_adder.adder_chain[6].adder/COUT (sky130_fd_sc_hd__fa_4)
   0.90    9.60 v macmulnegator.B0_adder.adder_chain[7].adder/COUT (sky130_fd_sc_hd__fa_4)
   0.50   10.10 v _3631_/X (sky130_fd_sc_hd__or2_4)
   0.90   11.00 v macmulnegator.B1_adder.adder_chain[0].adder/COUT (sky130_fd_sc_hd__fa_4)
   0.93   11.93 v macmulnegator.B1_adder.adder_chain[1].adder/COUT (sky130_fd_sc_hd__fa_4)
   0.93   12.86 v macmulnegator.B1_adder.adder_chain[2].adder/COUT (sky130_fd_sc_hd__fa_4)
   0.93   13.78 v macmulnegator.B1_adder.adder_chain[3].adder/COUT (sky130_fd_sc_hd__fa_4)
   0.93   14.71 v macmulnegator.B1_adder.adder_chain[4].adder/COUT (sky130_fd_sc_hd__fa_4)
   0.93   15.64 v macmulnegator.B1_adder.adder_chain[5].adder/COUT (sky130_fd_sc_hd__fa_4)
   0.93   16.57 v macmulnegator.B1_adder.adder_chain[6].adder/COUT (sky130_fd_sc_hd__fa_4)
   0.91   17.47 v macmulnegator.B1_adder.adder_chain[7].adder/COUT (sky130_fd_sc_hd__fa_4)
   0.50   17.97 v _3630_/X (sky130_fd_sc_hd__or2_4)
   0.90   18.87 v macmulnegator.B2_adder.adder_chain[0].adder/COUT (sky130_fd_sc_hd__fa_4)
   0.93   19.80 v macmulnegator.B2_adder.adder_chain[1].adder/COUT (sky130_fd_sc_hd__fa_4)
   0.93   20.73 v macmulnegator.B2_adder.adder_chain[2].adder/COUT (sky130_fd_sc_hd__fa_4)
   0.93   21.66 v macmulnegator.B2_adder.adder_chain[3].adder/COUT (sky130_fd_sc_hd__fa_4)
   0.93   22.59 v macmulnegator.B2_adder.adder_chain[4].adder/COUT (sky130_fd_sc_hd__fa_4)
   0.93   23.51 v macmulnegator.B2_adder.adder_chain[5].adder/COUT (sky130_fd_sc_hd__fa_4)
   0.93   24.44 v macmulnegator.B2_adder.adder_chain[6].adder/COUT (sky130_fd_sc_hd__fa_4)
   0.91   25.35 v macmulnegator.B2_adder.adder_chain[7].adder/COUT (sky130_fd_sc_hd__fa_4)
   0.50   25.85 v _3629_/X (sky130_fd_sc_hd__or2_4)
   0.90   26.75 v macmulnegator.B3_adder.adder_chain[0].adder/COUT (sky130_fd_sc_hd__fa_4)
   1.31   28.06 v macmulnegator.B3_adder.adder_chain[1].adder/SUM (sky130_fd_sc_hd__fa_4)
   0.25   28.31 ^ _4655_/Y (sky130_fd_sc_hd__a22oi_4)
   1.03   29.34 ^ _4823_/X (sky130_fd_sc_hd__buf_1)
   0.27   29.61 v _4826_/Y (sky130_fd_sc_hd__nor2_4)
   1.37   30.98 v macmul3.A0B3_mul_block.array_multiplier.horizontal[1].vertical[0].multiplier_cell.adder/SUM (sky130_fd_sc_hd__fa_4)
   1.09   32.07 v macmul3.A0B3_mul_block.array_multiplier.horizontal[0].vertical[1].multiplier_cell.adder/COUT (sky130_fd_sc_hd__fa_4)
   0.93   33.00 v macmul3.A0B3_mul_block.array_multiplier.horizontal[1].vertical[1].multiplier_cell.adder/COUT (sky130_fd_sc_hd__fa_4)
   0.93   33.93 v macmul3.A0B3_mul_block.array_multiplier.horizontal[2].vertical[1].multiplier_cell.adder/COUT (sky130_fd_sc_hd__fa_4)
   0.93   34.86 v macmul3.A0B3_mul_block.array_multiplier.horizontal[3].vertical[1].multiplier_cell.adder/COUT (sky130_fd_sc_hd__fa_4)
   0.93   35.79 v macmul3.A0B3_mul_block.array_multiplier.horizontal[4].vertical[1].multiplier_cell.adder/COUT (sky130_fd_sc_hd__fa_4)
   0.93   36.72 v macmul3.A0B3_mul_block.array_multiplier.horizontal[5].vertical[1].multiplier_cell.adder/COUT (sky130_fd_sc_hd__fa_4)
   1.31   38.02 v macmul3.A0B3_mul_block.array_multiplier.horizontal[6].vertical[1].multiplier_cell.adder/SUM (sky130_fd_sc_hd__fa_4)
   1.09   39.11 v macmul3.A0B3_mul_block.array_multiplier.horizontal[5].vertical[2].multiplier_cell.adder/COUT (sky130_fd_sc_hd__fa_4)
   0.93   40.04 v macmul3.A0B3_mul_block.array_multiplier.horizontal[6].vertical[2].multiplier_cell.adder/COUT (sky130_fd_sc_hd__fa_4)
   1.56   41.60 ^ macmul3.A0B3_mul_block.array_multiplier.horizontal[7].vertical[2].multiplier_cell.adder/SUM (sky130_fd_sc_hd__fa_4)
   1.29   42.89 v macmul3.A0B3_mul_block.array_multiplier.horizontal[6].vertical[3].multiplier_cell.adder/SUM (sky130_fd_sc_hd__fa_4)
   1.09   43.99 v macmul3.A0B3_mul_block.array_multiplier.horizontal[5].vertical[4].multiplier_cell.adder/COUT (sky130_fd_sc_hd__fa_4)
   0.93   44.92 v macmul3.A0B3_mul_block.array_multiplier.horizontal[6].vertical[4].multiplier_cell.adder/COUT (sky130_fd_sc_hd__fa_4)
   1.56   46.47 ^ macmul3.A0B3_mul_block.array_multiplier.horizontal[7].vertical[4].multiplier_cell.adder/SUM (sky130_fd_sc_hd__fa_4)
   1.30   47.77 v macmul3.A0B3_mul_block.array_multiplier.horizontal[6].vertical[5].multiplier_cell.adder/SUM (sky130_fd_sc_hd__fa_4)
   1.09   48.86 v macmul3.A0B3_mul_block.array_multiplier.horizontal[5].vertical[6].multiplier_cell.adder/COUT (sky130_fd_sc_hd__fa_4)
   0.93   49.79 v macmul3.A0B3_mul_block.array_multiplier.horizontal[6].vertical[6].multiplier_cell.adder/COUT (sky130_fd_sc_hd__fa_4)
   1.56   51.34 ^ macmul3.A0B3_mul_block.array_multiplier.horizontal[7].vertical[6].multiplier_cell.adder/SUM (sky130_fd_sc_hd__fa_4)
   1.29   52.64 v macmul3.A0B3_mul_block.array_multiplier.horizontal[6].vertical[7].multiplier_cell.adder/SUM (sky130_fd_sc_hd__fa_4)
   1.09   53.73 v macmul3.block_1_adder.adder_chain[5].adder/COUT (sky130_fd_sc_hd__fa_4)
   0.93   54.66 v macmul3.block_1_adder.adder_chain[6].adder/COUT (sky130_fd_sc_hd__fa_4)
   0.93   55.59 v macmul3.block_1_adder.adder_chain[7].adder/COUT (sky130_fd_sc_hd__fa_4)
   0.93   56.52 v macmul3.block_2_adder.adder_chain[0].adder/COUT (sky130_fd_sc_hd__fa_4)
   0.93   57.45 v macmul3.block_2_adder.adder_chain[1].adder/COUT (sky130_fd_sc_hd__fa_4)
   0.93   58.38 v macmul3.block_2_adder.adder_chain[2].adder/COUT (sky130_fd_sc_hd__fa_4)
   0.93   59.31 v macmul3.block_2_adder.adder_chain[3].adder/COUT (sky130_fd_sc_hd__fa_4)
   0.93   60.23 v macmul3.block_2_adder.adder_chain[4].adder/COUT (sky130_fd_sc_hd__fa_4)
   0.93   61.16 v macmul3.block_2_adder.adder_chain[5].adder/COUT (sky130_fd_sc_hd__fa_4)
   0.93   62.09 v macmul3.block_2_adder.adder_chain[6].adder/COUT (sky130_fd_sc_hd__fa_4)
   0.90   62.99 v macmul3.block_2_adder.adder_chain[7].adder/COUT (sky130_fd_sc_hd__fa_4)
   0.28   63.27 v _4907_/X (sky130_fd_sc_hd__and2_4)
   1.25   64.52 v macmul3.block_3_adder.adder_chain[0].adder/SUM (sky130_fd_sc_hd__fa_4)
   0.52   65.04 v _2960_/X (sky130_fd_sc_hd__or2_4)
   0.55   65.59 v _2961_/X (sky130_fd_sc_hd__a32o_4)
   0.98   66.57 v maccombiner.partial2_upper_partial3_full_adder.adder_chain[8].adder/COUT (sky130_fd_sc_hd__fa_4)
   0.93   67.50 v maccombiner.partial2_upper_partial3_full_adder.adder_chain[9].adder/COUT (sky130_fd_sc_hd__fa_4)
   0.93   68.43 v maccombiner.partial2_upper_partial3_full_adder.adder_chain[10].adder/COUT (sky130_fd_sc_hd__fa_4)
   0.93   69.35 v maccombiner.partial2_upper_partial3_full_adder.adder_chain[11].adder/COUT (sky130_fd_sc_hd__fa_4)
   0.93   70.28 v maccombiner.partial2_upper_partial3_full_adder.adder_chain[12].adder/COUT (sky130_fd_sc_hd__fa_4)
   0.93   71.21 v maccombiner.partial2_upper_partial3_full_adder.adder_chain[13].adder/COUT (sky130_fd_sc_hd__fa_4)
   0.93   72.14 v maccombiner.partial2_upper_partial3_full_adder.adder_chain[14].adder/COUT (sky130_fd_sc_hd__fa_4)
   0.93   73.06 v maccombiner.partial2_upper_partial3_full_adder.adder_chain[15].adder/COUT (sky130_fd_sc_hd__fa_4)
   0.93   73.99 v maccombiner.partial2_upper_partial3_full_adder.adder_chain[16].adder/COUT (sky130_fd_sc_hd__fa_4)
   1.32   75.31 v maccombiner.partial2_upper_partial3_full_adder.adder_chain[17].adder/SUM (sky130_fd_sc_hd__fa_4)
   1.04   76.35 v maccombiner.quad_full_adder.adder_chain[25].adder/COUT (sky130_fd_sc_hd__fa_4)
   1.52   77.87 ^ maccombiner.quad_full_adder.adder_chain[26].adder/SUM (sky130_fd_sc_hd__fa_4)
   0.21   78.08 ^ _3269_/X (sky130_fd_sc_hd__or2_4)
   0.47   78.55 ^ _3271_/X (sky130_fd_sc_hd__a32o_4)
   0.11   78.67 v _3685_/Y (sky130_fd_sc_hd__inv_8)
   1.02   79.69 v macaccnegator.C1_adder.adder_chain[10].adder/COUT (sky130_fd_sc_hd__fa_4)
   0.93   80.62 v macaccnegator.C1_adder.adder_chain[11].adder/COUT (sky130_fd_sc_hd__fa_4)
   0.93   81.54 v macaccnegator.C1_adder.adder_chain[12].adder/COUT (sky130_fd_sc_hd__fa_4)
   0.93   82.47 v macaccnegator.C1_adder.adder_chain[13].adder/COUT (sky130_fd_sc_hd__fa_4)
   0.93   83.40 v macaccnegator.C1_adder.adder_chain[14].adder/COUT (sky130_fd_sc_hd__fa_4)
   0.93   84.33 v macaccnegator.C1_adder.adder_chain[15].adder/COUT (sky130_fd_sc_hd__fa_4)
   0.93   85.26 v macaccnegator.C1_adder.adder_chain[16].adder/COUT (sky130_fd_sc_hd__fa_4)
   0.93   86.19 v macaccnegator.C1_adder.adder_chain[17].adder/COUT (sky130_fd_sc_hd__fa_4)
   0.93   87.11 v macaccnegator.C1_adder.adder_chain[18].adder/COUT (sky130_fd_sc_hd__fa_4)
   0.93   88.04 v macaccnegator.C1_adder.adder_chain[19].adder/COUT (sky130_fd_sc_hd__fa_4)
   0.93   88.97 v macaccnegator.C1_adder.adder_chain[20].adder/COUT (sky130_fd_sc_hd__fa_4)
   0.93   89.90 v macaccnegator.C1_adder.adder_chain[21].adder/COUT (sky130_fd_sc_hd__fa_4)
   0.93   90.83 v macaccnegator.C1_adder.adder_chain[22].adder/COUT (sky130_fd_sc_hd__fa_4)
   0.93   91.76 v macaccnegator.C1_adder.adder_chain[23].adder/COUT (sky130_fd_sc_hd__fa_4)
   0.93   92.69 v macaccnegator.C1_adder.adder_chain[24].adder/COUT (sky130_fd_sc_hd__fa_4)
   0.93   93.62 v macaccnegator.C1_adder.adder_chain[25].adder/COUT (sky130_fd_sc_hd__fa_4)
   0.93   94.54 v macaccnegator.C1_adder.adder_chain[26].adder/COUT (sky130_fd_sc_hd__fa_4)
   0.93   95.47 v macaccnegator.C1_adder.adder_chain[27].adder/COUT (sky130_fd_sc_hd__fa_4)
   0.93   96.40 v macaccnegator.C1_adder.adder_chain[28].adder/COUT (sky130_fd_sc_hd__fa_4)
   0.93   97.33 v macaccnegator.C1_adder.adder_chain[29].adder/COUT (sky130_fd_sc_hd__fa_4)
   0.93   98.25 v macaccnegator.C1_adder.adder_chain[30].adder/COUT (sky130_fd_sc_hd__fa_4)
   0.91   99.16 v macaccnegator.C1_adder.adder_chain[31].adder/COUT (sky130_fd_sc_hd__fa_4)
   0.50   99.66 v _3458_/X (sky130_fd_sc_hd__or2_4)
   0.90  100.56 v macaccnegator.C2_adder.adder_chain[0].adder/COUT (sky130_fd_sc_hd__fa_4)
   0.93  101.49 v macaccnegator.C2_adder.adder_chain[1].adder/COUT (sky130_fd_sc_hd__fa_4)
   0.93  102.42 v macaccnegator.C2_adder.adder_chain[2].adder/COUT (sky130_fd_sc_hd__fa_4)
   0.93  103.35 v macaccnegator.C2_adder.adder_chain[3].adder/COUT (sky130_fd_sc_hd__fa_4)
   0.93  104.27 v macaccnegator.C2_adder.adder_chain[4].adder/COUT (sky130_fd_sc_hd__fa_4)
   0.93  105.20 v macaccnegator.C2_adder.adder_chain[5].adder/COUT (sky130_fd_sc_hd__fa_4)
   0.93  106.13 v macaccnegator.C2_adder.adder_chain[6].adder/COUT (sky130_fd_sc_hd__fa_4)
   0.93  107.06 v macaccnegator.C2_adder.adder_chain[7].adder/COUT (sky130_fd_sc_hd__fa_4)
   0.93  107.99 v macaccnegator.C2_adder.adder_chain[8].adder/COUT (sky130_fd_sc_hd__fa_4)
   0.93  108.92 v macaccnegator.C2_adder.adder_chain[9].adder/COUT (sky130_fd_sc_hd__fa_4)
   0.93  109.84 v macaccnegator.C2_adder.adder_chain[10].adder/COUT (sky130_fd_sc_hd__fa_4)
   0.93  110.77 v macaccnegator.C2_adder.adder_chain[11].adder/COUT (sky130_fd_sc_hd__fa_4)
   0.93  111.70 v macaccnegator.C2_adder.adder_chain[12].adder/COUT (sky130_fd_sc_hd__fa_4)
   0.93  112.62 v macaccnegator.C2_adder.adder_chain[13].adder/COUT (sky130_fd_sc_hd__fa_4)
   0.93  113.55 v macaccnegator.C2_adder.adder_chain[14].adder/COUT (sky130_fd_sc_hd__fa_4)
   0.93  114.48 v macaccnegator.C2_adder.adder_chain[15].adder/COUT (sky130_fd_sc_hd__fa_4)
   0.93  115.41 v macaccnegator.C2_adder.adder_chain[16].adder/COUT (sky130_fd_sc_hd__fa_4)
   0.93  116.33 v macaccnegator.C2_adder.adder_chain[17].adder/COUT (sky130_fd_sc_hd__fa_4)
   0.93  117.26 v macaccnegator.C2_adder.adder_chain[18].adder/COUT (sky130_fd_sc_hd__fa_4)
   0.93  118.19 v macaccnegator.C2_adder.adder_chain[19].adder/COUT (sky130_fd_sc_hd__fa_4)
   0.93  119.12 v macaccnegator.C2_adder.adder_chain[20].adder/COUT (sky130_fd_sc_hd__fa_4)
   0.93  120.05 v macaccnegator.C2_adder.adder_chain[21].adder/COUT (sky130_fd_sc_hd__fa_4)
   0.93  120.97 v macaccnegator.C2_adder.adder_chain[22].adder/COUT (sky130_fd_sc_hd__fa_4)
   0.93  121.90 v macaccnegator.C2_adder.adder_chain[23].adder/COUT (sky130_fd_sc_hd__fa_4)
   0.93  122.83 v macaccnegator.C2_adder.adder_chain[24].adder/COUT (sky130_fd_sc_hd__fa_4)
   0.93  123.76 v macaccnegator.C2_adder.adder_chain[25].adder/COUT (sky130_fd_sc_hd__fa_4)
   0.93  124.69 v macaccnegator.C2_adder.adder_chain[26].adder/COUT (sky130_fd_sc_hd__fa_4)
   0.93  125.62 v macaccnegator.C2_adder.adder_chain[27].adder/COUT (sky130_fd_sc_hd__fa_4)
   0.93  126.55 v macaccnegator.C2_adder.adder_chain[28].adder/COUT (sky130_fd_sc_hd__fa_4)
   0.93  127.47 v macaccnegator.C2_adder.adder_chain[29].adder/COUT (sky130_fd_sc_hd__fa_4)
   0.93  128.40 v macaccnegator.C2_adder.adder_chain[30].adder/COUT (sky130_fd_sc_hd__fa_4)
   0.90  129.31 v macaccnegator.C2_adder.adder_chain[31].adder/COUT (sky130_fd_sc_hd__fa_4)
   0.50  129.81 v _3457_/X (sky130_fd_sc_hd__or2_4)
   1.23  131.04 v macaccnegator.C3_adder.adder_chain[0].adder/SUM (sky130_fd_sc_hd__fa_4)
   0.51  131.55 v _3033_/X (sky130_fd_sc_hd__or2_4)
   0.25  131.80 v _3034_/Y (sky130_fd_sc_hd__a21boi_4)
   1.04  132.83 v macacc.acc3.accumlate_adder.adder_chain[0].adder/COUT (sky130_fd_sc_hd__fa_4)
   0.93  133.76 v macacc.acc3.accumlate_adder.adder_chain[1].adder/COUT (sky130_fd_sc_hd__fa_4)
   0.93  134.69 v macacc.acc3.accumlate_adder.adder_chain[2].adder/COUT (sky130_fd_sc_hd__fa_4)
   0.93  135.62 v macacc.acc3.accumlate_adder.adder_chain[3].adder/COUT (sky130_fd_sc_hd__fa_4)
   0.93  136.55 v macacc.acc3.accumlate_adder.adder_chain[4].adder/COUT (sky130_fd_sc_hd__fa_4)
   0.93  137.48 v macacc.acc3.accumlate_adder.adder_chain[5].adder/COUT (sky130_fd_sc_hd__fa_4)
   0.93  138.41 v macacc.acc3.accumlate_adder.adder_chain[6].adder/COUT (sky130_fd_sc_hd__fa_4)
   0.93  139.33 v macacc.acc3.accumlate_adder.adder_chain[7].adder/COUT (sky130_fd_sc_hd__fa_4)
   0.93  140.26 v macacc.acc3.accumlate_adder.adder_chain[8].adder/COUT (sky130_fd_sc_hd__fa_4)
   0.93  141.19 v macacc.acc3.accumlate_adder.adder_chain[9].adder/COUT (sky130_fd_sc_hd__fa_4)
   0.93  142.12 v macacc.acc3.accumlate_adder.adder_chain[10].adder/COUT (sky130_fd_sc_hd__fa_4)
   0.93  143.05 v macacc.acc3.accumlate_adder.adder_chain[11].adder/COUT (sky130_fd_sc_hd__fa_4)
   0.93  143.98 v macacc.acc3.accumlate_adder.adder_chain[12].adder/COUT (sky130_fd_sc_hd__fa_4)
   0.93  144.91 v macacc.acc3.accumlate_adder.adder_chain[13].adder/COUT (sky130_fd_sc_hd__fa_4)
   0.93  145.84 v macacc.acc3.accumlate_adder.adder_chain[14].adder/COUT (sky130_fd_sc_hd__fa_4)
   0.93  146.76 v macacc.acc3.accumlate_adder.adder_chain[15].adder/COUT (sky130_fd_sc_hd__fa_4)
   0.93  147.69 v macacc.acc3.accumlate_adder.adder_chain[16].adder/COUT (sky130_fd_sc_hd__fa_4)
   0.93  148.62 v macacc.acc3.accumlate_adder.adder_chain[17].adder/COUT (sky130_fd_sc_hd__fa_4)
   0.93  149.55 v macacc.acc3.accumlate_adder.adder_chain[18].adder/COUT (sky130_fd_sc_hd__fa_4)
   0.93  150.48 v macacc.acc3.accumlate_adder.adder_chain[19].adder/COUT (sky130_fd_sc_hd__fa_4)
   0.93  151.41 v macacc.acc3.accumlate_adder.adder_chain[20].adder/COUT (sky130_fd_sc_hd__fa_4)
   0.93  152.34 v macacc.acc3.accumlate_adder.adder_chain[21].adder/COUT (sky130_fd_sc_hd__fa_4)
   0.93  153.27 v macacc.acc3.accumlate_adder.adder_chain[22].adder/COUT (sky130_fd_sc_hd__fa_4)
   0.93  154.19 v macacc.acc3.accumlate_adder.adder_chain[23].adder/COUT (sky130_fd_sc_hd__fa_4)
   0.93  155.12 v macacc.acc3.accumlate_adder.adder_chain[24].adder/COUT (sky130_fd_sc_hd__fa_4)
   0.93  156.05 v macacc.acc3.accumlate_adder.adder_chain[25].adder/COUT (sky130_fd_sc_hd__fa_4)
   0.93  156.98 v macacc.acc3.accumlate_adder.adder_chain[26].adder/COUT (sky130_fd_sc_hd__fa_4)
   0.93  157.91 v macacc.acc3.accumlate_adder.adder_chain[27].adder/COUT (sky130_fd_sc_hd__fa_4)
   0.93  158.84 v macacc.acc3.accumlate_adder.adder_chain[28].adder/COUT (sky130_fd_sc_hd__fa_4)
   0.93  159.77 v macacc.acc3.accumlate_adder.adder_chain[29].adder/COUT (sky130_fd_sc_hd__fa_4)
   0.93  160.69 v macacc.acc3.accumlate_adder.adder_chain[30].adder/COUT (sky130_fd_sc_hd__fa_4)
   1.25  161.95 v macacc.acc3.accumlate_adder.adder_chain[31].adder/SUM (sky130_fd_sc_hd__fa_4)
   0.50  162.45 v _2228_/X (sky130_fd_sc_hd__or2_4)
   0.40  162.84 ^ _2229_/Y (sky130_fd_sc_hd__a32oi_4)
   0.10  162.95 v _2230_/Y (sky130_fd_sc_hd__nor2_4)
   0.00  162.95 v _5971_/D (sky130_fd_sc_hd__dfxtp_4)
         162.95   data arrival time

  10.00   10.00   clock clk (rise edge)
   0.00   10.00   clock network delay (ideal)
   0.00   10.00   clock reconvergence pessimism
          10.00 ^ _5971_/CLK (sky130_fd_sc_hd__dfxtp_4)
  -0.27    9.73   library setup time
           9.73   data required time
---------------------------------------------------------
           9.73   data required time
        -162.95   data arrival time
---------------------------------------------------------
        -153.21   slack (VIOLATED)


