Startpoint: _10659_ (rising edge-triggered flip-flop clocked by clk)
Endpoint: _10660_ (rising edge-triggered flip-flop clocked by clk)
Path Group: clk
Path Type: min

  Delay    Time   Description
---------------------------------------------------------
   0.00    0.00   clock clk (rise edge)
   0.00    0.00   clock network delay (ideal)
   0.00    0.00 ^ _10659_/CLK (sky130_fd_sc_hd__dfxtp_4)
   0.19    0.19 ^ _10659_/Q (sky130_fd_sc_hd__dfxtp_4)
   0.03    0.21 v _07678_/Y (sky130_fd_sc_hd__a21boi_4)
   0.03    0.25 ^ _08294_/Y (sky130_fd_sc_hd__nand2_4)
   0.09    0.34 ^ _08296_/X (sky130_fd_sc_hd__a32o_4)
   0.00    0.34 ^ _10660_/D (sky130_fd_sc_hd__dfxtp_4)
           0.34   data arrival time

   0.00    0.00   clock clk (rise edge)
   0.00    0.00   clock network delay (ideal)
   0.00    0.00   clock reconvergence pessimism
           0.00 ^ _10660_/CLK (sky130_fd_sc_hd__dfxtp_4)
  -0.02   -0.02   library hold time
          -0.02   data required time
---------------------------------------------------------
          -0.02   data required time
          -0.34   data arrival time
---------------------------------------------------------
           0.36   slack (MET)


Startpoint: cfg[0] (input port clocked by clk)
Endpoint: _10812_ (rising edge-triggered flip-flop clocked by clk)
Path Group: clk
Path Type: max

  Delay    Time   Description
---------------------------------------------------------
   0.00    0.00   clock clk (rise edge)
   0.00    0.00   clock network delay (ideal)
  50.00   50.00 ^ input external delay
   0.06   50.06 ^ cfg[0] (in)
   0.19   50.26 ^ _04699_/X (sky130_fd_sc_hd__or2_4)
   0.52   50.78 ^ _04700_/X (sky130_fd_sc_hd__buf_1)
   0.43   51.21 ^ _04701_/X (sky130_fd_sc_hd__buf_1)
   0.61   51.82 ^ _04702_/X (sky130_fd_sc_hd__buf_1)
   0.34   52.15 ^ _04703_/X (sky130_fd_sc_hd__buf_1)
   0.22   52.38 ^ _04704_/X (sky130_fd_sc_hd__buf_1)
   0.48   52.86 ^ _04705_/X (sky130_fd_sc_hd__buf_1)
   0.40   53.27 ^ _04706_/X (sky130_fd_sc_hd__buf_1)
   0.32   53.59 ^ _04707_/X (sky130_fd_sc_hd__buf_1)
   0.57   54.16 ^ _04708_/X (sky130_fd_sc_hd__buf_1)
   0.43   54.59 ^ _04762_/X (sky130_fd_sc_hd__buf_1)
   0.32   54.92 ^ _04763_/X (sky130_fd_sc_hd__buf_1)
   0.31   55.23 ^ _04764_/X (sky130_fd_sc_hd__buf_1)
   0.34   55.57 ^ _04765_/X (sky130_fd_sc_hd__buf_1)
   0.69   56.25 ^ _04766_/X (sky130_fd_sc_hd__buf_1)
   0.31   56.56 ^ _04767_/X (sky130_fd_sc_hd__buf_1)
   0.51   57.08 ^ _04768_/X (sky130_fd_sc_hd__buf_1)
   0.64   57.72 ^ _04769_/X (sky130_fd_sc_hd__buf_1)
   0.31   58.02 ^ _04770_/X (sky130_fd_sc_hd__buf_1)
   0.38   58.40 ^ _07865_/X (sky130_fd_sc_hd__buf_1)
   0.38   58.78 ^ _08787_/X (sky130_fd_sc_hd__o22a_4)
   0.21   58.99 ^ _08788_/X (sky130_fd_sc_hd__o21a_4)
   0.17   59.16 ^ _08789_/X (sky130_fd_sc_hd__or2_4)
   0.61   59.78 ^ _08790_/X (sky130_fd_sc_hd__buf_1)
   0.17   59.95 v _08792_/Y (sky130_fd_sc_hd__inv_8)
   0.25   60.20 ^ _08816_/Y (sky130_fd_sc_hd__a22oi_4)
   0.52   60.72 ^ _08879_/X (sky130_fd_sc_hd__buf_1)
   0.64   61.35 ^ _10025_/X (sky130_fd_sc_hd__buf_1)
   0.20   61.55 v _10062_/Y (sky130_fd_sc_hd__nor2_4)
   1.33   62.89 v macmul0.A0B0_mul_block.array_multiplier.horizontal[1].vertical[0].multiplier_cell.adder/SUM (sky130_fd_sc_hd__fa_4)
   1.09   63.98 v macmul0.A0B0_mul_block.array_multiplier.horizontal[0].vertical[1].multiplier_cell.adder/COUT (sky130_fd_sc_hd__fa_4)
   0.93   64.91 v macmul0.A0B0_mul_block.array_multiplier.horizontal[1].vertical[1].multiplier_cell.adder/COUT (sky130_fd_sc_hd__fa_4)
   0.93   65.83 v macmul0.A0B0_mul_block.array_multiplier.horizontal[2].vertical[1].multiplier_cell.adder/COUT (sky130_fd_sc_hd__fa_4)
   1.56   67.39 ^ macmul0.A0B0_mul_block.array_multiplier.horizontal[3].vertical[1].multiplier_cell.adder/SUM (sky130_fd_sc_hd__fa_4)
   1.29   68.68 v macmul0.A0B0_mul_block.array_multiplier.horizontal[2].vertical[2].multiplier_cell.adder/SUM (sky130_fd_sc_hd__fa_4)
   1.09   69.78 v macmul0.A0B0_mul_block.array_multiplier.horizontal[1].vertical[3].multiplier_cell.adder/COUT (sky130_fd_sc_hd__fa_4)
   0.93   70.70 v macmul0.A0B0_mul_block.array_multiplier.horizontal[2].vertical[3].multiplier_cell.adder/COUT (sky130_fd_sc_hd__fa_4)
   1.56   72.26 ^ macmul0.A0B0_mul_block.array_multiplier.horizontal[3].vertical[3].multiplier_cell.adder/SUM (sky130_fd_sc_hd__fa_4)
   1.29   73.55 v macmul0.A0B0_mul_block.array_multiplier.horizontal[2].vertical[4].multiplier_cell.adder/SUM (sky130_fd_sc_hd__fa_4)
   1.09   74.65 v macmul0.A0B0_mul_block.array_multiplier.horizontal[1].vertical[5].multiplier_cell.adder/COUT (sky130_fd_sc_hd__fa_4)
   0.93   75.58 v macmul0.A0B0_mul_block.array_multiplier.horizontal[2].vertical[5].multiplier_cell.adder/COUT (sky130_fd_sc_hd__fa_4)
   0.93   76.50 v macmul0.A0B0_mul_block.array_multiplier.horizontal[3].vertical[5].multiplier_cell.adder/COUT (sky130_fd_sc_hd__fa_4)
   0.93   77.43 v macmul0.A0B0_mul_block.array_multiplier.horizontal[4].vertical[5].multiplier_cell.adder/COUT (sky130_fd_sc_hd__fa_4)
   0.93   78.36 v macmul0.A0B0_mul_block.array_multiplier.horizontal[5].vertical[5].multiplier_cell.adder/COUT (sky130_fd_sc_hd__fa_4)
   1.56   79.92 ^ macmul0.A0B0_mul_block.array_multiplier.horizontal[6].vertical[5].multiplier_cell.adder/SUM (sky130_fd_sc_hd__fa_4)
   1.29   81.21 v macmul0.A0B0_mul_block.array_multiplier.horizontal[5].vertical[6].multiplier_cell.adder/SUM (sky130_fd_sc_hd__fa_4)
   1.09   82.30 v macmul0.A0B0_mul_block.array_multiplier.horizontal[4].vertical[7].multiplier_cell.adder/COUT (sky130_fd_sc_hd__fa_4)
   0.93   83.23 v macmul0.A0B0_mul_block.array_multiplier.horizontal[5].vertical[7].multiplier_cell.adder/COUT (sky130_fd_sc_hd__fa_4)
   0.93   84.16 v macmul0.A0B0_mul_block.array_multiplier.horizontal[6].vertical[7].multiplier_cell.adder/COUT (sky130_fd_sc_hd__fa_4)
   1.68   85.84 ^ macmul0.A0B0_mul_block.array_multiplier.horizontal[7].vertical[7].multiplier_cell.adder/SUM (sky130_fd_sc_hd__fa_4)
   0.11   85.94 v _06236_/Y (sky130_fd_sc_hd__inv_8)
   0.38   86.32 v _06237_/X (sky130_fd_sc_hd__a2bb2o_4)
   0.48   86.81 v _06238_/X (sky130_fd_sc_hd__or2_4)
   0.37   87.18 ^ _06265_/Y (sky130_fd_sc_hd__nor3_4)
   0.15   87.33 v _06266_/Y (sky130_fd_sc_hd__a2111oi_4)
   0.36   87.68 ^ _06267_/Y (sky130_fd_sc_hd__nor3_4)
   0.38   88.06 ^ _06268_/X (sky130_fd_sc_hd__and2_4)
   0.45   88.51 ^ _06269_/X (sky130_fd_sc_hd__buf_1)
   0.42   88.92 ^ _06270_/X (sky130_fd_sc_hd__and2_4)
   0.49   89.41 ^ _06271_/X (sky130_fd_sc_hd__buf_1)
   0.12   89.53 v _06316_/Y (sky130_fd_sc_hd__inv_8)
   0.24   89.77 v _06317_/X (sky130_fd_sc_hd__o21a_4)
   0.42   90.19 v _06327_/X (sky130_fd_sc_hd__or2_4)
   0.35   90.55 ^ _06328_/X (sky130_fd_sc_hd__a21bo_4)
   0.40   90.95 v _06329_/X (sky130_fd_sc_hd__a2bb2o_4)
   0.49   91.44 v _06342_/X (sky130_fd_sc_hd__or2_4)
   0.55   91.99 v _06583_/X (sky130_fd_sc_hd__a32o_4)
   0.30   92.30 v _06584_/X (sky130_fd_sc_hd__and2_4)
   0.50   92.80 v _06586_/X (sky130_fd_sc_hd__or2_4)
   0.42   93.22 v _06970_/X (sky130_fd_sc_hd__a2bb2o_4)
   0.51   93.72 v _06972_/X (sky130_fd_sc_hd__or2_4)
   0.34   94.06 ^ _06974_/X (sky130_fd_sc_hd__a21bo_4)
   0.22   94.29 ^ _06978_/X (sky130_fd_sc_hd__a2bb2o_4)
   0.19   94.47 ^ _06993_/X (sky130_fd_sc_hd__or2_4)
   0.29   94.77 ^ _07522_/X (sky130_fd_sc_hd__and2_4)
   0.09   94.86 v _07523_/Y (sky130_fd_sc_hd__a2bb2oi_4)
   0.42   95.28 v _07524_/X (sky130_fd_sc_hd__or2_4)
   0.21   95.49 v _07525_/X (sky130_fd_sc_hd__buf_1)
   1.05   96.53 v macaccnegator.C0_adder.adder_chain[19].adder/COUT (sky130_fd_sc_hd__fa_4)
   0.93   97.46 v macaccnegator.C0_adder.adder_chain[20].adder/COUT (sky130_fd_sc_hd__fa_4)
   0.93   98.39 v macaccnegator.C0_adder.adder_chain[21].adder/COUT (sky130_fd_sc_hd__fa_4)
   0.93   99.32 v macaccnegator.C0_adder.adder_chain[22].adder/COUT (sky130_fd_sc_hd__fa_4)
   0.93  100.24 v macaccnegator.C0_adder.adder_chain[23].adder/COUT (sky130_fd_sc_hd__fa_4)
   0.93  101.17 v macaccnegator.C0_adder.adder_chain[24].adder/COUT (sky130_fd_sc_hd__fa_4)
   0.93  102.10 v macaccnegator.C0_adder.adder_chain[25].adder/COUT (sky130_fd_sc_hd__fa_4)
   0.93  103.03 v macaccnegator.C0_adder.adder_chain[26].adder/COUT (sky130_fd_sc_hd__fa_4)
   0.93  103.95 v macaccnegator.C0_adder.adder_chain[27].adder/COUT (sky130_fd_sc_hd__fa_4)
   0.93  104.88 v macaccnegator.C0_adder.adder_chain[28].adder/COUT (sky130_fd_sc_hd__fa_4)
   0.93  105.81 v macaccnegator.C0_adder.adder_chain[29].adder/COUT (sky130_fd_sc_hd__fa_4)
   0.93  106.73 v macaccnegator.C0_adder.adder_chain[30].adder/COUT (sky130_fd_sc_hd__fa_4)
   0.91  107.64 v macaccnegator.C0_adder.adder_chain[31].adder/COUT (sky130_fd_sc_hd__fa_4)
   0.50  108.14 v _07867_/X (sky130_fd_sc_hd__or2_4)
   0.90  109.03 v macaccnegator.C1_adder.adder_chain[0].adder/COUT (sky130_fd_sc_hd__fa_4)
   0.93  109.96 v macaccnegator.C1_adder.adder_chain[1].adder/COUT (sky130_fd_sc_hd__fa_4)
   0.93  110.89 v macaccnegator.C1_adder.adder_chain[2].adder/COUT (sky130_fd_sc_hd__fa_4)
   0.93  111.82 v macaccnegator.C1_adder.adder_chain[3].adder/COUT (sky130_fd_sc_hd__fa_4)
   0.93  112.74 v macaccnegator.C1_adder.adder_chain[4].adder/COUT (sky130_fd_sc_hd__fa_4)
   0.93  113.67 v macaccnegator.C1_adder.adder_chain[5].adder/COUT (sky130_fd_sc_hd__fa_4)
   0.93  114.60 v macaccnegator.C1_adder.adder_chain[6].adder/COUT (sky130_fd_sc_hd__fa_4)
   0.93  115.53 v macaccnegator.C1_adder.adder_chain[7].adder/COUT (sky130_fd_sc_hd__fa_4)
   0.93  116.45 v macaccnegator.C1_adder.adder_chain[8].adder/COUT (sky130_fd_sc_hd__fa_4)
   0.93  117.38 v macaccnegator.C1_adder.adder_chain[9].adder/COUT (sky130_fd_sc_hd__fa_4)
   0.93  118.31 v macaccnegator.C1_adder.adder_chain[10].adder/COUT (sky130_fd_sc_hd__fa_4)
   0.93  119.24 v macaccnegator.C1_adder.adder_chain[11].adder/COUT (sky130_fd_sc_hd__fa_4)
   0.93  120.16 v macaccnegator.C1_adder.adder_chain[12].adder/COUT (sky130_fd_sc_hd__fa_4)
   0.93  121.09 v macaccnegator.C1_adder.adder_chain[13].adder/COUT (sky130_fd_sc_hd__fa_4)
   0.93  122.02 v macaccnegator.C1_adder.adder_chain[14].adder/COUT (sky130_fd_sc_hd__fa_4)
   0.93  122.94 v macaccnegator.C1_adder.adder_chain[15].adder/COUT (sky130_fd_sc_hd__fa_4)
   0.93  123.87 v macaccnegator.C1_adder.adder_chain[16].adder/COUT (sky130_fd_sc_hd__fa_4)
   0.93  124.80 v macaccnegator.C1_adder.adder_chain[17].adder/COUT (sky130_fd_sc_hd__fa_4)
   0.93  125.72 v macaccnegator.C1_adder.adder_chain[18].adder/COUT (sky130_fd_sc_hd__fa_4)
   0.93  126.65 v macaccnegator.C1_adder.adder_chain[19].adder/COUT (sky130_fd_sc_hd__fa_4)
   0.93  127.58 v macaccnegator.C1_adder.adder_chain[20].adder/COUT (sky130_fd_sc_hd__fa_4)
   0.93  128.50 v macaccnegator.C1_adder.adder_chain[21].adder/COUT (sky130_fd_sc_hd__fa_4)
   0.93  129.43 v macaccnegator.C1_adder.adder_chain[22].adder/COUT (sky130_fd_sc_hd__fa_4)
   0.93  130.36 v macaccnegator.C1_adder.adder_chain[23].adder/COUT (sky130_fd_sc_hd__fa_4)
   0.93  131.29 v macaccnegator.C1_adder.adder_chain[24].adder/COUT (sky130_fd_sc_hd__fa_4)
   0.93  132.21 v macaccnegator.C1_adder.adder_chain[25].adder/COUT (sky130_fd_sc_hd__fa_4)
   0.93  133.14 v macaccnegator.C1_adder.adder_chain[26].adder/COUT (sky130_fd_sc_hd__fa_4)
   0.93  134.07 v macaccnegator.C1_adder.adder_chain[27].adder/COUT (sky130_fd_sc_hd__fa_4)
   0.93  135.00 v macaccnegator.C1_adder.adder_chain[28].adder/COUT (sky130_fd_sc_hd__fa_4)
   0.93  135.93 v macaccnegator.C1_adder.adder_chain[29].adder/COUT (sky130_fd_sc_hd__fa_4)
   0.93  136.85 v macaccnegator.C1_adder.adder_chain[30].adder/COUT (sky130_fd_sc_hd__fa_4)
   0.90  137.76 v macaccnegator.C1_adder.adder_chain[31].adder/COUT (sky130_fd_sc_hd__fa_4)
   0.50  138.26 v _07866_/X (sky130_fd_sc_hd__or2_4)
   0.90  139.16 v macaccnegator.C2_adder.adder_chain[0].adder/COUT (sky130_fd_sc_hd__fa_4)
   0.93  140.09 v macaccnegator.C2_adder.adder_chain[1].adder/COUT (sky130_fd_sc_hd__fa_4)
   0.93  141.02 v macaccnegator.C2_adder.adder_chain[2].adder/COUT (sky130_fd_sc_hd__fa_4)
   0.93  141.94 v macaccnegator.C2_adder.adder_chain[3].adder/COUT (sky130_fd_sc_hd__fa_4)
   0.93  142.87 v macaccnegator.C2_adder.adder_chain[4].adder/COUT (sky130_fd_sc_hd__fa_4)
   0.93  143.80 v macaccnegator.C2_adder.adder_chain[5].adder/COUT (sky130_fd_sc_hd__fa_4)
   0.93  144.73 v macaccnegator.C2_adder.adder_chain[6].adder/COUT (sky130_fd_sc_hd__fa_4)
   0.93  145.66 v macaccnegator.C2_adder.adder_chain[7].adder/COUT (sky130_fd_sc_hd__fa_4)
   0.93  146.59 v macaccnegator.C2_adder.adder_chain[8].adder/COUT (sky130_fd_sc_hd__fa_4)
   0.93  147.51 v macaccnegator.C2_adder.adder_chain[9].adder/COUT (sky130_fd_sc_hd__fa_4)
   0.93  148.44 v macaccnegator.C2_adder.adder_chain[10].adder/COUT (sky130_fd_sc_hd__fa_4)
   0.93  149.37 v macaccnegator.C2_adder.adder_chain[11].adder/COUT (sky130_fd_sc_hd__fa_4)
   0.93  150.29 v macaccnegator.C2_adder.adder_chain[12].adder/COUT (sky130_fd_sc_hd__fa_4)
   0.93  151.22 v macaccnegator.C2_adder.adder_chain[13].adder/COUT (sky130_fd_sc_hd__fa_4)
   0.93  152.15 v macaccnegator.C2_adder.adder_chain[14].adder/COUT (sky130_fd_sc_hd__fa_4)
   0.93  153.08 v macaccnegator.C2_adder.adder_chain[15].adder/COUT (sky130_fd_sc_hd__fa_4)
   0.93  154.01 v macaccnegator.C2_adder.adder_chain[16].adder/COUT (sky130_fd_sc_hd__fa_4)
   0.93  154.93 v macaccnegator.C2_adder.adder_chain[17].adder/COUT (sky130_fd_sc_hd__fa_4)
   0.93  155.86 v macaccnegator.C2_adder.adder_chain[18].adder/COUT (sky130_fd_sc_hd__fa_4)
   0.93  156.79 v macaccnegator.C2_adder.adder_chain[19].adder/COUT (sky130_fd_sc_hd__fa_4)
   0.93  157.72 v macaccnegator.C2_adder.adder_chain[20].adder/COUT (sky130_fd_sc_hd__fa_4)
   0.93  158.64 v macaccnegator.C2_adder.adder_chain[21].adder/COUT (sky130_fd_sc_hd__fa_4)
   0.93  159.57 v macaccnegator.C2_adder.adder_chain[22].adder/COUT (sky130_fd_sc_hd__fa_4)
   0.93  160.50 v macaccnegator.C2_adder.adder_chain[23].adder/COUT (sky130_fd_sc_hd__fa_4)
   0.93  161.43 v macaccnegator.C2_adder.adder_chain[24].adder/COUT (sky130_fd_sc_hd__fa_4)
   0.93  162.36 v macaccnegator.C2_adder.adder_chain[25].adder/COUT (sky130_fd_sc_hd__fa_4)
   0.93  163.28 v macaccnegator.C2_adder.adder_chain[26].adder/COUT (sky130_fd_sc_hd__fa_4)
   0.93  164.21 v macaccnegator.C2_adder.adder_chain[27].adder/COUT (sky130_fd_sc_hd__fa_4)
   0.93  165.14 v macaccnegator.C2_adder.adder_chain[28].adder/COUT (sky130_fd_sc_hd__fa_4)
   0.93  166.06 v macaccnegator.C2_adder.adder_chain[29].adder/COUT (sky130_fd_sc_hd__fa_4)
   0.93  166.99 v macaccnegator.C2_adder.adder_chain[30].adder/COUT (sky130_fd_sc_hd__fa_4)
   0.90  167.89 v macaccnegator.C2_adder.adder_chain[31].adder/COUT (sky130_fd_sc_hd__fa_4)
   0.50  168.39 v _07864_/X (sky130_fd_sc_hd__or2_4)
   0.90  169.29 v macaccnegator.C3_adder.adder_chain[0].adder/COUT (sky130_fd_sc_hd__fa_4)
   0.93  170.21 v macaccnegator.C3_adder.adder_chain[1].adder/COUT (sky130_fd_sc_hd__fa_4)
   0.93  171.14 v macaccnegator.C3_adder.adder_chain[2].adder/COUT (sky130_fd_sc_hd__fa_4)
   0.93  172.07 v macaccnegator.C3_adder.adder_chain[3].adder/COUT (sky130_fd_sc_hd__fa_4)
   0.93  173.00 v macaccnegator.C3_adder.adder_chain[4].adder/COUT (sky130_fd_sc_hd__fa_4)
   0.93  173.93 v macaccnegator.C3_adder.adder_chain[5].adder/COUT (sky130_fd_sc_hd__fa_4)
   0.93  174.85 v macaccnegator.C3_adder.adder_chain[6].adder/COUT (sky130_fd_sc_hd__fa_4)
   0.93  175.78 v macaccnegator.C3_adder.adder_chain[7].adder/COUT (sky130_fd_sc_hd__fa_4)
   0.93  176.71 v macaccnegator.C3_adder.adder_chain[8].adder/COUT (sky130_fd_sc_hd__fa_4)
   0.93  177.64 v macaccnegator.C3_adder.adder_chain[9].adder/COUT (sky130_fd_sc_hd__fa_4)
   0.93  178.56 v macaccnegator.C3_adder.adder_chain[10].adder/COUT (sky130_fd_sc_hd__fa_4)
   0.93  179.49 v macaccnegator.C3_adder.adder_chain[11].adder/COUT (sky130_fd_sc_hd__fa_4)
   0.93  180.42 v macaccnegator.C3_adder.adder_chain[12].adder/COUT (sky130_fd_sc_hd__fa_4)
   0.93  181.34 v macaccnegator.C3_adder.adder_chain[13].adder/COUT (sky130_fd_sc_hd__fa_4)
   0.93  182.27 v macaccnegator.C3_adder.adder_chain[14].adder/COUT (sky130_fd_sc_hd__fa_4)
   0.93  183.20 v macaccnegator.C3_adder.adder_chain[15].adder/COUT (sky130_fd_sc_hd__fa_4)
   0.93  184.13 v macaccnegator.C3_adder.adder_chain[16].adder/COUT (sky130_fd_sc_hd__fa_4)
   0.93  185.05 v macaccnegator.C3_adder.adder_chain[17].adder/COUT (sky130_fd_sc_hd__fa_4)
   0.92  185.98 v macaccnegator.C3_adder.adder_chain[18].adder/COUT (sky130_fd_sc_hd__fa_4)
   0.93  186.90 v macaccnegator.C3_adder.adder_chain[19].adder/COUT (sky130_fd_sc_hd__fa_4)
   0.92  187.83 v macaccnegator.C3_adder.adder_chain[20].adder/COUT (sky130_fd_sc_hd__fa_4)
   0.93  188.76 v macaccnegator.C3_adder.adder_chain[21].adder/COUT (sky130_fd_sc_hd__fa_4)
   0.93  189.68 v macaccnegator.C3_adder.adder_chain[22].adder/COUT (sky130_fd_sc_hd__fa_4)
   0.93  190.61 v macaccnegator.C3_adder.adder_chain[23].adder/COUT (sky130_fd_sc_hd__fa_4)
   0.93  191.54 v macaccnegator.C3_adder.adder_chain[24].adder/COUT (sky130_fd_sc_hd__fa_4)
   0.93  192.47 v macaccnegator.C3_adder.adder_chain[25].adder/COUT (sky130_fd_sc_hd__fa_4)
   0.92  193.39 v macaccnegator.C3_adder.adder_chain[26].adder/COUT (sky130_fd_sc_hd__fa_4)
   0.93  194.32 v macaccnegator.C3_adder.adder_chain[27].adder/COUT (sky130_fd_sc_hd__fa_4)
   0.92  195.24 v macaccnegator.C3_adder.adder_chain[28].adder/COUT (sky130_fd_sc_hd__fa_4)
   0.92  196.16 v macaccnegator.C3_adder.adder_chain[29].adder/COUT (sky130_fd_sc_hd__fa_4)
   0.92  197.09 v macaccnegator.C3_adder.adder_chain[30].adder/COUT (sky130_fd_sc_hd__fa_4)
   1.51  198.60 ^ macaccnegator.C3_adder.adder_chain[31].adder/SUM (sky130_fd_sc_hd__fa_4)
   0.27  198.87 ^ _07838_/X (sky130_fd_sc_hd__and2_4)
   0.25  199.12 ^ _07839_/X (sky130_fd_sc_hd__buf_1)
   0.47  199.59 v _10093_/X (sky130_fd_sc_hd__a2bb2o_4)
   0.29  199.88 v _10095_/X (sky130_fd_sc_hd__and2_4)
   0.15  200.03 ^ _10096_/Y (sky130_fd_sc_hd__nor3_4)
   0.00  200.03 ^ _10812_/D (sky130_fd_sc_hd__dfxtp_4)
         200.03   data arrival time

 250.00  250.00   clock clk (rise edge)
   0.00  250.00   clock network delay (ideal)
   0.00  250.00   clock reconvergence pessimism
         250.00 ^ _10812_/CLK (sky130_fd_sc_hd__dfxtp_4)
  -0.18  249.82   library setup time
         249.82   data required time
---------------------------------------------------------
         249.82   data required time
        -200.03   data arrival time
---------------------------------------------------------
          49.79   slack (MET)


