Startpoint: _5973_ (rising edge-triggered flip-flop clocked by clk)
Endpoint: _5973_ (rising edge-triggered flip-flop clocked by clk)
Path Group: clk
Path Type: min

  Delay    Time   Description
---------------------------------------------------------
   0.00    0.00   clock clk (rise edge)
   0.00    0.00   clock network delay (ideal)
   0.00    0.00 ^ _5973_/CLK (sky130_fd_sc_hd__dfxtp_4)
   0.25    0.25 v _5973_/Q (sky130_fd_sc_hd__dfxtp_4)
   0.05    0.31 ^ _2217_/Y (sky130_fd_sc_hd__inv_8)
   0.09    0.39 ^ _2218_/X (sky130_fd_sc_hd__a21o_4)
   0.02    0.41 v _2219_/Y (sky130_fd_sc_hd__nor2_4)
   0.00    0.41 v _5973_/D (sky130_fd_sc_hd__dfxtp_4)
           0.41   data arrival time

   0.00    0.00   clock clk (rise edge)
   0.00    0.00   clock network delay (ideal)
   0.00    0.00   clock reconvergence pessimism
           0.00 ^ _5973_/CLK (sky130_fd_sc_hd__dfxtp_4)
  -0.01   -0.01   library hold time
          -0.01   data required time
---------------------------------------------------------
          -0.01   data required time
          -0.41   data arrival time
---------------------------------------------------------
           0.42   slack (MET)


Startpoint: B0[0] (input port clocked by clk)
Endpoint: _5971_ (rising edge-triggered flip-flop clocked by clk)
Path Group: clk
Path Type: max

  Delay    Time   Description
---------------------------------------------------------
   0.00    0.00   clock clk (rise edge)
   0.00    0.00   clock network delay (ideal)
   2.00    2.00 ^ input external delay
   0.05    2.05 ^ B0[0] (in)
   0.06    2.11 v _3720_/Y (sky130_fd_sc_hd__inv_8)
   1.01    3.12 v macmulnegator.B0_adder.adder_chain[0].adder/COUT (sky130_fd_sc_hd__fa_4)
   0.93    4.05 v macmulnegator.B0_adder.adder_chain[1].adder/COUT (sky130_fd_sc_hd__fa_4)
   0.93    4.98 v macmulnegator.B0_adder.adder_chain[2].adder/COUT (sky130_fd_sc_hd__fa_4)
   0.93    5.91 v macmulnegator.B0_adder.adder_chain[3].adder/COUT (sky130_fd_sc_hd__fa_4)
   0.93    6.83 v macmulnegator.B0_adder.adder_chain[4].adder/COUT (sky130_fd_sc_hd__fa_4)
   0.93    7.76 v macmulnegator.B0_adder.adder_chain[5].adder/COUT (sky130_fd_sc_hd__fa_4)
   0.93    8.69 v macmulnegator.B0_adder.adder_chain[6].adder/COUT (sky130_fd_sc_hd__fa_4)
   0.90    9.59 v macmulnegator.B0_adder.adder_chain[7].adder/COUT (sky130_fd_sc_hd__fa_4)
   0.50   10.10 v _3631_/X (sky130_fd_sc_hd__or2_4)
   0.90   11.00 v macmulnegator.B1_adder.adder_chain[0].adder/COUT (sky130_fd_sc_hd__fa_4)
   0.93   11.92 v macmulnegator.B1_adder.adder_chain[1].adder/COUT (sky130_fd_sc_hd__fa_4)
   0.93   12.85 v macmulnegator.B1_adder.adder_chain[2].adder/COUT (sky130_fd_sc_hd__fa_4)
   0.93   13.78 v macmulnegator.B1_adder.adder_chain[3].adder/COUT (sky130_fd_sc_hd__fa_4)
   0.93   14.70 v macmulnegator.B1_adder.adder_chain[4].adder/COUT (sky130_fd_sc_hd__fa_4)
   0.93   15.63 v macmulnegator.B1_adder.adder_chain[5].adder/COUT (sky130_fd_sc_hd__fa_4)
   0.93   16.56 v macmulnegator.B1_adder.adder_chain[6].adder/COUT (sky130_fd_sc_hd__fa_4)
   0.90   17.47 v macmulnegator.B1_adder.adder_chain[7].adder/COUT (sky130_fd_sc_hd__fa_4)
   0.50   17.97 v _3630_/X (sky130_fd_sc_hd__or2_4)
   0.90   18.87 v macmulnegator.B2_adder.adder_chain[0].adder/COUT (sky130_fd_sc_hd__fa_4)
   0.93   19.79 v macmulnegator.B2_adder.adder_chain[1].adder/COUT (sky130_fd_sc_hd__fa_4)
   0.93   20.72 v macmulnegator.B2_adder.adder_chain[2].adder/COUT (sky130_fd_sc_hd__fa_4)
   0.93   21.65 v macmulnegator.B2_adder.adder_chain[3].adder/COUT (sky130_fd_sc_hd__fa_4)
   0.93   22.58 v macmulnegator.B2_adder.adder_chain[4].adder/COUT (sky130_fd_sc_hd__fa_4)
   0.93   23.51 v macmulnegator.B2_adder.adder_chain[5].adder/COUT (sky130_fd_sc_hd__fa_4)
   0.93   24.44 v macmulnegator.B2_adder.adder_chain[6].adder/COUT (sky130_fd_sc_hd__fa_4)
   0.91   25.34 v macmulnegator.B2_adder.adder_chain[7].adder/COUT (sky130_fd_sc_hd__fa_4)
   0.50   25.84 v _3629_/X (sky130_fd_sc_hd__or2_4)
   0.90   26.74 v macmulnegator.B3_adder.adder_chain[0].adder/COUT (sky130_fd_sc_hd__fa_4)
   0.93   27.67 v macmulnegator.B3_adder.adder_chain[1].adder/COUT (sky130_fd_sc_hd__fa_4)
   0.93   28.60 v macmulnegator.B3_adder.adder_chain[2].adder/COUT (sky130_fd_sc_hd__fa_4)
   1.31   29.91 v macmulnegator.B3_adder.adder_chain[3].adder/SUM (sky130_fd_sc_hd__fa_4)
   0.25   30.16 ^ _4624_/Y (sky130_fd_sc_hd__a22oi_4)
   1.01   31.17 ^ _4803_/X (sky130_fd_sc_hd__buf_1)
   0.29   31.46 v _4808_/Y (sky130_fd_sc_hd__nor2_4)
   1.37   32.83 v macmul3.A0B3_mul_block.array_multiplier.horizontal[3].vertical[0].multiplier_cell.adder/SUM (sky130_fd_sc_hd__fa_4)
   1.09   33.92 v macmul3.A0B3_mul_block.array_multiplier.horizontal[2].vertical[1].multiplier_cell.adder/COUT (sky130_fd_sc_hd__fa_4)
   0.93   34.85 v macmul3.A0B3_mul_block.array_multiplier.horizontal[3].vertical[1].multiplier_cell.adder/COUT (sky130_fd_sc_hd__fa_4)
   0.93   35.78 v macmul3.A0B3_mul_block.array_multiplier.horizontal[4].vertical[1].multiplier_cell.adder/COUT (sky130_fd_sc_hd__fa_4)
   0.93   36.71 v macmul3.A0B3_mul_block.array_multiplier.horizontal[5].vertical[1].multiplier_cell.adder/COUT (sky130_fd_sc_hd__fa_4)
   0.93   37.64 v macmul3.A0B3_mul_block.array_multiplier.horizontal[6].vertical[1].multiplier_cell.adder/COUT (sky130_fd_sc_hd__fa_4)
   1.56   39.19 ^ macmul3.A0B3_mul_block.array_multiplier.horizontal[7].vertical[1].multiplier_cell.adder/SUM (sky130_fd_sc_hd__fa_4)
   1.30   40.49 v macmul3.A0B3_mul_block.array_multiplier.horizontal[6].vertical[2].multiplier_cell.adder/SUM (sky130_fd_sc_hd__fa_4)
   1.09   41.58 v macmul3.A0B3_mul_block.array_multiplier.horizontal[5].vertical[3].multiplier_cell.adder/COUT (sky130_fd_sc_hd__fa_4)
   1.31   42.89 v macmul3.A0B3_mul_block.array_multiplier.horizontal[6].vertical[3].multiplier_cell.adder/SUM (sky130_fd_sc_hd__fa_4)
   1.09   43.98 v macmul3.A0B3_mul_block.array_multiplier.horizontal[5].vertical[4].multiplier_cell.adder/COUT (sky130_fd_sc_hd__fa_4)
   1.55   45.53 ^ macmul3.A0B3_mul_block.array_multiplier.horizontal[6].vertical[4].multiplier_cell.adder/SUM (sky130_fd_sc_hd__fa_4)
   1.30   46.83 v macmul3.A0B3_mul_block.array_multiplier.horizontal[5].vertical[5].multiplier_cell.adder/SUM (sky130_fd_sc_hd__fa_4)
   1.09   47.92 v macmul3.A0B3_mul_block.array_multiplier.horizontal[4].vertical[6].multiplier_cell.adder/COUT (sky130_fd_sc_hd__fa_4)
   0.93   48.85 v macmul3.A0B3_mul_block.array_multiplier.horizontal[5].vertical[6].multiplier_cell.adder/COUT (sky130_fd_sc_hd__fa_4)
   0.93   49.78 v macmul3.A0B3_mul_block.array_multiplier.horizontal[6].vertical[6].multiplier_cell.adder/COUT (sky130_fd_sc_hd__fa_4)
   1.56   51.34 ^ macmul3.A0B3_mul_block.array_multiplier.horizontal[7].vertical[6].multiplier_cell.adder/SUM (sky130_fd_sc_hd__fa_4)
   1.29   52.63 v macmul3.A0B3_mul_block.array_multiplier.horizontal[6].vertical[7].multiplier_cell.adder/SUM (sky130_fd_sc_hd__fa_4)
   1.09   53.72 v macmul3.block_1_adder.adder_chain[5].adder/COUT (sky130_fd_sc_hd__fa_4)
   0.93   54.65 v macmul3.block_1_adder.adder_chain[6].adder/COUT (sky130_fd_sc_hd__fa_4)
   0.93   55.58 v macmul3.block_1_adder.adder_chain[7].adder/COUT (sky130_fd_sc_hd__fa_4)
   0.93   56.51 v macmul3.block_2_adder.adder_chain[0].adder/COUT (sky130_fd_sc_hd__fa_4)
   0.93   57.44 v macmul3.block_2_adder.adder_chain[1].adder/COUT (sky130_fd_sc_hd__fa_4)
   0.93   58.37 v macmul3.block_2_adder.adder_chain[2].adder/COUT (sky130_fd_sc_hd__fa_4)
   0.93   59.30 v macmul3.block_2_adder.adder_chain[3].adder/COUT (sky130_fd_sc_hd__fa_4)
   0.93   60.22 v macmul3.block_2_adder.adder_chain[4].adder/COUT (sky130_fd_sc_hd__fa_4)
   0.93   61.15 v macmul3.block_2_adder.adder_chain[5].adder/COUT (sky130_fd_sc_hd__fa_4)
   0.93   62.08 v macmul3.block_2_adder.adder_chain[6].adder/COUT (sky130_fd_sc_hd__fa_4)
   0.90   62.98 v macmul3.block_2_adder.adder_chain[7].adder/COUT (sky130_fd_sc_hd__fa_4)
   0.28   63.26 v _4907_/X (sky130_fd_sc_hd__and2_4)
   1.25   64.51 v macmul3.block_3_adder.adder_chain[0].adder/SUM (sky130_fd_sc_hd__fa_4)
   0.52   65.04 v _2960_/X (sky130_fd_sc_hd__or2_4)
   0.55   65.59 v _2961_/X (sky130_fd_sc_hd__a32o_4)
   0.98   66.57 v maccombiner.partial2_upper_partial3_full_adder.adder_chain[8].adder/COUT (sky130_fd_sc_hd__fa_4)
   0.93   67.49 v maccombiner.partial2_upper_partial3_full_adder.adder_chain[9].adder/COUT (sky130_fd_sc_hd__fa_4)
   0.93   68.42 v maccombiner.partial2_upper_partial3_full_adder.adder_chain[10].adder/COUT (sky130_fd_sc_hd__fa_4)
   0.93   69.35 v maccombiner.partial2_upper_partial3_full_adder.adder_chain[11].adder/COUT (sky130_fd_sc_hd__fa_4)
   0.93   70.28 v maccombiner.partial2_upper_partial3_full_adder.adder_chain[12].adder/COUT (sky130_fd_sc_hd__fa_4)
   1.32   71.60 v maccombiner.partial2_upper_partial3_full_adder.adder_chain[13].adder/SUM (sky130_fd_sc_hd__fa_4)
   1.04   72.64 v maccombiner.quad_full_adder.adder_chain[21].adder/COUT (sky130_fd_sc_hd__fa_4)
   0.93   73.57 v maccombiner.quad_full_adder.adder_chain[22].adder/COUT (sky130_fd_sc_hd__fa_4)
   0.93   74.50 v maccombiner.quad_full_adder.adder_chain[23].adder/COUT (sky130_fd_sc_hd__fa_4)
   0.93   75.42 v maccombiner.quad_full_adder.adder_chain[24].adder/COUT (sky130_fd_sc_hd__fa_4)
   1.52   76.94 ^ maccombiner.quad_full_adder.adder_chain[25].adder/SUM (sky130_fd_sc_hd__fa_4)
   0.21   77.15 ^ _3265_/X (sky130_fd_sc_hd__or2_4)
   0.47   77.62 ^ _3267_/X (sky130_fd_sc_hd__a32o_4)
   0.12   77.74 v _3684_/Y (sky130_fd_sc_hd__inv_8)
   1.02   78.76 v macaccnegator.C1_adder.adder_chain[9].adder/COUT (sky130_fd_sc_hd__fa_4)
   0.93   79.69 v macaccnegator.C1_adder.adder_chain[10].adder/COUT (sky130_fd_sc_hd__fa_4)
   0.93   80.62 v macaccnegator.C1_adder.adder_chain[11].adder/COUT (sky130_fd_sc_hd__fa_4)
   0.93   81.55 v macaccnegator.C1_adder.adder_chain[12].adder/COUT (sky130_fd_sc_hd__fa_4)
   0.93   82.47 v macaccnegator.C1_adder.adder_chain[13].adder/COUT (sky130_fd_sc_hd__fa_4)
   0.93   83.40 v macaccnegator.C1_adder.adder_chain[14].adder/COUT (sky130_fd_sc_hd__fa_4)
   0.93   84.33 v macaccnegator.C1_adder.adder_chain[15].adder/COUT (sky130_fd_sc_hd__fa_4)
   0.93   85.26 v macaccnegator.C1_adder.adder_chain[16].adder/COUT (sky130_fd_sc_hd__fa_4)
   0.93   86.19 v macaccnegator.C1_adder.adder_chain[17].adder/COUT (sky130_fd_sc_hd__fa_4)
   0.93   87.12 v macaccnegator.C1_adder.adder_chain[18].adder/COUT (sky130_fd_sc_hd__fa_4)
   0.93   88.05 v macaccnegator.C1_adder.adder_chain[19].adder/COUT (sky130_fd_sc_hd__fa_4)
   0.93   88.97 v macaccnegator.C1_adder.adder_chain[20].adder/COUT (sky130_fd_sc_hd__fa_4)
   0.93   89.90 v macaccnegator.C1_adder.adder_chain[21].adder/COUT (sky130_fd_sc_hd__fa_4)
   0.93   90.83 v macaccnegator.C1_adder.adder_chain[22].adder/COUT (sky130_fd_sc_hd__fa_4)
   0.93   91.76 v macaccnegator.C1_adder.adder_chain[23].adder/COUT (sky130_fd_sc_hd__fa_4)
   0.93   92.69 v macaccnegator.C1_adder.adder_chain[24].adder/COUT (sky130_fd_sc_hd__fa_4)
   0.93   93.61 v macaccnegator.C1_adder.adder_chain[25].adder/COUT (sky130_fd_sc_hd__fa_4)
   0.93   94.54 v macaccnegator.C1_adder.adder_chain[26].adder/COUT (sky130_fd_sc_hd__fa_4)
   0.93   95.47 v macaccnegator.C1_adder.adder_chain[27].adder/COUT (sky130_fd_sc_hd__fa_4)
   0.93   96.39 v macaccnegator.C1_adder.adder_chain[28].adder/COUT (sky130_fd_sc_hd__fa_4)
   0.93   97.32 v macaccnegator.C1_adder.adder_chain[29].adder/COUT (sky130_fd_sc_hd__fa_4)
   0.93   98.25 v macaccnegator.C1_adder.adder_chain[30].adder/COUT (sky130_fd_sc_hd__fa_4)
   0.91   99.16 v macaccnegator.C1_adder.adder_chain[31].adder/COUT (sky130_fd_sc_hd__fa_4)
   0.50   99.66 v _3458_/X (sky130_fd_sc_hd__or2_4)
   0.90  100.55 v macaccnegator.C2_adder.adder_chain[0].adder/COUT (sky130_fd_sc_hd__fa_4)
   0.93  101.48 v macaccnegator.C2_adder.adder_chain[1].adder/COUT (sky130_fd_sc_hd__fa_4)
   0.93  102.41 v macaccnegator.C2_adder.adder_chain[2].adder/COUT (sky130_fd_sc_hd__fa_4)
   0.93  103.34 v macaccnegator.C2_adder.adder_chain[3].adder/COUT (sky130_fd_sc_hd__fa_4)
   0.93  104.27 v macaccnegator.C2_adder.adder_chain[4].adder/COUT (sky130_fd_sc_hd__fa_4)
   0.93  105.20 v macaccnegator.C2_adder.adder_chain[5].adder/COUT (sky130_fd_sc_hd__fa_4)
   0.93  106.12 v macaccnegator.C2_adder.adder_chain[6].adder/COUT (sky130_fd_sc_hd__fa_4)
   0.93  107.05 v macaccnegator.C2_adder.adder_chain[7].adder/COUT (sky130_fd_sc_hd__fa_4)
   0.93  107.98 v macaccnegator.C2_adder.adder_chain[8].adder/COUT (sky130_fd_sc_hd__fa_4)
   0.93  108.91 v macaccnegator.C2_adder.adder_chain[9].adder/COUT (sky130_fd_sc_hd__fa_4)
   0.93  109.84 v macaccnegator.C2_adder.adder_chain[10].adder/COUT (sky130_fd_sc_hd__fa_4)
   0.93  110.76 v macaccnegator.C2_adder.adder_chain[11].adder/COUT (sky130_fd_sc_hd__fa_4)
   0.93  111.69 v macaccnegator.C2_adder.adder_chain[12].adder/COUT (sky130_fd_sc_hd__fa_4)
   0.93  112.62 v macaccnegator.C2_adder.adder_chain[13].adder/COUT (sky130_fd_sc_hd__fa_4)
   0.93  113.54 v macaccnegator.C2_adder.adder_chain[14].adder/COUT (sky130_fd_sc_hd__fa_4)
   0.93  114.47 v macaccnegator.C2_adder.adder_chain[15].adder/COUT (sky130_fd_sc_hd__fa_4)
   0.93  115.40 v macaccnegator.C2_adder.adder_chain[16].adder/COUT (sky130_fd_sc_hd__fa_4)
   0.93  116.33 v macaccnegator.C2_adder.adder_chain[17].adder/COUT (sky130_fd_sc_hd__fa_4)
   0.93  117.26 v macaccnegator.C2_adder.adder_chain[18].adder/COUT (sky130_fd_sc_hd__fa_4)
   0.93  118.18 v macaccnegator.C2_adder.adder_chain[19].adder/COUT (sky130_fd_sc_hd__fa_4)
   0.93  119.11 v macaccnegator.C2_adder.adder_chain[20].adder/COUT (sky130_fd_sc_hd__fa_4)
   0.93  120.04 v macaccnegator.C2_adder.adder_chain[21].adder/COUT (sky130_fd_sc_hd__fa_4)
   0.93  120.97 v macaccnegator.C2_adder.adder_chain[22].adder/COUT (sky130_fd_sc_hd__fa_4)
   0.93  121.90 v macaccnegator.C2_adder.adder_chain[23].adder/COUT (sky130_fd_sc_hd__fa_4)
   0.93  122.83 v macaccnegator.C2_adder.adder_chain[24].adder/COUT (sky130_fd_sc_hd__fa_4)
   0.93  123.75 v macaccnegator.C2_adder.adder_chain[25].adder/COUT (sky130_fd_sc_hd__fa_4)
   0.93  124.68 v macaccnegator.C2_adder.adder_chain[26].adder/COUT (sky130_fd_sc_hd__fa_4)
   0.93  125.61 v macaccnegator.C2_adder.adder_chain[27].adder/COUT (sky130_fd_sc_hd__fa_4)
   0.93  126.54 v macaccnegator.C2_adder.adder_chain[28].adder/COUT (sky130_fd_sc_hd__fa_4)
   0.93  127.47 v macaccnegator.C2_adder.adder_chain[29].adder/COUT (sky130_fd_sc_hd__fa_4)
   0.93  128.40 v macaccnegator.C2_adder.adder_chain[30].adder/COUT (sky130_fd_sc_hd__fa_4)
   0.90  129.30 v macaccnegator.C2_adder.adder_chain[31].adder/COUT (sky130_fd_sc_hd__fa_4)
   0.50  129.80 v _3457_/X (sky130_fd_sc_hd__or2_4)
   1.23  131.03 v macaccnegator.C3_adder.adder_chain[0].adder/SUM (sky130_fd_sc_hd__fa_4)
   0.51  131.54 v _3033_/X (sky130_fd_sc_hd__or2_4)
   0.25  131.79 v _3034_/Y (sky130_fd_sc_hd__a21boi_4)
   1.04  132.83 v macacc.acc3.accumlate_adder.adder_chain[0].adder/COUT (sky130_fd_sc_hd__fa_4)
   0.93  133.76 v macacc.acc3.accumlate_adder.adder_chain[1].adder/COUT (sky130_fd_sc_hd__fa_4)
   0.93  134.68 v macacc.acc3.accumlate_adder.adder_chain[2].adder/COUT (sky130_fd_sc_hd__fa_4)
   0.93  135.61 v macacc.acc3.accumlate_adder.adder_chain[3].adder/COUT (sky130_fd_sc_hd__fa_4)
   0.93  136.54 v macacc.acc3.accumlate_adder.adder_chain[4].adder/COUT (sky130_fd_sc_hd__fa_4)
   0.93  137.46 v macacc.acc3.accumlate_adder.adder_chain[5].adder/COUT (sky130_fd_sc_hd__fa_4)
   0.93  138.40 v macacc.acc3.accumlate_adder.adder_chain[6].adder/COUT (sky130_fd_sc_hd__fa_4)
   0.93  139.32 v macacc.acc3.accumlate_adder.adder_chain[7].adder/COUT (sky130_fd_sc_hd__fa_4)
   0.93  140.25 v macacc.acc3.accumlate_adder.adder_chain[8].adder/COUT (sky130_fd_sc_hd__fa_4)
   0.93  141.18 v macacc.acc3.accumlate_adder.adder_chain[9].adder/COUT (sky130_fd_sc_hd__fa_4)
   0.93  142.11 v macacc.acc3.accumlate_adder.adder_chain[10].adder/COUT (sky130_fd_sc_hd__fa_4)
   0.93  143.04 v macacc.acc3.accumlate_adder.adder_chain[11].adder/COUT (sky130_fd_sc_hd__fa_4)
   0.93  143.97 v macacc.acc3.accumlate_adder.adder_chain[12].adder/COUT (sky130_fd_sc_hd__fa_4)
   0.93  144.90 v macacc.acc3.accumlate_adder.adder_chain[13].adder/COUT (sky130_fd_sc_hd__fa_4)
   0.93  145.83 v macacc.acc3.accumlate_adder.adder_chain[14].adder/COUT (sky130_fd_sc_hd__fa_4)
   0.93  146.75 v macacc.acc3.accumlate_adder.adder_chain[15].adder/COUT (sky130_fd_sc_hd__fa_4)
   0.93  147.69 v macacc.acc3.accumlate_adder.adder_chain[16].adder/COUT (sky130_fd_sc_hd__fa_4)
   0.93  148.61 v macacc.acc3.accumlate_adder.adder_chain[17].adder/COUT (sky130_fd_sc_hd__fa_4)
   0.93  149.54 v macacc.acc3.accumlate_adder.adder_chain[18].adder/COUT (sky130_fd_sc_hd__fa_4)
   0.93  150.47 v macacc.acc3.accumlate_adder.adder_chain[19].adder/COUT (sky130_fd_sc_hd__fa_4)
   0.93  151.40 v macacc.acc3.accumlate_adder.adder_chain[20].adder/COUT (sky130_fd_sc_hd__fa_4)
   0.93  152.33 v macacc.acc3.accumlate_adder.adder_chain[21].adder/COUT (sky130_fd_sc_hd__fa_4)
   0.93  153.26 v macacc.acc3.accumlate_adder.adder_chain[22].adder/COUT (sky130_fd_sc_hd__fa_4)
   0.93  154.19 v macacc.acc3.accumlate_adder.adder_chain[23].adder/COUT (sky130_fd_sc_hd__fa_4)
   0.93  155.11 v macacc.acc3.accumlate_adder.adder_chain[24].adder/COUT (sky130_fd_sc_hd__fa_4)
   0.93  156.04 v macacc.acc3.accumlate_adder.adder_chain[25].adder/COUT (sky130_fd_sc_hd__fa_4)
   0.93  156.97 v macacc.acc3.accumlate_adder.adder_chain[26].adder/COUT (sky130_fd_sc_hd__fa_4)
   0.93  157.90 v macacc.acc3.accumlate_adder.adder_chain[27].adder/COUT (sky130_fd_sc_hd__fa_4)
   0.93  158.83 v macacc.acc3.accumlate_adder.adder_chain[28].adder/COUT (sky130_fd_sc_hd__fa_4)
   0.93  159.76 v macacc.acc3.accumlate_adder.adder_chain[29].adder/COUT (sky130_fd_sc_hd__fa_4)
   0.93  160.68 v macacc.acc3.accumlate_adder.adder_chain[30].adder/COUT (sky130_fd_sc_hd__fa_4)
   1.25  161.93 v macacc.acc3.accumlate_adder.adder_chain[31].adder/SUM (sky130_fd_sc_hd__fa_4)
   0.50  162.43 v _2228_/X (sky130_fd_sc_hd__or2_4)
   0.40  162.83 ^ _2229_/Y (sky130_fd_sc_hd__a32oi_4)
   0.10  162.93 v _2230_/Y (sky130_fd_sc_hd__nor2_4)
   0.00  162.93 v _5971_/D (sky130_fd_sc_hd__dfxtp_4)
         162.93   data arrival time

  10.00   10.00   clock clk (rise edge)
   0.00   10.00   clock network delay (ideal)
   0.00   10.00   clock reconvergence pessimism
          10.00 ^ _5971_/CLK (sky130_fd_sc_hd__dfxtp_4)
  -0.26    9.74   library setup time
           9.74   data required time
---------------------------------------------------------
           9.74   data required time
        -162.93   data arrival time
---------------------------------------------------------
        -153.19   slack (VIOLATED)


