Startpoint: _17087_ (rising edge-triggered flip-flop clocked by vclk)
Endpoint: _17087_ (rising edge-triggered flip-flop clocked by vclk)
Path Group: vclk
Path Type: min

  Delay    Time   Description
---------------------------------------------------------
   0.00    0.00   clock vclk (rise edge)
   0.00    0.00   clock network delay (ideal)
   0.00    0.00 ^ _17087_/CLK (sky130_fd_sc_hd__dfxtp_4)
   0.71    0.71 ^ _17087_/Q (sky130_fd_sc_hd__dfxtp_4)
   0.24    0.95 ^ _16885_/X (sky130_fd_sc_hd__o21a_4)
   0.00    0.95 ^ _17087_/D (sky130_fd_sc_hd__dfxtp_4)
           0.95   data arrival time

   0.00    0.00   clock vclk (rise edge)
   0.00    0.00   clock network delay (ideal)
   0.00    0.00   clock reconvergence pessimism
           0.00 ^ _17087_/CLK (sky130_fd_sc_hd__dfxtp_4)
  -0.08   -0.08   library hold time
          -0.08   data required time
---------------------------------------------------------
          -0.08   data required time
          -0.95   data arrival time
---------------------------------------------------------
           1.02   slack (MET)


Startpoint: A0[5] (input port clocked by vclk)
Endpoint: _17021_ (rising edge-triggered flip-flop clocked by vclk)
Path Group: vclk
Path Type: max

  Delay    Time   Description
---------------------------------------------------------
   0.00    0.00   clock vclk (rise edge)
   0.00    0.00   clock network delay (ideal)
   2.00    2.00 ^ input external delay
   0.02    2.02 ^ A0[5] (in)
   0.01    2.03 v _09373_/Y (sky130_fd_sc_hd__inv_8)
   0.07    2.11 v _09374_/X (sky130_fd_sc_hd__buf_1)
   0.09    2.20 v _09375_/X (sky130_fd_sc_hd__buf_1)
   0.15    2.34 v _09543_/X (sky130_fd_sc_hd__or2_4)
   0.14    2.49 v _09544_/X (sky130_fd_sc_hd__or2_4)
   0.13    2.61 ^ _09545_/X (sky130_fd_sc_hd__a21bo_4)
   0.11    2.73 v _09573_/X (sky130_fd_sc_hd__a2bb2o_4)
   0.15    2.88 v _09590_/X (sky130_fd_sc_hd__a2bb2o_4)
   0.14    3.01 v _09603_/X (sky130_fd_sc_hd__a2bb2o_4)
   0.15    3.16 v _09625_/X (sky130_fd_sc_hd__a2bb2o_4)
   0.13    3.29 v _09631_/X (sky130_fd_sc_hd__a2bb2o_4)
   0.17    3.46 v _09648_/X (sky130_fd_sc_hd__or2_4)
   0.13    3.59 ^ _09650_/X (sky130_fd_sc_hd__a21bo_4)
   0.11    3.70 v _09665_/X (sky130_fd_sc_hd__a2bb2o_4)
   0.15    3.85 v _09674_/X (sky130_fd_sc_hd__or2_4)
   0.08    3.93 v _09675_/X (sky130_fd_sc_hd__o21a_4)
   0.14    4.07 v _09676_/X (sky130_fd_sc_hd__or2_4)
   0.08    4.15 v _09677_/X (sky130_fd_sc_hd__o21a_4)
   0.14    4.29 v _09678_/X (sky130_fd_sc_hd__or2_4)
   0.08    4.37 v _09679_/X (sky130_fd_sc_hd__o21a_4)
   0.14    4.51 v _09680_/X (sky130_fd_sc_hd__or2_4)
   0.08    4.59 v _09681_/X (sky130_fd_sc_hd__o21a_4)
   0.14    4.73 v _09682_/X (sky130_fd_sc_hd__or2_4)
   0.08    4.81 v _09683_/X (sky130_fd_sc_hd__o21a_4)
   0.14    4.95 v _09684_/X (sky130_fd_sc_hd__or2_4)
   0.08    5.03 v _09685_/X (sky130_fd_sc_hd__o21a_4)
   0.14    5.17 v _09686_/X (sky130_fd_sc_hd__or2_4)
   0.08    5.25 v _09687_/X (sky130_fd_sc_hd__o21a_4)
   0.14    5.39 v _09688_/X (sky130_fd_sc_hd__or2_4)
   0.08    5.48 v _09689_/X (sky130_fd_sc_hd__o21a_4)
   0.14    5.61 v _09691_/X (sky130_fd_sc_hd__o21a_4)
   0.13    5.74 v _09693_/X (sky130_fd_sc_hd__o21a_4)
   0.11    5.85 v _09694_/X (sky130_fd_sc_hd__o22a_4)
   0.14    6.00 v _09695_/X (sky130_fd_sc_hd__or2_4)
   0.12    6.11 ^ _09742_/X (sky130_fd_sc_hd__a21bo_4)
   0.09    6.20 ^ _09744_/X (sky130_fd_sc_hd__or2_4)
   0.11    6.32 v _09745_/X (sky130_fd_sc_hd__a21bo_4)
   0.14    6.46 v _09749_/X (sky130_fd_sc_hd__or2_4)
   0.12    6.58 v _09750_/X (sky130_fd_sc_hd__buf_1)
   0.15    6.73 v _09751_/X (sky130_fd_sc_hd__or2_4)
   0.11    6.84 v _09752_/X (sky130_fd_sc_hd__buf_1)
   0.10    6.94 v _09753_/X (sky130_fd_sc_hd__o21a_4)
   0.13    7.07 v _09754_/X (sky130_fd_sc_hd__or2_4)
   0.11    7.18 v _09755_/X (sky130_fd_sc_hd__buf_1)
   0.10    7.28 v _09756_/X (sky130_fd_sc_hd__o21a_4)
   0.13    7.41 v _09757_/X (sky130_fd_sc_hd__or2_4)
   0.11    7.52 v _09758_/X (sky130_fd_sc_hd__buf_1)
   0.10    7.62 v _09759_/X (sky130_fd_sc_hd__o21a_4)
   0.13    7.75 v _09760_/X (sky130_fd_sc_hd__or2_4)
   0.11    7.86 v _09761_/X (sky130_fd_sc_hd__buf_1)
   0.10    7.95 v _09762_/X (sky130_fd_sc_hd__o21a_4)
   0.13    8.09 v _09763_/X (sky130_fd_sc_hd__or2_4)
   0.11    8.20 v _09764_/X (sky130_fd_sc_hd__buf_1)
   0.10    8.29 v _09765_/X (sky130_fd_sc_hd__o21a_4)
   0.13    8.42 v _09766_/X (sky130_fd_sc_hd__or2_4)
   0.11    8.54 v _09767_/X (sky130_fd_sc_hd__buf_1)
   0.10    8.63 v _09768_/X (sky130_fd_sc_hd__o21a_4)
   0.13    8.76 v _09769_/X (sky130_fd_sc_hd__or2_4)
   0.11    8.87 v _09770_/X (sky130_fd_sc_hd__buf_1)
   0.10    8.98 v _09771_/X (sky130_fd_sc_hd__o21a_4)
   0.12    9.10 v _09772_/X (sky130_fd_sc_hd__o22a_4)
   0.11    9.21 v _09773_/X (sky130_fd_sc_hd__o22a_4)
   0.13    9.34 v _09774_/X (sky130_fd_sc_hd__or2_4)
   0.11    9.45 v _09775_/X (sky130_fd_sc_hd__buf_1)
   0.10    9.55 v _09776_/X (sky130_fd_sc_hd__o21a_4)
   0.13    9.68 v _09777_/X (sky130_fd_sc_hd__or2_4)
   0.11    9.79 v _09778_/X (sky130_fd_sc_hd__buf_1)
   0.10    9.89 v _09779_/X (sky130_fd_sc_hd__o21a_4)
   0.13   10.02 v _09780_/X (sky130_fd_sc_hd__or2_4)
   0.11   10.13 v _09781_/X (sky130_fd_sc_hd__buf_1)
   0.10   10.23 v _09782_/X (sky130_fd_sc_hd__o21a_4)
   0.13   10.36 v _09783_/X (sky130_fd_sc_hd__or2_4)
   0.12   10.47 v _09784_/X (sky130_fd_sc_hd__buf_1)
   0.11   10.59 v _09785_/X (sky130_fd_sc_hd__o21a_4)
   0.09   10.68 v _09845_/Y (sky130_fd_sc_hd__a2bb2oi_4)
   0.13   10.81 ^ _09846_/X (sky130_fd_sc_hd__a2bb2o_4)
   0.10   10.91 ^ _11115_/X (sky130_fd_sc_hd__or3_4)
   0.03   10.94 v _11116_/Y (sky130_fd_sc_hd__inv_8)
   0.09   11.02 v _11120_/X (sky130_fd_sc_hd__a21o_4)
   0.13   11.16 v _11121_/X (sky130_fd_sc_hd__or2_4)
   0.12   11.27 v _11122_/X (sky130_fd_sc_hd__buf_1)
   0.16   11.43 v _11129_/X (sky130_fd_sc_hd__a21o_4)
   0.16   11.59 v _11144_/X (sky130_fd_sc_hd__or2_4)
   0.17   11.76 v _11171_/X (sky130_fd_sc_hd__or2_4)
   0.11   11.87 ^ _14924_/Y (sky130_fd_sc_hd__nor3_4)
   0.09   11.96 ^ _14925_/X (sky130_fd_sc_hd__or4_4)
   0.08   12.04 ^ _14926_/X (sky130_fd_sc_hd__buf_8)
   0.01   12.05 v _14927_/Y (sky130_fd_sc_hd__inv_8)
   0.12   12.17 v _14929_/X (sky130_fd_sc_hd__o21a_4)
   0.14   12.31 v _14930_/X (sky130_fd_sc_hd__or2_4)
   0.08   12.39 v _14931_/X (sky130_fd_sc_hd__buf_8)
   0.24   12.64 v _14932_/X (sky130_fd_sc_hd__or4_4)
   0.18   12.82 v _14974_/X (sky130_fd_sc_hd__or2_4)
   0.14   12.96 v _14977_/X (sky130_fd_sc_hd__or2_4)
   0.11   13.07 v _14978_/X (sky130_fd_sc_hd__and3_4)
   0.08   13.15 v _14979_/X (sky130_fd_sc_hd__buf_8)
   0.11   13.26 v _14980_/X (sky130_fd_sc_hd__and2_4)
   0.17   13.43 v _14982_/X (sky130_fd_sc_hd__or2_4)
   0.31   13.75 v _14988_/X (sky130_fd_sc_hd__or4_4)
   0.11   13.85 ^ _15016_/Y (sky130_fd_sc_hd__nor2_4)
   0.09   13.94 ^ _15507_/X (sky130_fd_sc_hd__a211o_4)
   0.03   13.97 v _15508_/Y (sky130_fd_sc_hd__a21oi_4)
   0.24   14.21 v _15960_/X (sky130_fd_sc_hd__or4_4)
   0.11   14.32 v _15961_/X (sky130_fd_sc_hd__and2_4)
   0.08   14.40 v _15962_/X (sky130_fd_sc_hd__buf_8)
   0.15   14.55 v _16336_/X (sky130_fd_sc_hd__o21a_4)
   0.15   14.70 v _16501_/X (sky130_fd_sc_hd__o21a_4)
   0.14   14.84 v _16557_/X (sky130_fd_sc_hd__o21a_4)
   0.32   15.16 v _16582_/X (sky130_fd_sc_hd__or4_4)
   0.12   15.28 v _16584_/X (sky130_fd_sc_hd__and3_4)
   0.18   15.46 v _16585_/X (sky130_fd_sc_hd__or3_4)
   0.00   15.46 v _17021_/D (sky130_fd_sc_hd__dfxtp_4)
          15.46   data arrival time

  12.00   12.00   clock vclk (rise edge)
   0.00   12.00   clock network delay (ideal)
   0.00   12.00   clock reconvergence pessimism
          12.00 ^ _17021_/CLK (sky130_fd_sc_hd__dfxtp_4)
  -0.08   11.92   library setup time
          11.92   data required time
---------------------------------------------------------
          11.92   data required time
         -15.46   data arrival time
---------------------------------------------------------
          -3.53   slack (VIOLATED)


