OpenROAD 0.9.0 e582f2522b
This program is licensed under the BSD-3 license. See the LICENSE file for details. 
Components of this program may be licensed under more restrictive licenses which must be honored.
Notice 0: Reading LEF file:  /openLANE_flow/designs/mac_cluster/runs/25-11_23-00/tmp/merged_unpadded.lef
Notice 0:     Created 11 technology layers
Notice 0:     Created 25 technology vias
Notice 0:     Created 437 library cells
Notice 0: Finished LEF file:  /openLANE_flow/designs/mac_cluster/runs/25-11_23-00/tmp/merged_unpadded.lef
Warning: /home/anson/cs250_pdk/sky130A/libs.ref/sky130_fd_sc_hd/lib/sky130_fd_sc_hd__tt_025C_1v80.lib, line 31 default_operating_condition tt_025C_1v80 not found.
Warning: Liberty cell sky130_fd_sc_hd__lpflow_lsbuf_lh_hl_isowell_tap_1 pin VPB missing from LEF macro
Warning: Liberty cell sky130_fd_sc_hd__lpflow_lsbuf_lh_hl_isowell_tap_2 pin VPB missing from LEF macro
Warning: Liberty cell sky130_fd_sc_hd__lpflow_lsbuf_lh_hl_isowell_tap_4 pin VPB missing from LEF macro
Warning: Liberty cell sky130_fd_sc_hd__lpflow_lsbuf_lh_isowell_tap_1 pin VPB missing from LEF macro
Warning: Liberty cell sky130_fd_sc_hd__lpflow_lsbuf_lh_isowell_tap_2 pin VPB missing from LEF macro
Warning: Liberty cell sky130_fd_sc_hd__lpflow_lsbuf_lh_isowell_tap_4 pin VPB missing from LEF macro
Notice 0: 
Reading DEF file: /openLANE_flow/designs/mac_cluster/runs/25-11_23-00/results/placement/mac_cluster.placement.def
Notice 0: Design: mac_cluster
Notice 0:     Created 328 pins.
Notice 0:     Created 9050 components and 37739 component-terminals.
Notice 0:     Created 7250 nets and 19109 connections.
Notice 0: Finished DEF file: /openLANE_flow/designs/mac_cluster/runs/25-11_23-00/results/placement/mac_cluster.placement.def
[INFO]: Setting output delay to: 50.0
[INFO]: Setting input delay to: 50.0
[INFO]: Setting load to: 0.01765
[INFO]: Configuring cts characterization...
[INFO]: Performing clock tree synthesis...
[INFO]: Looking for the following net(s): clk
 *****************
 * TritonCTS 2.0 *
 *****************
 *****************************
 *  Create characterization  *
 *****************************
Number of created patterns = 50000.
Number of created patterns = 100000.
Number of created patterns = 150000.
Number of created patterns = 200000.
Number of created patterns = 250000.
Number of created patterns = 300000.
Number of created patterns = 313632.
 Compiling LUT
    Min. len    Max. len    Min. cap    Max. cap   Min. slew   Max. slew
           2           8           1          39           1         366
    [WARNING] 6336 wires are pure wire and no slew degration.
    TritonCTS forced slew degradation on these wires.
    Num wire segments: 313632
    Num keys in characterization LUT: 2073
    Actual min input cap: 2
 **********************
 *  Find clock roots  *
 **********************
 Running TritonCTS with user-specified clock roots: clk
 ************************
 *  Populate TritonCTS  *
 ************************
 Initializing clock nets
 Looking for clock nets in the design
 Net "clk" found
 Initializing clock net for : "clk"
 Clock net "clk" has 260 sinks
 TritonCTS found 1 clock nets.
 ****************************
 *  Check characterization  *
 ****************************
    The chacterization used 4 buffer(s) types. All of them are in the loaded DB.
 ***********************
 *  Build clock trees  *
 ***********************
 Generating H-Tree topology for net clk...
    Tot. number of sinks: 260
    Number of static layers: 0
 Wire segment unit: 13000 dbu (13 um)
 Original sink region: [(147925, 14900), (489705, 371340)]
 Normalized sink region: [(11.3788, 1.14615), (37.6696, 28.5646)]
    Width:  26.2908
    Height: 27.4185
 Level 1
    Direction: Vertical
    # sinks per sub-region: 130
    Sub-region size: 26.2908 X 13.7092
    Segment length (rounded): 6
    Key: 1872 outSlew: 23 load: 1 length: 6 isBuffered: 1
 Level 2
    Direction: Horizontal
    # sinks per sub-region: 65
    Sub-region size: 13.1454 X 13.7092
    Segment length (rounded): 6
    Key: 1639 outSlew: 11 load: 1 length: 6 isBuffered: 1
 Level 3
    Direction: Vertical
    # sinks per sub-region: 33
    Sub-region size: 13.1454 X 6.85462
    Segment length (rounded): 4
    Key: 337 outSlew: 11 load: 1 length: 4 isBuffered: 1
 Level 4
    Direction: Horizontal
    # sinks per sub-region: 17
    Sub-region size: 6.57269 X 6.85462
    Segment length (rounded): 4
    Key: 337 outSlew: 11 load: 1 length: 4 isBuffered: 1
 [WARNING] Creating fake entries in the LUT.
 Level 5
    Direction: Vertical
    # sinks per sub-region: 9
    Sub-region size: 6.57269 X 3.42731
    Segment length (rounded): 1
    Key: 313873 outSlew: 11 load: 1 length: 1 isBuffered: 1
 Stop criterion found. Max number of sinks is (15)
 Building clock sub nets...
 Number of sinks covered: 260
 Clock topology of net "clk" done.
 ****************
 * Post CTS opt *
 ****************
 Avg. source sink dist: 33450.4 dbu.
 Num outlier sinks: 0
 ********************
 * Write data to DB *
 ********************
 Writing clock net "clk" to DB
    Created 63 clock buffers.
    Minimum number of buffers in the clock path: 6.
    Maximum number of buffers in the clock path: 6.
    Created 63 clock nets.
    Fanout distribution for the current clock = 4:3, 5:2, 6:3, 7:6, 8:6, 9:3, 10:2, 11:5, 12:1, 16:1.
    Max level of the clock tree: 5.
 ... End of TritonCTS execution.
[INFO]: Legalizing...
Warning: could not find power special net
Design Stats
--------------------------------
total instances          9113
multi row instances         0
fixed instances          3601
nets                     7313
design area          247745.1 u^2
fixed area             5421.4 u^2
movable area          88143.3 u^2
utilization                36 %
utilization padded         37 %
rows                      183
row height                2.7 u

Placement Analysis
--------------------------------
total displacement      229.4 u
average displacement      0.0 u
max displacement          8.9 u
original HPWL        326688.5 u
legalized HPWL       326709.9 u
delta HPWL                  0 %

