Startpoint: _5918_ (rising edge-triggered flip-flop clocked by clk)
Endpoint: _5918_ (rising edge-triggered flip-flop clocked by clk)
Path Group: clk
Path Type: min

  Delay    Time   Description
---------------------------------------------------------
   0.00    0.00   clock clk (rise edge)
   0.00    0.00   clock network delay (ideal)
   0.00    0.00 ^ _5918_/CLK (sky130_fd_sc_hd__dfxtp_4)
   0.19    0.19 ^ _5918_/Q (sky130_fd_sc_hd__dfxtp_4)
   0.07    0.26 ^ _2483_/X (sky130_fd_sc_hd__or2_4)
   0.05    0.31 v _2487_/Y (sky130_fd_sc_hd__a32oi_4)
   0.04    0.35 ^ _2488_/Y (sky130_fd_sc_hd__nor2_4)
   0.00    0.35 ^ _5918_/D (sky130_fd_sc_hd__dfxtp_4)
           0.35   data arrival time

   0.00    0.00   clock clk (rise edge)
   0.00    0.00   clock network delay (ideal)
   0.00    0.00   clock reconvergence pessimism
           0.00 ^ _5918_/CLK (sky130_fd_sc_hd__dfxtp_4)
  -0.02   -0.02   library hold time
          -0.02   data required time
---------------------------------------------------------
          -0.02   data required time
          -0.35   data arrival time
---------------------------------------------------------
           0.36   slack (MET)


Startpoint: B0[0] (input port clocked by clk)
Endpoint: _5971_ (rising edge-triggered flip-flop clocked by clk)
Path Group: clk
Path Type: max

  Delay    Time   Description
---------------------------------------------------------
   0.00    0.00   clock clk (rise edge)
   0.00    0.00   clock network delay (ideal)
   2.00    2.00 ^ input external delay
   0.05    2.05 ^ B0[0] (in)
   0.05    2.10 v _3720_/Y (sky130_fd_sc_hd__inv_8)
   1.01    3.11 v macmulnegator.B0_adder.adder_chain[0].adder/COUT (sky130_fd_sc_hd__fa_4)
   0.93    4.04 v macmulnegator.B0_adder.adder_chain[1].adder/COUT (sky130_fd_sc_hd__fa_4)
   0.93    4.96 v macmulnegator.B0_adder.adder_chain[2].adder/COUT (sky130_fd_sc_hd__fa_4)
   0.93    5.89 v macmulnegator.B0_adder.adder_chain[3].adder/COUT (sky130_fd_sc_hd__fa_4)
   0.93    6.82 v macmulnegator.B0_adder.adder_chain[4].adder/COUT (sky130_fd_sc_hd__fa_4)
   0.93    7.75 v macmulnegator.B0_adder.adder_chain[5].adder/COUT (sky130_fd_sc_hd__fa_4)
   0.93    8.67 v macmulnegator.B0_adder.adder_chain[6].adder/COUT (sky130_fd_sc_hd__fa_4)
   0.90    9.58 v macmulnegator.B0_adder.adder_chain[7].adder/COUT (sky130_fd_sc_hd__fa_4)
   0.50   10.08 v _3631_/X (sky130_fd_sc_hd__or2_4)
   0.90   10.98 v macmulnegator.B1_adder.adder_chain[0].adder/COUT (sky130_fd_sc_hd__fa_4)
   0.93   11.90 v macmulnegator.B1_adder.adder_chain[1].adder/COUT (sky130_fd_sc_hd__fa_4)
   0.93   12.83 v macmulnegator.B1_adder.adder_chain[2].adder/COUT (sky130_fd_sc_hd__fa_4)
   0.93   13.76 v macmulnegator.B1_adder.adder_chain[3].adder/COUT (sky130_fd_sc_hd__fa_4)
   0.93   14.69 v macmulnegator.B1_adder.adder_chain[4].adder/COUT (sky130_fd_sc_hd__fa_4)
   0.93   15.61 v macmulnegator.B1_adder.adder_chain[5].adder/COUT (sky130_fd_sc_hd__fa_4)
   0.93   16.54 v macmulnegator.B1_adder.adder_chain[6].adder/COUT (sky130_fd_sc_hd__fa_4)
   0.90   17.45 v macmulnegator.B1_adder.adder_chain[7].adder/COUT (sky130_fd_sc_hd__fa_4)
   0.50   17.95 v _3630_/X (sky130_fd_sc_hd__or2_4)
   0.90   18.85 v macmulnegator.B2_adder.adder_chain[0].adder/COUT (sky130_fd_sc_hd__fa_4)
   0.93   19.77 v macmulnegator.B2_adder.adder_chain[1].adder/COUT (sky130_fd_sc_hd__fa_4)
   0.93   20.70 v macmulnegator.B2_adder.adder_chain[2].adder/COUT (sky130_fd_sc_hd__fa_4)
   0.93   21.63 v macmulnegator.B2_adder.adder_chain[3].adder/COUT (sky130_fd_sc_hd__fa_4)
   0.93   22.55 v macmulnegator.B2_adder.adder_chain[4].adder/COUT (sky130_fd_sc_hd__fa_4)
   0.93   23.48 v macmulnegator.B2_adder.adder_chain[5].adder/COUT (sky130_fd_sc_hd__fa_4)
   0.93   24.41 v macmulnegator.B2_adder.adder_chain[6].adder/COUT (sky130_fd_sc_hd__fa_4)
   0.90   25.31 v macmulnegator.B2_adder.adder_chain[7].adder/COUT (sky130_fd_sc_hd__fa_4)
   0.50   25.82 v _3629_/X (sky130_fd_sc_hd__or2_4)
   0.90   26.71 v macmulnegator.B3_adder.adder_chain[0].adder/COUT (sky130_fd_sc_hd__fa_4)
   0.93   27.64 v macmulnegator.B3_adder.adder_chain[1].adder/COUT (sky130_fd_sc_hd__fa_4)
   1.31   28.95 v macmulnegator.B3_adder.adder_chain[2].adder/SUM (sky130_fd_sc_hd__fa_4)
   0.25   29.20 ^ _4643_/Y (sky130_fd_sc_hd__a22oi_4)
   1.05   30.24 ^ _4814_/X (sky130_fd_sc_hd__buf_1)
   0.26   30.50 v _4817_/Y (sky130_fd_sc_hd__nor2_4)
   1.37   31.88 v macmul3.A0B3_mul_block.array_multiplier.horizontal[2].vertical[0].multiplier_cell.adder/SUM (sky130_fd_sc_hd__fa_4)
   1.09   32.97 v macmul3.A0B3_mul_block.array_multiplier.horizontal[1].vertical[1].multiplier_cell.adder/COUT (sky130_fd_sc_hd__fa_4)
   0.93   33.89 v macmul3.A0B3_mul_block.array_multiplier.horizontal[2].vertical[1].multiplier_cell.adder/COUT (sky130_fd_sc_hd__fa_4)
   0.93   34.82 v macmul3.A0B3_mul_block.array_multiplier.horizontal[3].vertical[1].multiplier_cell.adder/COUT (sky130_fd_sc_hd__fa_4)
   1.31   36.13 v macmul3.A0B3_mul_block.array_multiplier.horizontal[4].vertical[1].multiplier_cell.adder/SUM (sky130_fd_sc_hd__fa_4)
   1.09   37.22 v macmul3.A0B3_mul_block.array_multiplier.horizontal[3].vertical[2].multiplier_cell.adder/COUT (sky130_fd_sc_hd__fa_4)
   0.93   38.15 v macmul3.A0B3_mul_block.array_multiplier.horizontal[4].vertical[2].multiplier_cell.adder/COUT (sky130_fd_sc_hd__fa_4)
   1.56   39.71 ^ macmul3.A0B3_mul_block.array_multiplier.horizontal[5].vertical[2].multiplier_cell.adder/SUM (sky130_fd_sc_hd__fa_4)
   1.29   41.00 v macmul3.A0B3_mul_block.array_multiplier.horizontal[4].vertical[3].multiplier_cell.adder/SUM (sky130_fd_sc_hd__fa_4)
   1.09   42.09 v macmul3.A0B3_mul_block.array_multiplier.horizontal[3].vertical[4].multiplier_cell.adder/COUT (sky130_fd_sc_hd__fa_4)
   0.93   43.02 v macmul3.A0B3_mul_block.array_multiplier.horizontal[4].vertical[4].multiplier_cell.adder/COUT (sky130_fd_sc_hd__fa_4)
   0.93   43.95 v macmul3.A0B3_mul_block.array_multiplier.horizontal[5].vertical[4].multiplier_cell.adder/COUT (sky130_fd_sc_hd__fa_4)
   1.56   45.51 ^ macmul3.A0B3_mul_block.array_multiplier.horizontal[6].vertical[4].multiplier_cell.adder/SUM (sky130_fd_sc_hd__fa_4)
   1.29   46.80 v macmul3.A0B3_mul_block.array_multiplier.horizontal[5].vertical[5].multiplier_cell.adder/SUM (sky130_fd_sc_hd__fa_4)
   1.09   47.89 v macmul3.A0B3_mul_block.array_multiplier.horizontal[4].vertical[6].multiplier_cell.adder/COUT (sky130_fd_sc_hd__fa_4)
   0.93   48.82 v macmul3.A0B3_mul_block.array_multiplier.horizontal[5].vertical[6].multiplier_cell.adder/COUT (sky130_fd_sc_hd__fa_4)
   1.56   50.38 ^ macmul3.A0B3_mul_block.array_multiplier.horizontal[6].vertical[6].multiplier_cell.adder/SUM (sky130_fd_sc_hd__fa_4)
   1.29   51.67 v macmul3.A0B3_mul_block.array_multiplier.horizontal[5].vertical[7].multiplier_cell.adder/SUM (sky130_fd_sc_hd__fa_4)
   1.09   52.76 v macmul3.block_1_adder.adder_chain[4].adder/COUT (sky130_fd_sc_hd__fa_4)
   0.93   53.69 v macmul3.block_1_adder.adder_chain[5].adder/COUT (sky130_fd_sc_hd__fa_4)
   0.93   54.62 v macmul3.block_1_adder.adder_chain[6].adder/COUT (sky130_fd_sc_hd__fa_4)
   0.93   55.54 v macmul3.block_1_adder.adder_chain[7].adder/COUT (sky130_fd_sc_hd__fa_4)
   0.93   56.47 v macmul3.block_2_adder.adder_chain[0].adder/COUT (sky130_fd_sc_hd__fa_4)
   0.93   57.40 v macmul3.block_2_adder.adder_chain[1].adder/COUT (sky130_fd_sc_hd__fa_4)
   0.93   58.33 v macmul3.block_2_adder.adder_chain[2].adder/COUT (sky130_fd_sc_hd__fa_4)
   0.93   59.25 v macmul3.block_2_adder.adder_chain[3].adder/COUT (sky130_fd_sc_hd__fa_4)
   0.93   60.18 v macmul3.block_2_adder.adder_chain[4].adder/COUT (sky130_fd_sc_hd__fa_4)
   0.93   61.11 v macmul3.block_2_adder.adder_chain[5].adder/COUT (sky130_fd_sc_hd__fa_4)
   0.93   62.04 v macmul3.block_2_adder.adder_chain[6].adder/COUT (sky130_fd_sc_hd__fa_4)
   0.90   62.94 v macmul3.block_2_adder.adder_chain[7].adder/COUT (sky130_fd_sc_hd__fa_4)
   0.28   63.22 v _4907_/X (sky130_fd_sc_hd__and2_4)
   1.25   64.46 v macmul3.block_3_adder.adder_chain[0].adder/SUM (sky130_fd_sc_hd__fa_4)
   0.52   64.99 v _2960_/X (sky130_fd_sc_hd__or2_4)
   0.55   65.54 v _2961_/X (sky130_fd_sc_hd__a32o_4)
   0.97   66.51 v maccombiner.partial2_upper_partial3_full_adder.adder_chain[8].adder/COUT (sky130_fd_sc_hd__fa_4)
   0.93   67.44 v maccombiner.partial2_upper_partial3_full_adder.adder_chain[9].adder/COUT (sky130_fd_sc_hd__fa_4)
   0.93   68.37 v maccombiner.partial2_upper_partial3_full_adder.adder_chain[10].adder/COUT (sky130_fd_sc_hd__fa_4)
   0.93   69.30 v maccombiner.partial2_upper_partial3_full_adder.adder_chain[11].adder/COUT (sky130_fd_sc_hd__fa_4)
   0.93   70.22 v maccombiner.partial2_upper_partial3_full_adder.adder_chain[12].adder/COUT (sky130_fd_sc_hd__fa_4)
   1.32   71.55 v maccombiner.partial2_upper_partial3_full_adder.adder_chain[13].adder/SUM (sky130_fd_sc_hd__fa_4)
   1.04   72.58 v maccombiner.quad_full_adder.adder_chain[21].adder/COUT (sky130_fd_sc_hd__fa_4)
   0.93   73.51 v maccombiner.quad_full_adder.adder_chain[22].adder/COUT (sky130_fd_sc_hd__fa_4)
   0.93   74.44 v maccombiner.quad_full_adder.adder_chain[23].adder/COUT (sky130_fd_sc_hd__fa_4)
   0.93   75.37 v maccombiner.quad_full_adder.adder_chain[24].adder/COUT (sky130_fd_sc_hd__fa_4)
   0.93   76.29 v maccombiner.quad_full_adder.adder_chain[25].adder/COUT (sky130_fd_sc_hd__fa_4)
   0.93   77.22 v maccombiner.quad_full_adder.adder_chain[26].adder/COUT (sky130_fd_sc_hd__fa_4)
   0.93   78.15 v maccombiner.quad_full_adder.adder_chain[27].adder/COUT (sky130_fd_sc_hd__fa_4)
   0.93   79.08 v maccombiner.quad_full_adder.adder_chain[28].adder/COUT (sky130_fd_sc_hd__fa_4)
   0.93   80.01 v maccombiner.quad_full_adder.adder_chain[29].adder/COUT (sky130_fd_sc_hd__fa_4)
   0.93   80.94 v maccombiner.quad_full_adder.adder_chain[30].adder/COUT (sky130_fd_sc_hd__fa_4)
   1.52   82.45 ^ maccombiner.quad_full_adder.adder_chain[31].adder/SUM (sky130_fd_sc_hd__fa_4)
   0.21   82.67 ^ _3290_/X (sky130_fd_sc_hd__or2_4)
   0.48   83.15 ^ _3292_/X (sky130_fd_sc_hd__a32o_4)
   0.09   83.24 v _3690_/Y (sky130_fd_sc_hd__inv_8)
   1.02   84.26 v macaccnegator.C1_adder.adder_chain[15].adder/COUT (sky130_fd_sc_hd__fa_4)
   0.93   85.19 v macaccnegator.C1_adder.adder_chain[16].adder/COUT (sky130_fd_sc_hd__fa_4)
   0.93   86.11 v macaccnegator.C1_adder.adder_chain[17].adder/COUT (sky130_fd_sc_hd__fa_4)
   0.93   87.04 v macaccnegator.C1_adder.adder_chain[18].adder/COUT (sky130_fd_sc_hd__fa_4)
   0.93   87.97 v macaccnegator.C1_adder.adder_chain[19].adder/COUT (sky130_fd_sc_hd__fa_4)
   0.93   88.90 v macaccnegator.C1_adder.adder_chain[20].adder/COUT (sky130_fd_sc_hd__fa_4)
   0.93   89.82 v macaccnegator.C1_adder.adder_chain[21].adder/COUT (sky130_fd_sc_hd__fa_4)
   0.93   90.75 v macaccnegator.C1_adder.adder_chain[22].adder/COUT (sky130_fd_sc_hd__fa_4)
   0.93   91.68 v macaccnegator.C1_adder.adder_chain[23].adder/COUT (sky130_fd_sc_hd__fa_4)
   0.93   92.61 v macaccnegator.C1_adder.adder_chain[24].adder/COUT (sky130_fd_sc_hd__fa_4)
   0.93   93.54 v macaccnegator.C1_adder.adder_chain[25].adder/COUT (sky130_fd_sc_hd__fa_4)
   0.93   94.46 v macaccnegator.C1_adder.adder_chain[26].adder/COUT (sky130_fd_sc_hd__fa_4)
   0.93   95.39 v macaccnegator.C1_adder.adder_chain[27].adder/COUT (sky130_fd_sc_hd__fa_4)
   0.93   96.32 v macaccnegator.C1_adder.adder_chain[28].adder/COUT (sky130_fd_sc_hd__fa_4)
   0.93   97.25 v macaccnegator.C1_adder.adder_chain[29].adder/COUT (sky130_fd_sc_hd__fa_4)
   0.93   98.17 v macaccnegator.C1_adder.adder_chain[30].adder/COUT (sky130_fd_sc_hd__fa_4)
   0.91   99.08 v macaccnegator.C1_adder.adder_chain[31].adder/COUT (sky130_fd_sc_hd__fa_4)
   0.50   99.58 v _3458_/X (sky130_fd_sc_hd__or2_4)
   0.90  100.48 v macaccnegator.C2_adder.adder_chain[0].adder/COUT (sky130_fd_sc_hd__fa_4)
   0.93  101.41 v macaccnegator.C2_adder.adder_chain[1].adder/COUT (sky130_fd_sc_hd__fa_4)
   0.93  102.33 v macaccnegator.C2_adder.adder_chain[2].adder/COUT (sky130_fd_sc_hd__fa_4)
   0.93  103.26 v macaccnegator.C2_adder.adder_chain[3].adder/COUT (sky130_fd_sc_hd__fa_4)
   0.93  104.19 v macaccnegator.C2_adder.adder_chain[4].adder/COUT (sky130_fd_sc_hd__fa_4)
   0.93  105.12 v macaccnegator.C2_adder.adder_chain[5].adder/COUT (sky130_fd_sc_hd__fa_4)
   0.93  106.05 v macaccnegator.C2_adder.adder_chain[6].adder/COUT (sky130_fd_sc_hd__fa_4)
   0.93  106.98 v macaccnegator.C2_adder.adder_chain[7].adder/COUT (sky130_fd_sc_hd__fa_4)
   0.93  107.90 v macaccnegator.C2_adder.adder_chain[8].adder/COUT (sky130_fd_sc_hd__fa_4)
   0.93  108.83 v macaccnegator.C2_adder.adder_chain[9].adder/COUT (sky130_fd_sc_hd__fa_4)
   0.93  109.76 v macaccnegator.C2_adder.adder_chain[10].adder/COUT (sky130_fd_sc_hd__fa_4)
   0.93  110.69 v macaccnegator.C2_adder.adder_chain[11].adder/COUT (sky130_fd_sc_hd__fa_4)
   0.93  111.61 v macaccnegator.C2_adder.adder_chain[12].adder/COUT (sky130_fd_sc_hd__fa_4)
   0.93  112.54 v macaccnegator.C2_adder.adder_chain[13].adder/COUT (sky130_fd_sc_hd__fa_4)
   0.93  113.47 v macaccnegator.C2_adder.adder_chain[14].adder/COUT (sky130_fd_sc_hd__fa_4)
   0.93  114.40 v macaccnegator.C2_adder.adder_chain[15].adder/COUT (sky130_fd_sc_hd__fa_4)
   0.93  115.32 v macaccnegator.C2_adder.adder_chain[16].adder/COUT (sky130_fd_sc_hd__fa_4)
   0.93  116.25 v macaccnegator.C2_adder.adder_chain[17].adder/COUT (sky130_fd_sc_hd__fa_4)
   0.93  117.18 v macaccnegator.C2_adder.adder_chain[18].adder/COUT (sky130_fd_sc_hd__fa_4)
   0.93  118.11 v macaccnegator.C2_adder.adder_chain[19].adder/COUT (sky130_fd_sc_hd__fa_4)
   0.93  119.03 v macaccnegator.C2_adder.adder_chain[20].adder/COUT (sky130_fd_sc_hd__fa_4)
   0.93  119.96 v macaccnegator.C2_adder.adder_chain[21].adder/COUT (sky130_fd_sc_hd__fa_4)
   0.93  120.89 v macaccnegator.C2_adder.adder_chain[22].adder/COUT (sky130_fd_sc_hd__fa_4)
   0.93  121.81 v macaccnegator.C2_adder.adder_chain[23].adder/COUT (sky130_fd_sc_hd__fa_4)
   0.93  122.74 v macaccnegator.C2_adder.adder_chain[24].adder/COUT (sky130_fd_sc_hd__fa_4)
   0.93  123.67 v macaccnegator.C2_adder.adder_chain[25].adder/COUT (sky130_fd_sc_hd__fa_4)
   0.93  124.60 v macaccnegator.C2_adder.adder_chain[26].adder/COUT (sky130_fd_sc_hd__fa_4)
   0.93  125.52 v macaccnegator.C2_adder.adder_chain[27].adder/COUT (sky130_fd_sc_hd__fa_4)
   0.93  126.45 v macaccnegator.C2_adder.adder_chain[28].adder/COUT (sky130_fd_sc_hd__fa_4)
   0.93  127.38 v macaccnegator.C2_adder.adder_chain[29].adder/COUT (sky130_fd_sc_hd__fa_4)
   0.93  128.31 v macaccnegator.C2_adder.adder_chain[30].adder/COUT (sky130_fd_sc_hd__fa_4)
   0.90  129.21 v macaccnegator.C2_adder.adder_chain[31].adder/COUT (sky130_fd_sc_hd__fa_4)
   0.50  129.71 v _3457_/X (sky130_fd_sc_hd__or2_4)
   0.90  130.61 v macaccnegator.C3_adder.adder_chain[0].adder/COUT (sky130_fd_sc_hd__fa_4)
   0.93  131.53 v macaccnegator.C3_adder.adder_chain[1].adder/COUT (sky130_fd_sc_hd__fa_4)
   0.93  132.46 v macaccnegator.C3_adder.adder_chain[2].adder/COUT (sky130_fd_sc_hd__fa_4)
   0.93  133.39 v macaccnegator.C3_adder.adder_chain[3].adder/COUT (sky130_fd_sc_hd__fa_4)
   0.93  134.32 v macaccnegator.C3_adder.adder_chain[4].adder/COUT (sky130_fd_sc_hd__fa_4)
   0.93  135.25 v macaccnegator.C3_adder.adder_chain[5].adder/COUT (sky130_fd_sc_hd__fa_4)
   0.93  136.18 v macaccnegator.C3_adder.adder_chain[6].adder/COUT (sky130_fd_sc_hd__fa_4)
   1.25  137.42 v macaccnegator.C3_adder.adder_chain[7].adder/SUM (sky130_fd_sc_hd__fa_4)
   0.51  137.93 v _3058_/X (sky130_fd_sc_hd__or2_4)
   0.25  138.18 v _3059_/Y (sky130_fd_sc_hd__a21boi_4)
   1.03  139.21 v macacc.acc3.accumlate_adder.adder_chain[7].adder/COUT (sky130_fd_sc_hd__fa_4)
   0.93  140.14 v macacc.acc3.accumlate_adder.adder_chain[8].adder/COUT (sky130_fd_sc_hd__fa_4)
   0.93  141.07 v macacc.acc3.accumlate_adder.adder_chain[9].adder/COUT (sky130_fd_sc_hd__fa_4)
   0.93  141.99 v macacc.acc3.accumlate_adder.adder_chain[10].adder/COUT (sky130_fd_sc_hd__fa_4)
   0.93  142.92 v macacc.acc3.accumlate_adder.adder_chain[11].adder/COUT (sky130_fd_sc_hd__fa_4)
   0.93  143.85 v macacc.acc3.accumlate_adder.adder_chain[12].adder/COUT (sky130_fd_sc_hd__fa_4)
   0.93  144.78 v macacc.acc3.accumlate_adder.adder_chain[13].adder/COUT (sky130_fd_sc_hd__fa_4)
   0.93  145.70 v macacc.acc3.accumlate_adder.adder_chain[14].adder/COUT (sky130_fd_sc_hd__fa_4)
   0.93  146.63 v macacc.acc3.accumlate_adder.adder_chain[15].adder/COUT (sky130_fd_sc_hd__fa_4)
   0.93  147.56 v macacc.acc3.accumlate_adder.adder_chain[16].adder/COUT (sky130_fd_sc_hd__fa_4)
   0.93  148.49 v macacc.acc3.accumlate_adder.adder_chain[17].adder/COUT (sky130_fd_sc_hd__fa_4)
   0.93  149.41 v macacc.acc3.accumlate_adder.adder_chain[18].adder/COUT (sky130_fd_sc_hd__fa_4)
   0.93  150.34 v macacc.acc3.accumlate_adder.adder_chain[19].adder/COUT (sky130_fd_sc_hd__fa_4)
   0.93  151.27 v macacc.acc3.accumlate_adder.adder_chain[20].adder/COUT (sky130_fd_sc_hd__fa_4)
   0.93  152.20 v macacc.acc3.accumlate_adder.adder_chain[21].adder/COUT (sky130_fd_sc_hd__fa_4)
   0.93  153.13 v macacc.acc3.accumlate_adder.adder_chain[22].adder/COUT (sky130_fd_sc_hd__fa_4)
   0.93  154.06 v macacc.acc3.accumlate_adder.adder_chain[23].adder/COUT (sky130_fd_sc_hd__fa_4)
   0.93  154.98 v macacc.acc3.accumlate_adder.adder_chain[24].adder/COUT (sky130_fd_sc_hd__fa_4)
   0.93  155.91 v macacc.acc3.accumlate_adder.adder_chain[25].adder/COUT (sky130_fd_sc_hd__fa_4)
   0.93  156.84 v macacc.acc3.accumlate_adder.adder_chain[26].adder/COUT (sky130_fd_sc_hd__fa_4)
   0.93  157.77 v macacc.acc3.accumlate_adder.adder_chain[27].adder/COUT (sky130_fd_sc_hd__fa_4)
   0.93  158.69 v macacc.acc3.accumlate_adder.adder_chain[28].adder/COUT (sky130_fd_sc_hd__fa_4)
   0.93  159.62 v macacc.acc3.accumlate_adder.adder_chain[29].adder/COUT (sky130_fd_sc_hd__fa_4)
   0.93  160.55 v macacc.acc3.accumlate_adder.adder_chain[30].adder/COUT (sky130_fd_sc_hd__fa_4)
   1.25  161.80 v macacc.acc3.accumlate_adder.adder_chain[31].adder/SUM (sky130_fd_sc_hd__fa_4)
   0.50  162.30 v _2228_/X (sky130_fd_sc_hd__or2_4)
   0.39  162.69 ^ _2229_/Y (sky130_fd_sc_hd__a32oi_4)
   0.10  162.79 v _2230_/Y (sky130_fd_sc_hd__nor2_4)
   0.00  162.79 v _5971_/D (sky130_fd_sc_hd__dfxtp_4)
         162.79   data arrival time

  10.00   10.00   clock clk (rise edge)
   0.00   10.00   clock network delay (ideal)
   0.00   10.00   clock reconvergence pessimism
          10.00 ^ _5971_/CLK (sky130_fd_sc_hd__dfxtp_4)
  -0.29    9.71   library setup time
           9.71   data required time
---------------------------------------------------------
           9.71   data required time
        -162.79   data arrival time
---------------------------------------------------------
        -153.08   slack (VIOLATED)


