Startpoint: _10643_ (rising edge-triggered flip-flop clocked by clk)
Endpoint: _10551_ (rising edge-triggered flip-flop clocked by clk)
Path Group: clk
Path Type: min

  Delay    Time   Description
---------------------------------------------------------
   0.00    0.00   clock clk (rise edge)
   0.00    0.00   clock network delay (ideal)
   0.00    0.00 ^ _10643_/CLK (sky130_fd_sc_hd__dfxtp_4)
   0.22    0.22 v _10643_/Q (sky130_fd_sc_hd__dfxtp_4)
   0.03    0.24 ^ _05942_/Y (sky130_fd_sc_hd__inv_8)
   0.02    0.26 v _05943_/Y (sky130_fd_sc_hd__nor2_2)
   0.00    0.26 v _10551_/D (sky130_fd_sc_hd__dfxtp_4)
           0.26   data arrival time

   0.00    0.00   clock clk (rise edge)
   0.00    0.00   clock network delay (ideal)
   0.00    0.00   clock reconvergence pessimism
           0.00 ^ _10551_/CLK (sky130_fd_sc_hd__dfxtp_4)
  -0.03   -0.03   library hold time
          -0.03   data required time
---------------------------------------------------------
          -0.03   data required time
          -0.26   data arrival time
---------------------------------------------------------
           0.29   slack (MET)


Startpoint: _10601_ (rising edge-triggered flip-flop clocked by clk)
Endpoint: _10836_ (rising edge-triggered flip-flop clocked by clk)
Path Group: clk
Path Type: max

  Delay    Time   Description
---------------------------------------------------------
   0.00    0.00   clock clk (rise edge)
   0.00    0.00   clock network delay (ideal)
   0.00    0.00 ^ _10601_/CLK (sky130_fd_sc_hd__dfxtp_4)
   0.65    0.65 v _10601_/Q (sky130_fd_sc_hd__dfxtp_4)
   1.04    1.69 v maccombiner.partial0_upper_partial1_full_adder.adder_chain[0].adder/COUT (sky130_fd_sc_hd__fa_4)
   0.94    2.63 v maccombiner.partial0_upper_partial1_full_adder.adder_chain[1].adder/COUT (sky130_fd_sc_hd__fa_4)
   0.93    3.57 v maccombiner.partial0_upper_partial1_full_adder.adder_chain[2].adder/COUT (sky130_fd_sc_hd__fa_4)
   0.94    4.50 v maccombiner.partial0_upper_partial1_full_adder.adder_chain[3].adder/COUT (sky130_fd_sc_hd__fa_4)
   0.93    5.44 v maccombiner.partial0_upper_partial1_full_adder.adder_chain[4].adder/COUT (sky130_fd_sc_hd__fa_4)
   0.94    6.38 v maccombiner.partial0_upper_partial1_full_adder.adder_chain[5].adder/COUT (sky130_fd_sc_hd__fa_4)
   0.93    7.32 v maccombiner.partial0_upper_partial1_full_adder.adder_chain[6].adder/COUT (sky130_fd_sc_hd__fa_4)
   0.93    8.25 v maccombiner.partial0_upper_partial1_full_adder.adder_chain[7].adder/COUT (sky130_fd_sc_hd__fa_4)
   1.37    9.61 v maccombiner.partial0_upper_partial1_full_adder.adder_chain[8].adder/SUM (sky130_fd_sc_hd__fa_4)
   1.12   10.73 v maccombiner.quad_full_adder.adder_chain[0].adder/COUT (sky130_fd_sc_hd__fa_4)
   0.93   11.67 v maccombiner.quad_full_adder.adder_chain[1].adder/COUT (sky130_fd_sc_hd__fa_4)
   0.94   12.61 v maccombiner.quad_full_adder.adder_chain[2].adder/COUT (sky130_fd_sc_hd__fa_4)
   0.93   13.55 v maccombiner.quad_full_adder.adder_chain[3].adder/COUT (sky130_fd_sc_hd__fa_4)
   0.93   14.48 v maccombiner.quad_full_adder.adder_chain[4].adder/COUT (sky130_fd_sc_hd__fa_4)
   0.93   15.41 v maccombiner.quad_full_adder.adder_chain[5].adder/COUT (sky130_fd_sc_hd__fa_4)
   0.93   16.34 v maccombiner.quad_full_adder.adder_chain[6].adder/COUT (sky130_fd_sc_hd__fa_4)
   0.95   17.29 v maccombiner.quad_full_adder.adder_chain[7].adder/COUT (sky130_fd_sc_hd__fa_4)
   0.95   18.24 v maccombiner.quad_full_adder.adder_chain[8].adder/COUT (sky130_fd_sc_hd__fa_4)
   0.94   19.17 v maccombiner.quad_full_adder.adder_chain[9].adder/COUT (sky130_fd_sc_hd__fa_4)
   0.94   20.11 v maccombiner.quad_full_adder.adder_chain[10].adder/COUT (sky130_fd_sc_hd__fa_4)
   0.93   21.04 v maccombiner.quad_full_adder.adder_chain[11].adder/COUT (sky130_fd_sc_hd__fa_4)
   0.93   21.97 v maccombiner.quad_full_adder.adder_chain[12].adder/COUT (sky130_fd_sc_hd__fa_4)
   0.94   22.91 v maccombiner.quad_full_adder.adder_chain[13].adder/COUT (sky130_fd_sc_hd__fa_4)
   0.93   23.85 v maccombiner.quad_full_adder.adder_chain[14].adder/COUT (sky130_fd_sc_hd__fa_4)
   0.93   24.78 v maccombiner.quad_full_adder.adder_chain[15].adder/COUT (sky130_fd_sc_hd__fa_4)
   0.93   25.71 v maccombiner.quad_full_adder.adder_chain[16].adder/COUT (sky130_fd_sc_hd__fa_4)
   0.93   26.65 v maccombiner.quad_full_adder.adder_chain[17].adder/COUT (sky130_fd_sc_hd__fa_4)
   0.93   27.58 v maccombiner.quad_full_adder.adder_chain[18].adder/COUT (sky130_fd_sc_hd__fa_4)
   0.94   28.52 v maccombiner.quad_full_adder.adder_chain[19].adder/COUT (sky130_fd_sc_hd__fa_4)
   0.94   29.46 v maccombiner.quad_full_adder.adder_chain[20].adder/COUT (sky130_fd_sc_hd__fa_4)
   0.93   30.39 v maccombiner.quad_full_adder.adder_chain[21].adder/COUT (sky130_fd_sc_hd__fa_4)
   0.93   31.32 v maccombiner.quad_full_adder.adder_chain[22].adder/COUT (sky130_fd_sc_hd__fa_4)
   0.94   32.26 v maccombiner.quad_full_adder.adder_chain[23].adder/COUT (sky130_fd_sc_hd__fa_4)
   0.93   33.19 v maccombiner.quad_full_adder.adder_chain[24].adder/COUT (sky130_fd_sc_hd__fa_4)
   0.94   34.13 v maccombiner.quad_full_adder.adder_chain[25].adder/COUT (sky130_fd_sc_hd__fa_4)
   0.93   35.06 v maccombiner.quad_full_adder.adder_chain[26].adder/COUT (sky130_fd_sc_hd__fa_4)
   0.93   35.99 v maccombiner.quad_full_adder.adder_chain[27].adder/COUT (sky130_fd_sc_hd__fa_4)
   0.93   36.93 v maccombiner.quad_full_adder.adder_chain[28].adder/COUT (sky130_fd_sc_hd__fa_4)
   0.94   37.87 v maccombiner.quad_full_adder.adder_chain[29].adder/COUT (sky130_fd_sc_hd__fa_4)
   0.94   38.81 v maccombiner.quad_full_adder.adder_chain[30].adder/COUT (sky130_fd_sc_hd__fa_4)
   0.93   39.74 v maccombiner.quad_full_adder.adder_chain[31].adder/COUT (sky130_fd_sc_hd__fa_4)
   0.97   40.71 v maccombiner.quad_full_adder.adder_chain[32].adder/COUT (sky130_fd_sc_hd__fa_4)
   0.94   41.64 v maccombiner.quad_full_adder.adder_chain[33].adder/COUT (sky130_fd_sc_hd__fa_4)
   0.93   42.58 v maccombiner.quad_full_adder.adder_chain[34].adder/COUT (sky130_fd_sc_hd__fa_4)
   0.93   43.51 v maccombiner.quad_full_adder.adder_chain[35].adder/COUT (sky130_fd_sc_hd__fa_4)
   0.93   44.44 v maccombiner.quad_full_adder.adder_chain[36].adder/COUT (sky130_fd_sc_hd__fa_4)
   0.94   45.38 v maccombiner.quad_full_adder.adder_chain[37].adder/COUT (sky130_fd_sc_hd__fa_4)
   0.94   46.32 v maccombiner.quad_full_adder.adder_chain[38].adder/COUT (sky130_fd_sc_hd__fa_4)
   0.93   47.25 v maccombiner.quad_full_adder.adder_chain[39].adder/COUT (sky130_fd_sc_hd__fa_4)
   0.93   48.18 v maccombiner.quad_full_adder.adder_chain[40].adder/COUT (sky130_fd_sc_hd__fa_4)
   0.93   49.11 v maccombiner.quad_full_adder.adder_chain[41].adder/COUT (sky130_fd_sc_hd__fa_4)
   0.95   50.06 v maccombiner.quad_full_adder.adder_chain[42].adder/COUT (sky130_fd_sc_hd__fa_4)
   0.94   51.00 v maccombiner.quad_full_adder.adder_chain[43].adder/COUT (sky130_fd_sc_hd__fa_4)
   0.94   51.94 v maccombiner.quad_full_adder.adder_chain[44].adder/COUT (sky130_fd_sc_hd__fa_4)
   0.94   52.89 v maccombiner.quad_full_adder.adder_chain[45].adder/COUT (sky130_fd_sc_hd__fa_4)
   0.94   53.83 v maccombiner.quad_full_adder.adder_chain[46].adder/COUT (sky130_fd_sc_hd__fa_4)
   1.31   55.14 v maccombiner.quad_full_adder.adder_chain[47].adder/SUM (sky130_fd_sc_hd__fa_4)
   0.18   55.32 ^ _06432_/Y (sky130_fd_sc_hd__nand2_2)
   0.19   55.50 v _06433_/Y (sky130_fd_sc_hd__nand2_2)
   0.66   56.17 v _07078_/X (sky130_fd_sc_hd__or2_2)
   0.50   56.67 ^ _07089_/Y (sky130_fd_sc_hd__nor4_2)
   0.37   57.04 ^ _07090_/X (sky130_fd_sc_hd__or2_2)
   0.45   57.49 ^ _07091_/X (sky130_fd_sc_hd__buf_1)
   0.12   57.61 v _07092_/Y (sky130_fd_sc_hd__inv_8)
   1.52   59.14 v _07093_/X (sky130_fd_sc_hd__or4_2)
   1.38   60.52 v _07101_/X (sky130_fd_sc_hd__or4_2)
   0.57   61.09 v _07102_/X (sky130_fd_sc_hd__buf_1)
   1.12   62.21 v _07103_/X (sky130_fd_sc_hd__or3_2)
   0.23   62.44 v _07104_/X (sky130_fd_sc_hd__buf_1)
   0.19   62.63 ^ _07105_/Y (sky130_fd_sc_hd__nor4_2)
   0.34   62.98 ^ _07106_/X (sky130_fd_sc_hd__or2_2)
   0.47   63.45 ^ _07107_/X (sky130_fd_sc_hd__buf_1)
   0.10   63.55 v _08725_/Y (sky130_fd_sc_hd__inv_8)
   1.30   64.85 v _08726_/X (sky130_fd_sc_hd__or4_2)
   0.35   65.20 v _08727_/X (sky130_fd_sc_hd__buf_1)
   1.01   66.21 v _08728_/X (sky130_fd_sc_hd__or3_2)
   0.37   66.57 v _08729_/X (sky130_fd_sc_hd__buf_1)
   1.34   67.91 v _08730_/X (sky130_fd_sc_hd__or4_2)
   0.68   68.59 v _08732_/X (sky130_fd_sc_hd__or2_2)
   0.31   68.90 v _08733_/X (sky130_fd_sc_hd__buf_1)
   1.19   70.09 v _08734_/X (sky130_fd_sc_hd__or3_2)
   0.83   70.91 v _08735_/X (sky130_fd_sc_hd__or2_2)
   0.66   71.57 v _08738_/X (sky130_fd_sc_hd__or2_2)
   0.23   71.80 v _08739_/X (sky130_fd_sc_hd__buf_1)
   1.29   73.09 v _08740_/X (sky130_fd_sc_hd__or4_2)
   0.28   73.37 v _08741_/X (sky130_fd_sc_hd__buf_1)
   0.98   74.35 v _08752_/X (sky130_fd_sc_hd__or3_2)
   0.33   74.68 v _08753_/X (sky130_fd_sc_hd__buf_1)
   0.12   74.80 ^ _08754_/Y (sky130_fd_sc_hd__inv_8)
   1.28   76.08 v macaccnegator.C3_adder.adder.adders[1].adder.adders[2].adder.adders[2].adder/SUM (sky130_fd_sc_hd__fa_4)
   0.53   76.61 v _06790_/X (sky130_fd_sc_hd__o22a_4)
   0.15   76.76 ^ _09446_/Y (sky130_fd_sc_hd__nor2_2)
   0.30   77.06 ^ _09447_/X (sky130_fd_sc_hd__or2_2)
   0.09   77.14 v _09448_/Y (sky130_fd_sc_hd__inv_8)
   0.06   77.20 ^ _09452_/Y (sky130_fd_sc_hd__nand2_2)
   0.32   77.53 ^ _09453_/X (sky130_fd_sc_hd__and2_2)
   0.08   77.60 v _09454_/Y (sky130_fd_sc_hd__nor2_2)
   1.55   79.16 v _09495_/X (sky130_fd_sc_hd__or4_2)
   0.31   79.46 v _09496_/X (sky130_fd_sc_hd__buf_1)
   0.13   79.59 ^ _09508_/Y (sky130_fd_sc_hd__nand2_2)
   0.07   79.66 v _09509_/Y (sky130_fd_sc_hd__nor2_2)
   1.00   80.67 v _09510_/X (sky130_fd_sc_hd__or3_2)
   1.55   82.22 ^ macacc.acc3.accumlate_adder.adder.adders[1].adder.adders[3].adder.adders[3].adder/SUM (sky130_fd_sc_hd__fa_4)
   0.08   82.30 v _09773_/Y (sky130_fd_sc_hd__nor2_2)
   0.20   82.50 ^ _09774_/Y (sky130_fd_sc_hd__nor3_2)
   0.13   82.64 v _09775_/Y (sky130_fd_sc_hd__nor2_2)
   0.11   82.75 ^ _09776_/Y (sky130_fd_sc_hd__nor2_2)
   0.00   82.75 ^ _10836_/D (sky130_fd_sc_hd__dfxtp_4)
          82.75   data arrival time

  83.00   83.00   clock clk (rise edge)
   0.00   83.00   clock network delay (ideal)
   0.00   83.00   clock reconvergence pessimism
          83.00 ^ _10836_/CLK (sky130_fd_sc_hd__dfxtp_4)
  -0.16   82.84   library setup time
          82.84   data required time
---------------------------------------------------------
          82.84   data required time
         -82.75   data arrival time
---------------------------------------------------------
           0.09   slack (MET)


