
34. Printing statistics.

=== mac_cluster ===

   Number of wires:               8613
   Number of wire bits:           8924
   Number of public wires:        3806
   Number of public wire bits:    4117
   Number of memories:               0
   Number of memory bits:            0
   Number of processes:              0
   Number of cells:               7507
     sky130_fd_sc_hd__a21bo_4        4
     sky130_fd_sc_hd__a21o_4        17
     sky130_fd_sc_hd__and2_2       236
     sky130_fd_sc_hd__and3_2       100
     sky130_fd_sc_hd__buf_1        729
     sky130_fd_sc_hd__conb_1       267
     sky130_fd_sc_hd__dfxtp_4      492
     sky130_fd_sc_hd__fa_1         560
     sky130_fd_sc_hd__fa_4         785
     sky130_fd_sc_hd__ha_1         112
     sky130_fd_sc_hd__ha_4          16
     sky130_fd_sc_hd__inv_8        464
     sky130_fd_sc_hd__nand2_2      473
     sky130_fd_sc_hd__nand3_2        4
     sky130_fd_sc_hd__nor2_2      2285
     sky130_fd_sc_hd__nor3_2       274
     sky130_fd_sc_hd__nor4_2        11
     sky130_fd_sc_hd__o21a_4        14
     sky130_fd_sc_hd__o21ai_4        8
     sky130_fd_sc_hd__o22a_4       219
     sky130_fd_sc_hd__or2_2        306
     sky130_fd_sc_hd__or3_2         95
     sky130_fd_sc_hd__or4_2         32
     sky130_fd_sc_hd__xor2_2         4

   Chip area for module '\mac_cluster': 85446.950400

