Startpoint: _9042_ (rising edge-triggered flip-flop clocked by clk)
Endpoint: _9041_ (rising edge-triggered flip-flop clocked by clk)
Path Group: clk
Path Type: max

  Delay    Time   Description
---------------------------------------------------------
   0.00    0.00   clock clk (rise edge)
   0.00    0.00   clock network delay (ideal)
   0.00    0.00 ^ _9042_/CLK (sky130_fd_sc_hd__dfxtp_4)
   0.90    0.90 ^ _9042_/Q (sky130_fd_sc_hd__dfxtp_4)
   0.59    1.49 ^ _4829_/X (sky130_fd_sc_hd__buf_1)
   0.42    1.92 ^ _5528_/X (sky130_fd_sc_hd__or2_2)
   0.77    2.69 ^ _5529_/X (sky130_fd_sc_hd__buf_1)
   0.69    3.38 ^ _6984_/X (sky130_fd_sc_hd__and3_2)
   0.10    3.48 v _6985_/Y (sky130_fd_sc_hd__nor3_2)
   0.67    4.15 v _6986_/X (sky130_fd_sc_hd__or2_2)
   0.45    4.59 v _6987_/X (sky130_fd_sc_hd__buf_1)
   0.25    4.84 ^ _6988_/Y (sky130_fd_sc_hd__inv_8)
   0.52    5.36 ^ _6989_/X (sky130_fd_sc_hd__buf_1)
   0.40    5.76 ^ _6990_/X (sky130_fd_sc_hd__or2_2)
   0.19    5.95 v _6994_/Y (sky130_fd_sc_hd__nand2_2)
   1.10    7.05 v macacc.acc0.accumlate_adder.adder_chain[0].adder/COUT (sky130_fd_sc_hd__fa_4)
   0.97    8.02 v macacc.acc0.accumlate_adder.adder_chain[1].adder/COUT (sky130_fd_sc_hd__fa_4)
   0.94    8.96 v macacc.acc0.accumlate_adder.adder_chain[2].adder/COUT (sky130_fd_sc_hd__fa_4)
   0.95    9.91 v macacc.acc0.accumlate_adder.adder_chain[3].adder/COUT (sky130_fd_sc_hd__fa_4)
   0.95   10.86 v macacc.acc0.accumlate_adder.adder_chain[4].adder/COUT (sky130_fd_sc_hd__fa_4)
   0.95   11.81 v macacc.acc0.accumlate_adder.adder_chain[5].adder/COUT (sky130_fd_sc_hd__fa_4)
   0.96   12.77 v macacc.acc0.accumlate_adder.adder_chain[6].adder/COUT (sky130_fd_sc_hd__fa_4)
   0.96   13.73 v macacc.acc0.accumlate_adder.adder_chain[7].adder/COUT (sky130_fd_sc_hd__fa_4)
   0.96   14.69 v macacc.acc0.accumlate_adder.adder_chain[8].adder/COUT (sky130_fd_sc_hd__fa_4)
   0.95   15.64 v macacc.acc0.accumlate_adder.adder_chain[9].adder/COUT (sky130_fd_sc_hd__fa_4)
   0.95   16.59 v macacc.acc0.accumlate_adder.adder_chain[10].adder/COUT (sky130_fd_sc_hd__fa_4)
   0.95   17.54 v macacc.acc0.accumlate_adder.adder_chain[11].adder/COUT (sky130_fd_sc_hd__fa_4)
   0.95   18.49 v macacc.acc0.accumlate_adder.adder_chain[12].adder/COUT (sky130_fd_sc_hd__fa_4)
   0.94   19.43 v macacc.acc0.accumlate_adder.adder_chain[13].adder/COUT (sky130_fd_sc_hd__fa_4)
   0.94   20.38 v macacc.acc0.accumlate_adder.adder_chain[14].adder/COUT (sky130_fd_sc_hd__fa_4)
   0.96   21.33 v macacc.acc0.accumlate_adder.adder_chain[15].adder/COUT (sky130_fd_sc_hd__fa_4)
   0.95   22.29 v macacc.acc0.accumlate_adder.adder_chain[16].adder/COUT (sky130_fd_sc_hd__fa_4)
   0.95   23.24 v macacc.acc0.accumlate_adder.adder_chain[17].adder/COUT (sky130_fd_sc_hd__fa_4)
   0.94   24.18 v macacc.acc0.accumlate_adder.adder_chain[18].adder/COUT (sky130_fd_sc_hd__fa_4)
   0.94   25.12 v macacc.acc0.accumlate_adder.adder_chain[19].adder/COUT (sky130_fd_sc_hd__fa_4)
   0.95   26.06 v macacc.acc0.accumlate_adder.adder_chain[20].adder/COUT (sky130_fd_sc_hd__fa_4)
   0.94   27.01 v macacc.acc0.accumlate_adder.adder_chain[21].adder/COUT (sky130_fd_sc_hd__fa_4)
   0.94   27.95 v macacc.acc0.accumlate_adder.adder_chain[22].adder/COUT (sky130_fd_sc_hd__fa_4)
   0.94   28.89 v macacc.acc0.accumlate_adder.adder_chain[23].adder/COUT (sky130_fd_sc_hd__fa_4)
   0.94   29.83 v macacc.acc0.accumlate_adder.adder_chain[24].adder/COUT (sky130_fd_sc_hd__fa_4)
   0.94   30.77 v macacc.acc0.accumlate_adder.adder_chain[25].adder/COUT (sky130_fd_sc_hd__fa_4)
   0.94   31.71 v macacc.acc0.accumlate_adder.adder_chain[26].adder/COUT (sky130_fd_sc_hd__fa_4)
   0.94   32.66 v macacc.acc0.accumlate_adder.adder_chain[27].adder/COUT (sky130_fd_sc_hd__fa_4)
   0.97   33.62 v macacc.acc0.accumlate_adder.adder_chain[28].adder/COUT (sky130_fd_sc_hd__fa_4)
   0.98   34.60 v macacc.acc0.accumlate_adder.adder_chain[29].adder/COUT (sky130_fd_sc_hd__fa_4)
   0.96   35.56 v macacc.acc0.accumlate_adder.adder_chain[30].adder/COUT (sky130_fd_sc_hd__fa_4)
   0.96   36.52 v macacc.acc0.accumlate_adder.adder_chain[31].adder/COUT (sky130_fd_sc_hd__fa_4)
   0.42   36.94 v _4582_/X (sky130_fd_sc_hd__and2_2)
   0.92   37.86 v macacc.acc1.accumlate_adder.adder_chain[0].adder/COUT (sky130_fd_sc_hd__fa_4)
   0.94   38.81 v macacc.acc1.accumlate_adder.adder_chain[1].adder/COUT (sky130_fd_sc_hd__fa_4)
   0.95   39.76 v macacc.acc1.accumlate_adder.adder_chain[2].adder/COUT (sky130_fd_sc_hd__fa_4)
   0.94   40.70 v macacc.acc1.accumlate_adder.adder_chain[3].adder/COUT (sky130_fd_sc_hd__fa_4)
   0.95   41.64 v macacc.acc1.accumlate_adder.adder_chain[4].adder/COUT (sky130_fd_sc_hd__fa_4)
   0.96   42.60 v macacc.acc1.accumlate_adder.adder_chain[5].adder/COUT (sky130_fd_sc_hd__fa_4)
   0.95   43.55 v macacc.acc1.accumlate_adder.adder_chain[6].adder/COUT (sky130_fd_sc_hd__fa_4)
   0.95   44.51 v macacc.acc1.accumlate_adder.adder_chain[7].adder/COUT (sky130_fd_sc_hd__fa_4)
   0.94   45.45 v macacc.acc1.accumlate_adder.adder_chain[8].adder/COUT (sky130_fd_sc_hd__fa_4)
   0.98   46.43 v macacc.acc1.accumlate_adder.adder_chain[9].adder/COUT (sky130_fd_sc_hd__fa_4)
   0.96   47.39 v macacc.acc1.accumlate_adder.adder_chain[10].adder/COUT (sky130_fd_sc_hd__fa_4)
   0.96   48.35 v macacc.acc1.accumlate_adder.adder_chain[11].adder/COUT (sky130_fd_sc_hd__fa_4)
   0.95   49.30 v macacc.acc1.accumlate_adder.adder_chain[12].adder/COUT (sky130_fd_sc_hd__fa_4)
   0.95   50.25 v macacc.acc1.accumlate_adder.adder_chain[13].adder/COUT (sky130_fd_sc_hd__fa_4)
   0.95   51.20 v macacc.acc1.accumlate_adder.adder_chain[14].adder/COUT (sky130_fd_sc_hd__fa_4)
   0.95   52.15 v macacc.acc1.accumlate_adder.adder_chain[15].adder/COUT (sky130_fd_sc_hd__fa_4)
   0.98   53.13 v macacc.acc1.accumlate_adder.adder_chain[16].adder/COUT (sky130_fd_sc_hd__fa_4)
   0.96   54.10 v macacc.acc1.accumlate_adder.adder_chain[17].adder/COUT (sky130_fd_sc_hd__fa_4)
   0.95   55.04 v macacc.acc1.accumlate_adder.adder_chain[18].adder/COUT (sky130_fd_sc_hd__fa_4)
   0.95   56.00 v macacc.acc1.accumlate_adder.adder_chain[19].adder/COUT (sky130_fd_sc_hd__fa_4)
   0.96   56.95 v macacc.acc1.accumlate_adder.adder_chain[20].adder/COUT (sky130_fd_sc_hd__fa_4)
   0.94   57.90 v macacc.acc1.accumlate_adder.adder_chain[21].adder/COUT (sky130_fd_sc_hd__fa_4)
   0.95   58.85 v macacc.acc1.accumlate_adder.adder_chain[22].adder/COUT (sky130_fd_sc_hd__fa_4)
   0.97   59.82 v macacc.acc1.accumlate_adder.adder_chain[23].adder/COUT (sky130_fd_sc_hd__fa_4)
   0.95   60.77 v macacc.acc1.accumlate_adder.adder_chain[24].adder/COUT (sky130_fd_sc_hd__fa_4)
   0.94   61.72 v macacc.acc1.accumlate_adder.adder_chain[25].adder/COUT (sky130_fd_sc_hd__fa_4)
   0.96   62.67 v macacc.acc1.accumlate_adder.adder_chain[26].adder/COUT (sky130_fd_sc_hd__fa_4)
   0.95   63.63 v macacc.acc1.accumlate_adder.adder_chain[27].adder/COUT (sky130_fd_sc_hd__fa_4)
   0.95   64.58 v macacc.acc1.accumlate_adder.adder_chain[28].adder/COUT (sky130_fd_sc_hd__fa_4)
   0.95   65.53 v macacc.acc1.accumlate_adder.adder_chain[29].adder/COUT (sky130_fd_sc_hd__fa_4)
   0.96   66.49 v macacc.acc1.accumlate_adder.adder_chain[30].adder/COUT (sky130_fd_sc_hd__fa_4)
   0.95   67.44 v macacc.acc1.accumlate_adder.adder_chain[31].adder/COUT (sky130_fd_sc_hd__fa_4)
   0.51   67.95 v _4581_/X (sky130_fd_sc_hd__and3_2)
   0.92   68.87 v macacc.acc2.accumlate_adder.adder_chain[0].adder/COUT (sky130_fd_sc_hd__fa_4)
   0.95   69.82 v macacc.acc2.accumlate_adder.adder_chain[1].adder/COUT (sky130_fd_sc_hd__fa_4)
   0.95   70.77 v macacc.acc2.accumlate_adder.adder_chain[2].adder/COUT (sky130_fd_sc_hd__fa_4)
   0.95   71.72 v macacc.acc2.accumlate_adder.adder_chain[3].adder/COUT (sky130_fd_sc_hd__fa_4)
   0.95   72.68 v macacc.acc2.accumlate_adder.adder_chain[4].adder/COUT (sky130_fd_sc_hd__fa_4)
   0.95   73.63 v macacc.acc2.accumlate_adder.adder_chain[5].adder/COUT (sky130_fd_sc_hd__fa_4)
   0.96   74.58 v macacc.acc2.accumlate_adder.adder_chain[6].adder/COUT (sky130_fd_sc_hd__fa_4)
   0.95   75.53 v macacc.acc2.accumlate_adder.adder_chain[7].adder/COUT (sky130_fd_sc_hd__fa_4)
   0.95   76.48 v macacc.acc2.accumlate_adder.adder_chain[8].adder/COUT (sky130_fd_sc_hd__fa_4)
   0.95   77.43 v macacc.acc2.accumlate_adder.adder_chain[9].adder/COUT (sky130_fd_sc_hd__fa_4)
   0.95   78.38 v macacc.acc2.accumlate_adder.adder_chain[10].adder/COUT (sky130_fd_sc_hd__fa_4)
   0.94   79.32 v macacc.acc2.accumlate_adder.adder_chain[11].adder/COUT (sky130_fd_sc_hd__fa_4)
   0.96   80.28 v macacc.acc2.accumlate_adder.adder_chain[12].adder/COUT (sky130_fd_sc_hd__fa_4)
   0.95   81.23 v macacc.acc2.accumlate_adder.adder_chain[13].adder/COUT (sky130_fd_sc_hd__fa_4)
   0.95   82.17 v macacc.acc2.accumlate_adder.adder_chain[14].adder/COUT (sky130_fd_sc_hd__fa_4)
   0.95   83.13 v macacc.acc2.accumlate_adder.adder_chain[15].adder/COUT (sky130_fd_sc_hd__fa_4)
   0.96   84.08 v macacc.acc2.accumlate_adder.adder_chain[16].adder/COUT (sky130_fd_sc_hd__fa_4)
   0.96   85.04 v macacc.acc2.accumlate_adder.adder_chain[17].adder/COUT (sky130_fd_sc_hd__fa_4)
   0.96   85.99 v macacc.acc2.accumlate_adder.adder_chain[18].adder/COUT (sky130_fd_sc_hd__fa_4)
   0.95   86.95 v macacc.acc2.accumlate_adder.adder_chain[19].adder/COUT (sky130_fd_sc_hd__fa_4)
   0.96   87.91 v macacc.acc2.accumlate_adder.adder_chain[20].adder/COUT (sky130_fd_sc_hd__fa_4)
   0.95   88.85 v macacc.acc2.accumlate_adder.adder_chain[21].adder/COUT (sky130_fd_sc_hd__fa_4)
   0.94   89.79 v macacc.acc2.accumlate_adder.adder_chain[22].adder/COUT (sky130_fd_sc_hd__fa_4)
   0.95   90.74 v macacc.acc2.accumlate_adder.adder_chain[23].adder/COUT (sky130_fd_sc_hd__fa_4)
   0.95   91.69 v macacc.acc2.accumlate_adder.adder_chain[24].adder/COUT (sky130_fd_sc_hd__fa_4)
   0.95   92.64 v macacc.acc2.accumlate_adder.adder_chain[25].adder/COUT (sky130_fd_sc_hd__fa_4)
   0.95   93.59 v macacc.acc2.accumlate_adder.adder_chain[26].adder/COUT (sky130_fd_sc_hd__fa_4)
   0.95   94.54 v macacc.acc2.accumlate_adder.adder_chain[27].adder/COUT (sky130_fd_sc_hd__fa_4)
   0.94   95.48 v macacc.acc2.accumlate_adder.adder_chain[28].adder/COUT (sky130_fd_sc_hd__fa_4)
   0.95   96.43 v macacc.acc2.accumlate_adder.adder_chain[29].adder/COUT (sky130_fd_sc_hd__fa_4)
   0.96   97.39 v macacc.acc2.accumlate_adder.adder_chain[30].adder/COUT (sky130_fd_sc_hd__fa_4)
   0.97   98.36 v macacc.acc2.accumlate_adder.adder_chain[31].adder/COUT (sky130_fd_sc_hd__fa_4)
   0.44   98.80 v _4580_/X (sky130_fd_sc_hd__and2_2)
   0.93   99.73 v macacc.acc3.accumlate_adder.adder_chain[0].adder/COUT (sky130_fd_sc_hd__fa_4)
   0.96  100.68 v macacc.acc3.accumlate_adder.adder_chain[1].adder/COUT (sky130_fd_sc_hd__fa_4)
   0.94  101.63 v macacc.acc3.accumlate_adder.adder_chain[2].adder/COUT (sky130_fd_sc_hd__fa_4)
   0.95  102.57 v macacc.acc3.accumlate_adder.adder_chain[3].adder/COUT (sky130_fd_sc_hd__fa_4)
   0.94  103.51 v macacc.acc3.accumlate_adder.adder_chain[4].adder/COUT (sky130_fd_sc_hd__fa_4)
   0.96  104.47 v macacc.acc3.accumlate_adder.adder_chain[5].adder/COUT (sky130_fd_sc_hd__fa_4)
   1.01  105.47 v macacc.acc3.accumlate_adder.adder_chain[6].adder/COUT (sky130_fd_sc_hd__fa_4)
   0.96  106.44 v macacc.acc3.accumlate_adder.adder_chain[7].adder/COUT (sky130_fd_sc_hd__fa_4)
   0.95  107.39 v macacc.acc3.accumlate_adder.adder_chain[8].adder/COUT (sky130_fd_sc_hd__fa_4)
   0.95  108.34 v macacc.acc3.accumlate_adder.adder_chain[9].adder/COUT (sky130_fd_sc_hd__fa_4)
   0.94  109.28 v macacc.acc3.accumlate_adder.adder_chain[10].adder/COUT (sky130_fd_sc_hd__fa_4)
   0.95  110.23 v macacc.acc3.accumlate_adder.adder_chain[11].adder/COUT (sky130_fd_sc_hd__fa_4)
   0.95  111.19 v macacc.acc3.accumlate_adder.adder_chain[12].adder/COUT (sky130_fd_sc_hd__fa_4)
   0.95  112.14 v macacc.acc3.accumlate_adder.adder_chain[13].adder/COUT (sky130_fd_sc_hd__fa_4)
   0.94  113.08 v macacc.acc3.accumlate_adder.adder_chain[14].adder/COUT (sky130_fd_sc_hd__fa_4)
   0.95  114.03 v macacc.acc3.accumlate_adder.adder_chain[15].adder/COUT (sky130_fd_sc_hd__fa_4)
   0.95  114.97 v macacc.acc3.accumlate_adder.adder_chain[16].adder/COUT (sky130_fd_sc_hd__fa_4)
   0.95  115.92 v macacc.acc3.accumlate_adder.adder_chain[17].adder/COUT (sky130_fd_sc_hd__fa_4)
   0.95  116.87 v macacc.acc3.accumlate_adder.adder_chain[18].adder/COUT (sky130_fd_sc_hd__fa_4)
   0.94  117.81 v macacc.acc3.accumlate_adder.adder_chain[19].adder/COUT (sky130_fd_sc_hd__fa_4)
   0.96  118.78 v macacc.acc3.accumlate_adder.adder_chain[20].adder/COUT (sky130_fd_sc_hd__fa_4)
   0.95  119.73 v macacc.acc3.accumlate_adder.adder_chain[21].adder/COUT (sky130_fd_sc_hd__fa_4)
   0.95  120.68 v macacc.acc3.accumlate_adder.adder_chain[22].adder/COUT (sky130_fd_sc_hd__fa_4)
   0.95  121.64 v macacc.acc3.accumlate_adder.adder_chain[23].adder/COUT (sky130_fd_sc_hd__fa_4)
   0.95  122.59 v macacc.acc3.accumlate_adder.adder_chain[24].adder/COUT (sky130_fd_sc_hd__fa_4)
   0.95  123.53 v macacc.acc3.accumlate_adder.adder_chain[25].adder/COUT (sky130_fd_sc_hd__fa_4)
   0.94  124.48 v macacc.acc3.accumlate_adder.adder_chain[26].adder/COUT (sky130_fd_sc_hd__fa_4)
   0.97  125.44 v macacc.acc3.accumlate_adder.adder_chain[27].adder/COUT (sky130_fd_sc_hd__fa_4)
   0.96  126.40 v macacc.acc3.accumlate_adder.adder_chain[28].adder/COUT (sky130_fd_sc_hd__fa_4)
   0.95  127.36 v macacc.acc3.accumlate_adder.adder_chain[29].adder/COUT (sky130_fd_sc_hd__fa_4)
   0.95  128.30 v macacc.acc3.accumlate_adder.adder_chain[30].adder/COUT (sky130_fd_sc_hd__fa_4)
   1.55  129.85 ^ macacc.acc3.accumlate_adder.adder_chain[31].adder/SUM (sky130_fd_sc_hd__fa_4)
   0.09  129.94 v _4836_/Y (sky130_fd_sc_hd__nor2_2)
   0.27  130.21 ^ _4837_/Y (sky130_fd_sc_hd__nor3_2)
   0.15  130.37 v _4838_/Y (sky130_fd_sc_hd__nor2_2)
   0.13  130.49 ^ _4839_/Y (sky130_fd_sc_hd__nor2_2)
   0.00  130.49 ^ _9041_/D (sky130_fd_sc_hd__dfxtp_4)
         130.49   data arrival time

 129.20  129.20   clock clk (rise edge)
   0.00  129.20   clock network delay (ideal)
   0.00  129.20   clock reconvergence pessimism
         129.20 ^ _9041_/CLK (sky130_fd_sc_hd__dfxtp_4)
  -0.15  129.05   library setup time
         129.05   data required time
---------------------------------------------------------
         129.05   data required time
        -130.49   data arrival time
---------------------------------------------------------
          -1.44   slack (VIOLATED)


Startpoint: _9042_ (rising edge-triggered flip-flop clocked by clk)
Endpoint: _9040_ (rising edge-triggered flip-flop clocked by clk)
Path Group: clk
Path Type: max

  Delay    Time   Description
---------------------------------------------------------
   0.00    0.00   clock clk (rise edge)
   0.00    0.00   clock network delay (ideal)
   0.00    0.00 ^ _9042_/CLK (sky130_fd_sc_hd__dfxtp_4)
   0.90    0.90 ^ _9042_/Q (sky130_fd_sc_hd__dfxtp_4)
   0.59    1.49 ^ _4829_/X (sky130_fd_sc_hd__buf_1)
   0.42    1.92 ^ _5528_/X (sky130_fd_sc_hd__or2_2)
   0.77    2.69 ^ _5529_/X (sky130_fd_sc_hd__buf_1)
   0.69    3.38 ^ _6984_/X (sky130_fd_sc_hd__and3_2)
   0.10    3.48 v _6985_/Y (sky130_fd_sc_hd__nor3_2)
   0.67    4.15 v _6986_/X (sky130_fd_sc_hd__or2_2)
   0.45    4.59 v _6987_/X (sky130_fd_sc_hd__buf_1)
   0.25    4.84 ^ _6988_/Y (sky130_fd_sc_hd__inv_8)
   0.52    5.36 ^ _6989_/X (sky130_fd_sc_hd__buf_1)
   0.40    5.76 ^ _6990_/X (sky130_fd_sc_hd__or2_2)
   0.19    5.95 v _6994_/Y (sky130_fd_sc_hd__nand2_2)
   1.10    7.05 v macacc.acc0.accumlate_adder.adder_chain[0].adder/COUT (sky130_fd_sc_hd__fa_4)
   0.97    8.02 v macacc.acc0.accumlate_adder.adder_chain[1].adder/COUT (sky130_fd_sc_hd__fa_4)
   0.94    8.96 v macacc.acc0.accumlate_adder.adder_chain[2].adder/COUT (sky130_fd_sc_hd__fa_4)
   0.95    9.91 v macacc.acc0.accumlate_adder.adder_chain[3].adder/COUT (sky130_fd_sc_hd__fa_4)
   0.95   10.86 v macacc.acc0.accumlate_adder.adder_chain[4].adder/COUT (sky130_fd_sc_hd__fa_4)
   0.95   11.81 v macacc.acc0.accumlate_adder.adder_chain[5].adder/COUT (sky130_fd_sc_hd__fa_4)
   0.96   12.77 v macacc.acc0.accumlate_adder.adder_chain[6].adder/COUT (sky130_fd_sc_hd__fa_4)
   0.96   13.73 v macacc.acc0.accumlate_adder.adder_chain[7].adder/COUT (sky130_fd_sc_hd__fa_4)
   0.96   14.69 v macacc.acc0.accumlate_adder.adder_chain[8].adder/COUT (sky130_fd_sc_hd__fa_4)
   0.95   15.64 v macacc.acc0.accumlate_adder.adder_chain[9].adder/COUT (sky130_fd_sc_hd__fa_4)
   0.95   16.59 v macacc.acc0.accumlate_adder.adder_chain[10].adder/COUT (sky130_fd_sc_hd__fa_4)
   0.95   17.54 v macacc.acc0.accumlate_adder.adder_chain[11].adder/COUT (sky130_fd_sc_hd__fa_4)
   0.95   18.49 v macacc.acc0.accumlate_adder.adder_chain[12].adder/COUT (sky130_fd_sc_hd__fa_4)
   0.94   19.43 v macacc.acc0.accumlate_adder.adder_chain[13].adder/COUT (sky130_fd_sc_hd__fa_4)
   0.94   20.38 v macacc.acc0.accumlate_adder.adder_chain[14].adder/COUT (sky130_fd_sc_hd__fa_4)
   0.96   21.33 v macacc.acc0.accumlate_adder.adder_chain[15].adder/COUT (sky130_fd_sc_hd__fa_4)
   0.95   22.29 v macacc.acc0.accumlate_adder.adder_chain[16].adder/COUT (sky130_fd_sc_hd__fa_4)
   0.95   23.24 v macacc.acc0.accumlate_adder.adder_chain[17].adder/COUT (sky130_fd_sc_hd__fa_4)
   0.94   24.18 v macacc.acc0.accumlate_adder.adder_chain[18].adder/COUT (sky130_fd_sc_hd__fa_4)
   0.94   25.12 v macacc.acc0.accumlate_adder.adder_chain[19].adder/COUT (sky130_fd_sc_hd__fa_4)
   0.95   26.06 v macacc.acc0.accumlate_adder.adder_chain[20].adder/COUT (sky130_fd_sc_hd__fa_4)
   0.94   27.01 v macacc.acc0.accumlate_adder.adder_chain[21].adder/COUT (sky130_fd_sc_hd__fa_4)
   0.94   27.95 v macacc.acc0.accumlate_adder.adder_chain[22].adder/COUT (sky130_fd_sc_hd__fa_4)
   0.94   28.89 v macacc.acc0.accumlate_adder.adder_chain[23].adder/COUT (sky130_fd_sc_hd__fa_4)
   0.94   29.83 v macacc.acc0.accumlate_adder.adder_chain[24].adder/COUT (sky130_fd_sc_hd__fa_4)
   0.94   30.77 v macacc.acc0.accumlate_adder.adder_chain[25].adder/COUT (sky130_fd_sc_hd__fa_4)
   0.94   31.71 v macacc.acc0.accumlate_adder.adder_chain[26].adder/COUT (sky130_fd_sc_hd__fa_4)
   0.94   32.66 v macacc.acc0.accumlate_adder.adder_chain[27].adder/COUT (sky130_fd_sc_hd__fa_4)
   0.97   33.62 v macacc.acc0.accumlate_adder.adder_chain[28].adder/COUT (sky130_fd_sc_hd__fa_4)
   0.98   34.60 v macacc.acc0.accumlate_adder.adder_chain[29].adder/COUT (sky130_fd_sc_hd__fa_4)
   0.96   35.56 v macacc.acc0.accumlate_adder.adder_chain[30].adder/COUT (sky130_fd_sc_hd__fa_4)
   0.96   36.52 v macacc.acc0.accumlate_adder.adder_chain[31].adder/COUT (sky130_fd_sc_hd__fa_4)
   0.42   36.94 v _4582_/X (sky130_fd_sc_hd__and2_2)
   0.92   37.86 v macacc.acc1.accumlate_adder.adder_chain[0].adder/COUT (sky130_fd_sc_hd__fa_4)
   0.94   38.81 v macacc.acc1.accumlate_adder.adder_chain[1].adder/COUT (sky130_fd_sc_hd__fa_4)
   0.95   39.76 v macacc.acc1.accumlate_adder.adder_chain[2].adder/COUT (sky130_fd_sc_hd__fa_4)
   0.94   40.70 v macacc.acc1.accumlate_adder.adder_chain[3].adder/COUT (sky130_fd_sc_hd__fa_4)
   0.95   41.64 v macacc.acc1.accumlate_adder.adder_chain[4].adder/COUT (sky130_fd_sc_hd__fa_4)
   0.96   42.60 v macacc.acc1.accumlate_adder.adder_chain[5].adder/COUT (sky130_fd_sc_hd__fa_4)
   0.95   43.55 v macacc.acc1.accumlate_adder.adder_chain[6].adder/COUT (sky130_fd_sc_hd__fa_4)
   0.95   44.51 v macacc.acc1.accumlate_adder.adder_chain[7].adder/COUT (sky130_fd_sc_hd__fa_4)
   0.94   45.45 v macacc.acc1.accumlate_adder.adder_chain[8].adder/COUT (sky130_fd_sc_hd__fa_4)
   0.98   46.43 v macacc.acc1.accumlate_adder.adder_chain[9].adder/COUT (sky130_fd_sc_hd__fa_4)
   0.96   47.39 v macacc.acc1.accumlate_adder.adder_chain[10].adder/COUT (sky130_fd_sc_hd__fa_4)
   0.96   48.35 v macacc.acc1.accumlate_adder.adder_chain[11].adder/COUT (sky130_fd_sc_hd__fa_4)
   0.95   49.30 v macacc.acc1.accumlate_adder.adder_chain[12].adder/COUT (sky130_fd_sc_hd__fa_4)
   0.95   50.25 v macacc.acc1.accumlate_adder.adder_chain[13].adder/COUT (sky130_fd_sc_hd__fa_4)
   0.95   51.20 v macacc.acc1.accumlate_adder.adder_chain[14].adder/COUT (sky130_fd_sc_hd__fa_4)
   0.95   52.15 v macacc.acc1.accumlate_adder.adder_chain[15].adder/COUT (sky130_fd_sc_hd__fa_4)
   0.98   53.13 v macacc.acc1.accumlate_adder.adder_chain[16].adder/COUT (sky130_fd_sc_hd__fa_4)
   0.96   54.10 v macacc.acc1.accumlate_adder.adder_chain[17].adder/COUT (sky130_fd_sc_hd__fa_4)
   0.95   55.04 v macacc.acc1.accumlate_adder.adder_chain[18].adder/COUT (sky130_fd_sc_hd__fa_4)
   0.95   56.00 v macacc.acc1.accumlate_adder.adder_chain[19].adder/COUT (sky130_fd_sc_hd__fa_4)
   0.96   56.95 v macacc.acc1.accumlate_adder.adder_chain[20].adder/COUT (sky130_fd_sc_hd__fa_4)
   0.94   57.90 v macacc.acc1.accumlate_adder.adder_chain[21].adder/COUT (sky130_fd_sc_hd__fa_4)
   0.95   58.85 v macacc.acc1.accumlate_adder.adder_chain[22].adder/COUT (sky130_fd_sc_hd__fa_4)
   0.97   59.82 v macacc.acc1.accumlate_adder.adder_chain[23].adder/COUT (sky130_fd_sc_hd__fa_4)
   0.95   60.77 v macacc.acc1.accumlate_adder.adder_chain[24].adder/COUT (sky130_fd_sc_hd__fa_4)
   0.94   61.72 v macacc.acc1.accumlate_adder.adder_chain[25].adder/COUT (sky130_fd_sc_hd__fa_4)
   0.96   62.67 v macacc.acc1.accumlate_adder.adder_chain[26].adder/COUT (sky130_fd_sc_hd__fa_4)
   0.95   63.63 v macacc.acc1.accumlate_adder.adder_chain[27].adder/COUT (sky130_fd_sc_hd__fa_4)
   0.95   64.58 v macacc.acc1.accumlate_adder.adder_chain[28].adder/COUT (sky130_fd_sc_hd__fa_4)
   0.95   65.53 v macacc.acc1.accumlate_adder.adder_chain[29].adder/COUT (sky130_fd_sc_hd__fa_4)
   0.96   66.49 v macacc.acc1.accumlate_adder.adder_chain[30].adder/COUT (sky130_fd_sc_hd__fa_4)
   0.95   67.44 v macacc.acc1.accumlate_adder.adder_chain[31].adder/COUT (sky130_fd_sc_hd__fa_4)
   0.51   67.95 v _4581_/X (sky130_fd_sc_hd__and3_2)
   0.92   68.87 v macacc.acc2.accumlate_adder.adder_chain[0].adder/COUT (sky130_fd_sc_hd__fa_4)
   0.95   69.82 v macacc.acc2.accumlate_adder.adder_chain[1].adder/COUT (sky130_fd_sc_hd__fa_4)
   0.95   70.77 v macacc.acc2.accumlate_adder.adder_chain[2].adder/COUT (sky130_fd_sc_hd__fa_4)
   0.95   71.72 v macacc.acc2.accumlate_adder.adder_chain[3].adder/COUT (sky130_fd_sc_hd__fa_4)
   0.95   72.68 v macacc.acc2.accumlate_adder.adder_chain[4].adder/COUT (sky130_fd_sc_hd__fa_4)
   0.95   73.63 v macacc.acc2.accumlate_adder.adder_chain[5].adder/COUT (sky130_fd_sc_hd__fa_4)
   0.96   74.58 v macacc.acc2.accumlate_adder.adder_chain[6].adder/COUT (sky130_fd_sc_hd__fa_4)
   0.95   75.53 v macacc.acc2.accumlate_adder.adder_chain[7].adder/COUT (sky130_fd_sc_hd__fa_4)
   0.95   76.48 v macacc.acc2.accumlate_adder.adder_chain[8].adder/COUT (sky130_fd_sc_hd__fa_4)
   0.95   77.43 v macacc.acc2.accumlate_adder.adder_chain[9].adder/COUT (sky130_fd_sc_hd__fa_4)
   0.95   78.38 v macacc.acc2.accumlate_adder.adder_chain[10].adder/COUT (sky130_fd_sc_hd__fa_4)
   0.94   79.32 v macacc.acc2.accumlate_adder.adder_chain[11].adder/COUT (sky130_fd_sc_hd__fa_4)
   0.96   80.28 v macacc.acc2.accumlate_adder.adder_chain[12].adder/COUT (sky130_fd_sc_hd__fa_4)
   0.95   81.23 v macacc.acc2.accumlate_adder.adder_chain[13].adder/COUT (sky130_fd_sc_hd__fa_4)
   0.95   82.17 v macacc.acc2.accumlate_adder.adder_chain[14].adder/COUT (sky130_fd_sc_hd__fa_4)
   0.95   83.13 v macacc.acc2.accumlate_adder.adder_chain[15].adder/COUT (sky130_fd_sc_hd__fa_4)
   0.96   84.08 v macacc.acc2.accumlate_adder.adder_chain[16].adder/COUT (sky130_fd_sc_hd__fa_4)
   0.96   85.04 v macacc.acc2.accumlate_adder.adder_chain[17].adder/COUT (sky130_fd_sc_hd__fa_4)
   0.96   85.99 v macacc.acc2.accumlate_adder.adder_chain[18].adder/COUT (sky130_fd_sc_hd__fa_4)
   0.95   86.95 v macacc.acc2.accumlate_adder.adder_chain[19].adder/COUT (sky130_fd_sc_hd__fa_4)
   0.96   87.91 v macacc.acc2.accumlate_adder.adder_chain[20].adder/COUT (sky130_fd_sc_hd__fa_4)
   0.95   88.85 v macacc.acc2.accumlate_adder.adder_chain[21].adder/COUT (sky130_fd_sc_hd__fa_4)
   0.94   89.79 v macacc.acc2.accumlate_adder.adder_chain[22].adder/COUT (sky130_fd_sc_hd__fa_4)
   0.95   90.74 v macacc.acc2.accumlate_adder.adder_chain[23].adder/COUT (sky130_fd_sc_hd__fa_4)
   0.95   91.69 v macacc.acc2.accumlate_adder.adder_chain[24].adder/COUT (sky130_fd_sc_hd__fa_4)
   0.95   92.64 v macacc.acc2.accumlate_adder.adder_chain[25].adder/COUT (sky130_fd_sc_hd__fa_4)
   0.95   93.59 v macacc.acc2.accumlate_adder.adder_chain[26].adder/COUT (sky130_fd_sc_hd__fa_4)
   0.95   94.54 v macacc.acc2.accumlate_adder.adder_chain[27].adder/COUT (sky130_fd_sc_hd__fa_4)
   0.94   95.48 v macacc.acc2.accumlate_adder.adder_chain[28].adder/COUT (sky130_fd_sc_hd__fa_4)
   0.95   96.43 v macacc.acc2.accumlate_adder.adder_chain[29].adder/COUT (sky130_fd_sc_hd__fa_4)
   0.96   97.39 v macacc.acc2.accumlate_adder.adder_chain[30].adder/COUT (sky130_fd_sc_hd__fa_4)
   0.97   98.36 v macacc.acc2.accumlate_adder.adder_chain[31].adder/COUT (sky130_fd_sc_hd__fa_4)
   0.44   98.80 v _4580_/X (sky130_fd_sc_hd__and2_2)
   0.93   99.73 v macacc.acc3.accumlate_adder.adder_chain[0].adder/COUT (sky130_fd_sc_hd__fa_4)
   0.96  100.68 v macacc.acc3.accumlate_adder.adder_chain[1].adder/COUT (sky130_fd_sc_hd__fa_4)
   0.94  101.63 v macacc.acc3.accumlate_adder.adder_chain[2].adder/COUT (sky130_fd_sc_hd__fa_4)
   0.95  102.57 v macacc.acc3.accumlate_adder.adder_chain[3].adder/COUT (sky130_fd_sc_hd__fa_4)
   0.94  103.51 v macacc.acc3.accumlate_adder.adder_chain[4].adder/COUT (sky130_fd_sc_hd__fa_4)
   0.96  104.47 v macacc.acc3.accumlate_adder.adder_chain[5].adder/COUT (sky130_fd_sc_hd__fa_4)
   1.01  105.47 v macacc.acc3.accumlate_adder.adder_chain[6].adder/COUT (sky130_fd_sc_hd__fa_4)
   0.96  106.44 v macacc.acc3.accumlate_adder.adder_chain[7].adder/COUT (sky130_fd_sc_hd__fa_4)
   0.95  107.39 v macacc.acc3.accumlate_adder.adder_chain[8].adder/COUT (sky130_fd_sc_hd__fa_4)
   0.95  108.34 v macacc.acc3.accumlate_adder.adder_chain[9].adder/COUT (sky130_fd_sc_hd__fa_4)
   0.94  109.28 v macacc.acc3.accumlate_adder.adder_chain[10].adder/COUT (sky130_fd_sc_hd__fa_4)
   0.95  110.23 v macacc.acc3.accumlate_adder.adder_chain[11].adder/COUT (sky130_fd_sc_hd__fa_4)
   0.95  111.19 v macacc.acc3.accumlate_adder.adder_chain[12].adder/COUT (sky130_fd_sc_hd__fa_4)
   0.95  112.14 v macacc.acc3.accumlate_adder.adder_chain[13].adder/COUT (sky130_fd_sc_hd__fa_4)
   0.94  113.08 v macacc.acc3.accumlate_adder.adder_chain[14].adder/COUT (sky130_fd_sc_hd__fa_4)
   0.95  114.03 v macacc.acc3.accumlate_adder.adder_chain[15].adder/COUT (sky130_fd_sc_hd__fa_4)
   0.95  114.97 v macacc.acc3.accumlate_adder.adder_chain[16].adder/COUT (sky130_fd_sc_hd__fa_4)
   0.95  115.92 v macacc.acc3.accumlate_adder.adder_chain[17].adder/COUT (sky130_fd_sc_hd__fa_4)
   0.95  116.87 v macacc.acc3.accumlate_adder.adder_chain[18].adder/COUT (sky130_fd_sc_hd__fa_4)
   0.94  117.81 v macacc.acc3.accumlate_adder.adder_chain[19].adder/COUT (sky130_fd_sc_hd__fa_4)
   0.96  118.78 v macacc.acc3.accumlate_adder.adder_chain[20].adder/COUT (sky130_fd_sc_hd__fa_4)
   0.95  119.73 v macacc.acc3.accumlate_adder.adder_chain[21].adder/COUT (sky130_fd_sc_hd__fa_4)
   0.95  120.68 v macacc.acc3.accumlate_adder.adder_chain[22].adder/COUT (sky130_fd_sc_hd__fa_4)
   0.95  121.64 v macacc.acc3.accumlate_adder.adder_chain[23].adder/COUT (sky130_fd_sc_hd__fa_4)
   0.95  122.59 v macacc.acc3.accumlate_adder.adder_chain[24].adder/COUT (sky130_fd_sc_hd__fa_4)
   0.95  123.53 v macacc.acc3.accumlate_adder.adder_chain[25].adder/COUT (sky130_fd_sc_hd__fa_4)
   0.94  124.48 v macacc.acc3.accumlate_adder.adder_chain[26].adder/COUT (sky130_fd_sc_hd__fa_4)
   0.97  125.44 v macacc.acc3.accumlate_adder.adder_chain[27].adder/COUT (sky130_fd_sc_hd__fa_4)
   0.96  126.40 v macacc.acc3.accumlate_adder.adder_chain[28].adder/COUT (sky130_fd_sc_hd__fa_4)
   0.95  127.36 v macacc.acc3.accumlate_adder.adder_chain[29].adder/COUT (sky130_fd_sc_hd__fa_4)
   1.56  128.91 ^ macacc.acc3.accumlate_adder.adder_chain[30].adder/SUM (sky130_fd_sc_hd__fa_4)
   0.09  129.01 v _4842_/Y (sky130_fd_sc_hd__nor2_2)
   0.25  129.25 ^ _4843_/Y (sky130_fd_sc_hd__nor3_2)
   0.14  129.39 v _4844_/Y (sky130_fd_sc_hd__nor2_2)
   0.12  129.51 ^ _4845_/Y (sky130_fd_sc_hd__nor2_2)
   0.00  129.51 ^ _9040_/D (sky130_fd_sc_hd__dfxtp_4)
         129.51   data arrival time

 129.20  129.20   clock clk (rise edge)
   0.00  129.20   clock network delay (ideal)
   0.00  129.20   clock reconvergence pessimism
         129.20 ^ _9040_/CLK (sky130_fd_sc_hd__dfxtp_4)
  -0.14  129.06   library setup time
         129.06   data required time
---------------------------------------------------------
         129.06   data required time
        -129.51   data arrival time
---------------------------------------------------------
          -0.45   slack (VIOLATED)


