Startpoint: _10605_ (rising edge-triggered flip-flop clocked by vclk)
Endpoint: _10605_ (rising edge-triggered flip-flop clocked by vclk)
Path Group: vclk
Path Type: min

  Delay    Time   Description
---------------------------------------------------------
   0.00    0.00   clock vclk (rise edge)
   0.00    0.00   clock network delay (ideal)
   0.00    0.00 ^ _10605_/CLK (sky130_fd_sc_hd__dfxtp_4)
   0.69    0.69 ^ _10605_/Q (sky130_fd_sc_hd__dfxtp_4)
   0.27    0.96 ^ _08236_/X (sky130_fd_sc_hd__a21bo_4)
   0.21    1.17 ^ _08238_/X (sky130_fd_sc_hd__o21a_4)
   0.00    1.17 ^ _10605_/D (sky130_fd_sc_hd__dfxtp_4)
           1.17   data arrival time

   0.00    0.00   clock vclk (rise edge)
   0.00    0.00   clock network delay (ideal)
   0.00    0.00   clock reconvergence pessimism
           0.00 ^ _10605_/CLK (sky130_fd_sc_hd__dfxtp_4)
  -0.08   -0.08   library hold time
          -0.08   data required time
---------------------------------------------------------
          -0.08   data required time
          -1.17   data arrival time
---------------------------------------------------------
           1.25   slack (MET)


Startpoint: cfg[1] (input port clocked by vclk)
Endpoint: _10510_ (rising edge-triggered flip-flop clocked by vclk)
Path Group: vclk
Path Type: max

  Delay    Time   Description
---------------------------------------------------------
   0.00    0.00   clock vclk (rise edge)
   0.00    0.00   clock network delay (ideal)
   2.00    2.00 v input external delay
   0.01    2.01 v cfg[1] (in)
   0.04    2.04 ^ _04519_/Y (sky130_fd_sc_hd__inv_8)
   0.07    2.12 ^ _04688_/X (sky130_fd_sc_hd__or2_4)
   0.07    2.18 ^ _04689_/X (sky130_fd_sc_hd__buf_8)
   0.11    2.29 ^ _04690_/X (sky130_fd_sc_hd__buf_4)
   0.10    2.39 ^ _04691_/X (sky130_fd_sc_hd__buf_8)
   0.09    2.48 ^ _04692_/X (sky130_fd_sc_hd__buf_8)
   0.08    2.55 ^ _04693_/X (sky130_fd_sc_hd__buf_8)
   0.23    2.78 ^ _04694_/X (sky130_fd_sc_hd__buf_1)
   0.11    2.89 ^ _04695_/X (sky130_fd_sc_hd__buf_8)
   0.08    2.97 ^ _04696_/X (sky130_fd_sc_hd__buf_8)
   0.21    3.18 ^ _04697_/X (sky130_fd_sc_hd__buf_1)
   0.19    3.37 ^ _04698_/X (sky130_fd_sc_hd__buf_1)
   0.16    3.53 ^ _04699_/X (sky130_fd_sc_hd__buf_1)
   0.15    3.68 ^ _04866_/X (sky130_fd_sc_hd__buf_1)
   0.23    3.91 ^ _05317_/X (sky130_fd_sc_hd__buf_1)
   0.09    4.01 ^ _05424_/X (sky130_fd_sc_hd__buf_8)
   0.08    4.09 ^ _05450_/X (sky130_fd_sc_hd__buf_8)
   0.26    4.35 ^ _06749_/X (sky130_fd_sc_hd__buf_1)
   0.31    4.66 ^ _06795_/X (sky130_fd_sc_hd__buf_1)
   0.10    4.76 ^ _06818_/X (sky130_fd_sc_hd__buf_8)
   0.08    4.84 ^ _06885_/X (sky130_fd_sc_hd__buf_8)
   0.17    5.01 ^ _07118_/X (sky130_fd_sc_hd__buf_1)
   0.08    5.09 ^ _08709_/X (sky130_fd_sc_hd__o22a_4)
   0.05    5.14 ^ _08710_/X (sky130_fd_sc_hd__o21a_4)
   0.06    5.20 ^ _08711_/X (sky130_fd_sc_hd__or2_4)
   0.26    5.46 ^ _08712_/X (sky130_fd_sc_hd__buf_1)
   0.00    5.47 v _08714_/Y (sky130_fd_sc_hd__inv_8)
   0.07    5.54 ^ _08745_/Y (sky130_fd_sc_hd__a22oi_4)
   0.20    5.74 ^ _08746_/X (sky130_fd_sc_hd__buf_1)
   0.02    5.76 v _09980_/Y (sky130_fd_sc_hd__nor2_4)
   0.26    6.02 v macmul0.A0B0_mul_block.array_multiplier.horizontal[1].vertical[0].multiplier_cell.adder/SUM (sky130_fd_sc_hd__fa_4)
   0.29    6.31 v macmul0.A0B0_mul_block.array_multiplier.horizontal[0].vertical[1].multiplier_cell.adder/COUT (sky130_fd_sc_hd__fa_4)
   0.26    6.57 v macmul0.A0B0_mul_block.array_multiplier.horizontal[1].vertical[1].multiplier_cell.adder/COUT (sky130_fd_sc_hd__fa_4)
   0.26    6.83 v macmul0.A0B0_mul_block.array_multiplier.horizontal[2].vertical[1].multiplier_cell.adder/COUT (sky130_fd_sc_hd__fa_4)
   0.48    7.31 ^ macmul0.A0B0_mul_block.array_multiplier.horizontal[3].vertical[1].multiplier_cell.adder/SUM (sky130_fd_sc_hd__fa_4)
   0.36    7.67 v macmul0.A0B0_mul_block.array_multiplier.horizontal[2].vertical[2].multiplier_cell.adder/SUM (sky130_fd_sc_hd__fa_4)
   0.29    7.96 v macmul0.A0B0_mul_block.array_multiplier.horizontal[1].vertical[3].multiplier_cell.adder/COUT (sky130_fd_sc_hd__fa_4)
   0.26    8.22 v macmul0.A0B0_mul_block.array_multiplier.horizontal[2].vertical[3].multiplier_cell.adder/COUT (sky130_fd_sc_hd__fa_4)
   0.48    8.70 ^ macmul0.A0B0_mul_block.array_multiplier.horizontal[3].vertical[3].multiplier_cell.adder/SUM (sky130_fd_sc_hd__fa_4)
   0.36    9.06 v macmul0.A0B0_mul_block.array_multiplier.horizontal[2].vertical[4].multiplier_cell.adder/SUM (sky130_fd_sc_hd__fa_4)
   0.29    9.35 v macmul0.A0B0_mul_block.array_multiplier.horizontal[1].vertical[5].multiplier_cell.adder/COUT (sky130_fd_sc_hd__fa_4)
   0.26    9.61 v macmul0.A0B0_mul_block.array_multiplier.horizontal[2].vertical[5].multiplier_cell.adder/COUT (sky130_fd_sc_hd__fa_4)
   0.48   10.09 ^ macmul0.A0B0_mul_block.array_multiplier.horizontal[3].vertical[5].multiplier_cell.adder/SUM (sky130_fd_sc_hd__fa_4)
   0.36   10.45 v macmul0.A0B0_mul_block.array_multiplier.horizontal[2].vertical[6].multiplier_cell.adder/SUM (sky130_fd_sc_hd__fa_4)
   0.29   10.74 v macmul0.A0B0_mul_block.array_multiplier.horizontal[1].vertical[7].multiplier_cell.adder/COUT (sky130_fd_sc_hd__fa_4)
   0.26   11.00 v macmul0.A0B0_mul_block.array_multiplier.horizontal[2].vertical[7].multiplier_cell.adder/COUT (sky130_fd_sc_hd__fa_4)
   0.26   11.26 v macmul0.A0B0_mul_block.array_multiplier.horizontal[3].vertical[7].multiplier_cell.adder/COUT (sky130_fd_sc_hd__fa_4)
   0.26   11.52 v macmul0.A0B0_mul_block.array_multiplier.horizontal[4].vertical[7].multiplier_cell.adder/COUT (sky130_fd_sc_hd__fa_4)
   0.26   11.79 v macmul0.A0B0_mul_block.array_multiplier.horizontal[5].vertical[7].multiplier_cell.adder/COUT (sky130_fd_sc_hd__fa_4)
   0.26   12.05 v macmul0.A0B0_mul_block.array_multiplier.horizontal[6].vertical[7].multiplier_cell.adder/COUT (sky130_fd_sc_hd__fa_4)
   0.53   12.58 ^ macmul0.A0B0_mul_block.array_multiplier.horizontal[7].vertical[7].multiplier_cell.adder/SUM (sky130_fd_sc_hd__fa_4)
   0.02   12.59 v _05804_/Y (sky130_fd_sc_hd__inv_8)
   0.13   12.73 v _05805_/X (sky130_fd_sc_hd__a2bb2o_4)
   0.16   12.89 v _05806_/X (sky130_fd_sc_hd__or2_4)
   0.14   13.03 ^ _05833_/Y (sky130_fd_sc_hd__nor3_4)
   0.03   13.06 v _05834_/Y (sky130_fd_sc_hd__a2111oi_4)
   0.14   13.20 ^ _05835_/Y (sky130_fd_sc_hd__nor3_4)
   0.11   13.31 ^ _05836_/X (sky130_fd_sc_hd__and2_4)
   0.07   13.38 ^ _05837_/X (sky130_fd_sc_hd__buf_8)
   0.09   13.47 ^ _05838_/X (sky130_fd_sc_hd__and2_4)
   0.07   13.55 ^ _05839_/X (sky130_fd_sc_hd__buf_8)
   0.01   13.56 v _05882_/Y (sky130_fd_sc_hd__inv_8)
   0.07   13.63 v _05883_/X (sky130_fd_sc_hd__o21a_4)
   0.13   13.76 v _05893_/X (sky130_fd_sc_hd__or2_4)
   0.13   13.90 ^ _05894_/X (sky130_fd_sc_hd__a21bo_4)
   0.11   14.01 v _05895_/X (sky130_fd_sc_hd__a2bb2o_4)
   0.16   14.17 v _05908_/X (sky130_fd_sc_hd__or2_4)
   0.05   14.22 ^ _05909_/Y (sky130_fd_sc_hd__o21ai_4)
   0.02   14.25 v _06126_/Y (sky130_fd_sc_hd__nor2_4)
   0.18   14.43 v _06127_/X (sky130_fd_sc_hd__o32a_4)
   0.14   14.57 v _06128_/X (sky130_fd_sc_hd__or2_4)
   0.15   14.72 v _06133_/X (sky130_fd_sc_hd__or2_4)
   0.11   14.83 v _06134_/X (sky130_fd_sc_hd__buf_1)
   0.05   14.88 ^ _06135_/Y (sky130_fd_sc_hd__inv_8)
   0.07   14.94 ^ _06138_/X (sky130_fd_sc_hd__a21o_4)
   0.12   15.06 v _06537_/X (sky130_fd_sc_hd__a2bb2o_4)
   0.17   15.23 v _06542_/X (sky130_fd_sc_hd__or2_4)
   0.13   15.36 ^ _06544_/X (sky130_fd_sc_hd__a21bo_4)
   0.11   15.47 v _06552_/X (sky130_fd_sc_hd__a2bb2o_4)
   0.15   15.62 v _06578_/X (sky130_fd_sc_hd__or2_4)
   0.08   15.70 v _06579_/X (sky130_fd_sc_hd__o21a_4)
   0.14   15.84 v _06580_/X (sky130_fd_sc_hd__or2_4)
   0.09   15.93 v _06581_/X (sky130_fd_sc_hd__o21a_4)
   0.09   16.02 v _07055_/X (sky130_fd_sc_hd__and2_4)
   0.20   16.22 v _07057_/X (sky130_fd_sc_hd__o32a_4)
   0.14   16.36 v _07058_/X (sky130_fd_sc_hd__o22a_4)
   0.28   16.65 v macaccnegator.C0_adder.adder_chain[22].adder/COUT (sky130_fd_sc_hd__fa_4)
   0.26   16.91 v macaccnegator.C0_adder.adder_chain[23].adder/COUT (sky130_fd_sc_hd__fa_4)
   0.26   17.17 v macaccnegator.C0_adder.adder_chain[24].adder/COUT (sky130_fd_sc_hd__fa_4)
   0.26   17.43 v macaccnegator.C0_adder.adder_chain[25].adder/COUT (sky130_fd_sc_hd__fa_4)
   0.26   17.69 v macaccnegator.C0_adder.adder_chain[26].adder/COUT (sky130_fd_sc_hd__fa_4)
   0.26   17.95 v macaccnegator.C0_adder.adder_chain[27].adder/COUT (sky130_fd_sc_hd__fa_4)
   0.26   18.21 v macaccnegator.C0_adder.adder_chain[28].adder/COUT (sky130_fd_sc_hd__fa_4)
   0.26   18.47 v macaccnegator.C0_adder.adder_chain[29].adder/COUT (sky130_fd_sc_hd__fa_4)
   0.26   18.74 v macaccnegator.C0_adder.adder_chain[30].adder/COUT (sky130_fd_sc_hd__fa_4)
   0.25   18.99 v macaccnegator.C0_adder.adder_chain[31].adder/COUT (sky130_fd_sc_hd__fa_4)
   0.16   19.15 v _07120_/X (sky130_fd_sc_hd__or2_4)
   0.25   19.40 v macaccnegator.C1_adder.adder_chain[0].adder/COUT (sky130_fd_sc_hd__fa_4)
   0.26   19.66 v macaccnegator.C1_adder.adder_chain[1].adder/COUT (sky130_fd_sc_hd__fa_4)
   0.26   19.92 v macaccnegator.C1_adder.adder_chain[2].adder/COUT (sky130_fd_sc_hd__fa_4)
   0.26   20.19 v macaccnegator.C1_adder.adder_chain[3].adder/COUT (sky130_fd_sc_hd__fa_4)
   0.26   20.45 v macaccnegator.C1_adder.adder_chain[4].adder/COUT (sky130_fd_sc_hd__fa_4)
   0.26   20.71 v macaccnegator.C1_adder.adder_chain[5].adder/COUT (sky130_fd_sc_hd__fa_4)
   0.26   20.97 v macaccnegator.C1_adder.adder_chain[6].adder/COUT (sky130_fd_sc_hd__fa_4)
   0.26   21.23 v macaccnegator.C1_adder.adder_chain[7].adder/COUT (sky130_fd_sc_hd__fa_4)
   0.26   21.49 v macaccnegator.C1_adder.adder_chain[8].adder/COUT (sky130_fd_sc_hd__fa_4)
   0.26   21.75 v macaccnegator.C1_adder.adder_chain[9].adder/COUT (sky130_fd_sc_hd__fa_4)
   0.26   22.01 v macaccnegator.C1_adder.adder_chain[10].adder/COUT (sky130_fd_sc_hd__fa_4)
   0.26   22.28 v macaccnegator.C1_adder.adder_chain[11].adder/COUT (sky130_fd_sc_hd__fa_4)
   0.26   22.54 v macaccnegator.C1_adder.adder_chain[12].adder/COUT (sky130_fd_sc_hd__fa_4)
   0.26   22.80 v macaccnegator.C1_adder.adder_chain[13].adder/COUT (sky130_fd_sc_hd__fa_4)
   0.26   23.06 v macaccnegator.C1_adder.adder_chain[14].adder/COUT (sky130_fd_sc_hd__fa_4)
   0.26   23.32 v macaccnegator.C1_adder.adder_chain[15].adder/COUT (sky130_fd_sc_hd__fa_4)
   0.26   23.58 v macaccnegator.C1_adder.adder_chain[16].adder/COUT (sky130_fd_sc_hd__fa_4)
   0.26   23.84 v macaccnegator.C1_adder.adder_chain[17].adder/COUT (sky130_fd_sc_hd__fa_4)
   0.26   24.10 v macaccnegator.C1_adder.adder_chain[18].adder/COUT (sky130_fd_sc_hd__fa_4)
   0.26   24.37 v macaccnegator.C1_adder.adder_chain[19].adder/COUT (sky130_fd_sc_hd__fa_4)
   0.26   24.63 v macaccnegator.C1_adder.adder_chain[20].adder/COUT (sky130_fd_sc_hd__fa_4)
   0.26   24.89 v macaccnegator.C1_adder.adder_chain[21].adder/COUT (sky130_fd_sc_hd__fa_4)
   0.26   25.15 v macaccnegator.C1_adder.adder_chain[22].adder/COUT (sky130_fd_sc_hd__fa_4)
   0.26   25.41 v macaccnegator.C1_adder.adder_chain[23].adder/COUT (sky130_fd_sc_hd__fa_4)
   0.26   25.67 v macaccnegator.C1_adder.adder_chain[24].adder/COUT (sky130_fd_sc_hd__fa_4)
   0.26   25.93 v macaccnegator.C1_adder.adder_chain[25].adder/COUT (sky130_fd_sc_hd__fa_4)
   0.26   26.19 v macaccnegator.C1_adder.adder_chain[26].adder/COUT (sky130_fd_sc_hd__fa_4)
   0.26   26.46 v macaccnegator.C1_adder.adder_chain[27].adder/COUT (sky130_fd_sc_hd__fa_4)
   0.26   26.72 v macaccnegator.C1_adder.adder_chain[28].adder/COUT (sky130_fd_sc_hd__fa_4)
   0.26   26.98 v macaccnegator.C1_adder.adder_chain[29].adder/COUT (sky130_fd_sc_hd__fa_4)
   0.26   27.24 v macaccnegator.C1_adder.adder_chain[30].adder/COUT (sky130_fd_sc_hd__fa_4)
   0.25   27.49 v macaccnegator.C1_adder.adder_chain[31].adder/COUT (sky130_fd_sc_hd__fa_4)
   0.16   27.65 v _07119_/X (sky130_fd_sc_hd__or2_4)
   0.25   27.90 v macaccnegator.C2_adder.adder_chain[0].adder/COUT (sky130_fd_sc_hd__fa_4)
   0.26   28.17 v macaccnegator.C2_adder.adder_chain[1].adder/COUT (sky130_fd_sc_hd__fa_4)
   0.26   28.43 v macaccnegator.C2_adder.adder_chain[2].adder/COUT (sky130_fd_sc_hd__fa_4)
   0.26   28.69 v macaccnegator.C2_adder.adder_chain[3].adder/COUT (sky130_fd_sc_hd__fa_4)
   0.26   28.95 v macaccnegator.C2_adder.adder_chain[4].adder/COUT (sky130_fd_sc_hd__fa_4)
   0.26   29.21 v macaccnegator.C2_adder.adder_chain[5].adder/COUT (sky130_fd_sc_hd__fa_4)
   0.26   29.47 v macaccnegator.C2_adder.adder_chain[6].adder/COUT (sky130_fd_sc_hd__fa_4)
   0.26   29.73 v macaccnegator.C2_adder.adder_chain[7].adder/COUT (sky130_fd_sc_hd__fa_4)
   0.26   29.99 v macaccnegator.C2_adder.adder_chain[8].adder/COUT (sky130_fd_sc_hd__fa_4)
   0.26   30.26 v macaccnegator.C2_adder.adder_chain[9].adder/COUT (sky130_fd_sc_hd__fa_4)
   0.26   30.52 v macaccnegator.C2_adder.adder_chain[10].adder/COUT (sky130_fd_sc_hd__fa_4)
   0.26   30.78 v macaccnegator.C2_adder.adder_chain[11].adder/COUT (sky130_fd_sc_hd__fa_4)
   0.26   31.04 v macaccnegator.C2_adder.adder_chain[12].adder/COUT (sky130_fd_sc_hd__fa_4)
   0.26   31.30 v macaccnegator.C2_adder.adder_chain[13].adder/COUT (sky130_fd_sc_hd__fa_4)
   0.26   31.56 v macaccnegator.C2_adder.adder_chain[14].adder/COUT (sky130_fd_sc_hd__fa_4)
   0.26   31.82 v macaccnegator.C2_adder.adder_chain[15].adder/COUT (sky130_fd_sc_hd__fa_4)
   0.26   32.08 v macaccnegator.C2_adder.adder_chain[16].adder/COUT (sky130_fd_sc_hd__fa_4)
   0.26   32.35 v macaccnegator.C2_adder.adder_chain[17].adder/COUT (sky130_fd_sc_hd__fa_4)
   0.26   32.61 v macaccnegator.C2_adder.adder_chain[18].adder/COUT (sky130_fd_sc_hd__fa_4)
   0.26   32.87 v macaccnegator.C2_adder.adder_chain[19].adder/COUT (sky130_fd_sc_hd__fa_4)
   0.26   33.13 v macaccnegator.C2_adder.adder_chain[20].adder/COUT (sky130_fd_sc_hd__fa_4)
   0.26   33.39 v macaccnegator.C2_adder.adder_chain[21].adder/COUT (sky130_fd_sc_hd__fa_4)
   0.26   33.65 v macaccnegator.C2_adder.adder_chain[22].adder/COUT (sky130_fd_sc_hd__fa_4)
   0.26   33.91 v macaccnegator.C2_adder.adder_chain[23].adder/COUT (sky130_fd_sc_hd__fa_4)
   0.26   34.17 v macaccnegator.C2_adder.adder_chain[24].adder/COUT (sky130_fd_sc_hd__fa_4)
   0.26   34.44 v macaccnegator.C2_adder.adder_chain[25].adder/COUT (sky130_fd_sc_hd__fa_4)
   0.26   34.70 v macaccnegator.C2_adder.adder_chain[26].adder/COUT (sky130_fd_sc_hd__fa_4)
   0.26   34.96 v macaccnegator.C2_adder.adder_chain[27].adder/COUT (sky130_fd_sc_hd__fa_4)
   0.26   35.22 v macaccnegator.C2_adder.adder_chain[28].adder/COUT (sky130_fd_sc_hd__fa_4)
   0.26   35.48 v macaccnegator.C2_adder.adder_chain[29].adder/COUT (sky130_fd_sc_hd__fa_4)
   0.26   35.74 v macaccnegator.C2_adder.adder_chain[30].adder/COUT (sky130_fd_sc_hd__fa_4)
   0.25   35.99 v macaccnegator.C2_adder.adder_chain[31].adder/COUT (sky130_fd_sc_hd__fa_4)
   0.16   36.15 v _07117_/X (sky130_fd_sc_hd__or2_4)
   0.25   36.41 v macaccnegator.C3_adder.adder_chain[0].adder/COUT (sky130_fd_sc_hd__fa_4)
   0.26   36.67 v macaccnegator.C3_adder.adder_chain[1].adder/COUT (sky130_fd_sc_hd__fa_4)
   0.26   36.93 v macaccnegator.C3_adder.adder_chain[2].adder/COUT (sky130_fd_sc_hd__fa_4)
   0.26   37.19 v macaccnegator.C3_adder.adder_chain[3].adder/COUT (sky130_fd_sc_hd__fa_4)
   0.26   37.45 v macaccnegator.C3_adder.adder_chain[4].adder/COUT (sky130_fd_sc_hd__fa_4)
   0.26   37.71 v macaccnegator.C3_adder.adder_chain[5].adder/COUT (sky130_fd_sc_hd__fa_4)
   0.26   37.97 v macaccnegator.C3_adder.adder_chain[6].adder/COUT (sky130_fd_sc_hd__fa_4)
   0.26   38.24 v macaccnegator.C3_adder.adder_chain[7].adder/COUT (sky130_fd_sc_hd__fa_4)
   0.26   38.50 v macaccnegator.C3_adder.adder_chain[8].adder/COUT (sky130_fd_sc_hd__fa_4)
   0.26   38.76 v macaccnegator.C3_adder.adder_chain[9].adder/COUT (sky130_fd_sc_hd__fa_4)
   0.26   39.02 v macaccnegator.C3_adder.adder_chain[10].adder/COUT (sky130_fd_sc_hd__fa_4)
   0.26   39.28 v macaccnegator.C3_adder.adder_chain[11].adder/COUT (sky130_fd_sc_hd__fa_4)
   0.26   39.54 v macaccnegator.C3_adder.adder_chain[12].adder/COUT (sky130_fd_sc_hd__fa_4)
   0.26   39.80 v macaccnegator.C3_adder.adder_chain[13].adder/COUT (sky130_fd_sc_hd__fa_4)
   0.26   40.06 v macaccnegator.C3_adder.adder_chain[14].adder/COUT (sky130_fd_sc_hd__fa_4)
   0.26   40.33 v macaccnegator.C3_adder.adder_chain[15].adder/COUT (sky130_fd_sc_hd__fa_4)
   0.26   40.59 v macaccnegator.C3_adder.adder_chain[16].adder/COUT (sky130_fd_sc_hd__fa_4)
   0.26   40.85 v macaccnegator.C3_adder.adder_chain[17].adder/COUT (sky130_fd_sc_hd__fa_4)
   0.26   41.11 v macaccnegator.C3_adder.adder_chain[18].adder/COUT (sky130_fd_sc_hd__fa_4)
   0.26   41.37 v macaccnegator.C3_adder.adder_chain[19].adder/COUT (sky130_fd_sc_hd__fa_4)
   0.26   41.63 v macaccnegator.C3_adder.adder_chain[20].adder/COUT (sky130_fd_sc_hd__fa_4)
   0.26   41.89 v macaccnegator.C3_adder.adder_chain[21].adder/COUT (sky130_fd_sc_hd__fa_4)
   0.26   42.15 v macaccnegator.C3_adder.adder_chain[22].adder/COUT (sky130_fd_sc_hd__fa_4)
   0.26   42.42 v macaccnegator.C3_adder.adder_chain[23].adder/COUT (sky130_fd_sc_hd__fa_4)
   0.26   42.68 v macaccnegator.C3_adder.adder_chain[24].adder/COUT (sky130_fd_sc_hd__fa_4)
   0.26   42.94 v macaccnegator.C3_adder.adder_chain[25].adder/COUT (sky130_fd_sc_hd__fa_4)
   0.26   43.20 v macaccnegator.C3_adder.adder_chain[26].adder/COUT (sky130_fd_sc_hd__fa_4)
   0.26   43.46 v macaccnegator.C3_adder.adder_chain[27].adder/COUT (sky130_fd_sc_hd__fa_4)
   0.26   43.72 v macaccnegator.C3_adder.adder_chain[28].adder/COUT (sky130_fd_sc_hd__fa_4)
   0.26   43.98 v macaccnegator.C3_adder.adder_chain[29].adder/COUT (sky130_fd_sc_hd__fa_4)
   0.47   44.45 ^ macaccnegator.C3_adder.adder_chain[30].adder/SUM (sky130_fd_sc_hd__fa_4)
   0.07   44.52 ^ _05518_/X (sky130_fd_sc_hd__and2_4)
   0.08   44.61 ^ _05519_/X (sky130_fd_sc_hd__buf_4)
   0.02   44.63 v _07848_/Y (sky130_fd_sc_hd__inv_8)
   0.13   44.75 v _07849_/X (sky130_fd_sc_hd__a2bb2o_4)
   0.15   44.91 v _07855_/X (sky130_fd_sc_hd__or2_4)
   0.08   44.99 v _07857_/X (sky130_fd_sc_hd__o21a_4)
   0.12   45.11 v _07860_/X (sky130_fd_sc_hd__o21a_4)
   0.00   45.11 v _10510_/D (sky130_fd_sc_hd__dfxtp_4)
          45.11   data arrival time

  12.00   12.00   clock vclk (rise edge)
   0.00   12.00   clock network delay (ideal)
   0.00   12.00   clock reconvergence pessimism
          12.00 ^ _10510_/CLK (sky130_fd_sc_hd__dfxtp_4)
  -0.07   11.93   library setup time
          11.93   data required time
---------------------------------------------------------
          11.93   data required time
         -45.11   data arrival time
---------------------------------------------------------
         -33.18   slack (VIOLATED)


