
30. Printing statistics.

=== mac_cluster ===

   Number of wires:               8557
   Number of wire bits:           8868
   Number of public wires:        4058
   Number of public wire bits:    4369
   Number of memories:               0
   Number of memory bits:            0
   Number of processes:              0
   Number of cells:               7452
     sky130_fd_sc_hd__a2111oi_4      2
     sky130_fd_sc_hd__a211o_4       75
     sky130_fd_sc_hd__a21bo_4      184
     sky130_fd_sc_hd__a21boi_4      56
     sky130_fd_sc_hd__a21o_4        82
     sky130_fd_sc_hd__a21oi_4       34
     sky130_fd_sc_hd__a22oi_4       65
     sky130_fd_sc_hd__a2bb2o_4     157
     sky130_fd_sc_hd__a2bb2oi_4     17
     sky130_fd_sc_hd__a32o_4       141
     sky130_fd_sc_hd__a32oi_4       41
     sky130_fd_sc_hd__and2_4       327
     sky130_fd_sc_hd__and3_4        53
     sky130_fd_sc_hd__and4_4         2
     sky130_fd_sc_hd__buf_1        714
     sky130_fd_sc_hd__buf_4         30
     sky130_fd_sc_hd__buf_8         46
     sky130_fd_sc_hd__conb_1       460
     sky130_fd_sc_hd__dfxtp_4      256
     sky130_fd_sc_hd__fa_1        1216
     sky130_fd_sc_hd__inv_16         3
     sky130_fd_sc_hd__inv_8        513
     sky130_fd_sc_hd__nand2_4      223
     sky130_fd_sc_hd__nand3_4        1
     sky130_fd_sc_hd__nor2_4      1275
     sky130_fd_sc_hd__nor3_4        87
     sky130_fd_sc_hd__nor4_4        11
     sky130_fd_sc_hd__o21a_4       261
     sky130_fd_sc_hd__o21ai_4       85
     sky130_fd_sc_hd__o22a_4       253
     sky130_fd_sc_hd__o32a_4        12
     sky130_fd_sc_hd__or2_4        732
     sky130_fd_sc_hd__or3_4         22
     sky130_fd_sc_hd__or4_4         11
     sky130_fd_sc_hd__xor2_4         5

   Area for cell type \sky130_fd_sc_hd__fa_1 is unknown!

   Chip area for module '\mac_cluster': 72484.518400

