Startpoint: _10144_ (rising edge-triggered flip-flop clocked by clk)
Endpoint: _10016_ (rising edge-triggered flip-flop clocked by clk)
Path Group: clk
Path Type: min

  Delay    Time   Description
---------------------------------------------------------
   0.00    0.00   clock clk (rise edge)
   0.00    0.00   clock network delay (ideal)
   0.00    0.00 ^ _10144_/CLK (sky130_fd_sc_hd__dfxtp_4)
   0.21    0.21 ^ _10144_/Q (sky130_fd_sc_hd__dfxtp_4)
   0.00    0.21 ^ _10016_/D (sky130_fd_sc_hd__dfxtp_4)
           0.21   data arrival time

   0.00    0.00   clock clk (rise edge)
   0.00    0.00   clock network delay (ideal)
   0.00    0.00   clock reconvergence pessimism
           0.00 ^ _10016_/CLK (sky130_fd_sc_hd__dfxtp_4)
  -0.02   -0.02   library hold time
          -0.02   data required time
---------------------------------------------------------
          -0.02   data required time
          -0.21   data arrival time
---------------------------------------------------------
           0.22   slack (MET)


Startpoint: _10290_ (rising edge-triggered flip-flop clocked by clk)
Endpoint: _10235_ (rising edge-triggered flip-flop clocked by clk)
Path Group: clk
Path Type: max

  Delay    Time   Description
---------------------------------------------------------
   0.00    0.00   clock clk (rise edge)
   0.00    0.00   clock network delay (ideal)
   0.00    0.00 ^ _10290_/CLK (sky130_fd_sc_hd__dfxtp_4)
   0.68    0.68 v _10290_/Q (sky130_fd_sc_hd__dfxtp_4)
   0.09    0.77 ^ _06478_/Y (sky130_fd_sc_hd__inv_8)
   0.52    1.30 ^ _06479_/X (sky130_fd_sc_hd__buf_1)
   0.97    2.26 ^ _07977_/X (sky130_fd_sc_hd__buf_1)
   0.28    2.54 v _07983_/Y (sky130_fd_sc_hd__nor2_2)
   0.74    3.28 v macmul2.A0B2_mul_block.array_multiplier.ha_3/SUM (sky130_fd_sc_hd__ha_1)
   1.14    4.43 v macmul2.A0B2_mul_block.array_multiplier.fa_15/SUM (sky130_fd_sc_hd__fa_1)
   1.13    5.55 v macmul2.A0B2_mul_block.array_multiplier.fa_25/SUM (sky130_fd_sc_hd__fa_1)
   1.03    6.59 v macmul2.A0B2_mul_block.array_multiplier.fa_37/COUT (sky130_fd_sc_hd__fa_4)
   0.94    7.53 v macmul2.A0B2_mul_block.array_multiplier.fa_38/COUT (sky130_fd_sc_hd__fa_4)
   0.93    8.46 v macmul2.A0B2_mul_block.array_multiplier.fa_39/COUT (sky130_fd_sc_hd__fa_4)
   0.93    9.40 v macmul2.A0B2_mul_block.array_multiplier.fa_40/COUT (sky130_fd_sc_hd__fa_4)
   0.94   10.33 v macmul2.A0B2_mul_block.array_multiplier.fa_41/COUT (sky130_fd_sc_hd__fa_4)
   1.33   11.66 v macmul2.A0B2_mul_block.array_multiplier.fa_42/SUM (sky130_fd_sc_hd__fa_4)
   1.11   12.76 v macmul2.block_1_adder.adder_chain[1].adder/COUT (sky130_fd_sc_hd__fa_4)
   0.94   13.70 v macmul2.block_1_adder.adder_chain[2].adder/COUT (sky130_fd_sc_hd__fa_4)
   0.93   14.63 v macmul2.block_1_adder.adder_chain[3].adder/COUT (sky130_fd_sc_hd__fa_4)
   0.94   15.57 v macmul2.block_1_adder.adder_chain[4].adder/COUT (sky130_fd_sc_hd__fa_4)
   0.93   16.50 v macmul2.block_1_adder.adder_chain[5].adder/COUT (sky130_fd_sc_hd__fa_4)
   0.93   17.43 v macmul2.block_1_adder.adder_chain[6].adder/COUT (sky130_fd_sc_hd__fa_4)
   0.97   18.41 v macmul2.block_1_adder.adder_chain[7].adder/COUT (sky130_fd_sc_hd__fa_4)
   0.96   19.37 v macmul2.block_2_adder.adder_chain[0].adder/COUT (sky130_fd_sc_hd__fa_4)
   0.94   20.31 v macmul2.block_2_adder.adder_chain[1].adder/COUT (sky130_fd_sc_hd__fa_4)
   0.94   21.25 v macmul2.block_2_adder.adder_chain[2].adder/COUT (sky130_fd_sc_hd__fa_4)
   0.94   22.18 v macmul2.block_2_adder.adder_chain[3].adder/COUT (sky130_fd_sc_hd__fa_4)
   0.93   23.12 v macmul2.block_2_adder.adder_chain[4].adder/COUT (sky130_fd_sc_hd__fa_4)
   0.94   24.05 v macmul2.block_2_adder.adder_chain[5].adder/COUT (sky130_fd_sc_hd__fa_4)
   0.93   24.99 v macmul2.block_2_adder.adder_chain[6].adder/COUT (sky130_fd_sc_hd__fa_4)
   0.90   25.88 v macmul2.block_2_adder.adder_chain[7].adder/COUT (sky130_fd_sc_hd__fa_4)
   0.40   26.29 v _08061_/X (sky130_fd_sc_hd__and2_2)
   1.28   27.57 v macmul2.block_3_adder.adder_chain[0].adder/SUM (sky130_fd_sc_hd__fa_4)
   0.26   27.83 ^ _06500_/Y (sky130_fd_sc_hd__nor2_2)
   0.10   27.93 v _06501_/Y (sky130_fd_sc_hd__nor3_2)
   0.70   28.64 v _06502_/X (sky130_fd_sc_hd__or2_2)
   1.07   29.70 v maccombiner.partial2_upper_partial3_full_adder.adder_chain[0].adder/COUT (sky130_fd_sc_hd__fa_4)
   0.93   30.63 v maccombiner.partial2_upper_partial3_full_adder.adder_chain[1].adder/COUT (sky130_fd_sc_hd__fa_4)
   0.93   31.56 v maccombiner.partial2_upper_partial3_full_adder.adder_chain[2].adder/COUT (sky130_fd_sc_hd__fa_4)
   0.93   32.49 v maccombiner.partial2_upper_partial3_full_adder.adder_chain[3].adder/COUT (sky130_fd_sc_hd__fa_4)
   0.93   33.42 v maccombiner.partial2_upper_partial3_full_adder.adder_chain[4].adder/COUT (sky130_fd_sc_hd__fa_4)
   0.94   34.36 v maccombiner.partial2_upper_partial3_full_adder.adder_chain[5].adder/COUT (sky130_fd_sc_hd__fa_4)
   0.93   35.29 v maccombiner.partial2_upper_partial3_full_adder.adder_chain[6].adder/COUT (sky130_fd_sc_hd__fa_4)
   0.96   36.25 v maccombiner.partial2_upper_partial3_full_adder.adder_chain[7].adder/COUT (sky130_fd_sc_hd__fa_4)
   0.94   37.19 v maccombiner.partial2_upper_partial3_full_adder.adder_chain[8].adder/COUT (sky130_fd_sc_hd__fa_4)
   0.93   38.12 v maccombiner.partial2_upper_partial3_full_adder.adder_chain[9].adder/COUT (sky130_fd_sc_hd__fa_4)
   0.93   39.06 v maccombiner.partial2_upper_partial3_full_adder.adder_chain[10].adder/COUT (sky130_fd_sc_hd__fa_4)
   0.95   40.01 v maccombiner.partial2_upper_partial3_full_adder.adder_chain[11].adder/COUT (sky130_fd_sc_hd__fa_4)
   0.94   40.94 v maccombiner.partial2_upper_partial3_full_adder.adder_chain[12].adder/COUT (sky130_fd_sc_hd__fa_4)
   0.93   41.87 v maccombiner.partial2_upper_partial3_full_adder.adder_chain[13].adder/COUT (sky130_fd_sc_hd__fa_4)
   0.94   42.81 v maccombiner.partial2_upper_partial3_full_adder.adder_chain[14].adder/COUT (sky130_fd_sc_hd__fa_4)
   0.94   43.76 v maccombiner.partial2_upper_partial3_full_adder.adder_chain[15].adder/COUT (sky130_fd_sc_hd__fa_4)
   0.94   44.70 v maccombiner.partial2_upper_partial3_full_adder.adder_chain[16].adder/COUT (sky130_fd_sc_hd__fa_4)
   0.93   45.62 v maccombiner.partial2_upper_partial3_full_adder.adder_chain[17].adder/COUT (sky130_fd_sc_hd__fa_4)
   0.93   46.55 v maccombiner.partial2_upper_partial3_full_adder.adder_chain[18].adder/COUT (sky130_fd_sc_hd__fa_4)
   0.94   47.49 v maccombiner.partial2_upper_partial3_full_adder.adder_chain[19].adder/COUT (sky130_fd_sc_hd__fa_4)
   0.93   48.43 v maccombiner.partial2_upper_partial3_full_adder.adder_chain[20].adder/COUT (sky130_fd_sc_hd__fa_4)
   0.94   49.37 v maccombiner.partial2_upper_partial3_full_adder.adder_chain[21].adder/COUT (sky130_fd_sc_hd__fa_4)
   0.93   50.30 v maccombiner.partial2_upper_partial3_full_adder.adder_chain[22].adder/COUT (sky130_fd_sc_hd__fa_4)
   0.98   51.28 v maccombiner.partial2_upper_partial3_full_adder.adder_chain[23].adder/COUT (sky130_fd_sc_hd__fa_4)
   0.94   52.22 v maccombiner.partial2_upper_partial3_full_adder.adder_chain[24].adder/COUT (sky130_fd_sc_hd__fa_4)
   0.93   53.15 v maccombiner.partial2_upper_partial3_full_adder.adder_chain[25].adder/COUT (sky130_fd_sc_hd__fa_4)
   0.93   54.09 v maccombiner.partial2_upper_partial3_full_adder.adder_chain[26].adder/COUT (sky130_fd_sc_hd__fa_4)
   0.93   55.02 v maccombiner.partial2_upper_partial3_full_adder.adder_chain[27].adder/COUT (sky130_fd_sc_hd__fa_4)
   0.93   55.95 v maccombiner.partial2_upper_partial3_full_adder.adder_chain[28].adder/COUT (sky130_fd_sc_hd__fa_4)
   0.93   56.88 v maccombiner.partial2_upper_partial3_full_adder.adder_chain[29].adder/COUT (sky130_fd_sc_hd__fa_4)
   0.93   57.81 v maccombiner.partial2_upper_partial3_full_adder.adder_chain[30].adder/COUT (sky130_fd_sc_hd__fa_4)
   0.93   58.75 v maccombiner.partial2_upper_partial3_full_adder.adder_chain[31].adder/COUT (sky130_fd_sc_hd__fa_4)
   0.93   59.68 v maccombiner.partial2_upper_partial3_full_adder.adder_chain[32].adder/COUT (sky130_fd_sc_hd__fa_4)
   0.93   60.61 v maccombiner.partial2_upper_partial3_full_adder.adder_chain[33].adder/COUT (sky130_fd_sc_hd__fa_4)
   0.93   61.54 v maccombiner.partial2_upper_partial3_full_adder.adder_chain[34].adder/COUT (sky130_fd_sc_hd__fa_4)
   0.93   62.47 v maccombiner.partial2_upper_partial3_full_adder.adder_chain[35].adder/COUT (sky130_fd_sc_hd__fa_4)
   0.93   63.40 v maccombiner.partial2_upper_partial3_full_adder.adder_chain[36].adder/COUT (sky130_fd_sc_hd__fa_4)
   0.93   64.33 v maccombiner.partial2_upper_partial3_full_adder.adder_chain[37].adder/COUT (sky130_fd_sc_hd__fa_4)
   0.93   65.26 v maccombiner.partial2_upper_partial3_full_adder.adder_chain[38].adder/COUT (sky130_fd_sc_hd__fa_4)
   1.59   66.85 ^ maccombiner.partial2_upper_partial3_full_adder.adder_chain[39].adder/SUM (sky130_fd_sc_hd__fa_4)
   1.34   68.19 v maccombiner.quad_full_adder.adder_chain[47].adder/SUM (sky130_fd_sc_hd__fa_4)
   0.45   68.64 v _05650_/X (sky130_fd_sc_hd__and3_2)
   0.35   68.99 v _05651_/X (sky130_fd_sc_hd__buf_1)
   1.59   70.58 v _06768_/X (sky130_fd_sc_hd__or4_2)
   1.51   72.09 v _06771_/X (sky130_fd_sc_hd__or4_2)
   0.34   72.43 ^ _06772_/Y (sky130_fd_sc_hd__nor2_2)
   0.28   72.71 ^ _06773_/X (sky130_fd_sc_hd__or2_2)
   0.48   73.20 ^ _06774_/X (sky130_fd_sc_hd__buf_1)
   0.12   73.31 v _06775_/Y (sky130_fd_sc_hd__inv_8)
   1.03   74.34 v _06776_/X (sky130_fd_sc_hd__or3_2)
   0.39   74.73 v _06777_/X (sky130_fd_sc_hd__buf_1)
   0.84   75.57 v _08424_/X (sky130_fd_sc_hd__or2_2)
   0.81   76.38 v _08426_/X (sky130_fd_sc_hd__or2_2)
   0.81   77.19 v _08428_/X (sky130_fd_sc_hd__or2_2)
   0.66   77.85 v _08430_/X (sky130_fd_sc_hd__or2_2)
   0.36   78.20 v _08431_/X (sky130_fd_sc_hd__buf_1)
   0.70   78.90 v _08433_/X (sky130_fd_sc_hd__or2_2)
   0.33   79.23 v _08434_/X (sky130_fd_sc_hd__buf_1)
   0.26   79.49 ^ _08450_/Y (sky130_fd_sc_hd__nor2_2)
   0.43   79.92 v macaccnegator.C2_adder.adder.adders[1].adder.adders[2].adder.adders[2].adder/SUM (sky130_fd_sc_hd__ha_4)
   0.18   80.10 ^ _05455_/Y (sky130_fd_sc_hd__nor2_2)
   0.13   80.24 v _05459_/Y (sky130_fd_sc_hd__nor3_2)
   0.00   80.24 v _10235_/D (sky130_fd_sc_hd__dfxtp_4)
          80.24   data arrival time

  80.00   80.00   clock clk (rise edge)
   0.00   80.00   clock network delay (ideal)
   0.00   80.00   clock reconvergence pessimism
          80.00 ^ _10235_/CLK (sky130_fd_sc_hd__dfxtp_4)
  -0.33   79.67   library setup time
          79.67   data required time
---------------------------------------------------------
          79.67   data required time
         -80.24   data arrival time
---------------------------------------------------------
          -0.56   slack (VIOLATED)


