Startpoint: rst (input port clocked by clk)
Endpoint: _10648_ (rising edge-triggered flip-flop clocked by clk)
Path Group: clk
Path Type: max

  Delay    Time   Description
---------------------------------------------------------
   0.00    0.00   clock clk (rise edge)
   0.00    0.00   clock network delay (ideal)
  16.00   16.00 ^ input external delay
   0.11   16.11 ^ rst (in)
   0.24   16.34 ^ _05347_/X (sky130_fd_sc_hd__or2_2)
   0.88   17.22 ^ _05348_/X (sky130_fd_sc_hd__buf_1)
   1.11   18.33 ^ _05408_/X (sky130_fd_sc_hd__buf_1)
   1.28   19.61 ^ _05545_/X (sky130_fd_sc_hd__buf_1)
   0.41   20.01 v _05557_/Y (sky130_fd_sc_hd__nor3_2)
   0.00   20.01 v _10648_/D (sky130_fd_sc_hd__dfxtp_4)
          20.01   data arrival time

  80.00   80.00   clock clk (rise edge)
   0.00   80.00   clock network delay (ideal)
   0.00   80.00   clock reconvergence pessimism
          80.00 ^ _10648_/CLK (sky130_fd_sc_hd__dfxtp_4)
  -0.35   79.65   library setup time
          79.65   data required time
---------------------------------------------------------
          79.65   data required time
         -20.01   data arrival time
---------------------------------------------------------
          59.64   slack (MET)


