Startpoint: _10533_ (rising edge-triggered flip-flop clocked by clk)
Endpoint: _10398_ (rising edge-triggered flip-flop clocked by clk)
Path Group: clk
Path Type: min

  Delay    Time   Description
---------------------------------------------------------
   0.00    0.00   clock clk (rise edge)
   0.00    0.00   clock network delay (ideal)
   0.00    0.00 ^ _10533_/CLK (sky130_fd_sc_hd__dfxtp_4)
   0.21    0.21 ^ _10533_/Q (sky130_fd_sc_hd__dfxtp_4)
   0.00    0.21 ^ _10398_/D (sky130_fd_sc_hd__dfxtp_4)
           0.21   data arrival time

   0.00    0.00   clock clk (rise edge)
   0.00    0.00   clock network delay (ideal)
   0.00    0.00   clock reconvergence pessimism
           0.00 ^ _10398_/CLK (sky130_fd_sc_hd__dfxtp_4)
  -0.02   -0.02   library hold time
          -0.02   data required time
---------------------------------------------------------
          -0.02   data required time
          -0.21   data arrival time
---------------------------------------------------------
           0.23   slack (MET)


Startpoint: _10679_ (rising edge-triggered flip-flop clocked by clk)
Endpoint: _10624_ (rising edge-triggered flip-flop clocked by clk)
Path Group: clk
Path Type: max

  Delay    Time   Description
---------------------------------------------------------
   0.00    0.00   clock clk (rise edge)
   0.00    0.00   clock network delay (ideal)
   0.00    0.00 ^ _10679_/CLK (sky130_fd_sc_hd__dfxtp_4)
   0.68    0.68 v _10679_/Q (sky130_fd_sc_hd__dfxtp_4)
   0.09    0.77 ^ _06715_/Y (sky130_fd_sc_hd__inv_8)
   0.60    1.37 ^ _06716_/X (sky130_fd_sc_hd__buf_1)
   0.96    2.33 ^ _08259_/X (sky130_fd_sc_hd__buf_1)
   0.28    2.61 v _08265_/Y (sky130_fd_sc_hd__nor2_2)
   0.72    3.34 v macmul2.A0B2_mul_block.array_multiplier.ha_3/SUM (sky130_fd_sc_hd__ha_1)
   1.14    4.48 v macmul2.A0B2_mul_block.array_multiplier.fa_15/SUM (sky130_fd_sc_hd__fa_1)
   1.12    5.60 v macmul2.A0B2_mul_block.array_multiplier.fa_25/SUM (sky130_fd_sc_hd__fa_1)
   1.03    6.63 v macmul2.A0B2_mul_block.array_multiplier.fa_37/COUT (sky130_fd_sc_hd__fa_4)
   0.94    7.56 v macmul2.A0B2_mul_block.array_multiplier.fa_38/COUT (sky130_fd_sc_hd__fa_4)
   0.93    8.50 v macmul2.A0B2_mul_block.array_multiplier.fa_39/COUT (sky130_fd_sc_hd__fa_4)
   0.94    9.43 v macmul2.A0B2_mul_block.array_multiplier.fa_40/COUT (sky130_fd_sc_hd__fa_4)
   0.93   10.37 v macmul2.A0B2_mul_block.array_multiplier.fa_41/COUT (sky130_fd_sc_hd__fa_4)
   0.94   11.30 v macmul2.A0B2_mul_block.array_multiplier.fa_42/COUT (sky130_fd_sc_hd__fa_4)
   0.94   12.24 v macmul2.A0B2_mul_block.array_multiplier.fa_43/COUT (sky130_fd_sc_hd__fa_4)
   0.94   13.18 v macmul2.A0B2_mul_block.array_multiplier.fa_44/COUT (sky130_fd_sc_hd__fa_4)
   1.31   14.49 v macmul2.A0B2_mul_block.array_multiplier.fa_45/SUM (sky130_fd_sc_hd__fa_4)
   1.10   15.59 v macmul2.block_1_adder.adder_chain[4].adder/COUT (sky130_fd_sc_hd__fa_4)
   0.93   16.52 v macmul2.block_1_adder.adder_chain[5].adder/COUT (sky130_fd_sc_hd__fa_4)
   0.93   17.45 v macmul2.block_1_adder.adder_chain[6].adder/COUT (sky130_fd_sc_hd__fa_4)
   0.94   18.40 v macmul2.block_1_adder.adder_chain[7].adder/COUT (sky130_fd_sc_hd__fa_4)
   0.93   19.33 v macmul2.block_2_adder.adder_chain[0].adder/COUT (sky130_fd_sc_hd__fa_4)
   0.93   20.26 v macmul2.block_2_adder.adder_chain[1].adder/COUT (sky130_fd_sc_hd__fa_4)
   0.93   21.20 v macmul2.block_2_adder.adder_chain[2].adder/COUT (sky130_fd_sc_hd__fa_4)
   0.94   22.14 v macmul2.block_2_adder.adder_chain[3].adder/COUT (sky130_fd_sc_hd__fa_4)
   0.93   23.07 v macmul2.block_2_adder.adder_chain[4].adder/COUT (sky130_fd_sc_hd__fa_4)
   0.93   24.01 v macmul2.block_2_adder.adder_chain[5].adder/COUT (sky130_fd_sc_hd__fa_4)
   0.93   24.94 v macmul2.block_2_adder.adder_chain[6].adder/COUT (sky130_fd_sc_hd__fa_4)
   0.90   25.84 v macmul2.block_2_adder.adder_chain[7].adder/COUT (sky130_fd_sc_hd__fa_4)
   0.41   26.25 v _08343_/X (sky130_fd_sc_hd__and2_2)
   0.91   27.15 v macmul2.block_3_adder.adder_chain[0].adder/COUT (sky130_fd_sc_hd__fa_4)
   0.93   28.09 v macmul2.block_3_adder.adder_chain[1].adder/COUT (sky130_fd_sc_hd__fa_4)
   0.93   29.02 v macmul2.block_3_adder.adder_chain[2].adder/COUT (sky130_fd_sc_hd__fa_4)
   0.93   29.95 v macmul2.block_3_adder.adder_chain[3].adder/COUT (sky130_fd_sc_hd__fa_4)
   0.93   30.89 v macmul2.block_3_adder.adder_chain[4].adder/COUT (sky130_fd_sc_hd__fa_4)
   0.93   31.82 v macmul2.block_3_adder.adder_chain[5].adder/COUT (sky130_fd_sc_hd__fa_4)
   0.93   32.75 v macmul2.block_3_adder.adder_chain[6].adder/COUT (sky130_fd_sc_hd__fa_4)
   1.37   34.12 v macmul2.block_3_adder.adder_chain[7].adder/SUM (sky130_fd_sc_hd__fa_4)
   0.28   34.40 ^ _06711_/Y (sky130_fd_sc_hd__nor2_2)
   0.10   34.50 v _06712_/Y (sky130_fd_sc_hd__nor3_2)
   0.68   35.18 v _06713_/X (sky130_fd_sc_hd__or2_2)
   1.07   36.25 v maccombiner.partial2_upper_partial3_full_adder.adder_chain[7].adder/COUT (sky130_fd_sc_hd__fa_4)
   1.44   37.68 v maccombiner.partial2_upper_partial3_full_adder.adder_chain[8].adder/SUM (sky130_fd_sc_hd__fa_4)
   1.08   38.76 v maccombiner.quad_full_adder.adder_chain[16].adder/COUT (sky130_fd_sc_hd__fa_4)
   0.93   39.69 v maccombiner.quad_full_adder.adder_chain[17].adder/COUT (sky130_fd_sc_hd__fa_4)
   0.93   40.63 v maccombiner.quad_full_adder.adder_chain[18].adder/COUT (sky130_fd_sc_hd__fa_4)
   0.94   41.56 v maccombiner.quad_full_adder.adder_chain[19].adder/COUT (sky130_fd_sc_hd__fa_4)
   0.94   42.50 v maccombiner.quad_full_adder.adder_chain[20].adder/COUT (sky130_fd_sc_hd__fa_4)
   0.93   43.43 v maccombiner.quad_full_adder.adder_chain[21].adder/COUT (sky130_fd_sc_hd__fa_4)
   0.94   44.37 v maccombiner.quad_full_adder.adder_chain[22].adder/COUT (sky130_fd_sc_hd__fa_4)
   0.93   45.30 v maccombiner.quad_full_adder.adder_chain[23].adder/COUT (sky130_fd_sc_hd__fa_4)
   0.93   46.23 v maccombiner.quad_full_adder.adder_chain[24].adder/COUT (sky130_fd_sc_hd__fa_4)
   0.94   47.17 v maccombiner.quad_full_adder.adder_chain[25].adder/COUT (sky130_fd_sc_hd__fa_4)
   0.94   48.11 v maccombiner.quad_full_adder.adder_chain[26].adder/COUT (sky130_fd_sc_hd__fa_4)
   0.93   49.04 v maccombiner.quad_full_adder.adder_chain[27].adder/COUT (sky130_fd_sc_hd__fa_4)
   0.94   49.98 v maccombiner.quad_full_adder.adder_chain[28].adder/COUT (sky130_fd_sc_hd__fa_4)
   0.94   50.92 v maccombiner.quad_full_adder.adder_chain[29].adder/COUT (sky130_fd_sc_hd__fa_4)
   0.93   51.85 v maccombiner.quad_full_adder.adder_chain[30].adder/COUT (sky130_fd_sc_hd__fa_4)
   0.93   52.78 v maccombiner.quad_full_adder.adder_chain[31].adder/COUT (sky130_fd_sc_hd__fa_4)
   0.95   53.73 v maccombiner.quad_full_adder.adder_chain[32].adder/COUT (sky130_fd_sc_hd__fa_4)
   0.94   54.67 v maccombiner.quad_full_adder.adder_chain[33].adder/COUT (sky130_fd_sc_hd__fa_4)
   0.94   55.61 v maccombiner.quad_full_adder.adder_chain[34].adder/COUT (sky130_fd_sc_hd__fa_4)
   0.93   56.54 v maccombiner.quad_full_adder.adder_chain[35].adder/COUT (sky130_fd_sc_hd__fa_4)
   0.94   57.48 v maccombiner.quad_full_adder.adder_chain[36].adder/COUT (sky130_fd_sc_hd__fa_4)
   0.93   58.41 v maccombiner.quad_full_adder.adder_chain[37].adder/COUT (sky130_fd_sc_hd__fa_4)
   0.93   59.34 v maccombiner.quad_full_adder.adder_chain[38].adder/COUT (sky130_fd_sc_hd__fa_4)
   0.93   60.27 v maccombiner.quad_full_adder.adder_chain[39].adder/COUT (sky130_fd_sc_hd__fa_4)
   0.93   61.20 v maccombiner.quad_full_adder.adder_chain[40].adder/COUT (sky130_fd_sc_hd__fa_4)
   0.93   62.13 v maccombiner.quad_full_adder.adder_chain[41].adder/COUT (sky130_fd_sc_hd__fa_4)
   0.93   63.07 v maccombiner.quad_full_adder.adder_chain[42].adder/COUT (sky130_fd_sc_hd__fa_4)
   0.93   64.00 v maccombiner.quad_full_adder.adder_chain[43].adder/COUT (sky130_fd_sc_hd__fa_4)
   0.93   64.93 v maccombiner.quad_full_adder.adder_chain[44].adder/COUT (sky130_fd_sc_hd__fa_4)
   0.93   65.86 v maccombiner.quad_full_adder.adder_chain[45].adder/COUT (sky130_fd_sc_hd__fa_4)
   0.93   66.79 v maccombiner.quad_full_adder.adder_chain[46].adder/COUT (sky130_fd_sc_hd__fa_4)
   0.94   67.73 v maccombiner.quad_full_adder.adder_chain[47].adder/COUT (sky130_fd_sc_hd__fa_4)
   1.24   68.98 v maccombiner.quad_full_adder.adder_chain[48].adder/SUM (sky130_fd_sc_hd__fa_4)
   0.39   69.37 v _05847_/X (sky130_fd_sc_hd__and2_2)
   0.68   70.05 v _05848_/X (sky130_fd_sc_hd__or2_2)
   0.39   70.44 v _05849_/X (sky130_fd_sc_hd__buf_1)
   1.01   71.45 v _07000_/X (sky130_fd_sc_hd__or3_2)
   1.30   72.75 v _07001_/X (sky130_fd_sc_hd__or4_2)
   1.16   73.91 v _07012_/X (sky130_fd_sc_hd__or3_2)
   0.39   74.29 v _07013_/X (sky130_fd_sc_hd__buf_1)
   0.84   75.13 v _08701_/X (sky130_fd_sc_hd__or2_2)
   0.81   75.94 v _08702_/X (sky130_fd_sc_hd__or2_2)
   0.81   76.75 v _08707_/X (sky130_fd_sc_hd__or2_2)
   0.67   77.42 v _08708_/X (sky130_fd_sc_hd__or2_2)
   0.36   77.78 v _08709_/X (sky130_fd_sc_hd__buf_1)
   0.69   78.47 v _08721_/X (sky130_fd_sc_hd__or2_2)
   0.34   78.81 v _08722_/X (sky130_fd_sc_hd__buf_1)
   0.23   79.03 ^ _08724_/Y (sky130_fd_sc_hd__nor2_2)
   1.32   80.36 v macaccnegator.C2_adder.adder.adders[1].adder.adders[2].adder.adders[2].adder/SUM (sky130_fd_sc_hd__fa_4)
   0.24   80.60 ^ _05673_/Y (sky130_fd_sc_hd__nor2_2)
   0.11   80.71 v _05677_/Y (sky130_fd_sc_hd__nor3_2)
   0.00   80.71 v _10624_/D (sky130_fd_sc_hd__dfxtp_4)
          80.71   data arrival time

  80.00   80.00   clock clk (rise edge)
   0.00   80.00   clock network delay (ideal)
   0.00   80.00   clock reconvergence pessimism
          80.00 ^ _10624_/CLK (sky130_fd_sc_hd__dfxtp_4)
  -0.32   79.68   library setup time
          79.68   data required time
---------------------------------------------------------
          79.68   data required time
         -80.71   data arrival time
---------------------------------------------------------
          -1.03   slack (VIOLATED)


