Startpoint: _5973_ (rising edge-triggered flip-flop clocked by clk)
Endpoint: _5973_ (rising edge-triggered flip-flop clocked by clk)
Path Group: clk
Path Type: min

  Delay    Time   Description
---------------------------------------------------------
   0.00    0.00   clock clk (rise edge)
   0.00    0.00   clock network delay (ideal)
   0.00    0.00 ^ _5973_/CLK (sky130_fd_sc_hd__dfxtp_4)
   0.23    0.23 v _5973_/Q (sky130_fd_sc_hd__dfxtp_4)
   0.05    0.27 ^ _2217_/Y (sky130_fd_sc_hd__inv_8)
   0.08    0.35 ^ _2218_/X (sky130_fd_sc_hd__a21o_4)
   0.01    0.36 v _2219_/Y (sky130_fd_sc_hd__nor2_4)
   0.00    0.36 v _5973_/D (sky130_fd_sc_hd__dfxtp_4)
           0.36   data arrival time

   0.00    0.00   clock clk (rise edge)
   0.00    0.00   clock network delay (ideal)
   0.00    0.00   clock reconvergence pessimism
           0.00 ^ _5973_/CLK (sky130_fd_sc_hd__dfxtp_4)
  -0.03   -0.03   library hold time
          -0.03   data required time
---------------------------------------------------------
          -0.03   data required time
          -0.36   data arrival time
---------------------------------------------------------
           0.39   slack (MET)


Startpoint: B0[0] (input port clocked by clk)
Endpoint: _5971_ (rising edge-triggered flip-flop clocked by clk)
Path Group: clk
Path Type: max

  Delay    Time   Description
---------------------------------------------------------
   0.00    0.00   clock clk (rise edge)
   0.00    0.00   clock network delay (ideal)
   2.00    2.00 ^ input external delay
   0.05    2.05 ^ B0[0] (in)
   0.05    2.10 v _3720_/Y (sky130_fd_sc_hd__inv_8)
   1.01    3.11 v macmulnegator.B0_adder.adder_chain[0].adder/COUT (sky130_fd_sc_hd__fa_4)
   0.93    4.04 v macmulnegator.B0_adder.adder_chain[1].adder/COUT (sky130_fd_sc_hd__fa_4)
   0.93    4.97 v macmulnegator.B0_adder.adder_chain[2].adder/COUT (sky130_fd_sc_hd__fa_4)
   0.93    5.89 v macmulnegator.B0_adder.adder_chain[3].adder/COUT (sky130_fd_sc_hd__fa_4)
   0.93    6.82 v macmulnegator.B0_adder.adder_chain[4].adder/COUT (sky130_fd_sc_hd__fa_4)
   0.93    7.75 v macmulnegator.B0_adder.adder_chain[5].adder/COUT (sky130_fd_sc_hd__fa_4)
   0.93    8.67 v macmulnegator.B0_adder.adder_chain[6].adder/COUT (sky130_fd_sc_hd__fa_4)
   0.90    9.57 v macmulnegator.B0_adder.adder_chain[7].adder/COUT (sky130_fd_sc_hd__fa_4)
   0.51   10.08 v _3631_/X (sky130_fd_sc_hd__or2_4)
   0.90   10.98 v macmulnegator.B1_adder.adder_chain[0].adder/COUT (sky130_fd_sc_hd__fa_4)
   0.93   11.90 v macmulnegator.B1_adder.adder_chain[1].adder/COUT (sky130_fd_sc_hd__fa_4)
   0.93   12.83 v macmulnegator.B1_adder.adder_chain[2].adder/COUT (sky130_fd_sc_hd__fa_4)
   0.93   13.76 v macmulnegator.B1_adder.adder_chain[3].adder/COUT (sky130_fd_sc_hd__fa_4)
   0.93   14.68 v macmulnegator.B1_adder.adder_chain[4].adder/COUT (sky130_fd_sc_hd__fa_4)
   0.93   15.61 v macmulnegator.B1_adder.adder_chain[5].adder/COUT (sky130_fd_sc_hd__fa_4)
   0.93   16.54 v macmulnegator.B1_adder.adder_chain[6].adder/COUT (sky130_fd_sc_hd__fa_4)
   0.91   17.45 v macmulnegator.B1_adder.adder_chain[7].adder/COUT (sky130_fd_sc_hd__fa_4)
   0.50   17.95 v _3630_/X (sky130_fd_sc_hd__or2_4)
   0.90   18.85 v macmulnegator.B2_adder.adder_chain[0].adder/COUT (sky130_fd_sc_hd__fa_4)
   0.93   19.78 v macmulnegator.B2_adder.adder_chain[1].adder/COUT (sky130_fd_sc_hd__fa_4)
   0.93   20.70 v macmulnegator.B2_adder.adder_chain[2].adder/COUT (sky130_fd_sc_hd__fa_4)
   0.93   21.63 v macmulnegator.B2_adder.adder_chain[3].adder/COUT (sky130_fd_sc_hd__fa_4)
   0.93   22.56 v macmulnegator.B2_adder.adder_chain[4].adder/COUT (sky130_fd_sc_hd__fa_4)
   0.93   23.49 v macmulnegator.B2_adder.adder_chain[5].adder/COUT (sky130_fd_sc_hd__fa_4)
   0.93   24.41 v macmulnegator.B2_adder.adder_chain[6].adder/COUT (sky130_fd_sc_hd__fa_4)
   0.91   25.32 v macmulnegator.B2_adder.adder_chain[7].adder/COUT (sky130_fd_sc_hd__fa_4)
   0.50   25.83 v _3629_/X (sky130_fd_sc_hd__or2_4)
   0.90   26.72 v macmulnegator.B3_adder.adder_chain[0].adder/COUT (sky130_fd_sc_hd__fa_4)
   1.31   28.03 v macmulnegator.B3_adder.adder_chain[1].adder/SUM (sky130_fd_sc_hd__fa_4)
   0.25   28.28 ^ _4655_/Y (sky130_fd_sc_hd__a22oi_4)
   1.04   29.32 ^ _4823_/X (sky130_fd_sc_hd__buf_1)
   0.26   29.58 v _4826_/Y (sky130_fd_sc_hd__nor2_4)
   1.37   30.95 v macmul3.A0B3_mul_block.array_multiplier.horizontal[1].vertical[0].multiplier_cell.adder/SUM (sky130_fd_sc_hd__fa_4)
   1.09   32.04 v macmul3.A0B3_mul_block.array_multiplier.horizontal[0].vertical[1].multiplier_cell.adder/COUT (sky130_fd_sc_hd__fa_4)
   0.93   32.97 v macmul3.A0B3_mul_block.array_multiplier.horizontal[1].vertical[1].multiplier_cell.adder/COUT (sky130_fd_sc_hd__fa_4)
   1.30   34.27 v macmul3.A0B3_mul_block.array_multiplier.horizontal[2].vertical[1].multiplier_cell.adder/SUM (sky130_fd_sc_hd__fa_4)
   1.09   35.37 v macmul3.A0B3_mul_block.array_multiplier.horizontal[1].vertical[2].multiplier_cell.adder/COUT (sky130_fd_sc_hd__fa_4)
   0.93   36.29 v macmul3.A0B3_mul_block.array_multiplier.horizontal[2].vertical[2].multiplier_cell.adder/COUT (sky130_fd_sc_hd__fa_4)
   0.93   37.22 v macmul3.A0B3_mul_block.array_multiplier.horizontal[3].vertical[2].multiplier_cell.adder/COUT (sky130_fd_sc_hd__fa_4)
   0.93   38.15 v macmul3.A0B3_mul_block.array_multiplier.horizontal[4].vertical[2].multiplier_cell.adder/COUT (sky130_fd_sc_hd__fa_4)
   0.93   39.08 v macmul3.A0B3_mul_block.array_multiplier.horizontal[5].vertical[2].multiplier_cell.adder/COUT (sky130_fd_sc_hd__fa_4)
   0.93   40.00 v macmul3.A0B3_mul_block.array_multiplier.horizontal[6].vertical[2].multiplier_cell.adder/COUT (sky130_fd_sc_hd__fa_4)
   1.56   41.56 ^ macmul3.A0B3_mul_block.array_multiplier.horizontal[7].vertical[2].multiplier_cell.adder/SUM (sky130_fd_sc_hd__fa_4)
   1.29   42.85 v macmul3.A0B3_mul_block.array_multiplier.horizontal[6].vertical[3].multiplier_cell.adder/SUM (sky130_fd_sc_hd__fa_4)
   1.09   43.94 v macmul3.A0B3_mul_block.array_multiplier.horizontal[5].vertical[4].multiplier_cell.adder/COUT (sky130_fd_sc_hd__fa_4)
   0.93   44.87 v macmul3.A0B3_mul_block.array_multiplier.horizontal[6].vertical[4].multiplier_cell.adder/COUT (sky130_fd_sc_hd__fa_4)
   1.56   46.43 ^ macmul3.A0B3_mul_block.array_multiplier.horizontal[7].vertical[4].multiplier_cell.adder/SUM (sky130_fd_sc_hd__fa_4)
   1.29   47.72 v macmul3.A0B3_mul_block.array_multiplier.horizontal[6].vertical[5].multiplier_cell.adder/SUM (sky130_fd_sc_hd__fa_4)
   1.09   48.81 v macmul3.A0B3_mul_block.array_multiplier.horizontal[5].vertical[6].multiplier_cell.adder/COUT (sky130_fd_sc_hd__fa_4)
   1.56   50.37 ^ macmul3.A0B3_mul_block.array_multiplier.horizontal[6].vertical[6].multiplier_cell.adder/SUM (sky130_fd_sc_hd__fa_4)
   1.29   51.66 v macmul3.A0B3_mul_block.array_multiplier.horizontal[5].vertical[7].multiplier_cell.adder/SUM (sky130_fd_sc_hd__fa_4)
   1.09   52.75 v macmul3.block_1_adder.adder_chain[4].adder/COUT (sky130_fd_sc_hd__fa_4)
   0.93   53.68 v macmul3.block_1_adder.adder_chain[5].adder/COUT (sky130_fd_sc_hd__fa_4)
   0.93   54.61 v macmul3.block_1_adder.adder_chain[6].adder/COUT (sky130_fd_sc_hd__fa_4)
   0.93   55.53 v macmul3.block_1_adder.adder_chain[7].adder/COUT (sky130_fd_sc_hd__fa_4)
   0.93   56.46 v macmul3.block_2_adder.adder_chain[0].adder/COUT (sky130_fd_sc_hd__fa_4)
   0.93   57.39 v macmul3.block_2_adder.adder_chain[1].adder/COUT (sky130_fd_sc_hd__fa_4)
   0.93   58.32 v macmul3.block_2_adder.adder_chain[2].adder/COUT (sky130_fd_sc_hd__fa_4)
   0.93   59.25 v macmul3.block_2_adder.adder_chain[3].adder/COUT (sky130_fd_sc_hd__fa_4)
   0.93   60.17 v macmul3.block_2_adder.adder_chain[4].adder/COUT (sky130_fd_sc_hd__fa_4)
   0.93   61.10 v macmul3.block_2_adder.adder_chain[5].adder/COUT (sky130_fd_sc_hd__fa_4)
   0.93   62.03 v macmul3.block_2_adder.adder_chain[6].adder/COUT (sky130_fd_sc_hd__fa_4)
   0.90   62.93 v macmul3.block_2_adder.adder_chain[7].adder/COUT (sky130_fd_sc_hd__fa_4)
   0.28   63.21 v _4907_/X (sky130_fd_sc_hd__and2_4)
   1.25   64.45 v macmul3.block_3_adder.adder_chain[0].adder/SUM (sky130_fd_sc_hd__fa_4)
   0.52   64.98 v _2960_/X (sky130_fd_sc_hd__or2_4)
   0.55   65.53 v _2961_/X (sky130_fd_sc_hd__a32o_4)
   0.98   66.50 v maccombiner.partial2_upper_partial3_full_adder.adder_chain[8].adder/COUT (sky130_fd_sc_hd__fa_4)
   0.93   67.43 v maccombiner.partial2_upper_partial3_full_adder.adder_chain[9].adder/COUT (sky130_fd_sc_hd__fa_4)
   0.93   68.36 v maccombiner.partial2_upper_partial3_full_adder.adder_chain[10].adder/COUT (sky130_fd_sc_hd__fa_4)
   0.93   69.28 v maccombiner.partial2_upper_partial3_full_adder.adder_chain[11].adder/COUT (sky130_fd_sc_hd__fa_4)
   1.33   70.61 v maccombiner.partial2_upper_partial3_full_adder.adder_chain[12].adder/SUM (sky130_fd_sc_hd__fa_4)
   1.03   71.64 v maccombiner.quad_full_adder.adder_chain[20].adder/COUT (sky130_fd_sc_hd__fa_4)
   0.93   72.57 v maccombiner.quad_full_adder.adder_chain[21].adder/COUT (sky130_fd_sc_hd__fa_4)
   0.93   73.50 v maccombiner.quad_full_adder.adder_chain[22].adder/COUT (sky130_fd_sc_hd__fa_4)
   0.93   74.43 v maccombiner.quad_full_adder.adder_chain[23].adder/COUT (sky130_fd_sc_hd__fa_4)
   0.93   75.35 v maccombiner.quad_full_adder.adder_chain[24].adder/COUT (sky130_fd_sc_hd__fa_4)
   0.93   76.28 v maccombiner.quad_full_adder.adder_chain[25].adder/COUT (sky130_fd_sc_hd__fa_4)
   0.93   77.21 v maccombiner.quad_full_adder.adder_chain[26].adder/COUT (sky130_fd_sc_hd__fa_4)
   0.93   78.14 v maccombiner.quad_full_adder.adder_chain[27].adder/COUT (sky130_fd_sc_hd__fa_4)
   0.93   79.06 v maccombiner.quad_full_adder.adder_chain[28].adder/COUT (sky130_fd_sc_hd__fa_4)
   0.93   79.99 v maccombiner.quad_full_adder.adder_chain[29].adder/COUT (sky130_fd_sc_hd__fa_4)
   0.93   80.92 v maccombiner.quad_full_adder.adder_chain[30].adder/COUT (sky130_fd_sc_hd__fa_4)
   1.52   82.44 ^ maccombiner.quad_full_adder.adder_chain[31].adder/SUM (sky130_fd_sc_hd__fa_4)
   0.21   82.65 ^ _3290_/X (sky130_fd_sc_hd__or2_4)
   0.48   83.13 ^ _3292_/X (sky130_fd_sc_hd__a32o_4)
   0.09   83.23 v _3690_/Y (sky130_fd_sc_hd__inv_8)
   1.02   84.25 v macaccnegator.C1_adder.adder_chain[15].adder/COUT (sky130_fd_sc_hd__fa_4)
   0.93   85.18 v macaccnegator.C1_adder.adder_chain[16].adder/COUT (sky130_fd_sc_hd__fa_4)
   0.93   86.10 v macaccnegator.C1_adder.adder_chain[17].adder/COUT (sky130_fd_sc_hd__fa_4)
   0.93   87.03 v macaccnegator.C1_adder.adder_chain[18].adder/COUT (sky130_fd_sc_hd__fa_4)
   0.93   87.96 v macaccnegator.C1_adder.adder_chain[19].adder/COUT (sky130_fd_sc_hd__fa_4)
   0.93   88.88 v macaccnegator.C1_adder.adder_chain[20].adder/COUT (sky130_fd_sc_hd__fa_4)
   0.93   89.81 v macaccnegator.C1_adder.adder_chain[21].adder/COUT (sky130_fd_sc_hd__fa_4)
   0.93   90.74 v macaccnegator.C1_adder.adder_chain[22].adder/COUT (sky130_fd_sc_hd__fa_4)
   0.93   91.66 v macaccnegator.C1_adder.adder_chain[23].adder/COUT (sky130_fd_sc_hd__fa_4)
   0.93   92.59 v macaccnegator.C1_adder.adder_chain[24].adder/COUT (sky130_fd_sc_hd__fa_4)
   0.93   93.52 v macaccnegator.C1_adder.adder_chain[25].adder/COUT (sky130_fd_sc_hd__fa_4)
   0.93   94.45 v macaccnegator.C1_adder.adder_chain[26].adder/COUT (sky130_fd_sc_hd__fa_4)
   0.93   95.37 v macaccnegator.C1_adder.adder_chain[27].adder/COUT (sky130_fd_sc_hd__fa_4)
   0.93   96.30 v macaccnegator.C1_adder.adder_chain[28].adder/COUT (sky130_fd_sc_hd__fa_4)
   0.93   97.23 v macaccnegator.C1_adder.adder_chain[29].adder/COUT (sky130_fd_sc_hd__fa_4)
   0.93   98.15 v macaccnegator.C1_adder.adder_chain[30].adder/COUT (sky130_fd_sc_hd__fa_4)
   0.90   99.06 v macaccnegator.C1_adder.adder_chain[31].adder/COUT (sky130_fd_sc_hd__fa_4)
   0.50   99.56 v _3458_/X (sky130_fd_sc_hd__or2_4)
   0.90  100.46 v macaccnegator.C2_adder.adder_chain[0].adder/COUT (sky130_fd_sc_hd__fa_4)
   0.93  101.39 v macaccnegator.C2_adder.adder_chain[1].adder/COUT (sky130_fd_sc_hd__fa_4)
   0.93  102.31 v macaccnegator.C2_adder.adder_chain[2].adder/COUT (sky130_fd_sc_hd__fa_4)
   0.93  103.24 v macaccnegator.C2_adder.adder_chain[3].adder/COUT (sky130_fd_sc_hd__fa_4)
   0.93  104.17 v macaccnegator.C2_adder.adder_chain[4].adder/COUT (sky130_fd_sc_hd__fa_4)
   0.93  105.09 v macaccnegator.C2_adder.adder_chain[5].adder/COUT (sky130_fd_sc_hd__fa_4)
   0.93  106.02 v macaccnegator.C2_adder.adder_chain[6].adder/COUT (sky130_fd_sc_hd__fa_4)
   0.93  106.95 v macaccnegator.C2_adder.adder_chain[7].adder/COUT (sky130_fd_sc_hd__fa_4)
   0.93  107.87 v macaccnegator.C2_adder.adder_chain[8].adder/COUT (sky130_fd_sc_hd__fa_4)
   0.93  108.80 v macaccnegator.C2_adder.adder_chain[9].adder/COUT (sky130_fd_sc_hd__fa_4)
   0.93  109.73 v macaccnegator.C2_adder.adder_chain[10].adder/COUT (sky130_fd_sc_hd__fa_4)
   0.93  110.66 v macaccnegator.C2_adder.adder_chain[11].adder/COUT (sky130_fd_sc_hd__fa_4)
   0.93  111.58 v macaccnegator.C2_adder.adder_chain[12].adder/COUT (sky130_fd_sc_hd__fa_4)
   0.93  112.51 v macaccnegator.C2_adder.adder_chain[13].adder/COUT (sky130_fd_sc_hd__fa_4)
   0.93  113.44 v macaccnegator.C2_adder.adder_chain[14].adder/COUT (sky130_fd_sc_hd__fa_4)
   0.93  114.36 v macaccnegator.C2_adder.adder_chain[15].adder/COUT (sky130_fd_sc_hd__fa_4)
   0.93  115.29 v macaccnegator.C2_adder.adder_chain[16].adder/COUT (sky130_fd_sc_hd__fa_4)
   0.93  116.22 v macaccnegator.C2_adder.adder_chain[17].adder/COUT (sky130_fd_sc_hd__fa_4)
   0.93  117.15 v macaccnegator.C2_adder.adder_chain[18].adder/COUT (sky130_fd_sc_hd__fa_4)
   0.93  118.08 v macaccnegator.C2_adder.adder_chain[19].adder/COUT (sky130_fd_sc_hd__fa_4)
   0.93  119.00 v macaccnegator.C2_adder.adder_chain[20].adder/COUT (sky130_fd_sc_hd__fa_4)
   0.93  119.93 v macaccnegator.C2_adder.adder_chain[21].adder/COUT (sky130_fd_sc_hd__fa_4)
   0.93  120.86 v macaccnegator.C2_adder.adder_chain[22].adder/COUT (sky130_fd_sc_hd__fa_4)
   0.93  121.78 v macaccnegator.C2_adder.adder_chain[23].adder/COUT (sky130_fd_sc_hd__fa_4)
   0.93  122.71 v macaccnegator.C2_adder.adder_chain[24].adder/COUT (sky130_fd_sc_hd__fa_4)
   0.93  123.64 v macaccnegator.C2_adder.adder_chain[25].adder/COUT (sky130_fd_sc_hd__fa_4)
   0.93  124.57 v macaccnegator.C2_adder.adder_chain[26].adder/COUT (sky130_fd_sc_hd__fa_4)
   0.93  125.49 v macaccnegator.C2_adder.adder_chain[27].adder/COUT (sky130_fd_sc_hd__fa_4)
   0.93  126.42 v macaccnegator.C2_adder.adder_chain[28].adder/COUT (sky130_fd_sc_hd__fa_4)
   0.93  127.34 v macaccnegator.C2_adder.adder_chain[29].adder/COUT (sky130_fd_sc_hd__fa_4)
   0.93  128.27 v macaccnegator.C2_adder.adder_chain[30].adder/COUT (sky130_fd_sc_hd__fa_4)
   0.90  129.17 v macaccnegator.C2_adder.adder_chain[31].adder/COUT (sky130_fd_sc_hd__fa_4)
   0.51  129.68 v _3457_/X (sky130_fd_sc_hd__or2_4)
   1.23  130.90 v macaccnegator.C3_adder.adder_chain[0].adder/SUM (sky130_fd_sc_hd__fa_4)
   0.51  131.41 v _3033_/X (sky130_fd_sc_hd__or2_4)
   0.25  131.66 v _3034_/Y (sky130_fd_sc_hd__a21boi_4)
   1.04  132.70 v macacc.acc3.accumlate_adder.adder_chain[0].adder/COUT (sky130_fd_sc_hd__fa_4)
   0.93  133.62 v macacc.acc3.accumlate_adder.adder_chain[1].adder/COUT (sky130_fd_sc_hd__fa_4)
   0.93  134.55 v macacc.acc3.accumlate_adder.adder_chain[2].adder/COUT (sky130_fd_sc_hd__fa_4)
   0.93  135.48 v macacc.acc3.accumlate_adder.adder_chain[3].adder/COUT (sky130_fd_sc_hd__fa_4)
   0.93  136.41 v macacc.acc3.accumlate_adder.adder_chain[4].adder/COUT (sky130_fd_sc_hd__fa_4)
   0.93  137.33 v macacc.acc3.accumlate_adder.adder_chain[5].adder/COUT (sky130_fd_sc_hd__fa_4)
   0.93  138.26 v macacc.acc3.accumlate_adder.adder_chain[6].adder/COUT (sky130_fd_sc_hd__fa_4)
   0.93  139.19 v macacc.acc3.accumlate_adder.adder_chain[7].adder/COUT (sky130_fd_sc_hd__fa_4)
   0.93  140.11 v macacc.acc3.accumlate_adder.adder_chain[8].adder/COUT (sky130_fd_sc_hd__fa_4)
   0.93  141.04 v macacc.acc3.accumlate_adder.adder_chain[9].adder/COUT (sky130_fd_sc_hd__fa_4)
   0.93  141.97 v macacc.acc3.accumlate_adder.adder_chain[10].adder/COUT (sky130_fd_sc_hd__fa_4)
   0.93  142.89 v macacc.acc3.accumlate_adder.adder_chain[11].adder/COUT (sky130_fd_sc_hd__fa_4)
   0.93  143.82 v macacc.acc3.accumlate_adder.adder_chain[12].adder/COUT (sky130_fd_sc_hd__fa_4)
   0.93  144.75 v macacc.acc3.accumlate_adder.adder_chain[13].adder/COUT (sky130_fd_sc_hd__fa_4)
   0.93  145.68 v macacc.acc3.accumlate_adder.adder_chain[14].adder/COUT (sky130_fd_sc_hd__fa_4)
   0.93  146.61 v macacc.acc3.accumlate_adder.adder_chain[15].adder/COUT (sky130_fd_sc_hd__fa_4)
   0.93  147.53 v macacc.acc3.accumlate_adder.adder_chain[16].adder/COUT (sky130_fd_sc_hd__fa_4)
   0.93  148.46 v macacc.acc3.accumlate_adder.adder_chain[17].adder/COUT (sky130_fd_sc_hd__fa_4)
   0.93  149.39 v macacc.acc3.accumlate_adder.adder_chain[18].adder/COUT (sky130_fd_sc_hd__fa_4)
   0.93  150.31 v macacc.acc3.accumlate_adder.adder_chain[19].adder/COUT (sky130_fd_sc_hd__fa_4)
   0.93  151.24 v macacc.acc3.accumlate_adder.adder_chain[20].adder/COUT (sky130_fd_sc_hd__fa_4)
   0.93  152.17 v macacc.acc3.accumlate_adder.adder_chain[21].adder/COUT (sky130_fd_sc_hd__fa_4)
   0.93  153.10 v macacc.acc3.accumlate_adder.adder_chain[22].adder/COUT (sky130_fd_sc_hd__fa_4)
   0.93  154.03 v macacc.acc3.accumlate_adder.adder_chain[23].adder/COUT (sky130_fd_sc_hd__fa_4)
   0.93  154.95 v macacc.acc3.accumlate_adder.adder_chain[24].adder/COUT (sky130_fd_sc_hd__fa_4)
   0.93  155.88 v macacc.acc3.accumlate_adder.adder_chain[25].adder/COUT (sky130_fd_sc_hd__fa_4)
   0.93  156.81 v macacc.acc3.accumlate_adder.adder_chain[26].adder/COUT (sky130_fd_sc_hd__fa_4)
   0.93  157.73 v macacc.acc3.accumlate_adder.adder_chain[27].adder/COUT (sky130_fd_sc_hd__fa_4)
   0.93  158.66 v macacc.acc3.accumlate_adder.adder_chain[28].adder/COUT (sky130_fd_sc_hd__fa_4)
   0.93  159.59 v macacc.acc3.accumlate_adder.adder_chain[29].adder/COUT (sky130_fd_sc_hd__fa_4)
   0.93  160.52 v macacc.acc3.accumlate_adder.adder_chain[30].adder/COUT (sky130_fd_sc_hd__fa_4)
   1.25  161.77 v macacc.acc3.accumlate_adder.adder_chain[31].adder/SUM (sky130_fd_sc_hd__fa_4)
   0.50  162.27 v _2228_/X (sky130_fd_sc_hd__or2_4)
   0.39  162.66 ^ _2229_/Y (sky130_fd_sc_hd__a32oi_4)
   0.10  162.76 v _2230_/Y (sky130_fd_sc_hd__nor2_4)
   0.00  162.76 v _5971_/D (sky130_fd_sc_hd__dfxtp_4)
         162.76   data arrival time

  10.00   10.00   clock clk (rise edge)
   0.00   10.00   clock network delay (ideal)
   0.00   10.00   clock reconvergence pessimism
          10.00 ^ _5971_/CLK (sky130_fd_sc_hd__dfxtp_4)
  -0.33    9.67   library setup time
           9.67   data required time
---------------------------------------------------------
           9.67   data required time
        -162.76   data arrival time
---------------------------------------------------------
        -153.09   slack (VIOLATED)


