Startpoint: _12255_ (rising edge-triggered flip-flop clocked by clk)
Endpoint: _12418_ (rising edge-triggered flip-flop clocked by clk)
Path Group: clk
Path Type: max

  Delay    Time   Description
---------------------------------------------------------
   0.00    0.00   clock clk (rise edge)
   0.00    0.00   clock network delay (ideal)
   0.00    0.00 ^ _12255_/CLK (sky130_fd_sc_hd__dfxtp_4)
   0.94    0.94 ^ _12255_/Q (sky130_fd_sc_hd__dfxtp_4)
   0.10    1.04 v _08172_/Y (sky130_fd_sc_hd__inv_8)
   1.17    2.21 v _08175_/X (sky130_fd_sc_hd__or3_2)
   0.25    2.46 ^ _08176_/Y (sky130_fd_sc_hd__nor2_2)
   0.40    2.86 ^ _08182_/X (sky130_fd_sc_hd__o22a_4)
   0.08    2.94 v _08183_/Y (sky130_fd_sc_hd__inv_8)
   1.40    4.34 v _08184_/X (sky130_fd_sc_hd__or4_2)
   0.81    5.15 v _08185_/X (sky130_fd_sc_hd__or2_2)
   0.19    5.34 ^ _08186_/Y (sky130_fd_sc_hd__nor2_2)
   0.23    5.57 ^ _08187_/X (sky130_fd_sc_hd__or4_2)
   0.44    6.01 ^ _08188_/X (sky130_fd_sc_hd__buf_1)
   0.15    6.16 v _08189_/Y (sky130_fd_sc_hd__inv_8)
   0.46    6.63 v _08694_/X (sky130_fd_sc_hd__o22a_4)
   0.68    7.31 v _08696_/X (sky130_fd_sc_hd__or2_2)
   0.15    7.46 ^ _08697_/Y (sky130_fd_sc_hd__nand2_2)
   1.39    8.85 v maccombiner.partial0_upper_partial1_full_adder.adder.adders[1].adder.adders[0].adder.adders[2].adder/SUM (sky130_fd_sc_hd__fa_4)
   0.31    9.16 ^ _08280_/Y (sky130_fd_sc_hd__nor2_2)
   0.30    9.46 ^ _08285_/X (sky130_fd_sc_hd__or2_2)
   0.09    9.55 v _08287_/Y (sky130_fd_sc_hd__nor2_2)
   1.03   10.57 v _08288_/X (sky130_fd_sc_hd__or3_2)
   0.27   10.84 v _08289_/X (sky130_fd_sc_hd__o21a_4)
   1.55   12.39 v _08322_/X (sky130_fd_sc_hd__or4_2)
   0.31   12.70 v _08323_/X (sky130_fd_sc_hd__buf_1)
   0.24   12.94 ^ _08324_/Y (sky130_fd_sc_hd__nand2_2)
   0.12   13.06 v _08325_/Y (sky130_fd_sc_hd__nor3_2)
   0.96   14.02 v _08326_/X (sky130_fd_sc_hd__or3_2)
   0.37   14.38 v _08327_/X (sky130_fd_sc_hd__buf_1)
   0.16   14.54 ^ _08328_/Y (sky130_fd_sc_hd__inv_8)
   0.25   14.80 ^ _08366_/X (sky130_fd_sc_hd__or2_2)
   0.32   15.11 ^ _08367_/X (sky130_fd_sc_hd__or2_2)
   0.26   15.37 ^ _08368_/X (sky130_fd_sc_hd__or2_2)
   0.21   15.58 v _08369_/Y (sky130_fd_sc_hd__nand2_2)
   0.14   15.72 ^ _08370_/Y (sky130_fd_sc_hd__inv_8)
   0.23   15.95 ^ _08371_/X (sky130_fd_sc_hd__or2_2)
   0.08   16.03 v _08372_/Y (sky130_fd_sc_hd__nor2_2)
   0.62   16.65 v _08373_/X (sky130_fd_sc_hd__or2_2)
   0.26   16.91 v _08374_/X (sky130_fd_sc_hd__buf_1)
   0.29   17.20 v _08375_/X (sky130_fd_sc_hd__o21a_4)
   0.64   17.84 v _08393_/X (sky130_fd_sc_hd__or2_2)
   0.25   18.09 v _08394_/X (sky130_fd_sc_hd__buf_1)
   0.24   18.33 v _08395_/X (sky130_fd_sc_hd__o21a_4)
   0.64   18.97 v _08396_/X (sky130_fd_sc_hd__or2_2)
   1.28   20.25 v maccombiner.quad_full_adder.adder.adders[1].adder.adders[2].adder.adders[2].adder/SUM (sky130_fd_sc_hd__fa_4)
   0.54   20.79 v _08961_/X (sky130_fd_sc_hd__o22a_4)
   0.50   21.29 v _08962_/X (sky130_fd_sc_hd__o22a_4)
   1.00   22.30 v _08963_/X (sky130_fd_sc_hd__or3_2)
   1.47   23.77 v _08971_/X (sky130_fd_sc_hd__or4_2)
   0.67   24.44 v _08972_/X (sky130_fd_sc_hd__or2_2)
   0.33   24.76 v _08973_/X (sky130_fd_sc_hd__buf_1)
   1.60   26.37 v _08974_/X (sky130_fd_sc_hd__or4_2)
   0.93   27.30 v _08977_/X (sky130_fd_sc_hd__or2_2)
   1.36   28.66 v _08978_/X (sky130_fd_sc_hd__or4_2)
   0.40   29.06 v _08979_/X (sky130_fd_sc_hd__buf_1)
   0.76   29.82 v _09007_/X (sky130_fd_sc_hd__or2_2)
   0.36   30.18 v _09008_/X (sky130_fd_sc_hd__buf_1)
   0.58   30.75 ^ _09009_/Y (sky130_fd_sc_hd__nor4_2)
   0.40   31.16 ^ _09010_/X (sky130_fd_sc_hd__or2_2)
   0.27   31.43 ^ _09011_/X (sky130_fd_sc_hd__buf_1)
   0.27   31.69 v _09016_/Y (sky130_fd_sc_hd__nand2_2)
   1.37   33.06 v _09017_/X (sky130_fd_sc_hd__or4_2)
   0.42   33.48 v _09018_/X (sky130_fd_sc_hd__buf_1)
   1.40   34.88 v _09019_/X (sky130_fd_sc_hd__or4_2)
   0.40   35.28 v _09020_/X (sky130_fd_sc_hd__buf_1)
   1.62   36.90 v _09021_/X (sky130_fd_sc_hd__or4_2)
   1.41   38.31 v _09022_/X (sky130_fd_sc_hd__or4_2)
   0.42   38.73 v _09023_/X (sky130_fd_sc_hd__buf_1)
   0.76   39.49 v _09050_/X (sky130_fd_sc_hd__or2_2)
   0.36   39.85 v _09051_/X (sky130_fd_sc_hd__buf_1)
   0.30   40.15 ^ _09052_/Y (sky130_fd_sc_hd__nor4_2)
   0.36   40.51 ^ _09053_/X (sky130_fd_sc_hd__or2_2)
   0.49   41.00 ^ _09054_/X (sky130_fd_sc_hd__buf_1)
   0.13   41.13 v _09055_/Y (sky130_fd_sc_hd__inv_8)
   1.30   42.44 v _09056_/X (sky130_fd_sc_hd__or4_2)
   0.43   42.87 v _09057_/X (sky130_fd_sc_hd__buf_1)
   0.78   43.65 v _09077_/X (sky130_fd_sc_hd__or2_2)
   0.35   44.00 v _09078_/X (sky130_fd_sc_hd__buf_1)
   1.61   45.61 v _09079_/X (sky130_fd_sc_hd__or4_2)
   0.92   46.52 v _09090_/X (sky130_fd_sc_hd__or2_2)
   0.81   47.33 v _09091_/X (sky130_fd_sc_hd__or2_2)
   0.82   48.15 v _09092_/X (sky130_fd_sc_hd__or2_2)
   0.81   48.96 v _09093_/X (sky130_fd_sc_hd__or2_2)
   0.72   49.68 v _09116_/X (sky130_fd_sc_hd__or2_2)
   0.35   50.03 v _09117_/X (sky130_fd_sc_hd__buf_1)
   1.23   51.27 v _09118_/X (sky130_fd_sc_hd__or3_2)
   0.77   52.03 v _09119_/X (sky130_fd_sc_hd__or2_2)
   0.41   52.44 v _09120_/X (sky130_fd_sc_hd__buf_1)
   1.06   53.50 v _09131_/X (sky130_fd_sc_hd__or3_2)
   0.36   53.87 v _09132_/X (sky130_fd_sc_hd__buf_1)
   0.14   54.01 ^ _09133_/Y (sky130_fd_sc_hd__inv_8)
   1.29   55.30 v macaccnegator.C3_adder.adder.adders[1].adder.adders[2].adder.adders[2].adder/SUM (sky130_fd_sc_hd__fa_4)
   0.53   55.83 v _10168_/X (sky130_fd_sc_hd__o22a_4)
   0.23   56.05 ^ _10179_/Y (sky130_fd_sc_hd__nor2_2)
   0.29   56.35 ^ _10184_/X (sky130_fd_sc_hd__or2_2)
   0.10   56.45 v _10186_/Y (sky130_fd_sc_hd__nor2_2)
   1.03   57.47 v _10187_/X (sky130_fd_sc_hd__or3_2)
   0.26   57.74 v _10188_/X (sky130_fd_sc_hd__o21a_4)
   1.57   59.31 v _10230_/X (sky130_fd_sc_hd__or4_2)
   0.31   59.62 v _10231_/X (sky130_fd_sc_hd__buf_1)
   0.13   59.75 ^ _10245_/Y (sky130_fd_sc_hd__nand2_2)
   0.22   59.97 v _10246_/Y (sky130_fd_sc_hd__nand2_2)
   0.15   60.12 ^ _10247_/Y (sky130_fd_sc_hd__inv_8)
   0.06   60.18 v _10248_/Y (sky130_fd_sc_hd__nor3_2)
   1.01   61.19 v _10249_/X (sky130_fd_sc_hd__or3_2)
   1.57   62.76 ^ macacc.acc3.accumlate_adder.adder.adders[1].adder.adders[3].adder.adders[3].adder/SUM (sky130_fd_sc_hd__fa_4)
   0.10   62.85 v _05936_/Y (sky130_fd_sc_hd__nor2_2)
   0.26   63.11 ^ _05937_/Y (sky130_fd_sc_hd__nor3_2)
   0.13   63.24 v _05938_/Y (sky130_fd_sc_hd__nor2_2)
   0.13   63.37 ^ _05939_/Y (sky130_fd_sc_hd__nor2_2)
   0.00   63.37 ^ _12418_/D (sky130_fd_sc_hd__dfxtp_4)
          63.37   data arrival time

  60.00   60.00   clock clk (rise edge)
   0.00   60.00   clock network delay (ideal)
   0.00   60.00   clock reconvergence pessimism
          60.00 ^ _12418_/CLK (sky130_fd_sc_hd__dfxtp_4)
  -0.14   59.86   library setup time
          59.86   data required time
---------------------------------------------------------
          59.86   data required time
         -63.37   data arrival time
---------------------------------------------------------
          -3.51   slack (VIOLATED)


Startpoint: _12255_ (rising edge-triggered flip-flop clocked by clk)
Endpoint: _12417_ (rising edge-triggered flip-flop clocked by clk)
Path Group: clk
Path Type: max

  Delay    Time   Description
---------------------------------------------------------
   0.00    0.00   clock clk (rise edge)
   0.00    0.00   clock network delay (ideal)
   0.00    0.00 ^ _12255_/CLK (sky130_fd_sc_hd__dfxtp_4)
   0.94    0.94 ^ _12255_/Q (sky130_fd_sc_hd__dfxtp_4)
   0.10    1.04 v _08172_/Y (sky130_fd_sc_hd__inv_8)
   1.17    2.21 v _08175_/X (sky130_fd_sc_hd__or3_2)
   0.25    2.46 ^ _08176_/Y (sky130_fd_sc_hd__nor2_2)
   0.40    2.86 ^ _08182_/X (sky130_fd_sc_hd__o22a_4)
   0.08    2.94 v _08183_/Y (sky130_fd_sc_hd__inv_8)
   1.40    4.34 v _08184_/X (sky130_fd_sc_hd__or4_2)
   0.81    5.15 v _08185_/X (sky130_fd_sc_hd__or2_2)
   0.19    5.34 ^ _08186_/Y (sky130_fd_sc_hd__nor2_2)
   0.23    5.57 ^ _08187_/X (sky130_fd_sc_hd__or4_2)
   0.44    6.01 ^ _08188_/X (sky130_fd_sc_hd__buf_1)
   0.15    6.16 v _08189_/Y (sky130_fd_sc_hd__inv_8)
   0.46    6.63 v _08694_/X (sky130_fd_sc_hd__o22a_4)
   0.68    7.31 v _08696_/X (sky130_fd_sc_hd__or2_2)
   0.15    7.46 ^ _08697_/Y (sky130_fd_sc_hd__nand2_2)
   1.39    8.85 v maccombiner.partial0_upper_partial1_full_adder.adder.adders[1].adder.adders[0].adder.adders[2].adder/SUM (sky130_fd_sc_hd__fa_4)
   0.31    9.16 ^ _08280_/Y (sky130_fd_sc_hd__nor2_2)
   0.30    9.46 ^ _08285_/X (sky130_fd_sc_hd__or2_2)
   0.09    9.55 v _08287_/Y (sky130_fd_sc_hd__nor2_2)
   1.03   10.57 v _08288_/X (sky130_fd_sc_hd__or3_2)
   0.27   10.84 v _08289_/X (sky130_fd_sc_hd__o21a_4)
   1.55   12.39 v _08322_/X (sky130_fd_sc_hd__or4_2)
   0.31   12.70 v _08323_/X (sky130_fd_sc_hd__buf_1)
   0.24   12.94 ^ _08324_/Y (sky130_fd_sc_hd__nand2_2)
   0.12   13.06 v _08325_/Y (sky130_fd_sc_hd__nor3_2)
   0.96   14.02 v _08326_/X (sky130_fd_sc_hd__or3_2)
   0.37   14.38 v _08327_/X (sky130_fd_sc_hd__buf_1)
   0.16   14.54 ^ _08328_/Y (sky130_fd_sc_hd__inv_8)
   0.25   14.80 ^ _08366_/X (sky130_fd_sc_hd__or2_2)
   0.32   15.11 ^ _08367_/X (sky130_fd_sc_hd__or2_2)
   0.26   15.37 ^ _08368_/X (sky130_fd_sc_hd__or2_2)
   0.21   15.58 v _08369_/Y (sky130_fd_sc_hd__nand2_2)
   0.14   15.72 ^ _08370_/Y (sky130_fd_sc_hd__inv_8)
   0.23   15.95 ^ _08371_/X (sky130_fd_sc_hd__or2_2)
   0.08   16.03 v _08372_/Y (sky130_fd_sc_hd__nor2_2)
   0.62   16.65 v _08373_/X (sky130_fd_sc_hd__or2_2)
   0.26   16.91 v _08374_/X (sky130_fd_sc_hd__buf_1)
   0.29   17.20 v _08375_/X (sky130_fd_sc_hd__o21a_4)
   0.64   17.84 v _08393_/X (sky130_fd_sc_hd__or2_2)
   0.25   18.09 v _08394_/X (sky130_fd_sc_hd__buf_1)
   0.24   18.33 v _08395_/X (sky130_fd_sc_hd__o21a_4)
   0.64   18.97 v _08396_/X (sky130_fd_sc_hd__or2_2)
   1.28   20.25 v maccombiner.quad_full_adder.adder.adders[1].adder.adders[2].adder.adders[2].adder/SUM (sky130_fd_sc_hd__fa_4)
   0.54   20.79 v _08961_/X (sky130_fd_sc_hd__o22a_4)
   0.50   21.29 v _08962_/X (sky130_fd_sc_hd__o22a_4)
   1.00   22.30 v _08963_/X (sky130_fd_sc_hd__or3_2)
   1.47   23.77 v _08971_/X (sky130_fd_sc_hd__or4_2)
   0.67   24.44 v _08972_/X (sky130_fd_sc_hd__or2_2)
   0.33   24.76 v _08973_/X (sky130_fd_sc_hd__buf_1)
   1.60   26.37 v _08974_/X (sky130_fd_sc_hd__or4_2)
   0.93   27.30 v _08977_/X (sky130_fd_sc_hd__or2_2)
   1.36   28.66 v _08978_/X (sky130_fd_sc_hd__or4_2)
   0.40   29.06 v _08979_/X (sky130_fd_sc_hd__buf_1)
   0.76   29.82 v _09007_/X (sky130_fd_sc_hd__or2_2)
   0.36   30.18 v _09008_/X (sky130_fd_sc_hd__buf_1)
   0.58   30.75 ^ _09009_/Y (sky130_fd_sc_hd__nor4_2)
   0.40   31.16 ^ _09010_/X (sky130_fd_sc_hd__or2_2)
   0.27   31.43 ^ _09011_/X (sky130_fd_sc_hd__buf_1)
   0.27   31.69 v _09016_/Y (sky130_fd_sc_hd__nand2_2)
   1.37   33.06 v _09017_/X (sky130_fd_sc_hd__or4_2)
   0.42   33.48 v _09018_/X (sky130_fd_sc_hd__buf_1)
   1.40   34.88 v _09019_/X (sky130_fd_sc_hd__or4_2)
   0.40   35.28 v _09020_/X (sky130_fd_sc_hd__buf_1)
   1.62   36.90 v _09021_/X (sky130_fd_sc_hd__or4_2)
   1.41   38.31 v _09022_/X (sky130_fd_sc_hd__or4_2)
   0.42   38.73 v _09023_/X (sky130_fd_sc_hd__buf_1)
   0.76   39.49 v _09050_/X (sky130_fd_sc_hd__or2_2)
   0.36   39.85 v _09051_/X (sky130_fd_sc_hd__buf_1)
   0.30   40.15 ^ _09052_/Y (sky130_fd_sc_hd__nor4_2)
   0.36   40.51 ^ _09053_/X (sky130_fd_sc_hd__or2_2)
   0.49   41.00 ^ _09054_/X (sky130_fd_sc_hd__buf_1)
   0.13   41.13 v _09055_/Y (sky130_fd_sc_hd__inv_8)
   1.30   42.44 v _09056_/X (sky130_fd_sc_hd__or4_2)
   0.43   42.87 v _09057_/X (sky130_fd_sc_hd__buf_1)
   0.78   43.65 v _09077_/X (sky130_fd_sc_hd__or2_2)
   0.35   44.00 v _09078_/X (sky130_fd_sc_hd__buf_1)
   1.61   45.61 v _09079_/X (sky130_fd_sc_hd__or4_2)
   0.92   46.52 v _09090_/X (sky130_fd_sc_hd__or2_2)
   0.81   47.33 v _09091_/X (sky130_fd_sc_hd__or2_2)
   0.82   48.15 v _09092_/X (sky130_fd_sc_hd__or2_2)
   0.81   48.96 v _09093_/X (sky130_fd_sc_hd__or2_2)
   0.72   49.68 v _09116_/X (sky130_fd_sc_hd__or2_2)
   0.35   50.03 v _09117_/X (sky130_fd_sc_hd__buf_1)
   1.23   51.27 v _09118_/X (sky130_fd_sc_hd__or3_2)
   0.77   52.03 v _09119_/X (sky130_fd_sc_hd__or2_2)
   0.41   52.44 v _09120_/X (sky130_fd_sc_hd__buf_1)
   1.06   53.50 v _09131_/X (sky130_fd_sc_hd__or3_2)
   0.36   53.87 v _09132_/X (sky130_fd_sc_hd__buf_1)
   0.14   54.01 ^ _09133_/Y (sky130_fd_sc_hd__inv_8)
   1.29   55.30 v macaccnegator.C3_adder.adder.adders[1].adder.adders[2].adder.adders[2].adder/SUM (sky130_fd_sc_hd__fa_4)
   0.53   55.83 v _10168_/X (sky130_fd_sc_hd__o22a_4)
   0.23   56.05 ^ _10179_/Y (sky130_fd_sc_hd__nor2_2)
   0.29   56.35 ^ _10184_/X (sky130_fd_sc_hd__or2_2)
   0.10   56.45 v _10186_/Y (sky130_fd_sc_hd__nor2_2)
   1.03   57.47 v _10187_/X (sky130_fd_sc_hd__or3_2)
   0.26   57.74 v _10188_/X (sky130_fd_sc_hd__o21a_4)
   1.57   59.31 v _10230_/X (sky130_fd_sc_hd__or4_2)
   0.31   59.62 v _10231_/X (sky130_fd_sc_hd__buf_1)
   0.13   59.75 ^ _10245_/Y (sky130_fd_sc_hd__nand2_2)
   0.22   59.97 v _10246_/Y (sky130_fd_sc_hd__nand2_2)
   0.15   60.12 ^ _10247_/Y (sky130_fd_sc_hd__inv_8)
   0.28   60.39 ^ _10250_/X (sky130_fd_sc_hd__and2_2)
   0.08   60.48 v _10251_/Y (sky130_fd_sc_hd__nor2_2)
   1.52   62.00 ^ macacc.acc3.accumlate_adder.adder.adders[1].adder.adders[3].adder.adders[2].adder/SUM (sky130_fd_sc_hd__fa_4)
   0.09   62.09 v _05942_/Y (sky130_fd_sc_hd__nor2_2)
   0.25   62.34 ^ _05943_/Y (sky130_fd_sc_hd__nor3_2)
   0.13   62.47 v _05944_/Y (sky130_fd_sc_hd__nor2_2)
   0.12   62.59 ^ _05945_/Y (sky130_fd_sc_hd__nor2_2)
   0.00   62.59 ^ _12417_/D (sky130_fd_sc_hd__dfxtp_4)
          62.59   data arrival time

  60.00   60.00   clock clk (rise edge)
   0.00   60.00   clock network delay (ideal)
   0.00   60.00   clock reconvergence pessimism
          60.00 ^ _12417_/CLK (sky130_fd_sc_hd__dfxtp_4)
  -0.14   59.86   library setup time
          59.86   data required time
---------------------------------------------------------
          59.86   data required time
         -62.59   data arrival time
---------------------------------------------------------
          -2.73   slack (VIOLATED)


Startpoint: _12255_ (rising edge-triggered flip-flop clocked by clk)
Endpoint: _12416_ (rising edge-triggered flip-flop clocked by clk)
Path Group: clk
Path Type: max

  Delay    Time   Description
---------------------------------------------------------
   0.00    0.00   clock clk (rise edge)
   0.00    0.00   clock network delay (ideal)
   0.00    0.00 ^ _12255_/CLK (sky130_fd_sc_hd__dfxtp_4)
   0.94    0.94 ^ _12255_/Q (sky130_fd_sc_hd__dfxtp_4)
   0.10    1.04 v _08172_/Y (sky130_fd_sc_hd__inv_8)
   1.17    2.21 v _08175_/X (sky130_fd_sc_hd__or3_2)
   0.25    2.46 ^ _08176_/Y (sky130_fd_sc_hd__nor2_2)
   0.40    2.86 ^ _08182_/X (sky130_fd_sc_hd__o22a_4)
   0.08    2.94 v _08183_/Y (sky130_fd_sc_hd__inv_8)
   1.40    4.34 v _08184_/X (sky130_fd_sc_hd__or4_2)
   0.81    5.15 v _08185_/X (sky130_fd_sc_hd__or2_2)
   0.19    5.34 ^ _08186_/Y (sky130_fd_sc_hd__nor2_2)
   0.23    5.57 ^ _08187_/X (sky130_fd_sc_hd__or4_2)
   0.44    6.01 ^ _08188_/X (sky130_fd_sc_hd__buf_1)
   0.15    6.16 v _08189_/Y (sky130_fd_sc_hd__inv_8)
   0.46    6.63 v _08694_/X (sky130_fd_sc_hd__o22a_4)
   0.68    7.31 v _08696_/X (sky130_fd_sc_hd__or2_2)
   0.15    7.46 ^ _08697_/Y (sky130_fd_sc_hd__nand2_2)
   1.39    8.85 v maccombiner.partial0_upper_partial1_full_adder.adder.adders[1].adder.adders[0].adder.adders[2].adder/SUM (sky130_fd_sc_hd__fa_4)
   0.31    9.16 ^ _08280_/Y (sky130_fd_sc_hd__nor2_2)
   0.30    9.46 ^ _08285_/X (sky130_fd_sc_hd__or2_2)
   0.09    9.55 v _08287_/Y (sky130_fd_sc_hd__nor2_2)
   1.03   10.57 v _08288_/X (sky130_fd_sc_hd__or3_2)
   0.27   10.84 v _08289_/X (sky130_fd_sc_hd__o21a_4)
   1.55   12.39 v _08322_/X (sky130_fd_sc_hd__or4_2)
   0.31   12.70 v _08323_/X (sky130_fd_sc_hd__buf_1)
   0.24   12.94 ^ _08324_/Y (sky130_fd_sc_hd__nand2_2)
   0.12   13.06 v _08325_/Y (sky130_fd_sc_hd__nor3_2)
   0.96   14.02 v _08326_/X (sky130_fd_sc_hd__or3_2)
   0.37   14.38 v _08327_/X (sky130_fd_sc_hd__buf_1)
   0.16   14.54 ^ _08328_/Y (sky130_fd_sc_hd__inv_8)
   0.25   14.80 ^ _08366_/X (sky130_fd_sc_hd__or2_2)
   0.32   15.11 ^ _08367_/X (sky130_fd_sc_hd__or2_2)
   0.26   15.37 ^ _08368_/X (sky130_fd_sc_hd__or2_2)
   0.21   15.58 v _08369_/Y (sky130_fd_sc_hd__nand2_2)
   0.14   15.72 ^ _08370_/Y (sky130_fd_sc_hd__inv_8)
   0.23   15.95 ^ _08371_/X (sky130_fd_sc_hd__or2_2)
   0.08   16.03 v _08372_/Y (sky130_fd_sc_hd__nor2_2)
   0.62   16.65 v _08373_/X (sky130_fd_sc_hd__or2_2)
   0.26   16.91 v _08374_/X (sky130_fd_sc_hd__buf_1)
   0.29   17.20 v _08375_/X (sky130_fd_sc_hd__o21a_4)
   0.64   17.84 v _08393_/X (sky130_fd_sc_hd__or2_2)
   0.25   18.09 v _08394_/X (sky130_fd_sc_hd__buf_1)
   0.24   18.33 v _08395_/X (sky130_fd_sc_hd__o21a_4)
   0.64   18.97 v _08396_/X (sky130_fd_sc_hd__or2_2)
   1.28   20.25 v maccombiner.quad_full_adder.adder.adders[1].adder.adders[2].adder.adders[2].adder/SUM (sky130_fd_sc_hd__fa_4)
   0.54   20.79 v _08961_/X (sky130_fd_sc_hd__o22a_4)
   0.50   21.29 v _08962_/X (sky130_fd_sc_hd__o22a_4)
   1.00   22.30 v _08963_/X (sky130_fd_sc_hd__or3_2)
   1.47   23.77 v _08971_/X (sky130_fd_sc_hd__or4_2)
   0.67   24.44 v _08972_/X (sky130_fd_sc_hd__or2_2)
   0.33   24.76 v _08973_/X (sky130_fd_sc_hd__buf_1)
   1.60   26.37 v _08974_/X (sky130_fd_sc_hd__or4_2)
   0.93   27.30 v _08977_/X (sky130_fd_sc_hd__or2_2)
   1.36   28.66 v _08978_/X (sky130_fd_sc_hd__or4_2)
   0.40   29.06 v _08979_/X (sky130_fd_sc_hd__buf_1)
   0.76   29.82 v _09007_/X (sky130_fd_sc_hd__or2_2)
   0.36   30.18 v _09008_/X (sky130_fd_sc_hd__buf_1)
   0.58   30.75 ^ _09009_/Y (sky130_fd_sc_hd__nor4_2)
   0.40   31.16 ^ _09010_/X (sky130_fd_sc_hd__or2_2)
   0.27   31.43 ^ _09011_/X (sky130_fd_sc_hd__buf_1)
   0.27   31.69 v _09016_/Y (sky130_fd_sc_hd__nand2_2)
   1.37   33.06 v _09017_/X (sky130_fd_sc_hd__or4_2)
   0.42   33.48 v _09018_/X (sky130_fd_sc_hd__buf_1)
   1.40   34.88 v _09019_/X (sky130_fd_sc_hd__or4_2)
   0.40   35.28 v _09020_/X (sky130_fd_sc_hd__buf_1)
   1.62   36.90 v _09021_/X (sky130_fd_sc_hd__or4_2)
   1.41   38.31 v _09022_/X (sky130_fd_sc_hd__or4_2)
   0.42   38.73 v _09023_/X (sky130_fd_sc_hd__buf_1)
   0.76   39.49 v _09050_/X (sky130_fd_sc_hd__or2_2)
   0.36   39.85 v _09051_/X (sky130_fd_sc_hd__buf_1)
   0.30   40.15 ^ _09052_/Y (sky130_fd_sc_hd__nor4_2)
   0.36   40.51 ^ _09053_/X (sky130_fd_sc_hd__or2_2)
   0.49   41.00 ^ _09054_/X (sky130_fd_sc_hd__buf_1)
   0.13   41.13 v _09055_/Y (sky130_fd_sc_hd__inv_8)
   1.30   42.44 v _09056_/X (sky130_fd_sc_hd__or4_2)
   0.43   42.87 v _09057_/X (sky130_fd_sc_hd__buf_1)
   0.78   43.65 v _09077_/X (sky130_fd_sc_hd__or2_2)
   0.35   44.00 v _09078_/X (sky130_fd_sc_hd__buf_1)
   1.61   45.61 v _09079_/X (sky130_fd_sc_hd__or4_2)
   0.92   46.52 v _09090_/X (sky130_fd_sc_hd__or2_2)
   0.81   47.33 v _09091_/X (sky130_fd_sc_hd__or2_2)
   0.82   48.15 v _09092_/X (sky130_fd_sc_hd__or2_2)
   0.81   48.96 v _09093_/X (sky130_fd_sc_hd__or2_2)
   0.72   49.68 v _09116_/X (sky130_fd_sc_hd__or2_2)
   0.35   50.03 v _09117_/X (sky130_fd_sc_hd__buf_1)
   1.23   51.27 v _09118_/X (sky130_fd_sc_hd__or3_2)
   0.77   52.03 v _09119_/X (sky130_fd_sc_hd__or2_2)
   0.41   52.44 v _09120_/X (sky130_fd_sc_hd__buf_1)
   1.06   53.50 v _09131_/X (sky130_fd_sc_hd__or3_2)
   0.36   53.87 v _09132_/X (sky130_fd_sc_hd__buf_1)
   0.14   54.01 ^ _09133_/Y (sky130_fd_sc_hd__inv_8)
   1.29   55.30 v macaccnegator.C3_adder.adder.adders[1].adder.adders[2].adder.adders[2].adder/SUM (sky130_fd_sc_hd__fa_4)
   0.53   55.83 v _10168_/X (sky130_fd_sc_hd__o22a_4)
   0.23   56.05 ^ _10179_/Y (sky130_fd_sc_hd__nor2_2)
   0.29   56.35 ^ _10184_/X (sky130_fd_sc_hd__or2_2)
   0.10   56.45 v _10186_/Y (sky130_fd_sc_hd__nor2_2)
   1.03   57.47 v _10187_/X (sky130_fd_sc_hd__or3_2)
   0.26   57.74 v _10188_/X (sky130_fd_sc_hd__o21a_4)
   1.57   59.31 v _10230_/X (sky130_fd_sc_hd__or4_2)
   0.31   59.62 v _10231_/X (sky130_fd_sc_hd__buf_1)
   0.13   59.75 ^ _10245_/Y (sky130_fd_sc_hd__nand2_2)
   0.22   59.97 v _10246_/Y (sky130_fd_sc_hd__nand2_2)
   1.58   61.55 ^ macacc.acc3.accumlate_adder.adder.adders[1].adder.adders[3].adder.adders[1].adder/SUM (sky130_fd_sc_hd__fa_4)
   0.09   61.64 v _05948_/Y (sky130_fd_sc_hd__nor2_2)
   0.26   61.89 ^ _05949_/Y (sky130_fd_sc_hd__nor3_2)
   0.14   62.03 v _05950_/Y (sky130_fd_sc_hd__nor2_2)
   0.12   62.15 ^ _05951_/Y (sky130_fd_sc_hd__nor2_2)
   0.00   62.15 ^ _12416_/D (sky130_fd_sc_hd__dfxtp_4)
          62.15   data arrival time

  60.00   60.00   clock clk (rise edge)
   0.00   60.00   clock network delay (ideal)
   0.00   60.00   clock reconvergence pessimism
          60.00 ^ _12416_/CLK (sky130_fd_sc_hd__dfxtp_4)
  -0.13   59.87   library setup time
          59.87   data required time
---------------------------------------------------------
          59.87   data required time
         -62.15   data arrival time
---------------------------------------------------------
          -2.28   slack (VIOLATED)


Startpoint: _12255_ (rising edge-triggered flip-flop clocked by clk)
Endpoint: _12415_ (rising edge-triggered flip-flop clocked by clk)
Path Group: clk
Path Type: max

  Delay    Time   Description
---------------------------------------------------------
   0.00    0.00   clock clk (rise edge)
   0.00    0.00   clock network delay (ideal)
   0.00    0.00 ^ _12255_/CLK (sky130_fd_sc_hd__dfxtp_4)
   0.94    0.94 ^ _12255_/Q (sky130_fd_sc_hd__dfxtp_4)
   0.10    1.04 v _08172_/Y (sky130_fd_sc_hd__inv_8)
   1.17    2.21 v _08175_/X (sky130_fd_sc_hd__or3_2)
   0.25    2.46 ^ _08176_/Y (sky130_fd_sc_hd__nor2_2)
   0.40    2.86 ^ _08182_/X (sky130_fd_sc_hd__o22a_4)
   0.08    2.94 v _08183_/Y (sky130_fd_sc_hd__inv_8)
   1.40    4.34 v _08184_/X (sky130_fd_sc_hd__or4_2)
   0.81    5.15 v _08185_/X (sky130_fd_sc_hd__or2_2)
   0.19    5.34 ^ _08186_/Y (sky130_fd_sc_hd__nor2_2)
   0.23    5.57 ^ _08187_/X (sky130_fd_sc_hd__or4_2)
   0.44    6.01 ^ _08188_/X (sky130_fd_sc_hd__buf_1)
   0.15    6.16 v _08189_/Y (sky130_fd_sc_hd__inv_8)
   0.46    6.63 v _08694_/X (sky130_fd_sc_hd__o22a_4)
   0.68    7.31 v _08696_/X (sky130_fd_sc_hd__or2_2)
   0.15    7.46 ^ _08697_/Y (sky130_fd_sc_hd__nand2_2)
   1.39    8.85 v maccombiner.partial0_upper_partial1_full_adder.adder.adders[1].adder.adders[0].adder.adders[2].adder/SUM (sky130_fd_sc_hd__fa_4)
   0.31    9.16 ^ _08280_/Y (sky130_fd_sc_hd__nor2_2)
   0.30    9.46 ^ _08285_/X (sky130_fd_sc_hd__or2_2)
   0.09    9.55 v _08287_/Y (sky130_fd_sc_hd__nor2_2)
   1.03   10.57 v _08288_/X (sky130_fd_sc_hd__or3_2)
   0.27   10.84 v _08289_/X (sky130_fd_sc_hd__o21a_4)
   1.55   12.39 v _08322_/X (sky130_fd_sc_hd__or4_2)
   0.31   12.70 v _08323_/X (sky130_fd_sc_hd__buf_1)
   0.24   12.94 ^ _08324_/Y (sky130_fd_sc_hd__nand2_2)
   0.12   13.06 v _08325_/Y (sky130_fd_sc_hd__nor3_2)
   0.96   14.02 v _08326_/X (sky130_fd_sc_hd__or3_2)
   0.37   14.38 v _08327_/X (sky130_fd_sc_hd__buf_1)
   0.16   14.54 ^ _08328_/Y (sky130_fd_sc_hd__inv_8)
   0.25   14.80 ^ _08366_/X (sky130_fd_sc_hd__or2_2)
   0.32   15.11 ^ _08367_/X (sky130_fd_sc_hd__or2_2)
   0.26   15.37 ^ _08368_/X (sky130_fd_sc_hd__or2_2)
   0.21   15.58 v _08369_/Y (sky130_fd_sc_hd__nand2_2)
   0.14   15.72 ^ _08370_/Y (sky130_fd_sc_hd__inv_8)
   0.23   15.95 ^ _08371_/X (sky130_fd_sc_hd__or2_2)
   0.08   16.03 v _08372_/Y (sky130_fd_sc_hd__nor2_2)
   0.62   16.65 v _08373_/X (sky130_fd_sc_hd__or2_2)
   0.26   16.91 v _08374_/X (sky130_fd_sc_hd__buf_1)
   0.29   17.20 v _08375_/X (sky130_fd_sc_hd__o21a_4)
   0.64   17.84 v _08393_/X (sky130_fd_sc_hd__or2_2)
   0.25   18.09 v _08394_/X (sky130_fd_sc_hd__buf_1)
   0.24   18.33 v _08395_/X (sky130_fd_sc_hd__o21a_4)
   0.64   18.97 v _08396_/X (sky130_fd_sc_hd__or2_2)
   1.28   20.25 v maccombiner.quad_full_adder.adder.adders[1].adder.adders[2].adder.adders[2].adder/SUM (sky130_fd_sc_hd__fa_4)
   0.54   20.79 v _08961_/X (sky130_fd_sc_hd__o22a_4)
   0.50   21.29 v _08962_/X (sky130_fd_sc_hd__o22a_4)
   1.00   22.30 v _08963_/X (sky130_fd_sc_hd__or3_2)
   1.47   23.77 v _08971_/X (sky130_fd_sc_hd__or4_2)
   0.67   24.44 v _08972_/X (sky130_fd_sc_hd__or2_2)
   0.33   24.76 v _08973_/X (sky130_fd_sc_hd__buf_1)
   1.60   26.37 v _08974_/X (sky130_fd_sc_hd__or4_2)
   0.93   27.30 v _08977_/X (sky130_fd_sc_hd__or2_2)
   1.36   28.66 v _08978_/X (sky130_fd_sc_hd__or4_2)
   0.40   29.06 v _08979_/X (sky130_fd_sc_hd__buf_1)
   0.76   29.82 v _09007_/X (sky130_fd_sc_hd__or2_2)
   0.36   30.18 v _09008_/X (sky130_fd_sc_hd__buf_1)
   0.58   30.75 ^ _09009_/Y (sky130_fd_sc_hd__nor4_2)
   0.40   31.16 ^ _09010_/X (sky130_fd_sc_hd__or2_2)
   0.27   31.43 ^ _09011_/X (sky130_fd_sc_hd__buf_1)
   0.27   31.69 v _09016_/Y (sky130_fd_sc_hd__nand2_2)
   1.37   33.06 v _09017_/X (sky130_fd_sc_hd__or4_2)
   0.42   33.48 v _09018_/X (sky130_fd_sc_hd__buf_1)
   1.40   34.88 v _09019_/X (sky130_fd_sc_hd__or4_2)
   0.40   35.28 v _09020_/X (sky130_fd_sc_hd__buf_1)
   1.62   36.90 v _09021_/X (sky130_fd_sc_hd__or4_2)
   1.41   38.31 v _09022_/X (sky130_fd_sc_hd__or4_2)
   0.42   38.73 v _09023_/X (sky130_fd_sc_hd__buf_1)
   0.76   39.49 v _09050_/X (sky130_fd_sc_hd__or2_2)
   0.36   39.85 v _09051_/X (sky130_fd_sc_hd__buf_1)
   0.30   40.15 ^ _09052_/Y (sky130_fd_sc_hd__nor4_2)
   0.36   40.51 ^ _09053_/X (sky130_fd_sc_hd__or2_2)
   0.49   41.00 ^ _09054_/X (sky130_fd_sc_hd__buf_1)
   0.13   41.13 v _09055_/Y (sky130_fd_sc_hd__inv_8)
   1.30   42.44 v _09056_/X (sky130_fd_sc_hd__or4_2)
   0.43   42.87 v _09057_/X (sky130_fd_sc_hd__buf_1)
   0.78   43.65 v _09077_/X (sky130_fd_sc_hd__or2_2)
   0.35   44.00 v _09078_/X (sky130_fd_sc_hd__buf_1)
   1.61   45.61 v _09079_/X (sky130_fd_sc_hd__or4_2)
   0.92   46.52 v _09090_/X (sky130_fd_sc_hd__or2_2)
   0.81   47.33 v _09091_/X (sky130_fd_sc_hd__or2_2)
   0.82   48.15 v _09092_/X (sky130_fd_sc_hd__or2_2)
   0.81   48.96 v _09093_/X (sky130_fd_sc_hd__or2_2)
   0.72   49.68 v _09116_/X (sky130_fd_sc_hd__or2_2)
   0.35   50.03 v _09117_/X (sky130_fd_sc_hd__buf_1)
   1.23   51.27 v _09118_/X (sky130_fd_sc_hd__or3_2)
   0.77   52.03 v _09119_/X (sky130_fd_sc_hd__or2_2)
   0.41   52.44 v _09120_/X (sky130_fd_sc_hd__buf_1)
   1.06   53.50 v _09131_/X (sky130_fd_sc_hd__or3_2)
   0.36   53.87 v _09132_/X (sky130_fd_sc_hd__buf_1)
   0.14   54.01 ^ _09133_/Y (sky130_fd_sc_hd__inv_8)
   1.29   55.30 v macaccnegator.C3_adder.adder.adders[1].adder.adders[2].adder.adders[2].adder/SUM (sky130_fd_sc_hd__fa_4)
   0.53   55.83 v _10168_/X (sky130_fd_sc_hd__o22a_4)
   0.23   56.05 ^ _10179_/Y (sky130_fd_sc_hd__nor2_2)
   0.29   56.35 ^ _10184_/X (sky130_fd_sc_hd__or2_2)
   0.10   56.45 v _10186_/Y (sky130_fd_sc_hd__nor2_2)
   1.03   57.47 v _10187_/X (sky130_fd_sc_hd__or3_2)
   0.26   57.74 v _10188_/X (sky130_fd_sc_hd__o21a_4)
   1.57   59.31 v _10230_/X (sky130_fd_sc_hd__or4_2)
   0.31   59.62 v _10231_/X (sky130_fd_sc_hd__buf_1)
   1.55   61.16 ^ macacc.acc3.accumlate_adder.adder.adders[1].adder.adders[3].adder.adders[0].adder/SUM (sky130_fd_sc_hd__fa_4)
   0.09   61.25 v _05956_/Y (sky130_fd_sc_hd__nor2_2)
   0.25   61.50 ^ _05957_/Y (sky130_fd_sc_hd__nor3_2)
   0.13   61.64 v _05958_/Y (sky130_fd_sc_hd__nor2_2)
   0.12   61.76 ^ _05959_/Y (sky130_fd_sc_hd__nor2_2)
   0.00   61.76 ^ _12415_/D (sky130_fd_sc_hd__dfxtp_4)
          61.76   data arrival time

  60.00   60.00   clock clk (rise edge)
   0.00   60.00   clock network delay (ideal)
   0.00   60.00   clock reconvergence pessimism
          60.00 ^ _12415_/CLK (sky130_fd_sc_hd__dfxtp_4)
  -0.14   59.86   library setup time
          59.86   data required time
---------------------------------------------------------
          59.86   data required time
         -61.76   data arrival time
---------------------------------------------------------
          -1.90   slack (VIOLATED)


Startpoint: _12255_ (rising edge-triggered flip-flop clocked by clk)
Endpoint: _12414_ (rising edge-triggered flip-flop clocked by clk)
Path Group: clk
Path Type: max

  Delay    Time   Description
---------------------------------------------------------
   0.00    0.00   clock clk (rise edge)
   0.00    0.00   clock network delay (ideal)
   0.00    0.00 ^ _12255_/CLK (sky130_fd_sc_hd__dfxtp_4)
   0.94    0.94 ^ _12255_/Q (sky130_fd_sc_hd__dfxtp_4)
   0.10    1.04 v _08172_/Y (sky130_fd_sc_hd__inv_8)
   1.17    2.21 v _08175_/X (sky130_fd_sc_hd__or3_2)
   0.25    2.46 ^ _08176_/Y (sky130_fd_sc_hd__nor2_2)
   0.40    2.86 ^ _08182_/X (sky130_fd_sc_hd__o22a_4)
   0.08    2.94 v _08183_/Y (sky130_fd_sc_hd__inv_8)
   1.40    4.34 v _08184_/X (sky130_fd_sc_hd__or4_2)
   0.81    5.15 v _08185_/X (sky130_fd_sc_hd__or2_2)
   0.19    5.34 ^ _08186_/Y (sky130_fd_sc_hd__nor2_2)
   0.23    5.57 ^ _08187_/X (sky130_fd_sc_hd__or4_2)
   0.44    6.01 ^ _08188_/X (sky130_fd_sc_hd__buf_1)
   0.15    6.16 v _08189_/Y (sky130_fd_sc_hd__inv_8)
   0.46    6.63 v _08694_/X (sky130_fd_sc_hd__o22a_4)
   0.68    7.31 v _08696_/X (sky130_fd_sc_hd__or2_2)
   0.15    7.46 ^ _08697_/Y (sky130_fd_sc_hd__nand2_2)
   1.39    8.85 v maccombiner.partial0_upper_partial1_full_adder.adder.adders[1].adder.adders[0].adder.adders[2].adder/SUM (sky130_fd_sc_hd__fa_4)
   0.31    9.16 ^ _08280_/Y (sky130_fd_sc_hd__nor2_2)
   0.30    9.46 ^ _08285_/X (sky130_fd_sc_hd__or2_2)
   0.09    9.55 v _08287_/Y (sky130_fd_sc_hd__nor2_2)
   1.03   10.57 v _08288_/X (sky130_fd_sc_hd__or3_2)
   0.27   10.84 v _08289_/X (sky130_fd_sc_hd__o21a_4)
   1.55   12.39 v _08322_/X (sky130_fd_sc_hd__or4_2)
   0.31   12.70 v _08323_/X (sky130_fd_sc_hd__buf_1)
   0.24   12.94 ^ _08324_/Y (sky130_fd_sc_hd__nand2_2)
   0.12   13.06 v _08325_/Y (sky130_fd_sc_hd__nor3_2)
   0.96   14.02 v _08326_/X (sky130_fd_sc_hd__or3_2)
   0.37   14.38 v _08327_/X (sky130_fd_sc_hd__buf_1)
   0.16   14.54 ^ _08328_/Y (sky130_fd_sc_hd__inv_8)
   0.25   14.80 ^ _08366_/X (sky130_fd_sc_hd__or2_2)
   0.32   15.11 ^ _08367_/X (sky130_fd_sc_hd__or2_2)
   0.26   15.37 ^ _08368_/X (sky130_fd_sc_hd__or2_2)
   0.21   15.58 v _08369_/Y (sky130_fd_sc_hd__nand2_2)
   0.14   15.72 ^ _08370_/Y (sky130_fd_sc_hd__inv_8)
   0.23   15.95 ^ _08371_/X (sky130_fd_sc_hd__or2_2)
   0.08   16.03 v _08372_/Y (sky130_fd_sc_hd__nor2_2)
   0.62   16.65 v _08373_/X (sky130_fd_sc_hd__or2_2)
   0.26   16.91 v _08374_/X (sky130_fd_sc_hd__buf_1)
   0.29   17.20 v _08375_/X (sky130_fd_sc_hd__o21a_4)
   0.64   17.84 v _08393_/X (sky130_fd_sc_hd__or2_2)
   0.25   18.09 v _08394_/X (sky130_fd_sc_hd__buf_1)
   0.24   18.33 v _08395_/X (sky130_fd_sc_hd__o21a_4)
   0.64   18.97 v _08396_/X (sky130_fd_sc_hd__or2_2)
   1.28   20.25 v maccombiner.quad_full_adder.adder.adders[1].adder.adders[2].adder.adders[2].adder/SUM (sky130_fd_sc_hd__fa_4)
   0.54   20.79 v _08961_/X (sky130_fd_sc_hd__o22a_4)
   0.50   21.29 v _08962_/X (sky130_fd_sc_hd__o22a_4)
   1.00   22.30 v _08963_/X (sky130_fd_sc_hd__or3_2)
   1.47   23.77 v _08971_/X (sky130_fd_sc_hd__or4_2)
   0.67   24.44 v _08972_/X (sky130_fd_sc_hd__or2_2)
   0.33   24.76 v _08973_/X (sky130_fd_sc_hd__buf_1)
   1.60   26.37 v _08974_/X (sky130_fd_sc_hd__or4_2)
   0.93   27.30 v _08977_/X (sky130_fd_sc_hd__or2_2)
   1.36   28.66 v _08978_/X (sky130_fd_sc_hd__or4_2)
   0.40   29.06 v _08979_/X (sky130_fd_sc_hd__buf_1)
   0.76   29.82 v _09007_/X (sky130_fd_sc_hd__or2_2)
   0.36   30.18 v _09008_/X (sky130_fd_sc_hd__buf_1)
   0.58   30.75 ^ _09009_/Y (sky130_fd_sc_hd__nor4_2)
   0.40   31.16 ^ _09010_/X (sky130_fd_sc_hd__or2_2)
   0.27   31.43 ^ _09011_/X (sky130_fd_sc_hd__buf_1)
   0.27   31.69 v _09016_/Y (sky130_fd_sc_hd__nand2_2)
   1.37   33.06 v _09017_/X (sky130_fd_sc_hd__or4_2)
   0.42   33.48 v _09018_/X (sky130_fd_sc_hd__buf_1)
   1.40   34.88 v _09019_/X (sky130_fd_sc_hd__or4_2)
   0.40   35.28 v _09020_/X (sky130_fd_sc_hd__buf_1)
   1.62   36.90 v _09021_/X (sky130_fd_sc_hd__or4_2)
   1.41   38.31 v _09022_/X (sky130_fd_sc_hd__or4_2)
   0.42   38.73 v _09023_/X (sky130_fd_sc_hd__buf_1)
   0.76   39.49 v _09050_/X (sky130_fd_sc_hd__or2_2)
   0.36   39.85 v _09051_/X (sky130_fd_sc_hd__buf_1)
   0.30   40.15 ^ _09052_/Y (sky130_fd_sc_hd__nor4_2)
   0.36   40.51 ^ _09053_/X (sky130_fd_sc_hd__or2_2)
   0.49   41.00 ^ _09054_/X (sky130_fd_sc_hd__buf_1)
   0.13   41.13 v _09055_/Y (sky130_fd_sc_hd__inv_8)
   1.30   42.44 v _09056_/X (sky130_fd_sc_hd__or4_2)
   0.43   42.87 v _09057_/X (sky130_fd_sc_hd__buf_1)
   0.78   43.65 v _09077_/X (sky130_fd_sc_hd__or2_2)
   0.35   44.00 v _09078_/X (sky130_fd_sc_hd__buf_1)
   1.61   45.61 v _09079_/X (sky130_fd_sc_hd__or4_2)
   0.92   46.52 v _09090_/X (sky130_fd_sc_hd__or2_2)
   0.81   47.33 v _09091_/X (sky130_fd_sc_hd__or2_2)
   0.82   48.15 v _09092_/X (sky130_fd_sc_hd__or2_2)
   0.81   48.96 v _09093_/X (sky130_fd_sc_hd__or2_2)
   0.72   49.68 v _09116_/X (sky130_fd_sc_hd__or2_2)
   0.35   50.03 v _09117_/X (sky130_fd_sc_hd__buf_1)
   1.23   51.27 v _09118_/X (sky130_fd_sc_hd__or3_2)
   0.77   52.03 v _09119_/X (sky130_fd_sc_hd__or2_2)
   0.41   52.44 v _09120_/X (sky130_fd_sc_hd__buf_1)
   1.06   53.50 v _09131_/X (sky130_fd_sc_hd__or3_2)
   0.36   53.87 v _09132_/X (sky130_fd_sc_hd__buf_1)
   0.14   54.01 ^ _09133_/Y (sky130_fd_sc_hd__inv_8)
   1.29   55.30 v macaccnegator.C3_adder.adder.adders[1].adder.adders[2].adder.adders[2].adder/SUM (sky130_fd_sc_hd__fa_4)
   0.53   55.83 v _10168_/X (sky130_fd_sc_hd__o22a_4)
   0.23   56.05 ^ _10179_/Y (sky130_fd_sc_hd__nor2_2)
   0.29   56.35 ^ _10184_/X (sky130_fd_sc_hd__or2_2)
   0.10   56.45 v _10186_/Y (sky130_fd_sc_hd__nor2_2)
   1.03   57.47 v _10187_/X (sky130_fd_sc_hd__or3_2)
   0.75   58.22 v _10257_/X (sky130_fd_sc_hd__or2_2)
   1.53   59.76 ^ macacc.acc3.accumlate_adder.adder.adders[1].adder.adders[2].adder.adders[3].adder/SUM (sky130_fd_sc_hd__fa_4)
   0.09   59.84 v _05962_/Y (sky130_fd_sc_hd__nor2_2)
   0.27   60.11 ^ _05963_/Y (sky130_fd_sc_hd__nor3_2)
   0.14   60.26 v _05964_/Y (sky130_fd_sc_hd__nor2_2)
   0.13   60.39 ^ _05965_/Y (sky130_fd_sc_hd__nor2_2)
   0.00   60.39 ^ _12414_/D (sky130_fd_sc_hd__dfxtp_4)
          60.39   data arrival time

  60.00   60.00   clock clk (rise edge)
   0.00   60.00   clock network delay (ideal)
   0.00   60.00   clock reconvergence pessimism
          60.00 ^ _12414_/CLK (sky130_fd_sc_hd__dfxtp_4)
  -0.14   59.86   library setup time
          59.86   data required time
---------------------------------------------------------
          59.86   data required time
         -60.39   data arrival time
---------------------------------------------------------
          -0.53   slack (VIOLATED)


