
32. Printing statistics.

=== mac_cluster ===

   Number of wires:               6540
   Number of wire bits:           6851
   Number of public wires:        3735
   Number of public wire bits:    4046
   Number of memories:               0
   Number of memory bits:            0
   Number of processes:              0
   Number of cells:               5178
     sky130_fd_sc_hd__a211o_4        1
     sky130_fd_sc_hd__a21bo_4       28
     sky130_fd_sc_hd__a21boi_4      18
     sky130_fd_sc_hd__a21o_4        10
     sky130_fd_sc_hd__a22oi_4       82
     sky130_fd_sc_hd__a2bb2o_4      42
     sky130_fd_sc_hd__a32o_4        56
     sky130_fd_sc_hd__a32oi_4      128
     sky130_fd_sc_hd__and2_4       137
     sky130_fd_sc_hd__and3_4        16
     sky130_fd_sc_hd__buf_1        654
     sky130_fd_sc_hd__conb_1       274
     sky130_fd_sc_hd__dfxtp_4      260
     sky130_fd_sc_hd__fa_1         560
     sky130_fd_sc_hd__fa_4         785
     sky130_fd_sc_hd__ha_1         112
     sky130_fd_sc_hd__ha_4          16
     sky130_fd_sc_hd__inv_8        152
     sky130_fd_sc_hd__nand2_4        8
     sky130_fd_sc_hd__nand3_4       15
     sky130_fd_sc_hd__nor2_4      1154
     sky130_fd_sc_hd__nor3_4         2
     sky130_fd_sc_hd__o21a_4        24
     sky130_fd_sc_hd__o21ai_4       21
     sky130_fd_sc_hd__o22a_4       186
     sky130_fd_sc_hd__or2_4        435
     sky130_fd_sc_hd__or3_4          1
     sky130_fd_sc_hd__or4_4          1

   Chip area for module '\mac_cluster': 76809.916800

