
31. Printing statistics.

=== mac_cluster ===

   Number of wires:               7052
   Number of wire bits:           7363
   Number of public wires:        5005
   Number of public wire bits:    5316
   Number of memories:               0
   Number of memory bits:            0
   Number of processes:              0
   Number of cells:               5562
     sky130_fd_sc_hd__a211o_4        1
     sky130_fd_sc_hd__a21bo_4       27
     sky130_fd_sc_hd__a21boi_4      19
     sky130_fd_sc_hd__a21o_4        10
     sky130_fd_sc_hd__a22oi_4       86
     sky130_fd_sc_hd__a2bb2o_4      40
     sky130_fd_sc_hd__a32o_4        58
     sky130_fd_sc_hd__a32oi_4      128
     sky130_fd_sc_hd__and2_4       138
     sky130_fd_sc_hd__and3_4        16
     sky130_fd_sc_hd__buf_1        653
     sky130_fd_sc_hd__conb_1       530
     sky130_fd_sc_hd__dfxtp_4      260
     sky130_fd_sc_hd__fa_4        1601
     sky130_fd_sc_hd__inv_8        148
     sky130_fd_sc_hd__nand2_4        9
     sky130_fd_sc_hd__nand3_4       15
     sky130_fd_sc_hd__nor2_4      1161
     sky130_fd_sc_hd__o21a_4        24
     sky130_fd_sc_hd__o21ai_4       19
     sky130_fd_sc_hd__o22a_4       183
     sky130_fd_sc_hd__or2_4        436

   Chip area for module '\mac_cluster': 87228.659200

