
23. Printing statistics.

=== mac_cluster ===

   Number of wires:               8745
   Number of wire bits:           9055
   Number of public wires:         400
   Number of public wire bits:     710
   Number of memories:               0
   Number of memory bits:            0
   Number of processes:              0
   Number of cells:               8857
     sky130_fd_sc_hd__a2111oi_4      3
     sky130_fd_sc_hd__a211o_4      102
     sky130_fd_sc_hd__a21bo_4      619
     sky130_fd_sc_hd__a21boi_4      23
     sky130_fd_sc_hd__a21o_4       143
     sky130_fd_sc_hd__a21oi_4       28
     sky130_fd_sc_hd__a22oi_4       79
     sky130_fd_sc_hd__a2bb2o_4    1338
     sky130_fd_sc_hd__a2bb2oi_4    153
     sky130_fd_sc_hd__a32o_4        38
     sky130_fd_sc_hd__a32oi_4       13
     sky130_fd_sc_hd__and2_4       486
     sky130_fd_sc_hd__and3_4        79
     sky130_fd_sc_hd__and4_4         8
     sky130_fd_sc_hd__buf_1        960
     sky130_fd_sc_hd__buf_4         26
     sky130_fd_sc_hd__buf_8         24
     sky130_fd_sc_hd__conb_1         7
     sky130_fd_sc_hd__dfxtp_4      256
     sky130_fd_sc_hd__inv_8        440
     sky130_fd_sc_hd__nand2_4      176
     sky130_fd_sc_hd__nand3_4        1
     sky130_fd_sc_hd__nor2_4       339
     sky130_fd_sc_hd__nor3_4       136
     sky130_fd_sc_hd__nor4_4         5
     sky130_fd_sc_hd__o21a_4       439
     sky130_fd_sc_hd__o21ai_4       76
     sky130_fd_sc_hd__o22a_4       702
     sky130_fd_sc_hd__o32a_4        10
     sky130_fd_sc_hd__o32ai_4        3
     sky130_fd_sc_hd__or2_4       1969
     sky130_fd_sc_hd__or3_4         83
     sky130_fd_sc_hd__or4_4         75
     sky130_fd_sc_hd__xnor2_4        9
     sky130_fd_sc_hd__xor2_4         9

   Chip area for module '\mac_cluster': 117173.628800

