Startpoint: rst (input port clocked by clk)
Endpoint: _10601_ (rising edge-triggered flip-flop clocked by clk)
Path Group: clk
Path Type: max

  Delay    Time   Description
---------------------------------------------------------
   0.00    0.00   clock clk (rise edge)
   0.00    0.00   clock network delay (ideal)
  16.60   16.60 ^ input external delay
   0.10   16.70 ^ rst (in)
   0.23   16.94 ^ _05242_/X (sky130_fd_sc_hd__or2_2)
   0.96   17.90 ^ _05243_/X (sky130_fd_sc_hd__buf_1)
   1.17   19.07 ^ _05315_/X (sky130_fd_sc_hd__buf_1)
   1.26   20.33 ^ _05381_/X (sky130_fd_sc_hd__buf_1)
   0.39   20.72 v _05405_/Y (sky130_fd_sc_hd__nor3_2)
   0.00   20.72 v _10601_/D (sky130_fd_sc_hd__dfxtp_4)
          20.72   data arrival time

  83.00   83.00   clock clk (rise edge)
   0.00   83.00   clock network delay (ideal)
   0.00   83.00   clock reconvergence pessimism
          83.00 ^ _10601_/CLK (sky130_fd_sc_hd__dfxtp_4)
  -0.35   82.65   library setup time
          82.65   data required time
---------------------------------------------------------
          82.65   data required time
         -20.72   data arrival time
---------------------------------------------------------
          61.93   slack (MET)


