Startpoint: _10142_ (rising edge-triggered flip-flop clocked by clk)
Endpoint: _10014_ (rising edge-triggered flip-flop clocked by clk)
Path Group: clk
Path Type: min

  Delay    Time   Description
---------------------------------------------------------
   0.00    0.00   clock clk (rise edge)
   0.00    0.00   clock network delay (ideal)
   0.00    0.00 ^ _10142_/CLK (sky130_fd_sc_hd__dfxtp_4)
   0.25    0.25 v _10142_/Q (sky130_fd_sc_hd__dfxtp_4)
   0.01    0.25 v _10014_/D (sky130_fd_sc_hd__dfxtp_4)
           0.25   data arrival time

   0.00    0.00   clock clk (rise edge)
   0.00    0.00   clock network delay (ideal)
   0.00    0.00   clock reconvergence pessimism
           0.00 ^ _10014_/CLK (sky130_fd_sc_hd__dfxtp_4)
   0.00    0.00   library hold time
           0.00   data required time
---------------------------------------------------------
           0.00   data required time
          -0.25   data arrival time
---------------------------------------------------------
           0.25   slack (MET)


Startpoint: _10244_ (rising edge-triggered flip-flop clocked by clk)
Endpoint: _10235_ (rising edge-triggered flip-flop clocked by clk)
Path Group: clk
Path Type: max

  Delay    Time   Description
---------------------------------------------------------
   0.00    0.00   clock clk (rise edge)
   0.00    0.00   clock network delay (ideal)
   0.00    0.00 ^ _10244_/CLK (sky130_fd_sc_hd__dfxtp_4)
   0.96    0.96 v _10244_/Q (sky130_fd_sc_hd__dfxtp_4)
   0.09    1.05 ^ _07332_/Y (sky130_fd_sc_hd__inv_8)
   0.79    1.84 ^ _07333_/X (sky130_fd_sc_hd__buf_1)
   0.98    2.82 ^ _07946_/X (sky130_fd_sc_hd__buf_1)
   0.28    3.11 v _07976_/Y (sky130_fd_sc_hd__nor2_2)
   0.71    3.82 v macmul2.A0B2_mul_block.array_multiplier.ha_5/SUM (sky130_fd_sc_hd__ha_1)
   1.17    5.00 v macmul2.A0B2_mul_block.array_multiplier.fa_24/SUM (sky130_fd_sc_hd__fa_1)
   1.04    6.04 v macmul2.A0B2_mul_block.array_multiplier.fa_36/COUT (sky130_fd_sc_hd__fa_4)
   0.95    6.99 v macmul2.A0B2_mul_block.array_multiplier.fa_37/COUT (sky130_fd_sc_hd__fa_4)
   0.95    7.94 v macmul2.A0B2_mul_block.array_multiplier.fa_38/COUT (sky130_fd_sc_hd__fa_4)
   0.95    8.89 v macmul2.A0B2_mul_block.array_multiplier.fa_39/COUT (sky130_fd_sc_hd__fa_4)
   0.94    9.82 v macmul2.A0B2_mul_block.array_multiplier.fa_40/COUT (sky130_fd_sc_hd__fa_4)
   0.94   10.77 v macmul2.A0B2_mul_block.array_multiplier.fa_41/COUT (sky130_fd_sc_hd__fa_4)
   1.33   12.10 v macmul2.A0B2_mul_block.array_multiplier.fa_42/SUM (sky130_fd_sc_hd__fa_4)
   1.12   13.21 v macmul2.block_1_adder.adder_chain[1].adder/COUT (sky130_fd_sc_hd__fa_4)
   0.95   14.17 v macmul2.block_1_adder.adder_chain[2].adder/COUT (sky130_fd_sc_hd__fa_4)
   0.95   15.12 v macmul2.block_1_adder.adder_chain[3].adder/COUT (sky130_fd_sc_hd__fa_4)
   0.94   16.06 v macmul2.block_1_adder.adder_chain[4].adder/COUT (sky130_fd_sc_hd__fa_4)
   0.95   17.01 v macmul2.block_1_adder.adder_chain[5].adder/COUT (sky130_fd_sc_hd__fa_4)
   0.95   17.96 v macmul2.block_1_adder.adder_chain[6].adder/COUT (sky130_fd_sc_hd__fa_4)
   0.99   18.95 v macmul2.block_1_adder.adder_chain[7].adder/COUT (sky130_fd_sc_hd__fa_4)
   0.98   19.92 v macmul2.block_2_adder.adder_chain[0].adder/COUT (sky130_fd_sc_hd__fa_4)
   0.95   20.87 v macmul2.block_2_adder.adder_chain[1].adder/COUT (sky130_fd_sc_hd__fa_4)
   0.94   21.81 v macmul2.block_2_adder.adder_chain[2].adder/COUT (sky130_fd_sc_hd__fa_4)
   0.95   22.76 v macmul2.block_2_adder.adder_chain[3].adder/COUT (sky130_fd_sc_hd__fa_4)
   0.95   23.72 v macmul2.block_2_adder.adder_chain[4].adder/COUT (sky130_fd_sc_hd__fa_4)
   0.95   24.67 v macmul2.block_2_adder.adder_chain[5].adder/COUT (sky130_fd_sc_hd__fa_4)
   0.95   25.62 v macmul2.block_2_adder.adder_chain[6].adder/COUT (sky130_fd_sc_hd__fa_4)
   0.90   26.52 v macmul2.block_2_adder.adder_chain[7].adder/COUT (sky130_fd_sc_hd__fa_4)
   0.41   26.92 v _08061_/X (sky130_fd_sc_hd__and2_2)
   0.92   27.84 v macmul2.block_3_adder.adder_chain[0].adder/COUT (sky130_fd_sc_hd__fa_4)
   0.95   28.79 v macmul2.block_3_adder.adder_chain[1].adder/COUT (sky130_fd_sc_hd__fa_4)
   0.95   29.74 v macmul2.block_3_adder.adder_chain[2].adder/COUT (sky130_fd_sc_hd__fa_4)
   1.33   31.07 v macmul2.block_3_adder.adder_chain[3].adder/SUM (sky130_fd_sc_hd__fa_4)
   0.28   31.35 ^ _06515_/Y (sky130_fd_sc_hd__nor2_2)
   0.12   31.48 v _06516_/Y (sky130_fd_sc_hd__nor3_2)
   0.70   32.18 v _06517_/X (sky130_fd_sc_hd__or2_2)
   1.08   33.26 v maccombiner.partial2_upper_partial3_full_adder.adder_chain[3].adder/COUT (sky130_fd_sc_hd__fa_4)
   0.95   34.20 v maccombiner.partial2_upper_partial3_full_adder.adder_chain[4].adder/COUT (sky130_fd_sc_hd__fa_4)
   0.95   35.15 v maccombiner.partial2_upper_partial3_full_adder.adder_chain[5].adder/COUT (sky130_fd_sc_hd__fa_4)
   0.94   36.10 v maccombiner.partial2_upper_partial3_full_adder.adder_chain[6].adder/COUT (sky130_fd_sc_hd__fa_4)
   0.96   37.06 v maccombiner.partial2_upper_partial3_full_adder.adder_chain[7].adder/COUT (sky130_fd_sc_hd__fa_4)
   0.96   38.02 v maccombiner.partial2_upper_partial3_full_adder.adder_chain[8].adder/COUT (sky130_fd_sc_hd__fa_4)
   0.94   38.96 v maccombiner.partial2_upper_partial3_full_adder.adder_chain[9].adder/COUT (sky130_fd_sc_hd__fa_4)
   0.94   39.90 v maccombiner.partial2_upper_partial3_full_adder.adder_chain[10].adder/COUT (sky130_fd_sc_hd__fa_4)
   0.95   40.85 v maccombiner.partial2_upper_partial3_full_adder.adder_chain[11].adder/COUT (sky130_fd_sc_hd__fa_4)
   0.95   41.80 v maccombiner.partial2_upper_partial3_full_adder.adder_chain[12].adder/COUT (sky130_fd_sc_hd__fa_4)
   0.94   42.74 v maccombiner.partial2_upper_partial3_full_adder.adder_chain[13].adder/COUT (sky130_fd_sc_hd__fa_4)
   0.94   43.68 v maccombiner.partial2_upper_partial3_full_adder.adder_chain[14].adder/COUT (sky130_fd_sc_hd__fa_4)
   0.95   44.63 v maccombiner.partial2_upper_partial3_full_adder.adder_chain[15].adder/COUT (sky130_fd_sc_hd__fa_4)
   0.95   45.58 v maccombiner.partial2_upper_partial3_full_adder.adder_chain[16].adder/COUT (sky130_fd_sc_hd__fa_4)
   0.95   46.52 v maccombiner.partial2_upper_partial3_full_adder.adder_chain[17].adder/COUT (sky130_fd_sc_hd__fa_4)
   0.95   47.47 v maccombiner.partial2_upper_partial3_full_adder.adder_chain[18].adder/COUT (sky130_fd_sc_hd__fa_4)
   0.95   48.42 v maccombiner.partial2_upper_partial3_full_adder.adder_chain[19].adder/COUT (sky130_fd_sc_hd__fa_4)
   0.95   49.37 v maccombiner.partial2_upper_partial3_full_adder.adder_chain[20].adder/COUT (sky130_fd_sc_hd__fa_4)
   0.95   50.32 v maccombiner.partial2_upper_partial3_full_adder.adder_chain[21].adder/COUT (sky130_fd_sc_hd__fa_4)
   0.94   51.26 v maccombiner.partial2_upper_partial3_full_adder.adder_chain[22].adder/COUT (sky130_fd_sc_hd__fa_4)
   0.99   52.25 v maccombiner.partial2_upper_partial3_full_adder.adder_chain[23].adder/COUT (sky130_fd_sc_hd__fa_4)
   0.96   53.20 v maccombiner.partial2_upper_partial3_full_adder.adder_chain[24].adder/COUT (sky130_fd_sc_hd__fa_4)
   0.94   54.14 v maccombiner.partial2_upper_partial3_full_adder.adder_chain[25].adder/COUT (sky130_fd_sc_hd__fa_4)
   0.94   55.08 v maccombiner.partial2_upper_partial3_full_adder.adder_chain[26].adder/COUT (sky130_fd_sc_hd__fa_4)
   0.95   56.03 v maccombiner.partial2_upper_partial3_full_adder.adder_chain[27].adder/COUT (sky130_fd_sc_hd__fa_4)
   0.95   56.98 v maccombiner.partial2_upper_partial3_full_adder.adder_chain[28].adder/COUT (sky130_fd_sc_hd__fa_4)
   0.95   57.93 v maccombiner.partial2_upper_partial3_full_adder.adder_chain[29].adder/COUT (sky130_fd_sc_hd__fa_4)
   0.94   58.87 v maccombiner.partial2_upper_partial3_full_adder.adder_chain[30].adder/COUT (sky130_fd_sc_hd__fa_4)
   0.94   59.81 v maccombiner.partial2_upper_partial3_full_adder.adder_chain[31].adder/COUT (sky130_fd_sc_hd__fa_4)
   0.95   60.75 v maccombiner.partial2_upper_partial3_full_adder.adder_chain[32].adder/COUT (sky130_fd_sc_hd__fa_4)
   0.95   61.71 v maccombiner.partial2_upper_partial3_full_adder.adder_chain[33].adder/COUT (sky130_fd_sc_hd__fa_4)
   0.94   62.65 v maccombiner.partial2_upper_partial3_full_adder.adder_chain[34].adder/COUT (sky130_fd_sc_hd__fa_4)
   0.94   63.59 v maccombiner.partial2_upper_partial3_full_adder.adder_chain[35].adder/COUT (sky130_fd_sc_hd__fa_4)
   0.95   64.54 v maccombiner.partial2_upper_partial3_full_adder.adder_chain[36].adder/COUT (sky130_fd_sc_hd__fa_4)
   0.95   65.49 v maccombiner.partial2_upper_partial3_full_adder.adder_chain[37].adder/COUT (sky130_fd_sc_hd__fa_4)
   0.95   66.44 v maccombiner.partial2_upper_partial3_full_adder.adder_chain[38].adder/COUT (sky130_fd_sc_hd__fa_4)
   1.60   68.04 ^ maccombiner.partial2_upper_partial3_full_adder.adder_chain[39].adder/SUM (sky130_fd_sc_hd__fa_4)
   1.35   69.40 v maccombiner.quad_full_adder.adder_chain[47].adder/SUM (sky130_fd_sc_hd__fa_4)
   0.45   69.85 v _05650_/X (sky130_fd_sc_hd__and3_2)
   0.35   70.20 v _05651_/X (sky130_fd_sc_hd__buf_1)
   1.63   71.83 v _06768_/X (sky130_fd_sc_hd__or4_2)
   1.53   73.36 v _06771_/X (sky130_fd_sc_hd__or4_2)
   0.35   73.71 ^ _06772_/Y (sky130_fd_sc_hd__nor2_2)
   0.30   74.01 ^ _06773_/X (sky130_fd_sc_hd__or2_2)
   0.50   74.51 ^ _06774_/X (sky130_fd_sc_hd__buf_1)
   0.13   74.64 v _06775_/Y (sky130_fd_sc_hd__inv_8)
   1.04   75.69 v _06776_/X (sky130_fd_sc_hd__or3_2)
   0.40   76.09 v _06777_/X (sky130_fd_sc_hd__buf_1)
   0.86   76.94 v _08424_/X (sky130_fd_sc_hd__or2_2)
   0.82   77.76 v _08426_/X (sky130_fd_sc_hd__or2_2)
   0.81   78.57 v _08428_/X (sky130_fd_sc_hd__or2_2)
   0.69   79.26 v _08430_/X (sky130_fd_sc_hd__or2_2)
   0.38   79.65 v _08431_/X (sky130_fd_sc_hd__buf_1)
   0.74   80.38 v _08433_/X (sky130_fd_sc_hd__or2_2)
   0.36   80.74 v _08434_/X (sky130_fd_sc_hd__buf_1)
   0.30   81.04 ^ _08450_/Y (sky130_fd_sc_hd__nor2_2)
   0.45   81.49 v macaccnegator.C2_adder.adder.adders[1].adder.adders[2].adder.adders[2].adder/SUM (sky130_fd_sc_hd__ha_4)
   0.19   81.68 ^ _05455_/Y (sky130_fd_sc_hd__nor2_2)
   0.14   81.82 v _05459_/Y (sky130_fd_sc_hd__nor3_2)
   0.00   81.82 v _10235_/D (sky130_fd_sc_hd__dfxtp_4)
          81.82   data arrival time

  80.00   80.00   clock clk (rise edge)
   0.00   80.00   clock network delay (ideal)
   0.00   80.00   clock reconvergence pessimism
          80.00 ^ _10235_/CLK (sky130_fd_sc_hd__dfxtp_4)
  -0.27   79.73   library setup time
          79.73   data required time
---------------------------------------------------------
          79.73   data required time
         -81.82   data arrival time
---------------------------------------------------------
          -2.08   slack (VIOLATED)


