Startpoint: A3[7] (input port clocked by clk)
Endpoint: _5847_ (rising edge-triggered flip-flop clocked by clk)
Path Group: clk
Path Type: max

  Delay    Time   Description
---------------------------------------------------------
   0.00    0.00   clock clk (rise edge)
   0.00    0.00   clock network delay (ideal)
   2.00    2.00 ^ input external delay
   0.07    2.07 ^ A3[7] (in)
   0.08    2.15 v _3024_/Y (sky130_fd_sc_hd__inv_8)
   0.46    2.61 v _3026_/X (sky130_fd_sc_hd__o22a_4)
   0.41    3.02 v _3340_/X (sky130_fd_sc_hd__o22a_4)
   0.20    3.22 v _3341_/X (sky130_fd_sc_hd__o21a_4)
   0.42    3.63 v _3342_/X (sky130_fd_sc_hd__or2_4)
   0.34    3.97 v _3343_/X (sky130_fd_sc_hd__buf_1)
   0.14    4.11 ^ _3344_/Y (sky130_fd_sc_hd__inv_8)
   0.35    4.46 ^ _3345_/X (sky130_fd_sc_hd__buf_1)
   0.62    5.08 ^ _3346_/X (sky130_fd_sc_hd__buf_1)
   0.72    5.80 ^ _3347_/X (sky130_fd_sc_hd__buf_1)
   0.52    6.32 v _3355_/X (sky130_fd_sc_hd__a2bb2o_4)
   0.00    6.32 v _5847_/D (sky130_fd_sc_hd__dfxtp_4)
           6.32   data arrival time

  10.00   10.00   clock clk (rise edge)
   0.00   10.00   clock network delay (ideal)
   0.00   10.00   clock reconvergence pessimism
          10.00 ^ _5847_/CLK (sky130_fd_sc_hd__dfxtp_4)
  -0.28    9.72   library setup time
           9.72   data required time
---------------------------------------------------------
           9.72   data required time
          -6.32   data arrival time
---------------------------------------------------------
           3.40   slack (MET)


