Startpoint: _7082_ (rising edge-triggered flip-flop clocked by clk)
Endpoint: _7082_ (rising edge-triggered flip-flop clocked by clk)
Path Group: clk
Path Type: min

  Delay    Time   Description
---------------------------------------------------------
   0.00    0.00   clock clk (rise edge)
   0.00    0.00   clock network delay (ideal)
   0.00    0.00 ^ _7082_/CLK (sky130_fd_sc_hd__dfxtp_4)
   0.22    0.22 v _7082_/Q (sky130_fd_sc_hd__dfxtp_4)
   0.06    0.28 ^ _2833_/Y (sky130_fd_sc_hd__nor2_2)
   0.03    0.31 v _2835_/Y (sky130_fd_sc_hd__nor3_2)
   0.00    0.31 v _7082_/D (sky130_fd_sc_hd__dfxtp_4)
           0.31   data arrival time

   0.00    0.00   clock clk (rise edge)
   0.00    0.00   clock network delay (ideal)
   0.00    0.00   clock reconvergence pessimism
           0.00 ^ _7082_/CLK (sky130_fd_sc_hd__dfxtp_4)
  -0.03   -0.03   library hold time
          -0.03   data required time
---------------------------------------------------------
          -0.03   data required time
          -0.31   data arrival time
---------------------------------------------------------
           0.34   slack (MET)


Startpoint: B0[0] (input port clocked by clk)
Endpoint: _7081_ (rising edge-triggered flip-flop clocked by clk)
Path Group: clk
Path Type: max

  Delay    Time   Description
---------------------------------------------------------
   0.00    0.00   clock clk (rise edge)
   0.00    0.00   clock network delay (ideal)
  50.00   50.00 ^ input external delay
   0.03   50.03 ^ B0[0] (in)
   0.07   50.10 v _4773_/Y (sky130_fd_sc_hd__inv_8)
   1.03   51.13 v macmulnegator.B0_adder.adder_chain[0].adder/COUT (sky130_fd_sc_hd__fa_4)
   0.94   52.07 v macmulnegator.B0_adder.adder_chain[1].adder/COUT (sky130_fd_sc_hd__fa_4)
   0.95   53.02 v macmulnegator.B0_adder.adder_chain[2].adder/COUT (sky130_fd_sc_hd__fa_4)
   0.93   53.96 v macmulnegator.B0_adder.adder_chain[3].adder/COUT (sky130_fd_sc_hd__fa_4)
   0.95   54.90 v macmulnegator.B0_adder.adder_chain[4].adder/COUT (sky130_fd_sc_hd__fa_4)
   0.93   55.83 v macmulnegator.B0_adder.adder_chain[5].adder/COUT (sky130_fd_sc_hd__fa_4)
   0.95   56.78 v macmulnegator.B0_adder.adder_chain[6].adder/COUT (sky130_fd_sc_hd__fa_4)
   0.90   57.68 v macmulnegator.B0_adder.adder_chain[7].adder/COUT (sky130_fd_sc_hd__fa_4)
   0.75   58.43 v _4686_/X (sky130_fd_sc_hd__or2_2)
   0.95   59.38 v macmulnegator.B1_adder.adder_chain[0].adder/COUT (sky130_fd_sc_hd__fa_4)
   0.94   60.31 v macmulnegator.B1_adder.adder_chain[1].adder/COUT (sky130_fd_sc_hd__fa_4)
   0.93   61.24 v macmulnegator.B1_adder.adder_chain[2].adder/COUT (sky130_fd_sc_hd__fa_4)
   0.93   62.18 v macmulnegator.B1_adder.adder_chain[3].adder/COUT (sky130_fd_sc_hd__fa_4)
   0.94   63.11 v macmulnegator.B1_adder.adder_chain[4].adder/COUT (sky130_fd_sc_hd__fa_4)
   0.93   64.04 v macmulnegator.B1_adder.adder_chain[5].adder/COUT (sky130_fd_sc_hd__fa_4)
   0.95   64.99 v macmulnegator.B1_adder.adder_chain[6].adder/COUT (sky130_fd_sc_hd__fa_4)
   0.99   65.98 v macmulnegator.B1_adder.adder_chain[7].adder/COUT (sky130_fd_sc_hd__fa_4)
   0.74   66.71 v _4685_/X (sky130_fd_sc_hd__or2_2)
   0.92   67.63 v macmulnegator.B2_adder.adder_chain[0].adder/COUT (sky130_fd_sc_hd__fa_4)
   0.94   68.57 v macmulnegator.B2_adder.adder_chain[1].adder/COUT (sky130_fd_sc_hd__fa_4)
   0.94   69.52 v macmulnegator.B2_adder.adder_chain[2].adder/COUT (sky130_fd_sc_hd__fa_4)
   0.94   70.46 v macmulnegator.B2_adder.adder_chain[3].adder/COUT (sky130_fd_sc_hd__fa_4)
   0.93   71.39 v macmulnegator.B2_adder.adder_chain[4].adder/COUT (sky130_fd_sc_hd__fa_4)
   0.96   72.35 v macmulnegator.B2_adder.adder_chain[5].adder/COUT (sky130_fd_sc_hd__fa_4)
   0.94   73.29 v macmulnegator.B2_adder.adder_chain[6].adder/COUT (sky130_fd_sc_hd__fa_4)
   0.95   74.24 v macmulnegator.B2_adder.adder_chain[7].adder/COUT (sky130_fd_sc_hd__fa_4)
   0.73   74.97 v _4684_/X (sky130_fd_sc_hd__or2_2)
   0.95   75.92 v macmulnegator.B3_adder.adder_chain[0].adder/COUT (sky130_fd_sc_hd__fa_4)
   0.94   76.85 v macmulnegator.B3_adder.adder_chain[1].adder/COUT (sky130_fd_sc_hd__fa_4)
   0.96   77.81 v macmulnegator.B3_adder.adder_chain[2].adder/COUT (sky130_fd_sc_hd__fa_4)
   1.28   79.09 v macmulnegator.B3_adder.adder_chain[3].adder/SUM (sky130_fd_sc_hd__fa_4)
   0.12   79.22 ^ _5719_/Y (sky130_fd_sc_hd__nand2_2)
   0.41   79.63 ^ _5720_/X (sky130_fd_sc_hd__and2_2)
   0.83   80.46 ^ _5886_/X (sky130_fd_sc_hd__buf_1)
   0.27   80.73 v _5894_/Y (sky130_fd_sc_hd__nor2_2)
   1.38   82.11 v macmul3.A0B3_mul_block.array_multiplier.horizontal[3].vertical[0].multiplier_cell.adder/SUM (sky130_fd_sc_hd__fa_4)
   1.10   83.21 v macmul3.A0B3_mul_block.array_multiplier.horizontal[2].vertical[1].multiplier_cell.adder/COUT (sky130_fd_sc_hd__fa_4)
   1.56   84.77 ^ macmul3.A0B3_mul_block.array_multiplier.horizontal[3].vertical[1].multiplier_cell.adder/SUM (sky130_fd_sc_hd__fa_4)
   1.29   86.06 v macmul3.A0B3_mul_block.array_multiplier.horizontal[2].vertical[2].multiplier_cell.adder/SUM (sky130_fd_sc_hd__fa_4)
   1.11   87.17 v macmul3.A0B3_mul_block.array_multiplier.horizontal[1].vertical[3].multiplier_cell.adder/COUT (sky130_fd_sc_hd__fa_4)
   1.56   88.73 ^ macmul3.A0B3_mul_block.array_multiplier.horizontal[2].vertical[3].multiplier_cell.adder/SUM (sky130_fd_sc_hd__fa_4)
   1.29   90.03 v macmul3.A0B3_mul_block.array_multiplier.horizontal[1].vertical[4].multiplier_cell.adder/SUM (sky130_fd_sc_hd__fa_4)
   1.10   91.13 v macmul3.A0B3_mul_block.array_multiplier.horizontal[0].vertical[5].multiplier_cell.adder/COUT (sky130_fd_sc_hd__fa_4)
   0.94   92.06 v macmul3.A0B3_mul_block.array_multiplier.horizontal[1].vertical[5].multiplier_cell.adder/COUT (sky130_fd_sc_hd__fa_4)
   1.56   93.62 ^ macmul3.A0B3_mul_block.array_multiplier.horizontal[2].vertical[5].multiplier_cell.adder/SUM (sky130_fd_sc_hd__fa_4)
   1.29   94.92 v macmul3.A0B3_mul_block.array_multiplier.horizontal[1].vertical[6].multiplier_cell.adder/SUM (sky130_fd_sc_hd__fa_4)
   1.10   96.02 v macmul3.A0B3_mul_block.array_multiplier.horizontal[0].vertical[7].multiplier_cell.adder/COUT (sky130_fd_sc_hd__fa_4)
   0.94   96.95 v macmul3.A0B3_mul_block.array_multiplier.horizontal[1].vertical[7].multiplier_cell.adder/COUT (sky130_fd_sc_hd__fa_4)
   0.94   97.89 v macmul3.A0B3_mul_block.array_multiplier.horizontal[2].vertical[7].multiplier_cell.adder/COUT (sky130_fd_sc_hd__fa_4)
   1.31   99.20 v macmul3.A0B3_mul_block.array_multiplier.horizontal[3].vertical[7].multiplier_cell.adder/SUM (sky130_fd_sc_hd__fa_4)
   1.10  100.30 v macmul3.block_1_adder.adder_chain[2].adder/COUT (sky130_fd_sc_hd__fa_4)
   0.94  101.24 v macmul3.block_1_adder.adder_chain[3].adder/COUT (sky130_fd_sc_hd__fa_4)
   0.94  102.17 v macmul3.block_1_adder.adder_chain[4].adder/COUT (sky130_fd_sc_hd__fa_4)
   0.95  103.12 v macmul3.block_1_adder.adder_chain[5].adder/COUT (sky130_fd_sc_hd__fa_4)
   0.94  104.06 v macmul3.block_1_adder.adder_chain[6].adder/COUT (sky130_fd_sc_hd__fa_4)
   0.97  105.03 v macmul3.block_1_adder.adder_chain[7].adder/COUT (sky130_fd_sc_hd__fa_4)
   0.94  105.97 v macmul3.block_2_adder.adder_chain[0].adder/COUT (sky130_fd_sc_hd__fa_4)
   0.93  106.90 v macmul3.block_2_adder.adder_chain[1].adder/COUT (sky130_fd_sc_hd__fa_4)
   0.93  107.83 v macmul3.block_2_adder.adder_chain[2].adder/COUT (sky130_fd_sc_hd__fa_4)
   0.93  108.76 v macmul3.block_2_adder.adder_chain[3].adder/COUT (sky130_fd_sc_hd__fa_4)
   0.93  109.69 v macmul3.block_2_adder.adder_chain[4].adder/COUT (sky130_fd_sc_hd__fa_4)
   0.93  110.62 v macmul3.block_2_adder.adder_chain[5].adder/COUT (sky130_fd_sc_hd__fa_4)
   0.93  111.55 v macmul3.block_2_adder.adder_chain[6].adder/COUT (sky130_fd_sc_hd__fa_4)
   0.90  112.46 v macmul3.block_2_adder.adder_chain[7].adder/COUT (sky130_fd_sc_hd__fa_4)
   0.50  112.95 v _6006_/X (sky130_fd_sc_hd__and3_2)
   0.90  113.85 v macmul3.block_3_adder.adder_chain[0].adder/COUT (sky130_fd_sc_hd__fa_4)
   0.93  114.79 v macmul3.block_3_adder.adder_chain[1].adder/COUT (sky130_fd_sc_hd__fa_4)
   1.36  116.15 v macmul3.block_3_adder.adder_chain[2].adder/SUM (sky130_fd_sc_hd__fa_4)
   0.26  116.41 ^ _3828_/Y (sky130_fd_sc_hd__nor2_2)
   0.10  116.50 v _3829_/Y (sky130_fd_sc_hd__nor3_2)
   0.72  117.22 v _3830_/X (sky130_fd_sc_hd__or2_2)
   1.01  118.24 v maccombiner.partial2_upper_partial3_full_adder.adder_chain[10].adder/COUT (sky130_fd_sc_hd__fa_4)
   0.93  119.17 v maccombiner.partial2_upper_partial3_full_adder.adder_chain[11].adder/COUT (sky130_fd_sc_hd__fa_4)
   0.93  120.10 v maccombiner.partial2_upper_partial3_full_adder.adder_chain[12].adder/COUT (sky130_fd_sc_hd__fa_4)
   0.93  121.03 v maccombiner.partial2_upper_partial3_full_adder.adder_chain[13].adder/COUT (sky130_fd_sc_hd__fa_4)
   1.43  122.46 v maccombiner.partial2_upper_partial3_full_adder.adder_chain[14].adder/SUM (sky130_fd_sc_hd__fa_4)
   1.08  123.53 v maccombiner.quad_full_adder.adder_chain[22].adder/COUT (sky130_fd_sc_hd__fa_4)
   0.93  124.47 v maccombiner.quad_full_adder.adder_chain[23].adder/COUT (sky130_fd_sc_hd__fa_4)
   0.94  125.41 v maccombiner.quad_full_adder.adder_chain[24].adder/COUT (sky130_fd_sc_hd__fa_4)
   0.93  126.34 v maccombiner.quad_full_adder.adder_chain[25].adder/COUT (sky130_fd_sc_hd__fa_4)
   0.94  127.27 v maccombiner.quad_full_adder.adder_chain[26].adder/COUT (sky130_fd_sc_hd__fa_4)
   0.93  128.21 v maccombiner.quad_full_adder.adder_chain[27].adder/COUT (sky130_fd_sc_hd__fa_4)
   0.94  129.14 v maccombiner.quad_full_adder.adder_chain[28].adder/COUT (sky130_fd_sc_hd__fa_4)
   0.93  130.07 v maccombiner.quad_full_adder.adder_chain[29].adder/COUT (sky130_fd_sc_hd__fa_4)
   0.94  131.01 v maccombiner.quad_full_adder.adder_chain[30].adder/COUT (sky130_fd_sc_hd__fa_4)
   0.94  131.95 v maccombiner.quad_full_adder.adder_chain[31].adder/COUT (sky130_fd_sc_hd__fa_4)
   1.54  133.49 ^ maccombiner.quad_full_adder.adder_chain[32].adder/SUM (sky130_fd_sc_hd__fa_4)
   0.08  133.57 v _4266_/Y (sky130_fd_sc_hd__nor2_2)
   1.24  134.81 v _4268_/X (sky130_fd_sc_hd__or3_2)
   1.13  135.94 v macaccnegator.C1_adder.adder_chain[16].adder/COUT (sky130_fd_sc_hd__fa_4)
   0.93  136.87 v macaccnegator.C1_adder.adder_chain[17].adder/COUT (sky130_fd_sc_hd__fa_4)
   0.94  137.81 v macaccnegator.C1_adder.adder_chain[18].adder/COUT (sky130_fd_sc_hd__fa_4)
   0.94  138.75 v macaccnegator.C1_adder.adder_chain[19].adder/COUT (sky130_fd_sc_hd__fa_4)
   0.94  139.68 v macaccnegator.C1_adder.adder_chain[20].adder/COUT (sky130_fd_sc_hd__fa_4)
   0.94  140.62 v macaccnegator.C1_adder.adder_chain[21].adder/COUT (sky130_fd_sc_hd__fa_4)
   0.94  141.56 v macaccnegator.C1_adder.adder_chain[22].adder/COUT (sky130_fd_sc_hd__fa_4)
   0.94  142.50 v macaccnegator.C1_adder.adder_chain[23].adder/COUT (sky130_fd_sc_hd__fa_4)
   0.94  143.45 v macaccnegator.C1_adder.adder_chain[24].adder/COUT (sky130_fd_sc_hd__fa_4)
   0.94  144.38 v macaccnegator.C1_adder.adder_chain[25].adder/COUT (sky130_fd_sc_hd__fa_4)
   0.94  145.32 v macaccnegator.C1_adder.adder_chain[26].adder/COUT (sky130_fd_sc_hd__fa_4)
   0.94  146.26 v macaccnegator.C1_adder.adder_chain[27].adder/COUT (sky130_fd_sc_hd__fa_4)
   0.94  147.20 v macaccnegator.C1_adder.adder_chain[28].adder/COUT (sky130_fd_sc_hd__fa_4)
   0.93  148.14 v macaccnegator.C1_adder.adder_chain[29].adder/COUT (sky130_fd_sc_hd__fa_4)
   0.94  149.07 v macaccnegator.C1_adder.adder_chain[30].adder/COUT (sky130_fd_sc_hd__fa_4)
   0.99  150.07 v macaccnegator.C1_adder.adder_chain[31].adder/COUT (sky130_fd_sc_hd__fa_4)
   0.73  150.80 v _4518_/X (sky130_fd_sc_hd__or2_2)
   0.92  151.71 v macaccnegator.C2_adder.adder_chain[0].adder/COUT (sky130_fd_sc_hd__fa_4)
   0.95  152.66 v macaccnegator.C2_adder.adder_chain[1].adder/COUT (sky130_fd_sc_hd__fa_4)
   0.95  153.61 v macaccnegator.C2_adder.adder_chain[2].adder/COUT (sky130_fd_sc_hd__fa_4)
   0.93  154.54 v macaccnegator.C2_adder.adder_chain[3].adder/COUT (sky130_fd_sc_hd__fa_4)
   0.93  155.47 v macaccnegator.C2_adder.adder_chain[4].adder/COUT (sky130_fd_sc_hd__fa_4)
   0.94  156.41 v macaccnegator.C2_adder.adder_chain[5].adder/COUT (sky130_fd_sc_hd__fa_4)
   0.94  157.35 v macaccnegator.C2_adder.adder_chain[6].adder/COUT (sky130_fd_sc_hd__fa_4)
   0.94  158.29 v macaccnegator.C2_adder.adder_chain[7].adder/COUT (sky130_fd_sc_hd__fa_4)
   0.93  159.22 v macaccnegator.C2_adder.adder_chain[8].adder/COUT (sky130_fd_sc_hd__fa_4)
   0.93  160.15 v macaccnegator.C2_adder.adder_chain[9].adder/COUT (sky130_fd_sc_hd__fa_4)
   0.93  161.08 v macaccnegator.C2_adder.adder_chain[10].adder/COUT (sky130_fd_sc_hd__fa_4)
   0.94  162.02 v macaccnegator.C2_adder.adder_chain[11].adder/COUT (sky130_fd_sc_hd__fa_4)
   0.95  162.97 v macaccnegator.C2_adder.adder_chain[12].adder/COUT (sky130_fd_sc_hd__fa_4)
   0.94  163.90 v macaccnegator.C2_adder.adder_chain[13].adder/COUT (sky130_fd_sc_hd__fa_4)
   0.93  164.84 v macaccnegator.C2_adder.adder_chain[14].adder/COUT (sky130_fd_sc_hd__fa_4)
   0.94  165.77 v macaccnegator.C2_adder.adder_chain[15].adder/COUT (sky130_fd_sc_hd__fa_4)
   0.94  166.71 v macaccnegator.C2_adder.adder_chain[16].adder/COUT (sky130_fd_sc_hd__fa_4)
   0.95  167.66 v macaccnegator.C2_adder.adder_chain[17].adder/COUT (sky130_fd_sc_hd__fa_4)
   0.94  168.59 v macaccnegator.C2_adder.adder_chain[18].adder/COUT (sky130_fd_sc_hd__fa_4)
   0.95  169.54 v macaccnegator.C2_adder.adder_chain[19].adder/COUT (sky130_fd_sc_hd__fa_4)
   0.94  170.48 v macaccnegator.C2_adder.adder_chain[20].adder/COUT (sky130_fd_sc_hd__fa_4)
   0.93  171.41 v macaccnegator.C2_adder.adder_chain[21].adder/COUT (sky130_fd_sc_hd__fa_4)
   0.93  172.34 v macaccnegator.C2_adder.adder_chain[22].adder/COUT (sky130_fd_sc_hd__fa_4)
   0.93  173.27 v macaccnegator.C2_adder.adder_chain[23].adder/COUT (sky130_fd_sc_hd__fa_4)
   0.93  174.20 v macaccnegator.C2_adder.adder_chain[24].adder/COUT (sky130_fd_sc_hd__fa_4)
   0.93  175.14 v macaccnegator.C2_adder.adder_chain[25].adder/COUT (sky130_fd_sc_hd__fa_4)
   0.93  176.07 v macaccnegator.C2_adder.adder_chain[26].adder/COUT (sky130_fd_sc_hd__fa_4)
   0.93  177.00 v macaccnegator.C2_adder.adder_chain[27].adder/COUT (sky130_fd_sc_hd__fa_4)
   0.94  177.94 v macaccnegator.C2_adder.adder_chain[28].adder/COUT (sky130_fd_sc_hd__fa_4)
   0.93  178.88 v macaccnegator.C2_adder.adder_chain[29].adder/COUT (sky130_fd_sc_hd__fa_4)
   0.94  179.81 v macaccnegator.C2_adder.adder_chain[30].adder/COUT (sky130_fd_sc_hd__fa_4)
   0.89  180.71 v macaccnegator.C2_adder.adder_chain[31].adder/COUT (sky130_fd_sc_hd__fa_4)
   0.77  181.48 v _4517_/X (sky130_fd_sc_hd__or2_2)
   0.94  182.42 v macaccnegator.C3_adder.adder_chain[0].adder/COUT (sky130_fd_sc_hd__fa_4)
   0.95  183.37 v macaccnegator.C3_adder.adder_chain[1].adder/COUT (sky130_fd_sc_hd__fa_4)
   0.94  184.31 v macaccnegator.C3_adder.adder_chain[2].adder/COUT (sky130_fd_sc_hd__fa_4)
   0.93  185.24 v macaccnegator.C3_adder.adder_chain[3].adder/COUT (sky130_fd_sc_hd__fa_4)
   0.94  186.18 v macaccnegator.C3_adder.adder_chain[4].adder/COUT (sky130_fd_sc_hd__fa_4)
   0.94  187.12 v macaccnegator.C3_adder.adder_chain[5].adder/COUT (sky130_fd_sc_hd__fa_4)
   0.94  188.07 v macaccnegator.C3_adder.adder_chain[6].adder/COUT (sky130_fd_sc_hd__fa_4)
   0.95  189.02 v macaccnegator.C3_adder.adder_chain[7].adder/COUT (sky130_fd_sc_hd__fa_4)
   0.94  189.96 v macaccnegator.C3_adder.adder_chain[8].adder/COUT (sky130_fd_sc_hd__fa_4)
   0.94  190.90 v macaccnegator.C3_adder.adder_chain[9].adder/COUT (sky130_fd_sc_hd__fa_4)
   0.94  191.84 v macaccnegator.C3_adder.adder_chain[10].adder/COUT (sky130_fd_sc_hd__fa_4)
   0.94  192.78 v macaccnegator.C3_adder.adder_chain[11].adder/COUT (sky130_fd_sc_hd__fa_4)
   0.94  193.73 v macaccnegator.C3_adder.adder_chain[12].adder/COUT (sky130_fd_sc_hd__fa_4)
   0.94  194.67 v macaccnegator.C3_adder.adder_chain[13].adder/COUT (sky130_fd_sc_hd__fa_4)
   0.94  195.61 v macaccnegator.C3_adder.adder_chain[14].adder/COUT (sky130_fd_sc_hd__fa_4)
   0.95  196.56 v macaccnegator.C3_adder.adder_chain[15].adder/COUT (sky130_fd_sc_hd__fa_4)
   1.24  197.80 v macaccnegator.C3_adder.adder_chain[16].adder/SUM (sky130_fd_sc_hd__fa_4)
   0.69  198.49 v _3985_/X (sky130_fd_sc_hd__or2_2)
   0.47  198.96 v _3986_/X (sky130_fd_sc_hd__and2_2)
   1.01  199.97 v macacc.acc3.accumlate_adder.adder_chain[16].adder/COUT (sky130_fd_sc_hd__fa_4)
   0.95  200.91 v macacc.acc3.accumlate_adder.adder_chain[17].adder/COUT (sky130_fd_sc_hd__fa_4)
   0.94  201.85 v macacc.acc3.accumlate_adder.adder_chain[18].adder/COUT (sky130_fd_sc_hd__fa_4)
   0.97  202.82 v macacc.acc3.accumlate_adder.adder_chain[19].adder/COUT (sky130_fd_sc_hd__fa_4)
   0.94  203.76 v macacc.acc3.accumlate_adder.adder_chain[20].adder/COUT (sky130_fd_sc_hd__fa_4)
   0.93  204.69 v macacc.acc3.accumlate_adder.adder_chain[21].adder/COUT (sky130_fd_sc_hd__fa_4)
   0.95  205.64 v macacc.acc3.accumlate_adder.adder_chain[22].adder/COUT (sky130_fd_sc_hd__fa_4)
   0.95  206.59 v macacc.acc3.accumlate_adder.adder_chain[23].adder/COUT (sky130_fd_sc_hd__fa_4)
   0.94  207.53 v macacc.acc3.accumlate_adder.adder_chain[24].adder/COUT (sky130_fd_sc_hd__fa_4)
   0.94  208.47 v macacc.acc3.accumlate_adder.adder_chain[25].adder/COUT (sky130_fd_sc_hd__fa_4)
   0.93  209.41 v macacc.acc3.accumlate_adder.adder_chain[26].adder/COUT (sky130_fd_sc_hd__fa_4)
   0.94  210.35 v macacc.acc3.accumlate_adder.adder_chain[27].adder/COUT (sky130_fd_sc_hd__fa_4)
   0.95  211.30 v macacc.acc3.accumlate_adder.adder_chain[28].adder/COUT (sky130_fd_sc_hd__fa_4)
   0.93  212.23 v macacc.acc3.accumlate_adder.adder_chain[29].adder/COUT (sky130_fd_sc_hd__fa_4)
   0.95  213.18 v macacc.acc3.accumlate_adder.adder_chain[30].adder/COUT (sky130_fd_sc_hd__fa_4)
   1.54  214.72 ^ macacc.acc3.accumlate_adder.adder_chain[31].adder/SUM (sky130_fd_sc_hd__fa_4)
   0.08  214.80 v _2838_/Y (sky130_fd_sc_hd__nor2_2)
   0.23  215.03 ^ _2839_/Y (sky130_fd_sc_hd__nor3_2)
   0.12  215.16 v _2840_/Y (sky130_fd_sc_hd__nor2_2)
   0.10  215.26 ^ _2841_/Y (sky130_fd_sc_hd__nor2_2)
   0.00  215.26 ^ _7081_/D (sky130_fd_sc_hd__dfxtp_4)
         215.26   data arrival time

 250.00  250.00   clock clk (rise edge)
   0.00  250.00   clock network delay (ideal)
   0.00  250.00   clock reconvergence pessimism
         250.00 ^ _7081_/CLK (sky130_fd_sc_hd__dfxtp_4)
  -0.17  249.83   library setup time
         249.83   data required time
---------------------------------------------------------
         249.83   data required time
        -215.26   data arrival time
---------------------------------------------------------
          34.57   slack (MET)


