Startpoint: cfg[0] (input port clocked by clk)
Endpoint: _17735_ (rising edge-triggered flip-flop clocked by clk)
Path Group: clk
Path Type: max

  Delay    Time   Description
---------------------------------------------------------
   0.00    0.00   clock clk (rise edge)
   0.00    0.00   clock network delay (ideal)
  50.00   50.00 ^ input external delay
   0.08   50.08 ^ cfg[0] (in)
   0.22   50.30 ^ _08636_/X (sky130_fd_sc_hd__or2_4)
   0.53   50.83 ^ _08637_/X (sky130_fd_sc_hd__buf_1)
   0.19   51.02 v _08638_/Y (sky130_fd_sc_hd__inv_8)
   0.48   51.50 v _08643_/X (sky130_fd_sc_hd__or2_4)
   0.30   51.80 v _08644_/X (sky130_fd_sc_hd__buf_1)
   0.14   51.93 ^ _08695_/Y (sky130_fd_sc_hd__inv_8)
   0.56   52.50 ^ _09755_/X (sky130_fd_sc_hd__buf_1)
   0.27   52.77 v _09757_/Y (sky130_fd_sc_hd__a21boi_4)
   0.44   53.20 v _09758_/X (sky130_fd_sc_hd__or2_4)
   0.34   53.54 v _09759_/X (sky130_fd_sc_hd__buf_1)
   0.57   54.11 v _09895_/X (sky130_fd_sc_hd__or2_4)
   0.31   54.42 v _09896_/X (sky130_fd_sc_hd__xor2_4)
   0.28   54.70 v _09897_/X (sky130_fd_sc_hd__buf_1)
   0.32   55.02 v _09898_/X (sky130_fd_sc_hd__buf_1)
   1.09   56.12 v _13347_/X (sky130_fd_sc_hd__or4_4)
   0.46   56.57 v _13348_/X (sky130_fd_sc_hd__or2_4)
   0.33   56.91 v _13349_/X (sky130_fd_sc_hd__buf_1)
   0.54   57.44 v _13351_/X (sky130_fd_sc_hd__or2_4)
   0.33   57.77 v _13352_/X (sky130_fd_sc_hd__buf_1)
   0.50   58.27 v _13353_/X (sky130_fd_sc_hd__or2_4)
   0.31   58.58 v _13354_/X (sky130_fd_sc_hd__buf_1)
   0.30   58.88 v _13355_/X (sky130_fd_sc_hd__o21a_4)
   0.42   59.30 v _13356_/X (sky130_fd_sc_hd__or2_4)
   0.31   59.61 v _13357_/X (sky130_fd_sc_hd__buf_1)
   0.30   59.91 v _13358_/X (sky130_fd_sc_hd__o21a_4)
   0.42   60.33 v _13359_/X (sky130_fd_sc_hd__or2_4)
   0.31   60.64 v _13360_/X (sky130_fd_sc_hd__buf_1)
   0.54   61.18 v _13362_/X (sky130_fd_sc_hd__o22a_4)
   0.44   61.62 v _13404_/X (sky130_fd_sc_hd__o21a_4)
   0.40   62.03 ^ _13405_/X (sky130_fd_sc_hd__a2bb2o_4)
   0.44   62.46 v _13408_/X (sky130_fd_sc_hd__a2bb2o_4)
   0.45   62.91 v _13409_/X (sky130_fd_sc_hd__or2_4)
   0.23   63.14 v _13410_/X (sky130_fd_sc_hd__o21a_4)
   0.45   63.59 v _13411_/X (sky130_fd_sc_hd__or2_4)
   0.23   63.82 v _13412_/X (sky130_fd_sc_hd__o21a_4)
   0.45   64.27 v _13413_/X (sky130_fd_sc_hd__or2_4)
   0.26   64.53 v _13414_/X (sky130_fd_sc_hd__o21a_4)
   0.09   64.63 ^ _13415_/Y (sky130_fd_sc_hd__inv_8)
   0.43   65.05 ^ _13416_/X (sky130_fd_sc_hd__and3_4)
   0.15   65.20 v _13421_/Y (sky130_fd_sc_hd__a21oi_4)
   0.89   66.09 v _13422_/X (sky130_fd_sc_hd__or4_4)
   0.71   66.80 v _13423_/X (sky130_fd_sc_hd__or3_4)
   0.51   67.32 v _13434_/X (sky130_fd_sc_hd__or2_4)
   0.46   67.78 v _13436_/X (sky130_fd_sc_hd__or2_4)
   0.39   68.17 v _13437_/X (sky130_fd_sc_hd__buf_1)
   0.55   68.72 ^ _13440_/X (sky130_fd_sc_hd__a2bb2o_4)
   0.32   69.04 ^ _13441_/X (sky130_fd_sc_hd__o22a_4)
   0.07   69.11 v _13442_/Y (sky130_fd_sc_hd__inv_8)
   0.29   69.39 v _13443_/X (sky130_fd_sc_hd__and2_4)
   0.38   69.77 v _13454_/X (sky130_fd_sc_hd__a21o_4)
   0.52   70.29 v _13456_/X (sky130_fd_sc_hd__or2_4)
   0.33   70.62 ^ _13516_/Y (sky130_fd_sc_hd__nor3_4)
   0.15   70.77 v _13517_/Y (sky130_fd_sc_hd__nor3_4)
   0.69   71.46 v _13518_/X (sky130_fd_sc_hd__or3_4)
   0.22   71.68 ^ _13519_/Y (sky130_fd_sc_hd__nor2_4)
   0.11   71.79 v _13520_/Y (sky130_fd_sc_hd__nor3_4)
   0.28   72.07 v _13521_/X (sky130_fd_sc_hd__and2_4)
   0.52   72.58 v _13522_/X (sky130_fd_sc_hd__a211o_4)
   0.47   73.05 v _13523_/X (sky130_fd_sc_hd__or2_4)
   0.50   73.55 v _13524_/X (sky130_fd_sc_hd__or2_4)
   0.64   74.19 v _13525_/X (sky130_fd_sc_hd__or3_4)
   0.35   74.55 v _13526_/X (sky130_fd_sc_hd__buf_1)
   0.56   75.11 v _13527_/X (sky130_fd_sc_hd__or2_4)
   0.33   75.43 ^ _14635_/X (sky130_fd_sc_hd__a21bo_4)
   0.19   75.62 ^ _14637_/X (sky130_fd_sc_hd__or3_4)
   0.41   76.03 ^ _14638_/X (sky130_fd_sc_hd__buf_1)
   0.12   76.15 v _14639_/Y (sky130_fd_sc_hd__inv_8)
   0.53   76.68 v _14640_/X (sky130_fd_sc_hd__a211o_4)
   0.50   77.18 v _14641_/X (sky130_fd_sc_hd__or2_4)
   0.29   77.47 ^ _14990_/Y (sky130_fd_sc_hd__nor3_4)
   0.25   77.72 ^ _14991_/X (sky130_fd_sc_hd__or3_4)
   0.48   78.20 ^ _14992_/X (sky130_fd_sc_hd__buf_1)
   0.15   78.34 v _14993_/Y (sky130_fd_sc_hd__inv_8)
   0.50   78.84 v _15032_/X (sky130_fd_sc_hd__or2_4)
   0.48   79.32 v _15062_/X (sky130_fd_sc_hd__or2_4)
   1.02   80.34 v _15142_/X (sky130_fd_sc_hd__or4_4)
   0.36   80.70 v _15143_/X (sky130_fd_sc_hd__buf_1)
   0.57   81.27 v _15156_/X (sky130_fd_sc_hd__or2_4)
   0.46   81.74 v _15160_/X (sky130_fd_sc_hd__or2_4)
   0.38   82.12 v _15161_/X (sky130_fd_sc_hd__buf_1)
   0.16   82.28 ^ _15167_/Y (sky130_fd_sc_hd__inv_8)
   0.26   82.53 ^ _15169_/X (sky130_fd_sc_hd__or2_4)
   0.44   82.97 v _15170_/X (sky130_fd_sc_hd__a2bb2o_4)
   0.42   83.40 ^ _15179_/X (sky130_fd_sc_hd__a2bb2o_4)
   0.07   83.47 v _15183_/Y (sky130_fd_sc_hd__inv_8)
   0.24   83.71 v _15185_/X (sky130_fd_sc_hd__and2_4)
   0.37   84.08 v _15186_/X (sky130_fd_sc_hd__a21o_4)
   0.53   84.61 v _15200_/X (sky130_fd_sc_hd__or2_4)
   0.18   84.80 ^ _15225_/Y (sky130_fd_sc_hd__nor2_4)
   0.27   85.07 ^ _15260_/X (sky130_fd_sc_hd__and2_4)
   0.19   85.25 ^ _15480_/X (sky130_fd_sc_hd__or4_4)
   0.43   85.69 ^ _15481_/X (sky130_fd_sc_hd__buf_1)
   0.15   85.84 v _15482_/Y (sky130_fd_sc_hd__inv_8)
   0.24   86.08 ^ _15483_/Y (sky130_fd_sc_hd__nor3_4)
   0.17   86.26 v _15484_/Y (sky130_fd_sc_hd__nor4_4)
   0.17   86.43 ^ _15485_/Y (sky130_fd_sc_hd__nor3_4)
   0.24   86.67 ^ _15486_/X (sky130_fd_sc_hd__or3_4)
   0.52   87.19 ^ _15487_/X (sky130_fd_sc_hd__buf_1)
   0.13   87.32 v _15488_/Y (sky130_fd_sc_hd__inv_8)
   0.37   87.69 v _15490_/X (sky130_fd_sc_hd__o21a_4)
   0.62   88.31 v _15491_/X (sky130_fd_sc_hd__or3_4)
   0.45   88.76 v _15492_/X (sky130_fd_sc_hd__buf_1)
   0.59   89.34 v _15493_/X (sky130_fd_sc_hd__or2_4)
   0.42   89.77 v _15494_/X (sky130_fd_sc_hd__or2_4)
   0.33   90.10 v _15495_/X (sky130_fd_sc_hd__buf_1)
   0.50   90.60 v _15496_/X (sky130_fd_sc_hd__or2_4)
   0.33   90.94 v _15497_/X (sky130_fd_sc_hd__buf_1)
   0.56   91.50 v _15498_/X (sky130_fd_sc_hd__or2_4)
   0.20   91.69 ^ _15500_/Y (sky130_fd_sc_hd__nor2_4)
   0.24   91.93 ^ _15502_/X (sky130_fd_sc_hd__or2_4)
   0.20   92.13 ^ _15505_/X (sky130_fd_sc_hd__a21o_4)
   0.37   92.51 ^ _15820_/X (sky130_fd_sc_hd__and3_4)
   0.26   92.76 ^ _15821_/X (sky130_fd_sc_hd__or2_4)
   0.06   92.82 v _15822_/Y (sky130_fd_sc_hd__inv_8)
   0.40   93.23 v _15823_/X (sky130_fd_sc_hd__or2_4)
   0.35   93.58 v _15824_/X (sky130_fd_sc_hd__buf_1)
   0.14   93.72 ^ _15825_/Y (sky130_fd_sc_hd__inv_8)
   0.49   94.21 ^ _15826_/X (sky130_fd_sc_hd__and4_4)
   0.23   94.44 ^ _15827_/X (sky130_fd_sc_hd__or2_4)
   0.08   94.52 v _15830_/Y (sky130_fd_sc_hd__nand2_4)
   0.47   94.99 v _15834_/X (sky130_fd_sc_hd__or2_4)
   0.47   95.46 v _15837_/X (sky130_fd_sc_hd__or2_4)
   0.44   95.90 v _15838_/X (sky130_fd_sc_hd__or2_4)
   0.44   96.33 v _15839_/X (sky130_fd_sc_hd__or2_4)
   0.44   96.77 v _15840_/X (sky130_fd_sc_hd__or2_4)
   0.44   97.20 v _15841_/X (sky130_fd_sc_hd__or2_4)
   0.47   97.68 v _15845_/X (sky130_fd_sc_hd__or2_4)
   0.44   98.12 v _15846_/X (sky130_fd_sc_hd__or2_4)
   0.47   98.59 v _15848_/X (sky130_fd_sc_hd__or2_4)
   0.44   99.02 v _15849_/X (sky130_fd_sc_hd__or2_4)
   0.47   99.50 v _15853_/X (sky130_fd_sc_hd__or2_4)
   0.47   99.97 v _15855_/X (sky130_fd_sc_hd__or2_4)
   0.44  100.40 v _15856_/X (sky130_fd_sc_hd__or2_4)
   0.44  100.84 v _15857_/X (sky130_fd_sc_hd__or2_4)
   0.50  101.33 v _15858_/X (sky130_fd_sc_hd__or2_4)
   0.08  101.42 ^ _15859_/Y (sky130_fd_sc_hd__inv_8)
   0.29  101.71 ^ _15861_/X (sky130_fd_sc_hd__and2_4)
   0.31  102.02 ^ _15863_/X (sky130_fd_sc_hd__and2_4)
   0.33  102.35 ^ _15865_/X (sky130_fd_sc_hd__and2_4)
   0.51  102.86 ^ _15871_/X (sky130_fd_sc_hd__and4_4)
   0.33  103.19 ^ _15873_/X (sky130_fd_sc_hd__and2_4)
   0.07  103.26 v _15911_/Y (sky130_fd_sc_hd__nor2_4)
   0.43  103.69 v _15912_/X (sky130_fd_sc_hd__a2bb2o_4)
   0.45  104.14 v _15913_/X (sky130_fd_sc_hd__or2_4)
   0.37  104.51 ^ _15914_/X (sky130_fd_sc_hd__a21bo_4)
   0.25  104.76 ^ _15915_/X (sky130_fd_sc_hd__or2_4)
   0.25  105.01 ^ _15932_/X (sky130_fd_sc_hd__or2_4)
   0.09  105.10 v _15958_/Y (sky130_fd_sc_hd__nor2_4)
   0.68  105.78 ^ _16757_/Y (sky130_fd_sc_hd__nor4_4)
   0.17  105.95 v _16758_/Y (sky130_fd_sc_hd__nor3_4)
   0.74  106.69 v _16759_/X (sky130_fd_sc_hd__or3_4)
   0.45  107.14 ^ _16761_/Y (sky130_fd_sc_hd__a32oi_4)
   0.31  107.45 ^ _16763_/X (sky130_fd_sc_hd__or2_4)
   0.25  107.70 ^ _17475_/X (sky130_fd_sc_hd__o21a_4)
   0.30  108.00 ^ _17478_/X (sky130_fd_sc_hd__and2_4)
   0.06  108.06 v _17479_/Y (sky130_fd_sc_hd__nor3_4)
   0.00  108.06 v _17735_/D (sky130_fd_sc_hd__dfxtp_4)
         108.06   data arrival time

 250.00  250.00   clock clk (rise edge)
   0.00  250.00   clock network delay (ideal)
   0.00  250.00   clock reconvergence pessimism
         250.00 ^ _17735_/CLK (sky130_fd_sc_hd__dfxtp_4)
  -0.33  249.67   library setup time
         249.67   data required time
---------------------------------------------------------
         249.67   data required time
        -108.06   data arrival time
---------------------------------------------------------
         141.61   slack (MET)


