Startpoint: _10605_ (rising edge-triggered flip-flop clocked by vclk)
Endpoint: _10605_ (rising edge-triggered flip-flop clocked by vclk)
Path Group: vclk
Path Type: min

  Delay    Time   Description
---------------------------------------------------------
   0.00    0.00   clock vclk (rise edge)
   0.00    0.00   clock network delay (ideal)
   0.00    0.00 ^ _10605_/CLK (sky130_fd_sc_hd__dfxtp_4)
   0.69    0.69 ^ _10605_/Q (sky130_fd_sc_hd__dfxtp_4)
   0.27    0.96 ^ _08236_/X (sky130_fd_sc_hd__a21bo_4)
   0.21    1.17 ^ _08238_/X (sky130_fd_sc_hd__o21a_4)
   0.00    1.17 ^ _10605_/D (sky130_fd_sc_hd__dfxtp_4)
           1.17   data arrival time

   0.00    0.00   clock vclk (rise edge)
   0.00    0.00   clock network delay (ideal)
   0.00    0.00   clock reconvergence pessimism
           0.00 ^ _10605_/CLK (sky130_fd_sc_hd__dfxtp_4)
  -0.08   -0.08   library hold time
          -0.08   data required time
---------------------------------------------------------
          -0.08   data required time
          -1.17   data arrival time
---------------------------------------------------------
           1.25   slack (MET)


Startpoint: cfg[1] (input port clocked by vclk)
Endpoint: _10510_ (rising edge-triggered flip-flop clocked by vclk)
Path Group: vclk
Path Type: max

  Delay    Time   Description
---------------------------------------------------------
   0.00    0.00   clock vclk (rise edge)
   0.00    0.00   clock network delay (ideal)
   2.00    2.00 v input external delay
   0.01    2.01 v cfg[1] (in)
   0.04    2.04 ^ _04519_/Y (sky130_fd_sc_hd__inv_8)
   0.07    2.12 ^ _04688_/X (sky130_fd_sc_hd__or2_4)
   0.07    2.18 ^ _04689_/X (sky130_fd_sc_hd__buf_8)
   0.11    2.29 ^ _04690_/X (sky130_fd_sc_hd__buf_4)
   0.10    2.39 ^ _04691_/X (sky130_fd_sc_hd__buf_8)
   0.09    2.48 ^ _04692_/X (sky130_fd_sc_hd__buf_8)
   0.08    2.55 ^ _04693_/X (sky130_fd_sc_hd__buf_8)
   0.23    2.78 ^ _04694_/X (sky130_fd_sc_hd__buf_1)
   0.11    2.89 ^ _04695_/X (sky130_fd_sc_hd__buf_8)
   0.08    2.97 ^ _04696_/X (sky130_fd_sc_hd__buf_8)
   0.21    3.18 ^ _04697_/X (sky130_fd_sc_hd__buf_1)
   0.19    3.37 ^ _04698_/X (sky130_fd_sc_hd__buf_1)
   0.16    3.53 ^ _04699_/X (sky130_fd_sc_hd__buf_1)
   0.15    3.68 ^ _04866_/X (sky130_fd_sc_hd__buf_1)
   0.23    3.91 ^ _05317_/X (sky130_fd_sc_hd__buf_1)
   0.09    4.01 ^ _05424_/X (sky130_fd_sc_hd__buf_8)
   0.08    4.09 ^ _05450_/X (sky130_fd_sc_hd__buf_8)
   0.26    4.35 ^ _06749_/X (sky130_fd_sc_hd__buf_1)
   0.31    4.66 ^ _06795_/X (sky130_fd_sc_hd__buf_1)
   0.10    4.76 ^ _06818_/X (sky130_fd_sc_hd__buf_8)
   0.08    4.84 ^ _06885_/X (sky130_fd_sc_hd__buf_8)
   0.17    5.01 ^ _07118_/X (sky130_fd_sc_hd__buf_1)
   0.08    5.09 ^ _08709_/X (sky130_fd_sc_hd__o22a_4)
   0.05    5.14 ^ _08710_/X (sky130_fd_sc_hd__o21a_4)
   0.06    5.20 ^ _08711_/X (sky130_fd_sc_hd__or2_4)
   0.26    5.46 ^ _08712_/X (sky130_fd_sc_hd__buf_1)
   0.00    5.47 v _08714_/Y (sky130_fd_sc_hd__inv_8)
   0.07    5.54 ^ _08745_/Y (sky130_fd_sc_hd__a22oi_4)
   0.20    5.74 ^ _08746_/X (sky130_fd_sc_hd__buf_1)
   0.02    5.76 v _09980_/Y (sky130_fd_sc_hd__nor2_4)
   0.21    5.97 v macmul0.A0B0_mul_block.array_multiplier.horizontal[1].vertical[0].multiplier_cell.adder/SUM (sky130_fd_sc_hd__fa_1)
   0.26    6.22 v macmul0.A0B0_mul_block.array_multiplier.horizontal[0].vertical[1].multiplier_cell.adder/COUT (sky130_fd_sc_hd__fa_1)
   0.21    6.43 v macmul0.A0B0_mul_block.array_multiplier.horizontal[1].vertical[1].multiplier_cell.adder/COUT (sky130_fd_sc_hd__fa_1)
   0.21    6.64 v macmul0.A0B0_mul_block.array_multiplier.horizontal[2].vertical[1].multiplier_cell.adder/COUT (sky130_fd_sc_hd__fa_1)
   0.31    6.95 ^ macmul0.A0B0_mul_block.array_multiplier.horizontal[3].vertical[1].multiplier_cell.adder/SUM (sky130_fd_sc_hd__fa_1)
   0.23    7.18 v macmul0.A0B0_mul_block.array_multiplier.horizontal[2].vertical[2].multiplier_cell.adder/SUM (sky130_fd_sc_hd__fa_1)
   0.26    7.44 v macmul0.A0B0_mul_block.array_multiplier.horizontal[1].vertical[3].multiplier_cell.adder/COUT (sky130_fd_sc_hd__fa_1)
   0.21    7.65 v macmul0.A0B0_mul_block.array_multiplier.horizontal[2].vertical[3].multiplier_cell.adder/COUT (sky130_fd_sc_hd__fa_1)
   0.31    7.95 ^ macmul0.A0B0_mul_block.array_multiplier.horizontal[3].vertical[3].multiplier_cell.adder/SUM (sky130_fd_sc_hd__fa_1)
   0.23    8.19 v macmul0.A0B0_mul_block.array_multiplier.horizontal[2].vertical[4].multiplier_cell.adder/SUM (sky130_fd_sc_hd__fa_1)
   0.26    8.44 v macmul0.A0B0_mul_block.array_multiplier.horizontal[1].vertical[5].multiplier_cell.adder/COUT (sky130_fd_sc_hd__fa_1)
   0.21    8.65 v macmul0.A0B0_mul_block.array_multiplier.horizontal[2].vertical[5].multiplier_cell.adder/COUT (sky130_fd_sc_hd__fa_1)
   0.31    8.96 ^ macmul0.A0B0_mul_block.array_multiplier.horizontal[3].vertical[5].multiplier_cell.adder/SUM (sky130_fd_sc_hd__fa_1)
   0.23    9.19 v macmul0.A0B0_mul_block.array_multiplier.horizontal[2].vertical[6].multiplier_cell.adder/SUM (sky130_fd_sc_hd__fa_1)
   0.26    9.45 v macmul0.A0B0_mul_block.array_multiplier.horizontal[1].vertical[7].multiplier_cell.adder/COUT (sky130_fd_sc_hd__fa_1)
   0.21    9.66 v macmul0.A0B0_mul_block.array_multiplier.horizontal[2].vertical[7].multiplier_cell.adder/COUT (sky130_fd_sc_hd__fa_1)
   0.21    9.87 v macmul0.A0B0_mul_block.array_multiplier.horizontal[3].vertical[7].multiplier_cell.adder/COUT (sky130_fd_sc_hd__fa_1)
   0.21   10.08 v macmul0.A0B0_mul_block.array_multiplier.horizontal[4].vertical[7].multiplier_cell.adder/COUT (sky130_fd_sc_hd__fa_1)
   0.21   10.29 v macmul0.A0B0_mul_block.array_multiplier.horizontal[5].vertical[7].multiplier_cell.adder/COUT (sky130_fd_sc_hd__fa_1)
   0.21   10.50 v macmul0.A0B0_mul_block.array_multiplier.horizontal[6].vertical[7].multiplier_cell.adder/COUT (sky130_fd_sc_hd__fa_1)
   0.45   10.94 ^ macmul0.A0B0_mul_block.array_multiplier.horizontal[7].vertical[7].multiplier_cell.adder/SUM (sky130_fd_sc_hd__fa_1)
   0.00   10.95 v _05804_/Y (sky130_fd_sc_hd__inv_8)
   0.14   11.09 v _05805_/X (sky130_fd_sc_hd__a2bb2o_4)
   0.16   11.24 v _05806_/X (sky130_fd_sc_hd__or2_4)
   0.14   11.39 ^ _05833_/Y (sky130_fd_sc_hd__nor3_4)
   0.03   11.42 v _05834_/Y (sky130_fd_sc_hd__a2111oi_4)
   0.15   11.57 ^ _05835_/Y (sky130_fd_sc_hd__nor3_4)
   0.11   11.68 ^ _05836_/X (sky130_fd_sc_hd__and2_4)
   0.07   11.75 ^ _05837_/X (sky130_fd_sc_hd__buf_8)
   0.09   11.84 ^ _05838_/X (sky130_fd_sc_hd__and2_4)
   0.07   11.91 ^ _05839_/X (sky130_fd_sc_hd__buf_8)
   0.01   11.92 v _05882_/Y (sky130_fd_sc_hd__inv_8)
   0.07   12.00 v _05883_/X (sky130_fd_sc_hd__o21a_4)
   0.13   12.13 v _05893_/X (sky130_fd_sc_hd__or2_4)
   0.13   12.26 ^ _05894_/X (sky130_fd_sc_hd__a21bo_4)
   0.11   12.37 v _05895_/X (sky130_fd_sc_hd__a2bb2o_4)
   0.16   12.54 v _05908_/X (sky130_fd_sc_hd__or2_4)
   0.05   12.59 ^ _05909_/Y (sky130_fd_sc_hd__o21ai_4)
   0.02   12.61 v _06126_/Y (sky130_fd_sc_hd__nor2_4)
   0.18   12.79 v _06127_/X (sky130_fd_sc_hd__o32a_4)
   0.14   12.93 v _06128_/X (sky130_fd_sc_hd__or2_4)
   0.15   13.08 v _06133_/X (sky130_fd_sc_hd__or2_4)
   0.11   13.19 v _06134_/X (sky130_fd_sc_hd__buf_1)
   0.05   13.24 ^ _06135_/Y (sky130_fd_sc_hd__inv_8)
   0.07   13.31 ^ _06138_/X (sky130_fd_sc_hd__a21o_4)
   0.12   13.42 v _06537_/X (sky130_fd_sc_hd__a2bb2o_4)
   0.17   13.59 v _06542_/X (sky130_fd_sc_hd__or2_4)
   0.13   13.73 ^ _06544_/X (sky130_fd_sc_hd__a21bo_4)
   0.11   13.84 v _06552_/X (sky130_fd_sc_hd__a2bb2o_4)
   0.15   13.99 v _06578_/X (sky130_fd_sc_hd__or2_4)
   0.08   14.07 v _06579_/X (sky130_fd_sc_hd__o21a_4)
   0.14   14.21 v _06580_/X (sky130_fd_sc_hd__or2_4)
   0.09   14.30 v _06581_/X (sky130_fd_sc_hd__o21a_4)
   0.09   14.39 v _07055_/X (sky130_fd_sc_hd__and2_4)
   0.20   14.59 v _07057_/X (sky130_fd_sc_hd__o32a_4)
   0.14   14.73 v _07058_/X (sky130_fd_sc_hd__o22a_4)
   0.25   14.98 v macaccnegator.C0_adder.adder_chain[22].adder/COUT (sky130_fd_sc_hd__fa_1)
   0.21   15.19 v macaccnegator.C0_adder.adder_chain[23].adder/COUT (sky130_fd_sc_hd__fa_1)
   0.21   15.40 v macaccnegator.C0_adder.adder_chain[24].adder/COUT (sky130_fd_sc_hd__fa_1)
   0.21   15.61 v macaccnegator.C0_adder.adder_chain[25].adder/COUT (sky130_fd_sc_hd__fa_1)
   0.21   15.82 v macaccnegator.C0_adder.adder_chain[26].adder/COUT (sky130_fd_sc_hd__fa_1)
   0.21   16.03 v macaccnegator.C0_adder.adder_chain[27].adder/COUT (sky130_fd_sc_hd__fa_1)
   0.21   16.24 v macaccnegator.C0_adder.adder_chain[28].adder/COUT (sky130_fd_sc_hd__fa_1)
   0.21   16.45 v macaccnegator.C0_adder.adder_chain[29].adder/COUT (sky130_fd_sc_hd__fa_1)
   0.21   16.66 v macaccnegator.C0_adder.adder_chain[30].adder/COUT (sky130_fd_sc_hd__fa_1)
   0.19   16.85 v macaccnegator.C0_adder.adder_chain[31].adder/COUT (sky130_fd_sc_hd__fa_1)
   0.15   17.01 v _07120_/X (sky130_fd_sc_hd__or2_4)
   0.20   17.21 v macaccnegator.C1_adder.adder_chain[0].adder/COUT (sky130_fd_sc_hd__fa_1)
   0.21   17.42 v macaccnegator.C1_adder.adder_chain[1].adder/COUT (sky130_fd_sc_hd__fa_1)
   0.21   17.63 v macaccnegator.C1_adder.adder_chain[2].adder/COUT (sky130_fd_sc_hd__fa_1)
   0.21   17.84 v macaccnegator.C1_adder.adder_chain[3].adder/COUT (sky130_fd_sc_hd__fa_1)
   0.21   18.05 v macaccnegator.C1_adder.adder_chain[4].adder/COUT (sky130_fd_sc_hd__fa_1)
   0.21   18.26 v macaccnegator.C1_adder.adder_chain[5].adder/COUT (sky130_fd_sc_hd__fa_1)
   0.21   18.47 v macaccnegator.C1_adder.adder_chain[6].adder/COUT (sky130_fd_sc_hd__fa_1)
   0.21   18.68 v macaccnegator.C1_adder.adder_chain[7].adder/COUT (sky130_fd_sc_hd__fa_1)
   0.21   18.89 v macaccnegator.C1_adder.adder_chain[8].adder/COUT (sky130_fd_sc_hd__fa_1)
   0.21   19.10 v macaccnegator.C1_adder.adder_chain[9].adder/COUT (sky130_fd_sc_hd__fa_1)
   0.21   19.31 v macaccnegator.C1_adder.adder_chain[10].adder/COUT (sky130_fd_sc_hd__fa_1)
   0.21   19.52 v macaccnegator.C1_adder.adder_chain[11].adder/COUT (sky130_fd_sc_hd__fa_1)
   0.21   19.73 v macaccnegator.C1_adder.adder_chain[12].adder/COUT (sky130_fd_sc_hd__fa_1)
   0.21   19.94 v macaccnegator.C1_adder.adder_chain[13].adder/COUT (sky130_fd_sc_hd__fa_1)
   0.21   20.15 v macaccnegator.C1_adder.adder_chain[14].adder/COUT (sky130_fd_sc_hd__fa_1)
   0.21   20.36 v macaccnegator.C1_adder.adder_chain[15].adder/COUT (sky130_fd_sc_hd__fa_1)
   0.21   20.57 v macaccnegator.C1_adder.adder_chain[16].adder/COUT (sky130_fd_sc_hd__fa_1)
   0.21   20.78 v macaccnegator.C1_adder.adder_chain[17].adder/COUT (sky130_fd_sc_hd__fa_1)
   0.21   20.99 v macaccnegator.C1_adder.adder_chain[18].adder/COUT (sky130_fd_sc_hd__fa_1)
   0.21   21.20 v macaccnegator.C1_adder.adder_chain[19].adder/COUT (sky130_fd_sc_hd__fa_1)
   0.21   21.41 v macaccnegator.C1_adder.adder_chain[20].adder/COUT (sky130_fd_sc_hd__fa_1)
   0.21   21.62 v macaccnegator.C1_adder.adder_chain[21].adder/COUT (sky130_fd_sc_hd__fa_1)
   0.21   21.83 v macaccnegator.C1_adder.adder_chain[22].adder/COUT (sky130_fd_sc_hd__fa_1)
   0.21   22.04 v macaccnegator.C1_adder.adder_chain[23].adder/COUT (sky130_fd_sc_hd__fa_1)
   0.21   22.25 v macaccnegator.C1_adder.adder_chain[24].adder/COUT (sky130_fd_sc_hd__fa_1)
   0.21   22.46 v macaccnegator.C1_adder.adder_chain[25].adder/COUT (sky130_fd_sc_hd__fa_1)
   0.21   22.67 v macaccnegator.C1_adder.adder_chain[26].adder/COUT (sky130_fd_sc_hd__fa_1)
   0.21   22.88 v macaccnegator.C1_adder.adder_chain[27].adder/COUT (sky130_fd_sc_hd__fa_1)
   0.21   23.09 v macaccnegator.C1_adder.adder_chain[28].adder/COUT (sky130_fd_sc_hd__fa_1)
   0.21   23.30 v macaccnegator.C1_adder.adder_chain[29].adder/COUT (sky130_fd_sc_hd__fa_1)
   0.21   23.51 v macaccnegator.C1_adder.adder_chain[30].adder/COUT (sky130_fd_sc_hd__fa_1)
   0.19   23.70 v macaccnegator.C1_adder.adder_chain[31].adder/COUT (sky130_fd_sc_hd__fa_1)
   0.15   23.86 v _07119_/X (sky130_fd_sc_hd__or2_4)
   0.20   24.06 v macaccnegator.C2_adder.adder_chain[0].adder/COUT (sky130_fd_sc_hd__fa_1)
   0.21   24.27 v macaccnegator.C2_adder.adder_chain[1].adder/COUT (sky130_fd_sc_hd__fa_1)
   0.21   24.48 v macaccnegator.C2_adder.adder_chain[2].adder/COUT (sky130_fd_sc_hd__fa_1)
   0.21   24.69 v macaccnegator.C2_adder.adder_chain[3].adder/COUT (sky130_fd_sc_hd__fa_1)
   0.21   24.90 v macaccnegator.C2_adder.adder_chain[4].adder/COUT (sky130_fd_sc_hd__fa_1)
   0.21   25.11 v macaccnegator.C2_adder.adder_chain[5].adder/COUT (sky130_fd_sc_hd__fa_1)
   0.21   25.32 v macaccnegator.C2_adder.adder_chain[6].adder/COUT (sky130_fd_sc_hd__fa_1)
   0.21   25.53 v macaccnegator.C2_adder.adder_chain[7].adder/COUT (sky130_fd_sc_hd__fa_1)
   0.21   25.74 v macaccnegator.C2_adder.adder_chain[8].adder/COUT (sky130_fd_sc_hd__fa_1)
   0.21   25.95 v macaccnegator.C2_adder.adder_chain[9].adder/COUT (sky130_fd_sc_hd__fa_1)
   0.21   26.16 v macaccnegator.C2_adder.adder_chain[10].adder/COUT (sky130_fd_sc_hd__fa_1)
   0.21   26.37 v macaccnegator.C2_adder.adder_chain[11].adder/COUT (sky130_fd_sc_hd__fa_1)
   0.21   26.58 v macaccnegator.C2_adder.adder_chain[12].adder/COUT (sky130_fd_sc_hd__fa_1)
   0.21   26.79 v macaccnegator.C2_adder.adder_chain[13].adder/COUT (sky130_fd_sc_hd__fa_1)
   0.21   27.00 v macaccnegator.C2_adder.adder_chain[14].adder/COUT (sky130_fd_sc_hd__fa_1)
   0.21   27.21 v macaccnegator.C2_adder.adder_chain[15].adder/COUT (sky130_fd_sc_hd__fa_1)
   0.21   27.42 v macaccnegator.C2_adder.adder_chain[16].adder/COUT (sky130_fd_sc_hd__fa_1)
   0.21   27.63 v macaccnegator.C2_adder.adder_chain[17].adder/COUT (sky130_fd_sc_hd__fa_1)
   0.21   27.84 v macaccnegator.C2_adder.adder_chain[18].adder/COUT (sky130_fd_sc_hd__fa_1)
   0.21   28.05 v macaccnegator.C2_adder.adder_chain[19].adder/COUT (sky130_fd_sc_hd__fa_1)
   0.21   28.26 v macaccnegator.C2_adder.adder_chain[20].adder/COUT (sky130_fd_sc_hd__fa_1)
   0.21   28.47 v macaccnegator.C2_adder.adder_chain[21].adder/COUT (sky130_fd_sc_hd__fa_1)
   0.21   28.68 v macaccnegator.C2_adder.adder_chain[22].adder/COUT (sky130_fd_sc_hd__fa_1)
   0.21   28.89 v macaccnegator.C2_adder.adder_chain[23].adder/COUT (sky130_fd_sc_hd__fa_1)
   0.21   29.10 v macaccnegator.C2_adder.adder_chain[24].adder/COUT (sky130_fd_sc_hd__fa_1)
   0.21   29.31 v macaccnegator.C2_adder.adder_chain[25].adder/COUT (sky130_fd_sc_hd__fa_1)
   0.21   29.52 v macaccnegator.C2_adder.adder_chain[26].adder/COUT (sky130_fd_sc_hd__fa_1)
   0.21   29.73 v macaccnegator.C2_adder.adder_chain[27].adder/COUT (sky130_fd_sc_hd__fa_1)
   0.21   29.94 v macaccnegator.C2_adder.adder_chain[28].adder/COUT (sky130_fd_sc_hd__fa_1)
   0.21   30.15 v macaccnegator.C2_adder.adder_chain[29].adder/COUT (sky130_fd_sc_hd__fa_1)
   0.21   30.36 v macaccnegator.C2_adder.adder_chain[30].adder/COUT (sky130_fd_sc_hd__fa_1)
   0.19   30.56 v macaccnegator.C2_adder.adder_chain[31].adder/COUT (sky130_fd_sc_hd__fa_1)
   0.15   30.71 v _07117_/X (sky130_fd_sc_hd__or2_4)
   0.20   30.91 v macaccnegator.C3_adder.adder_chain[0].adder/COUT (sky130_fd_sc_hd__fa_1)
   0.21   31.12 v macaccnegator.C3_adder.adder_chain[1].adder/COUT (sky130_fd_sc_hd__fa_1)
   0.21   31.33 v macaccnegator.C3_adder.adder_chain[2].adder/COUT (sky130_fd_sc_hd__fa_1)
   0.21   31.54 v macaccnegator.C3_adder.adder_chain[3].adder/COUT (sky130_fd_sc_hd__fa_1)
   0.21   31.75 v macaccnegator.C3_adder.adder_chain[4].adder/COUT (sky130_fd_sc_hd__fa_1)
   0.21   31.96 v macaccnegator.C3_adder.adder_chain[5].adder/COUT (sky130_fd_sc_hd__fa_1)
   0.21   32.17 v macaccnegator.C3_adder.adder_chain[6].adder/COUT (sky130_fd_sc_hd__fa_1)
   0.21   32.38 v macaccnegator.C3_adder.adder_chain[7].adder/COUT (sky130_fd_sc_hd__fa_1)
   0.21   32.59 v macaccnegator.C3_adder.adder_chain[8].adder/COUT (sky130_fd_sc_hd__fa_1)
   0.21   32.80 v macaccnegator.C3_adder.adder_chain[9].adder/COUT (sky130_fd_sc_hd__fa_1)
   0.21   33.01 v macaccnegator.C3_adder.adder_chain[10].adder/COUT (sky130_fd_sc_hd__fa_1)
   0.21   33.22 v macaccnegator.C3_adder.adder_chain[11].adder/COUT (sky130_fd_sc_hd__fa_1)
   0.21   33.43 v macaccnegator.C3_adder.adder_chain[12].adder/COUT (sky130_fd_sc_hd__fa_1)
   0.21   33.64 v macaccnegator.C3_adder.adder_chain[13].adder/COUT (sky130_fd_sc_hd__fa_1)
   0.21   33.85 v macaccnegator.C3_adder.adder_chain[14].adder/COUT (sky130_fd_sc_hd__fa_1)
   0.21   34.06 v macaccnegator.C3_adder.adder_chain[15].adder/COUT (sky130_fd_sc_hd__fa_1)
   0.21   34.27 v macaccnegator.C3_adder.adder_chain[16].adder/COUT (sky130_fd_sc_hd__fa_1)
   0.21   34.48 v macaccnegator.C3_adder.adder_chain[17].adder/COUT (sky130_fd_sc_hd__fa_1)
   0.21   34.69 v macaccnegator.C3_adder.adder_chain[18].adder/COUT (sky130_fd_sc_hd__fa_1)
   0.21   34.90 v macaccnegator.C3_adder.adder_chain[19].adder/COUT (sky130_fd_sc_hd__fa_1)
   0.21   35.11 v macaccnegator.C3_adder.adder_chain[20].adder/COUT (sky130_fd_sc_hd__fa_1)
   0.21   35.32 v macaccnegator.C3_adder.adder_chain[21].adder/COUT (sky130_fd_sc_hd__fa_1)
   0.21   35.53 v macaccnegator.C3_adder.adder_chain[22].adder/COUT (sky130_fd_sc_hd__fa_1)
   0.21   35.74 v macaccnegator.C3_adder.adder_chain[23].adder/COUT (sky130_fd_sc_hd__fa_1)
   0.21   35.95 v macaccnegator.C3_adder.adder_chain[24].adder/COUT (sky130_fd_sc_hd__fa_1)
   0.21   36.16 v macaccnegator.C3_adder.adder_chain[25].adder/COUT (sky130_fd_sc_hd__fa_1)
   0.21   36.37 v macaccnegator.C3_adder.adder_chain[26].adder/COUT (sky130_fd_sc_hd__fa_1)
   0.21   36.58 v macaccnegator.C3_adder.adder_chain[27].adder/COUT (sky130_fd_sc_hd__fa_1)
   0.21   36.79 v macaccnegator.C3_adder.adder_chain[28].adder/COUT (sky130_fd_sc_hd__fa_1)
   0.21   37.00 v macaccnegator.C3_adder.adder_chain[29].adder/COUT (sky130_fd_sc_hd__fa_1)
   0.28   37.28 ^ macaccnegator.C3_adder.adder_chain[30].adder/SUM (sky130_fd_sc_hd__fa_1)
   0.07   37.36 ^ _05518_/X (sky130_fd_sc_hd__and2_4)
   0.08   37.44 ^ _05519_/X (sky130_fd_sc_hd__buf_4)
   0.02   37.46 v _07848_/Y (sky130_fd_sc_hd__inv_8)
   0.13   37.59 v _07849_/X (sky130_fd_sc_hd__a2bb2o_4)
   0.15   37.74 v _07855_/X (sky130_fd_sc_hd__or2_4)
   0.08   37.82 v _07857_/X (sky130_fd_sc_hd__o21a_4)
   0.12   37.94 v _07860_/X (sky130_fd_sc_hd__o21a_4)
   0.00   37.94 v _10510_/D (sky130_fd_sc_hd__dfxtp_4)
          37.94   data arrival time

  12.00   12.00   clock vclk (rise edge)
   0.00   12.00   clock network delay (ideal)
   0.00   12.00   clock reconvergence pessimism
          12.00 ^ _10510_/CLK (sky130_fd_sc_hd__dfxtp_4)
  -0.07   11.93   library setup time
          11.93   data required time
---------------------------------------------------------
          11.93   data required time
         -37.94   data arrival time
---------------------------------------------------------
         -26.01   slack (VIOLATED)


