Startpoint: _10586_ (rising edge-triggered flip-flop clocked by clk)
Endpoint: _10337_ (rising edge-triggered flip-flop clocked by clk)
Path Group: clk
Path Type: min

  Delay    Time   Description
---------------------------------------------------------
   0.00    0.00   clock clk (rise edge)
   0.00    0.00   clock network delay (ideal)
   0.00    0.00 ^ _10586_/CLK (sky130_fd_sc_hd__dfxtp_4)
   0.20    0.20 ^ _10586_/Q (sky130_fd_sc_hd__dfxtp_4)
   0.00    0.20 ^ _10337_/D (sky130_fd_sc_hd__dfxtp_4)
           0.20   data arrival time

   0.00    0.00   clock clk (rise edge)
   0.00    0.00   clock network delay (ideal)
   0.00    0.00   clock reconvergence pessimism
           0.00 ^ _10337_/CLK (sky130_fd_sc_hd__dfxtp_4)
  -0.02   -0.02   library hold time
          -0.02   data required time
---------------------------------------------------------
          -0.02   data required time
          -0.20   data arrival time
---------------------------------------------------------
           0.22   slack (MET)


Startpoint: _10440_ (rising edge-triggered flip-flop clocked by clk)
Endpoint: _10565_ (rising edge-triggered flip-flop clocked by clk)
Path Group: clk
Path Type: max

  Delay    Time   Description
---------------------------------------------------------
   0.00    0.00   clock clk (rise edge)
   0.00    0.00   clock network delay (ideal)
   0.00    0.00 ^ _10440_/CLK (sky130_fd_sc_hd__dfxtp_4)
   0.65    0.65 v _10440_/Q (sky130_fd_sc_hd__dfxtp_4)
   0.08    0.73 ^ _06610_/Y (sky130_fd_sc_hd__inv_8)
   0.39    1.12 ^ _06611_/X (sky130_fd_sc_hd__buf_1)
   0.65    1.77 ^ _08160_/X (sky130_fd_sc_hd__buf_1)
   0.22    1.99 v _08166_/Y (sky130_fd_sc_hd__nor2_2)
   0.69    2.68 v macmul2.A0B2_mul_block.array_multiplier.ha_3/SUM (sky130_fd_sc_hd__ha_1)
   1.13    3.81 v macmul2.A0B2_mul_block.array_multiplier.fa_15/SUM (sky130_fd_sc_hd__fa_1)
   1.11    4.93 v macmul2.A0B2_mul_block.array_multiplier.fa_25/SUM (sky130_fd_sc_hd__fa_1)
   1.02    5.95 v macmul2.A0B2_mul_block.array_multiplier.fa_37/COUT (sky130_fd_sc_hd__fa_4)
   0.93    6.87 v macmul2.A0B2_mul_block.array_multiplier.fa_38/COUT (sky130_fd_sc_hd__fa_4)
   0.93    7.80 v macmul2.A0B2_mul_block.array_multiplier.fa_39/COUT (sky130_fd_sc_hd__fa_4)
   0.93    8.73 v macmul2.A0B2_mul_block.array_multiplier.fa_40/COUT (sky130_fd_sc_hd__fa_4)
   1.30   10.03 v macmul2.A0B2_mul_block.array_multiplier.fa_41/SUM (sky130_fd_sc_hd__fa_4)
   1.09   11.12 v macmul2.block_1_adder.adder_chain[0].adder/COUT (sky130_fd_sc_hd__fa_4)
   0.93   12.05 v macmul2.block_1_adder.adder_chain[1].adder/COUT (sky130_fd_sc_hd__fa_4)
   0.93   12.98 v macmul2.block_1_adder.adder_chain[2].adder/COUT (sky130_fd_sc_hd__fa_4)
   0.93   13.91 v macmul2.block_1_adder.adder_chain[3].adder/COUT (sky130_fd_sc_hd__fa_4)
   0.93   14.83 v macmul2.block_1_adder.adder_chain[4].adder/COUT (sky130_fd_sc_hd__fa_4)
   0.93   15.76 v macmul2.block_1_adder.adder_chain[5].adder/COUT (sky130_fd_sc_hd__fa_4)
   0.93   16.69 v macmul2.block_1_adder.adder_chain[6].adder/COUT (sky130_fd_sc_hd__fa_4)
   0.93   17.61 v macmul2.block_1_adder.adder_chain[7].adder/COUT (sky130_fd_sc_hd__fa_4)
   0.93   18.54 v macmul2.block_2_adder.adder_chain[0].adder/COUT (sky130_fd_sc_hd__fa_4)
   0.93   19.47 v macmul2.block_2_adder.adder_chain[1].adder/COUT (sky130_fd_sc_hd__fa_4)
   0.93   20.40 v macmul2.block_2_adder.adder_chain[2].adder/COUT (sky130_fd_sc_hd__fa_4)
   0.93   21.32 v macmul2.block_2_adder.adder_chain[3].adder/COUT (sky130_fd_sc_hd__fa_4)
   0.93   22.25 v macmul2.block_2_adder.adder_chain[4].adder/COUT (sky130_fd_sc_hd__fa_4)
   0.93   23.18 v macmul2.block_2_adder.adder_chain[5].adder/COUT (sky130_fd_sc_hd__fa_4)
   0.93   24.10 v macmul2.block_2_adder.adder_chain[6].adder/COUT (sky130_fd_sc_hd__fa_4)
   0.89   24.99 v macmul2.block_2_adder.adder_chain[7].adder/COUT (sky130_fd_sc_hd__fa_4)
   0.40   25.39 v _08244_/X (sky130_fd_sc_hd__and2_2)
   1.26   26.65 v macmul2.block_3_adder.adder_chain[0].adder/SUM (sky130_fd_sc_hd__fa_4)
   0.24   26.89 ^ _06632_/Y (sky130_fd_sc_hd__nor2_2)
   0.08   26.98 v _06633_/Y (sky130_fd_sc_hd__nor3_2)
   0.67   27.65 v _06634_/X (sky130_fd_sc_hd__or2_2)
   1.06   28.71 v maccombiner.partial2_upper_partial3_full_adder.adder_chain[0].adder/COUT (sky130_fd_sc_hd__fa_4)
   0.93   29.64 v maccombiner.partial2_upper_partial3_full_adder.adder_chain[1].adder/COUT (sky130_fd_sc_hd__fa_4)
   0.93   30.56 v maccombiner.partial2_upper_partial3_full_adder.adder_chain[2].adder/COUT (sky130_fd_sc_hd__fa_4)
   0.93   31.49 v maccombiner.partial2_upper_partial3_full_adder.adder_chain[3].adder/COUT (sky130_fd_sc_hd__fa_4)
   0.93   32.42 v maccombiner.partial2_upper_partial3_full_adder.adder_chain[4].adder/COUT (sky130_fd_sc_hd__fa_4)
   0.93   33.35 v maccombiner.partial2_upper_partial3_full_adder.adder_chain[5].adder/COUT (sky130_fd_sc_hd__fa_4)
   0.93   34.27 v maccombiner.partial2_upper_partial3_full_adder.adder_chain[6].adder/COUT (sky130_fd_sc_hd__fa_4)
   0.93   35.20 v maccombiner.partial2_upper_partial3_full_adder.adder_chain[7].adder/COUT (sky130_fd_sc_hd__fa_4)
   0.93   36.13 v maccombiner.partial2_upper_partial3_full_adder.adder_chain[8].adder/COUT (sky130_fd_sc_hd__fa_4)
   0.93   37.06 v maccombiner.partial2_upper_partial3_full_adder.adder_chain[9].adder/COUT (sky130_fd_sc_hd__fa_4)
   0.93   37.98 v maccombiner.partial2_upper_partial3_full_adder.adder_chain[10].adder/COUT (sky130_fd_sc_hd__fa_4)
   0.93   38.91 v maccombiner.partial2_upper_partial3_full_adder.adder_chain[11].adder/COUT (sky130_fd_sc_hd__fa_4)
   0.93   39.84 v maccombiner.partial2_upper_partial3_full_adder.adder_chain[12].adder/COUT (sky130_fd_sc_hd__fa_4)
   0.93   40.76 v maccombiner.partial2_upper_partial3_full_adder.adder_chain[13].adder/COUT (sky130_fd_sc_hd__fa_4)
   0.93   41.69 v maccombiner.partial2_upper_partial3_full_adder.adder_chain[14].adder/COUT (sky130_fd_sc_hd__fa_4)
   0.93   42.62 v maccombiner.partial2_upper_partial3_full_adder.adder_chain[15].adder/COUT (sky130_fd_sc_hd__fa_4)
   0.93   43.55 v maccombiner.partial2_upper_partial3_full_adder.adder_chain[16].adder/COUT (sky130_fd_sc_hd__fa_4)
   0.93   44.47 v maccombiner.partial2_upper_partial3_full_adder.adder_chain[17].adder/COUT (sky130_fd_sc_hd__fa_4)
   0.93   45.40 v maccombiner.partial2_upper_partial3_full_adder.adder_chain[18].adder/COUT (sky130_fd_sc_hd__fa_4)
   0.93   46.33 v maccombiner.partial2_upper_partial3_full_adder.adder_chain[19].adder/COUT (sky130_fd_sc_hd__fa_4)
   0.93   47.25 v maccombiner.partial2_upper_partial3_full_adder.adder_chain[20].adder/COUT (sky130_fd_sc_hd__fa_4)
   0.93   48.18 v maccombiner.partial2_upper_partial3_full_adder.adder_chain[21].adder/COUT (sky130_fd_sc_hd__fa_4)
   0.93   49.11 v maccombiner.partial2_upper_partial3_full_adder.adder_chain[22].adder/COUT (sky130_fd_sc_hd__fa_4)
   1.33   50.44 v maccombiner.partial2_upper_partial3_full_adder.adder_chain[23].adder/SUM (sky130_fd_sc_hd__fa_4)
   1.04   51.48 v maccombiner.quad_full_adder.adder_chain[31].adder/COUT (sky130_fd_sc_hd__fa_4)
   0.93   52.41 v maccombiner.quad_full_adder.adder_chain[32].adder/COUT (sky130_fd_sc_hd__fa_4)
   0.93   53.33 v maccombiner.quad_full_adder.adder_chain[33].adder/COUT (sky130_fd_sc_hd__fa_4)
   0.93   54.26 v maccombiner.quad_full_adder.adder_chain[34].adder/COUT (sky130_fd_sc_hd__fa_4)
   0.93   55.19 v maccombiner.quad_full_adder.adder_chain[35].adder/COUT (sky130_fd_sc_hd__fa_4)
   0.93   56.11 v maccombiner.quad_full_adder.adder_chain[36].adder/COUT (sky130_fd_sc_hd__fa_4)
   0.93   57.04 v maccombiner.quad_full_adder.adder_chain[37].adder/COUT (sky130_fd_sc_hd__fa_4)
   0.93   57.97 v maccombiner.quad_full_adder.adder_chain[38].adder/COUT (sky130_fd_sc_hd__fa_4)
   0.93   58.90 v maccombiner.quad_full_adder.adder_chain[39].adder/COUT (sky130_fd_sc_hd__fa_4)
   0.93   59.82 v maccombiner.quad_full_adder.adder_chain[40].adder/COUT (sky130_fd_sc_hd__fa_4)
   0.93   60.75 v maccombiner.quad_full_adder.adder_chain[41].adder/COUT (sky130_fd_sc_hd__fa_4)
   0.93   61.68 v maccombiner.quad_full_adder.adder_chain[42].adder/COUT (sky130_fd_sc_hd__fa_4)
   0.93   62.60 v maccombiner.quad_full_adder.adder_chain[43].adder/COUT (sky130_fd_sc_hd__fa_4)
   0.93   63.53 v maccombiner.quad_full_adder.adder_chain[44].adder/COUT (sky130_fd_sc_hd__fa_4)
   0.93   64.46 v maccombiner.quad_full_adder.adder_chain[45].adder/COUT (sky130_fd_sc_hd__fa_4)
   0.93   65.39 v maccombiner.quad_full_adder.adder_chain[46].adder/COUT (sky130_fd_sc_hd__fa_4)
   0.93   66.31 v maccombiner.quad_full_adder.adder_chain[47].adder/COUT (sky130_fd_sc_hd__fa_4)
   1.24   67.55 v maccombiner.quad_full_adder.adder_chain[48].adder/SUM (sky130_fd_sc_hd__fa_4)
   0.39   67.94 v _05831_/X (sky130_fd_sc_hd__and2_2)
   0.60   68.54 v _05832_/X (sky130_fd_sc_hd__or2_2)
   0.35   68.89 v _05833_/X (sky130_fd_sc_hd__buf_1)
   1.00   69.89 v _06896_/X (sky130_fd_sc_hd__or3_2)
   1.28   71.17 v _06897_/X (sky130_fd_sc_hd__or4_2)
   1.07   72.24 v _06911_/X (sky130_fd_sc_hd__or3_2)
   0.34   72.58 v _06912_/X (sky130_fd_sc_hd__buf_1)
   1.56   74.14 v _06916_/X (sky130_fd_sc_hd__or4_2)
   0.76   74.89 v _06920_/X (sky130_fd_sc_hd__or2_2)
   0.34   75.23 v _06921_/X (sky130_fd_sc_hd__buf_1)
   0.25   75.48 ^ _06922_/Y (sky130_fd_sc_hd__nor4_2)
   0.25   75.73 ^ _06923_/X (sky130_fd_sc_hd__or2_2)
   0.41   76.14 ^ _06924_/X (sky130_fd_sc_hd__buf_1)
   0.11   76.25 v _08551_/Y (sky130_fd_sc_hd__inv_8)
   0.64   76.89 v _08571_/X (sky130_fd_sc_hd__or2_2)
   0.32   77.22 v _08572_/X (sky130_fd_sc_hd__buf_1)
   0.67   77.89 v _08576_/X (sky130_fd_sc_hd__or2_2)
   0.34   78.23 v _08577_/X (sky130_fd_sc_hd__buf_1)
   0.68   78.91 v _08591_/X (sky130_fd_sc_hd__or2_2)
   0.33   79.23 v _08592_/X (sky130_fd_sc_hd__buf_1)
   0.22   79.45 ^ _08594_/Y (sky130_fd_sc_hd__nor2_2)
   1.31   80.76 v macaccnegator.C3_adder.adder.adders[0].adder.adders[2].adder.adders[2].adder/SUM (sky130_fd_sc_hd__fa_4)
   0.24   81.00 ^ _05551_/Y (sky130_fd_sc_hd__nor2_2)
   0.10   81.10 v _05558_/Y (sky130_fd_sc_hd__nor3_2)
   0.00   81.10 v _10565_/D (sky130_fd_sc_hd__dfxtp_4)
          81.10   data arrival time

  83.00   83.00   clock clk (rise edge)
   0.00   83.00   clock network delay (ideal)
   0.00   83.00   clock reconvergence pessimism
          83.00 ^ _10565_/CLK (sky130_fd_sc_hd__dfxtp_4)
  -0.31   82.69   library setup time
          82.69   data required time
---------------------------------------------------------
          82.69   data required time
         -81.10   data arrival time
---------------------------------------------------------
           1.59   slack (MET)


