Startpoint: _4991_ (rising edge-triggered flip-flop clocked by clk)
Endpoint: _4991_ (rising edge-triggered flip-flop clocked by clk)
Path Group: clk
Path Type: min

  Delay    Time   Description
---------------------------------------------------------
   0.00    0.00   clock clk (rise edge)
   0.00    0.00   clock network delay (ideal)
   0.00    0.00 ^ _4991_/CLK (sky130_fd_sc_hd__dfxtp_4)
   0.21    0.21 ^ _4991_/Q (sky130_fd_sc_hd__dfxtp_4)
   0.13    0.34 ^ macacc.acc3.accumlate_adder.adder_chain[1].adder/SUM (sky130_fd_sc_hd__fa_4)
   0.06    0.39 ^ _2468_/X (sky130_fd_sc_hd__o22a_4)
   0.00    0.39 ^ _4991_/D (sky130_fd_sc_hd__dfxtp_4)
           0.39   data arrival time

   0.00    0.00   clock clk (rise edge)
   0.00    0.00   clock network delay (ideal)
   0.00    0.00   clock reconvergence pessimism
           0.00 ^ _4991_/CLK (sky130_fd_sc_hd__dfxtp_4)
  -0.02   -0.02   library hold time
          -0.02   data required time
---------------------------------------------------------
          -0.02   data required time
          -0.39   data arrival time
---------------------------------------------------------
           0.41   slack (MET)


Startpoint: B0[0] (input port clocked by clk)
Endpoint: _5245_ (rising edge-triggered flip-flop clocked by clk)
Path Group: clk
Path Type: max

  Delay    Time   Description
---------------------------------------------------------
   0.00    0.00   clock clk (rise edge)
   0.00    0.00   clock network delay (ideal)
  50.00   50.00 ^ input external delay
   0.05   50.05 ^ B0[0] (in)
   0.05   50.10 v _2891_/Y (sky130_fd_sc_hd__inv_8)
   1.01   51.11 v macmulnegator.B0_adder.adder_chain[0].adder/COUT (sky130_fd_sc_hd__fa_4)
   0.93   52.04 v macmulnegator.B0_adder.adder_chain[1].adder/COUT (sky130_fd_sc_hd__fa_4)
   0.93   52.96 v macmulnegator.B0_adder.adder_chain[2].adder/COUT (sky130_fd_sc_hd__fa_4)
   0.93   53.89 v macmulnegator.B0_adder.adder_chain[3].adder/COUT (sky130_fd_sc_hd__fa_4)
   0.93   54.82 v macmulnegator.B0_adder.adder_chain[4].adder/COUT (sky130_fd_sc_hd__fa_4)
   0.93   55.74 v macmulnegator.B0_adder.adder_chain[5].adder/COUT (sky130_fd_sc_hd__fa_4)
   0.93   56.67 v macmulnegator.B0_adder.adder_chain[6].adder/COUT (sky130_fd_sc_hd__fa_4)
   0.90   57.57 v macmulnegator.B0_adder.adder_chain[7].adder/COUT (sky130_fd_sc_hd__fa_4)
   0.50   58.07 v _2801_/X (sky130_fd_sc_hd__or2_4)
   0.90   58.97 v macmulnegator.B1_adder.adder_chain[0].adder/COUT (sky130_fd_sc_hd__fa_4)
   0.93   59.89 v macmulnegator.B1_adder.adder_chain[1].adder/COUT (sky130_fd_sc_hd__fa_4)
   0.93   60.82 v macmulnegator.B1_adder.adder_chain[2].adder/COUT (sky130_fd_sc_hd__fa_4)
   0.93   61.75 v macmulnegator.B1_adder.adder_chain[3].adder/COUT (sky130_fd_sc_hd__fa_4)
   0.93   62.67 v macmulnegator.B1_adder.adder_chain[4].adder/COUT (sky130_fd_sc_hd__fa_4)
   0.93   63.60 v macmulnegator.B1_adder.adder_chain[5].adder/COUT (sky130_fd_sc_hd__fa_4)
   0.93   64.53 v macmulnegator.B1_adder.adder_chain[6].adder/COUT (sky130_fd_sc_hd__fa_4)
   0.90   65.43 v macmulnegator.B1_adder.adder_chain[7].adder/COUT (sky130_fd_sc_hd__fa_4)
   0.50   65.93 v _2800_/X (sky130_fd_sc_hd__or2_4)
   0.90   66.82 v macmulnegator.B2_adder.adder_chain[0].adder/COUT (sky130_fd_sc_hd__fa_4)
   0.93   67.75 v macmulnegator.B2_adder.adder_chain[1].adder/COUT (sky130_fd_sc_hd__fa_4)
   0.93   68.68 v macmulnegator.B2_adder.adder_chain[2].adder/COUT (sky130_fd_sc_hd__fa_4)
   0.93   69.60 v macmulnegator.B2_adder.adder_chain[3].adder/COUT (sky130_fd_sc_hd__fa_4)
   0.93   70.53 v macmulnegator.B2_adder.adder_chain[4].adder/COUT (sky130_fd_sc_hd__fa_4)
   0.93   71.46 v macmulnegator.B2_adder.adder_chain[5].adder/COUT (sky130_fd_sc_hd__fa_4)
   0.93   72.38 v macmulnegator.B2_adder.adder_chain[6].adder/COUT (sky130_fd_sc_hd__fa_4)
   0.90   73.29 v macmulnegator.B2_adder.adder_chain[7].adder/COUT (sky130_fd_sc_hd__fa_4)
   0.50   73.79 v _2799_/X (sky130_fd_sc_hd__or2_4)
   0.90   74.68 v macmulnegator.B3_adder.adder_chain[0].adder/COUT (sky130_fd_sc_hd__fa_4)
   1.31   75.99 v macmulnegator.B3_adder.adder_chain[1].adder/SUM (sky130_fd_sc_hd__fa_4)
   0.25   76.24 ^ _3823_/Y (sky130_fd_sc_hd__a22oi_4)
   0.53   76.77 ^ _3824_/X (sky130_fd_sc_hd__buf_1)
   0.97   77.74 ^ _3989_/X (sky130_fd_sc_hd__buf_1)
   0.21   77.95 v _3995_/Y (sky130_fd_sc_hd__nor2_4)
   1.35   79.30 v macmul3.A0B3_mul_block.array_multiplier.horizontal[1].vertical[0].multiplier_cell.adder/SUM (sky130_fd_sc_hd__fa_4)
   1.09   80.40 v macmul3.A0B3_mul_block.array_multiplier.horizontal[0].vertical[1].multiplier_cell.adder/COUT (sky130_fd_sc_hd__fa_4)
   0.93   81.32 v macmul3.A0B3_mul_block.array_multiplier.horizontal[1].vertical[1].multiplier_cell.adder/COUT (sky130_fd_sc_hd__fa_4)
   1.55   82.88 ^ macmul3.A0B3_mul_block.array_multiplier.horizontal[2].vertical[1].multiplier_cell.adder/SUM (sky130_fd_sc_hd__fa_4)
   1.29   84.17 v macmul3.A0B3_mul_block.array_multiplier.horizontal[1].vertical[2].multiplier_cell.adder/SUM (sky130_fd_sc_hd__fa_4)
   1.09   85.26 v macmul3.A0B3_mul_block.array_multiplier.horizontal[0].vertical[3].multiplier_cell.adder/COUT (sky130_fd_sc_hd__fa_4)
   0.93   86.19 v macmul3.A0B3_mul_block.array_multiplier.horizontal[1].vertical[3].multiplier_cell.adder/COUT (sky130_fd_sc_hd__fa_4)
   1.55   87.74 ^ macmul3.A0B3_mul_block.array_multiplier.horizontal[2].vertical[3].multiplier_cell.adder/SUM (sky130_fd_sc_hd__fa_4)
   1.29   89.03 v macmul3.A0B3_mul_block.array_multiplier.horizontal[1].vertical[4].multiplier_cell.adder/SUM (sky130_fd_sc_hd__fa_4)
   1.09   90.13 v macmul3.A0B3_mul_block.array_multiplier.horizontal[0].vertical[5].multiplier_cell.adder/COUT (sky130_fd_sc_hd__fa_4)
   0.93   91.05 v macmul3.A0B3_mul_block.array_multiplier.horizontal[1].vertical[5].multiplier_cell.adder/COUT (sky130_fd_sc_hd__fa_4)
   1.55   92.61 ^ macmul3.A0B3_mul_block.array_multiplier.horizontal[2].vertical[5].multiplier_cell.adder/SUM (sky130_fd_sc_hd__fa_4)
   1.29   93.90 v macmul3.A0B3_mul_block.array_multiplier.horizontal[1].vertical[6].multiplier_cell.adder/SUM (sky130_fd_sc_hd__fa_4)
   1.09   94.99 v macmul3.A0B3_mul_block.array_multiplier.horizontal[0].vertical[7].multiplier_cell.adder/COUT (sky130_fd_sc_hd__fa_4)
   0.93   95.92 v macmul3.A0B3_mul_block.array_multiplier.horizontal[1].vertical[7].multiplier_cell.adder/COUT (sky130_fd_sc_hd__fa_4)
   0.93   96.84 v macmul3.A0B3_mul_block.array_multiplier.horizontal[2].vertical[7].multiplier_cell.adder/COUT (sky130_fd_sc_hd__fa_4)
   0.93   97.77 v macmul3.A0B3_mul_block.array_multiplier.horizontal[3].vertical[7].multiplier_cell.adder/COUT (sky130_fd_sc_hd__fa_4)
   0.93   98.70 v macmul3.A0B3_mul_block.array_multiplier.horizontal[4].vertical[7].multiplier_cell.adder/COUT (sky130_fd_sc_hd__fa_4)
   0.93   99.63 v macmul3.A0B3_mul_block.array_multiplier.horizontal[5].vertical[7].multiplier_cell.adder/COUT (sky130_fd_sc_hd__fa_4)
   0.93  100.55 v macmul3.A0B3_mul_block.array_multiplier.horizontal[6].vertical[7].multiplier_cell.adder/COUT (sky130_fd_sc_hd__fa_4)
   1.30  101.86 v macmul3.A0B3_mul_block.array_multiplier.horizontal[7].vertical[7].multiplier_cell.adder/SUM (sky130_fd_sc_hd__fa_4)
   1.09  102.95 v macmul3.block_1_adder.adder_chain[6].adder/COUT (sky130_fd_sc_hd__fa_4)
   0.93  103.88 v macmul3.block_1_adder.adder_chain[7].adder/COUT (sky130_fd_sc_hd__fa_4)
   0.93  104.80 v macmul3.block_2_adder.adder_chain[0].adder/COUT (sky130_fd_sc_hd__fa_4)
   0.93  105.73 v macmul3.block_2_adder.adder_chain[1].adder/COUT (sky130_fd_sc_hd__fa_4)
   0.93  106.66 v macmul3.block_2_adder.adder_chain[2].adder/COUT (sky130_fd_sc_hd__fa_4)
   0.93  107.59 v macmul3.block_2_adder.adder_chain[3].adder/COUT (sky130_fd_sc_hd__fa_4)
   0.93  108.51 v macmul3.block_2_adder.adder_chain[4].adder/COUT (sky130_fd_sc_hd__fa_4)
   0.93  109.44 v macmul3.block_2_adder.adder_chain[5].adder/COUT (sky130_fd_sc_hd__fa_4)
   0.93  110.37 v macmul3.block_2_adder.adder_chain[6].adder/COUT (sky130_fd_sc_hd__fa_4)
   0.90  111.27 v macmul3.block_2_adder.adder_chain[7].adder/COUT (sky130_fd_sc_hd__fa_4)
   0.28  111.55 v _4083_/X (sky130_fd_sc_hd__and2_4)
   1.24  112.79 v macmul3.block_3_adder.adder_chain[0].adder/SUM (sky130_fd_sc_hd__fa_4)
   0.52  113.31 v _1941_/X (sky130_fd_sc_hd__or2_4)
   0.55  113.86 v _1942_/X (sky130_fd_sc_hd__a32o_4)
   0.97  114.84 v maccombiner.partial2_upper_partial3_full_adder.adder_chain[8].adder/COUT (sky130_fd_sc_hd__fa_4)
   0.93  115.76 v maccombiner.partial2_upper_partial3_full_adder.adder_chain[9].adder/COUT (sky130_fd_sc_hd__fa_4)
   0.93  116.69 v maccombiner.partial2_upper_partial3_full_adder.adder_chain[10].adder/COUT (sky130_fd_sc_hd__fa_4)
   0.93  117.62 v maccombiner.partial2_upper_partial3_full_adder.adder_chain[11].adder/COUT (sky130_fd_sc_hd__fa_4)
   0.93  118.54 v maccombiner.partial2_upper_partial3_full_adder.adder_chain[12].adder/COUT (sky130_fd_sc_hd__fa_4)
   0.93  119.47 v maccombiner.partial2_upper_partial3_full_adder.adder_chain[13].adder/COUT (sky130_fd_sc_hd__fa_4)
   0.93  120.40 v maccombiner.partial2_upper_partial3_full_adder.adder_chain[14].adder/COUT (sky130_fd_sc_hd__fa_4)
   0.93  121.33 v maccombiner.partial2_upper_partial3_full_adder.adder_chain[15].adder/COUT (sky130_fd_sc_hd__fa_4)
   1.32  122.64 v maccombiner.partial2_upper_partial3_full_adder.adder_chain[16].adder/SUM (sky130_fd_sc_hd__fa_4)
   1.04  123.68 v maccombiner.quad_full_adder.adder_chain[24].adder/COUT (sky130_fd_sc_hd__fa_4)
   0.93  124.60 v maccombiner.quad_full_adder.adder_chain[25].adder/COUT (sky130_fd_sc_hd__fa_4)
   0.93  125.53 v maccombiner.quad_full_adder.adder_chain[26].adder/COUT (sky130_fd_sc_hd__fa_4)
   0.93  126.46 v maccombiner.quad_full_adder.adder_chain[27].adder/COUT (sky130_fd_sc_hd__fa_4)
   0.93  127.39 v maccombiner.quad_full_adder.adder_chain[28].adder/COUT (sky130_fd_sc_hd__fa_4)
   0.93  128.31 v maccombiner.quad_full_adder.adder_chain[29].adder/COUT (sky130_fd_sc_hd__fa_4)
   0.93  129.24 v maccombiner.quad_full_adder.adder_chain[30].adder/COUT (sky130_fd_sc_hd__fa_4)
   1.52  130.76 ^ maccombiner.quad_full_adder.adder_chain[31].adder/SUM (sky130_fd_sc_hd__fa_4)
   0.21  130.97 ^ _2300_/X (sky130_fd_sc_hd__or2_4)
   0.48  131.45 ^ _2302_/X (sky130_fd_sc_hd__a32o_4)
   0.08  131.52 v _2869_/Y (sky130_fd_sc_hd__inv_8)
   1.01  132.54 v macaccnegator.C1_adder.adder_chain[15].adder/COUT (sky130_fd_sc_hd__fa_4)
   0.93  133.47 v macaccnegator.C1_adder.adder_chain[16].adder/COUT (sky130_fd_sc_hd__fa_4)
   0.93  134.39 v macaccnegator.C1_adder.adder_chain[17].adder/COUT (sky130_fd_sc_hd__fa_4)
   0.93  135.32 v macaccnegator.C1_adder.adder_chain[18].adder/COUT (sky130_fd_sc_hd__fa_4)
   0.93  136.25 v macaccnegator.C1_adder.adder_chain[19].adder/COUT (sky130_fd_sc_hd__fa_4)
   0.93  137.17 v macaccnegator.C1_adder.adder_chain[20].adder/COUT (sky130_fd_sc_hd__fa_4)
   0.93  138.10 v macaccnegator.C1_adder.adder_chain[21].adder/COUT (sky130_fd_sc_hd__fa_4)
   0.93  139.03 v macaccnegator.C1_adder.adder_chain[22].adder/COUT (sky130_fd_sc_hd__fa_4)
   0.93  139.95 v macaccnegator.C1_adder.adder_chain[23].adder/COUT (sky130_fd_sc_hd__fa_4)
   0.93  140.88 v macaccnegator.C1_adder.adder_chain[24].adder/COUT (sky130_fd_sc_hd__fa_4)
   0.93  141.81 v macaccnegator.C1_adder.adder_chain[25].adder/COUT (sky130_fd_sc_hd__fa_4)
   0.93  142.73 v macaccnegator.C1_adder.adder_chain[26].adder/COUT (sky130_fd_sc_hd__fa_4)
   0.93  143.66 v macaccnegator.C1_adder.adder_chain[27].adder/COUT (sky130_fd_sc_hd__fa_4)
   0.93  144.59 v macaccnegator.C1_adder.adder_chain[28].adder/COUT (sky130_fd_sc_hd__fa_4)
   0.93  145.52 v macaccnegator.C1_adder.adder_chain[29].adder/COUT (sky130_fd_sc_hd__fa_4)
   0.93  146.44 v macaccnegator.C1_adder.adder_chain[30].adder/COUT (sky130_fd_sc_hd__fa_4)
   0.90  147.34 v macaccnegator.C1_adder.adder_chain[31].adder/COUT (sky130_fd_sc_hd__fa_4)
   0.50  147.84 v _2462_/X (sky130_fd_sc_hd__or2_4)
   0.90  148.74 v macaccnegator.C2_adder.adder_chain[0].adder/COUT (sky130_fd_sc_hd__fa_4)
   0.93  149.67 v macaccnegator.C2_adder.adder_chain[1].adder/COUT (sky130_fd_sc_hd__fa_4)
   0.93  150.59 v macaccnegator.C2_adder.adder_chain[2].adder/COUT (sky130_fd_sc_hd__fa_4)
   0.93  151.52 v macaccnegator.C2_adder.adder_chain[3].adder/COUT (sky130_fd_sc_hd__fa_4)
   0.93  152.45 v macaccnegator.C2_adder.adder_chain[4].adder/COUT (sky130_fd_sc_hd__fa_4)
   0.93  153.37 v macaccnegator.C2_adder.adder_chain[5].adder/COUT (sky130_fd_sc_hd__fa_4)
   0.93  154.30 v macaccnegator.C2_adder.adder_chain[6].adder/COUT (sky130_fd_sc_hd__fa_4)
   0.93  155.23 v macaccnegator.C2_adder.adder_chain[7].adder/COUT (sky130_fd_sc_hd__fa_4)
   0.93  156.16 v macaccnegator.C2_adder.adder_chain[8].adder/COUT (sky130_fd_sc_hd__fa_4)
   0.93  157.08 v macaccnegator.C2_adder.adder_chain[9].adder/COUT (sky130_fd_sc_hd__fa_4)
   0.93  158.01 v macaccnegator.C2_adder.adder_chain[10].adder/COUT (sky130_fd_sc_hd__fa_4)
   0.93  158.94 v macaccnegator.C2_adder.adder_chain[11].adder/COUT (sky130_fd_sc_hd__fa_4)
   0.93  159.86 v macaccnegator.C2_adder.adder_chain[12].adder/COUT (sky130_fd_sc_hd__fa_4)
   0.93  160.79 v macaccnegator.C2_adder.adder_chain[13].adder/COUT (sky130_fd_sc_hd__fa_4)
   0.93  161.72 v macaccnegator.C2_adder.adder_chain[14].adder/COUT (sky130_fd_sc_hd__fa_4)
   0.93  162.64 v macaccnegator.C2_adder.adder_chain[15].adder/COUT (sky130_fd_sc_hd__fa_4)
   0.93  163.57 v macaccnegator.C2_adder.adder_chain[16].adder/COUT (sky130_fd_sc_hd__fa_4)
   0.93  164.50 v macaccnegator.C2_adder.adder_chain[17].adder/COUT (sky130_fd_sc_hd__fa_4)
   0.93  165.43 v macaccnegator.C2_adder.adder_chain[18].adder/COUT (sky130_fd_sc_hd__fa_4)
   0.93  166.35 v macaccnegator.C2_adder.adder_chain[19].adder/COUT (sky130_fd_sc_hd__fa_4)
   0.93  167.28 v macaccnegator.C2_adder.adder_chain[20].adder/COUT (sky130_fd_sc_hd__fa_4)
   0.93  168.21 v macaccnegator.C2_adder.adder_chain[21].adder/COUT (sky130_fd_sc_hd__fa_4)
   0.93  169.13 v macaccnegator.C2_adder.adder_chain[22].adder/COUT (sky130_fd_sc_hd__fa_4)
   0.93  170.06 v macaccnegator.C2_adder.adder_chain[23].adder/COUT (sky130_fd_sc_hd__fa_4)
   0.93  170.99 v macaccnegator.C2_adder.adder_chain[24].adder/COUT (sky130_fd_sc_hd__fa_4)
   0.93  171.92 v macaccnegator.C2_adder.adder_chain[25].adder/COUT (sky130_fd_sc_hd__fa_4)
   0.93  172.84 v macaccnegator.C2_adder.adder_chain[26].adder/COUT (sky130_fd_sc_hd__fa_4)
   0.93  173.77 v macaccnegator.C2_adder.adder_chain[27].adder/COUT (sky130_fd_sc_hd__fa_4)
   0.93  174.70 v macaccnegator.C2_adder.adder_chain[28].adder/COUT (sky130_fd_sc_hd__fa_4)
   0.93  175.62 v macaccnegator.C2_adder.adder_chain[29].adder/COUT (sky130_fd_sc_hd__fa_4)
   0.93  176.55 v macaccnegator.C2_adder.adder_chain[30].adder/COUT (sky130_fd_sc_hd__fa_4)
   0.90  177.45 v macaccnegator.C2_adder.adder_chain[31].adder/COUT (sky130_fd_sc_hd__fa_4)
   0.50  177.95 v _2461_/X (sky130_fd_sc_hd__or2_4)
   1.22  179.18 v macaccnegator.C3_adder.adder_chain[0].adder/SUM (sky130_fd_sc_hd__fa_4)
   0.51  179.68 v _2043_/X (sky130_fd_sc_hd__or2_4)
   0.25  179.93 v _2044_/Y (sky130_fd_sc_hd__a21boi_4)
   1.02  180.95 v macacc.acc3.accumlate_adder.adder_chain[0].adder/COUT (sky130_fd_sc_hd__fa_4)
   0.93  181.88 v macacc.acc3.accumlate_adder.adder_chain[1].adder/COUT (sky130_fd_sc_hd__fa_4)
   0.93  182.81 v macacc.acc3.accumlate_adder.adder_chain[2].adder/COUT (sky130_fd_sc_hd__fa_4)
   0.93  183.74 v macacc.acc3.accumlate_adder.adder_chain[3].adder/COUT (sky130_fd_sc_hd__fa_4)
   0.93  184.66 v macacc.acc3.accumlate_adder.adder_chain[4].adder/COUT (sky130_fd_sc_hd__fa_4)
   0.93  185.59 v macacc.acc3.accumlate_adder.adder_chain[5].adder/COUT (sky130_fd_sc_hd__fa_4)
   0.93  186.52 v macacc.acc3.accumlate_adder.adder_chain[6].adder/COUT (sky130_fd_sc_hd__fa_4)
   0.93  187.44 v macacc.acc3.accumlate_adder.adder_chain[7].adder/COUT (sky130_fd_sc_hd__fa_4)
   0.93  188.37 v macacc.acc3.accumlate_adder.adder_chain[8].adder/COUT (sky130_fd_sc_hd__fa_4)
   0.93  189.30 v macacc.acc3.accumlate_adder.adder_chain[9].adder/COUT (sky130_fd_sc_hd__fa_4)
   0.93  190.23 v macacc.acc3.accumlate_adder.adder_chain[10].adder/COUT (sky130_fd_sc_hd__fa_4)
   0.93  191.15 v macacc.acc3.accumlate_adder.adder_chain[11].adder/COUT (sky130_fd_sc_hd__fa_4)
   0.93  192.08 v macacc.acc3.accumlate_adder.adder_chain[12].adder/COUT (sky130_fd_sc_hd__fa_4)
   0.93  193.01 v macacc.acc3.accumlate_adder.adder_chain[13].adder/COUT (sky130_fd_sc_hd__fa_4)
   0.93  193.93 v macacc.acc3.accumlate_adder.adder_chain[14].adder/COUT (sky130_fd_sc_hd__fa_4)
   0.93  194.86 v macacc.acc3.accumlate_adder.adder_chain[15].adder/COUT (sky130_fd_sc_hd__fa_4)
   0.93  195.79 v macacc.acc3.accumlate_adder.adder_chain[16].adder/COUT (sky130_fd_sc_hd__fa_4)
   0.93  196.72 v macacc.acc3.accumlate_adder.adder_chain[17].adder/COUT (sky130_fd_sc_hd__fa_4)
   0.93  197.64 v macacc.acc3.accumlate_adder.adder_chain[18].adder/COUT (sky130_fd_sc_hd__fa_4)
   0.93  198.57 v macacc.acc3.accumlate_adder.adder_chain[19].adder/COUT (sky130_fd_sc_hd__fa_4)
   0.93  199.50 v macacc.acc3.accumlate_adder.adder_chain[20].adder/COUT (sky130_fd_sc_hd__fa_4)
   0.93  200.42 v macacc.acc3.accumlate_adder.adder_chain[21].adder/COUT (sky130_fd_sc_hd__fa_4)
   0.93  201.35 v macacc.acc3.accumlate_adder.adder_chain[22].adder/COUT (sky130_fd_sc_hd__fa_4)
   0.93  202.28 v macacc.acc3.accumlate_adder.adder_chain[23].adder/COUT (sky130_fd_sc_hd__fa_4)
   0.93  203.21 v macacc.acc3.accumlate_adder.adder_chain[24].adder/COUT (sky130_fd_sc_hd__fa_4)
   0.93  204.13 v macacc.acc3.accumlate_adder.adder_chain[25].adder/COUT (sky130_fd_sc_hd__fa_4)
   0.93  205.06 v macacc.acc3.accumlate_adder.adder_chain[26].adder/COUT (sky130_fd_sc_hd__fa_4)
   0.93  205.99 v macacc.acc3.accumlate_adder.adder_chain[27].adder/COUT (sky130_fd_sc_hd__fa_4)
   0.93  206.91 v macacc.acc3.accumlate_adder.adder_chain[28].adder/COUT (sky130_fd_sc_hd__fa_4)
   0.93  207.84 v macacc.acc3.accumlate_adder.adder_chain[29].adder/COUT (sky130_fd_sc_hd__fa_4)
   0.93  208.77 v macacc.acc3.accumlate_adder.adder_chain[30].adder/COUT (sky130_fd_sc_hd__fa_4)
   1.52  210.28 ^ macacc.acc3.accumlate_adder.adder_chain[31].adder/SUM (sky130_fd_sc_hd__fa_4)
   0.27  210.56 ^ _4459_/X (sky130_fd_sc_hd__and2_4)
   0.00  210.56 ^ _5245_/D (sky130_fd_sc_hd__dfxtp_4)
         210.56   data arrival time

 250.00  250.00   clock clk (rise edge)
   0.00  250.00   clock network delay (ideal)
   0.00  250.00   clock reconvergence pessimism
         250.00 ^ _5245_/CLK (sky130_fd_sc_hd__dfxtp_4)
  -0.15  249.85   library setup time
         249.85   data required time
---------------------------------------------------------
         249.85   data required time
        -210.56   data arrival time
---------------------------------------------------------
          39.29   slack (MET)


