
31. Printing statistics.

=== mac_cluster ===

   Number of wires:               6669
   Number of wire bits:           6980
   Number of public wires:        5001
   Number of public wire bits:    5312
   Number of memories:               0
   Number of memory bits:            0
   Number of processes:              0
   Number of cells:               5179
     sky130_fd_sc_hd__a211o_4        2
     sky130_fd_sc_hd__a21boi_4      26
     sky130_fd_sc_hd__a21o_4         6
     sky130_fd_sc_hd__a22oi_4       87
     sky130_fd_sc_hd__a2bb2o_4      51
     sky130_fd_sc_hd__a32o_4        66
     sky130_fd_sc_hd__and2_4       155
     sky130_fd_sc_hd__and3_4        16
     sky130_fd_sc_hd__buf_1        699
     sky130_fd_sc_hd__conb_1       530
     sky130_fd_sc_hd__dfxtp_4      256
     sky130_fd_sc_hd__fa_4        1601
     sky130_fd_sc_hd__inv_8        131
     sky130_fd_sc_hd__nand2_4        9
     sky130_fd_sc_hd__nand3_4       15
     sky130_fd_sc_hd__nor2_4      1025
     sky130_fd_sc_hd__o21a_4        22
     sky130_fd_sc_hd__o21ai_4       27
     sky130_fd_sc_hd__o22a_4       287
     sky130_fd_sc_hd__or2_4        168

   Chip area for module '\mac_cluster': 81844.745600

