Startpoint: _7082_ (rising edge-triggered flip-flop clocked by clk)
Endpoint: _7082_ (rising edge-triggered flip-flop clocked by clk)
Path Group: clk
Path Type: min

  Delay    Time   Description
---------------------------------------------------------
   0.00    0.00   clock clk (rise edge)
   0.00    0.00   clock network delay (ideal)
   0.00    0.00 ^ _7082_/CLK (sky130_fd_sc_hd__dfxtp_4)
   0.22    0.22 v _7082_/Q (sky130_fd_sc_hd__dfxtp_4)
   0.06    0.28 ^ _2833_/Y (sky130_fd_sc_hd__nor2_2)
   0.03    0.31 v _2835_/Y (sky130_fd_sc_hd__nor3_2)
   0.00    0.31 v _7082_/D (sky130_fd_sc_hd__dfxtp_4)
           0.31   data arrival time

   0.00    0.00   clock clk (rise edge)
   0.00    0.00   clock network delay (ideal)
   0.00    0.00   clock reconvergence pessimism
           0.00 ^ _7082_/CLK (sky130_fd_sc_hd__dfxtp_4)
  -0.03   -0.03   library hold time
          -0.03   data required time
---------------------------------------------------------
          -0.03   data required time
          -0.31   data arrival time
---------------------------------------------------------
           0.34   slack (MET)


Startpoint: B0[0] (input port clocked by clk)
Endpoint: _7081_ (rising edge-triggered flip-flop clocked by clk)
Path Group: clk
Path Type: max

  Delay    Time   Description
---------------------------------------------------------
   0.00    0.00   clock clk (rise edge)
   0.00    0.00   clock network delay (ideal)
  50.00   50.00 ^ input external delay
   0.03   50.03 ^ B0[0] (in)
   0.07   50.10 v _4773_/Y (sky130_fd_sc_hd__inv_8)
   1.02   51.12 v macmulnegator.B0_adder.adder_chain[0].adder/COUT (sky130_fd_sc_hd__fa_4)
   0.94   52.06 v macmulnegator.B0_adder.adder_chain[1].adder/COUT (sky130_fd_sc_hd__fa_4)
   0.95   53.01 v macmulnegator.B0_adder.adder_chain[2].adder/COUT (sky130_fd_sc_hd__fa_4)
   0.94   53.95 v macmulnegator.B0_adder.adder_chain[3].adder/COUT (sky130_fd_sc_hd__fa_4)
   0.95   54.90 v macmulnegator.B0_adder.adder_chain[4].adder/COUT (sky130_fd_sc_hd__fa_4)
   0.93   55.83 v macmulnegator.B0_adder.adder_chain[5].adder/COUT (sky130_fd_sc_hd__fa_4)
   0.95   56.78 v macmulnegator.B0_adder.adder_chain[6].adder/COUT (sky130_fd_sc_hd__fa_4)
   0.90   57.68 v macmulnegator.B0_adder.adder_chain[7].adder/COUT (sky130_fd_sc_hd__fa_4)
   0.75   58.43 v _4686_/X (sky130_fd_sc_hd__or2_2)
   0.95   59.38 v macmulnegator.B1_adder.adder_chain[0].adder/COUT (sky130_fd_sc_hd__fa_4)
   0.94   60.31 v macmulnegator.B1_adder.adder_chain[1].adder/COUT (sky130_fd_sc_hd__fa_4)
   0.93   61.25 v macmulnegator.B1_adder.adder_chain[2].adder/COUT (sky130_fd_sc_hd__fa_4)
   0.93   62.18 v macmulnegator.B1_adder.adder_chain[3].adder/COUT (sky130_fd_sc_hd__fa_4)
   0.94   63.12 v macmulnegator.B1_adder.adder_chain[4].adder/COUT (sky130_fd_sc_hd__fa_4)
   0.93   64.05 v macmulnegator.B1_adder.adder_chain[5].adder/COUT (sky130_fd_sc_hd__fa_4)
   0.95   65.00 v macmulnegator.B1_adder.adder_chain[6].adder/COUT (sky130_fd_sc_hd__fa_4)
   0.99   65.99 v macmulnegator.B1_adder.adder_chain[7].adder/COUT (sky130_fd_sc_hd__fa_4)
   0.74   66.73 v _4685_/X (sky130_fd_sc_hd__or2_2)
   0.92   67.64 v macmulnegator.B2_adder.adder_chain[0].adder/COUT (sky130_fd_sc_hd__fa_4)
   1.28   68.92 v macmulnegator.B2_adder.adder_chain[1].adder/SUM (sky130_fd_sc_hd__fa_4)
   0.13   69.05 ^ _5375_/Y (sky130_fd_sc_hd__nand2_2)
   0.44   69.49 ^ _5377_/X (sky130_fd_sc_hd__and2_2)
   0.81   70.30 ^ _5551_/X (sky130_fd_sc_hd__buf_1)
   0.26   70.57 v _5559_/Y (sky130_fd_sc_hd__nor2_2)
   1.36   71.93 v macmul2.A0B2_mul_block.array_multiplier.horizontal[1].vertical[0].multiplier_cell.adder/SUM (sky130_fd_sc_hd__fa_4)
   1.10   73.03 v macmul2.A0B2_mul_block.array_multiplier.horizontal[0].vertical[1].multiplier_cell.adder/COUT (sky130_fd_sc_hd__fa_4)
   0.94   73.97 v macmul2.A0B2_mul_block.array_multiplier.horizontal[1].vertical[1].multiplier_cell.adder/COUT (sky130_fd_sc_hd__fa_4)
   1.57   75.54 ^ macmul2.A0B2_mul_block.array_multiplier.horizontal[2].vertical[1].multiplier_cell.adder/SUM (sky130_fd_sc_hd__fa_4)
   1.30   76.83 v macmul2.A0B2_mul_block.array_multiplier.horizontal[1].vertical[2].multiplier_cell.adder/SUM (sky130_fd_sc_hd__fa_4)
   1.10   77.94 v macmul2.A0B2_mul_block.array_multiplier.horizontal[0].vertical[3].multiplier_cell.adder/COUT (sky130_fd_sc_hd__fa_4)
   0.94   78.88 v macmul2.A0B2_mul_block.array_multiplier.horizontal[1].vertical[3].multiplier_cell.adder/COUT (sky130_fd_sc_hd__fa_4)
   1.56   80.44 ^ macmul2.A0B2_mul_block.array_multiplier.horizontal[2].vertical[3].multiplier_cell.adder/SUM (sky130_fd_sc_hd__fa_4)
   1.30   81.74 v macmul2.A0B2_mul_block.array_multiplier.horizontal[1].vertical[4].multiplier_cell.adder/SUM (sky130_fd_sc_hd__fa_4)
   1.10   82.84 v macmul2.A0B2_mul_block.array_multiplier.horizontal[0].vertical[5].multiplier_cell.adder/COUT (sky130_fd_sc_hd__fa_4)
   0.94   83.78 v macmul2.A0B2_mul_block.array_multiplier.horizontal[1].vertical[5].multiplier_cell.adder/COUT (sky130_fd_sc_hd__fa_4)
   1.56   85.34 ^ macmul2.A0B2_mul_block.array_multiplier.horizontal[2].vertical[5].multiplier_cell.adder/SUM (sky130_fd_sc_hd__fa_4)
   1.30   86.64 v macmul2.A0B2_mul_block.array_multiplier.horizontal[1].vertical[6].multiplier_cell.adder/SUM (sky130_fd_sc_hd__fa_4)
   1.10   87.74 v macmul2.A0B2_mul_block.array_multiplier.horizontal[0].vertical[7].multiplier_cell.adder/COUT (sky130_fd_sc_hd__fa_4)
   0.94   88.68 v macmul2.A0B2_mul_block.array_multiplier.horizontal[1].vertical[7].multiplier_cell.adder/COUT (sky130_fd_sc_hd__fa_4)
   1.35   90.02 v macmul2.A0B2_mul_block.array_multiplier.horizontal[2].vertical[7].multiplier_cell.adder/SUM (sky130_fd_sc_hd__fa_4)
   1.10   91.13 v macmul2.block_1_adder.adder_chain[1].adder/COUT (sky130_fd_sc_hd__fa_4)
   0.94   92.07 v macmul2.block_1_adder.adder_chain[2].adder/COUT (sky130_fd_sc_hd__fa_4)
   0.94   93.01 v macmul2.block_1_adder.adder_chain[3].adder/COUT (sky130_fd_sc_hd__fa_4)
   0.95   93.96 v macmul2.block_1_adder.adder_chain[4].adder/COUT (sky130_fd_sc_hd__fa_4)
   0.94   94.90 v macmul2.block_1_adder.adder_chain[5].adder/COUT (sky130_fd_sc_hd__fa_4)
   0.94   95.84 v macmul2.block_1_adder.adder_chain[6].adder/COUT (sky130_fd_sc_hd__fa_4)
   0.93   96.77 v macmul2.block_1_adder.adder_chain[7].adder/COUT (sky130_fd_sc_hd__fa_4)
   0.94   97.71 v macmul2.block_2_adder.adder_chain[0].adder/COUT (sky130_fd_sc_hd__fa_4)
   0.93   98.64 v macmul2.block_2_adder.adder_chain[1].adder/COUT (sky130_fd_sc_hd__fa_4)
   0.93   99.58 v macmul2.block_2_adder.adder_chain[2].adder/COUT (sky130_fd_sc_hd__fa_4)
   0.94  100.51 v macmul2.block_2_adder.adder_chain[3].adder/COUT (sky130_fd_sc_hd__fa_4)
   0.93  101.44 v macmul2.block_2_adder.adder_chain[4].adder/COUT (sky130_fd_sc_hd__fa_4)
   0.94  102.39 v macmul2.block_2_adder.adder_chain[5].adder/COUT (sky130_fd_sc_hd__fa_4)
   0.94  103.33 v macmul2.block_2_adder.adder_chain[6].adder/COUT (sky130_fd_sc_hd__fa_4)
   0.90  104.23 v macmul2.block_2_adder.adder_chain[7].adder/COUT (sky130_fd_sc_hd__fa_4)
   0.49  104.72 v _5660_/X (sky130_fd_sc_hd__and3_2)
   0.91  105.63 v macmul2.block_3_adder.adder_chain[0].adder/COUT (sky130_fd_sc_hd__fa_4)
   1.31  106.94 v macmul2.block_3_adder.adder_chain[1].adder/SUM (sky130_fd_sc_hd__fa_4)
   0.28  107.22 ^ _3695_/Y (sky130_fd_sc_hd__nor2_2)
   0.10  107.32 v _3696_/Y (sky130_fd_sc_hd__nor3_2)
   0.69  108.01 v _3697_/X (sky130_fd_sc_hd__or2_2)
   1.06  109.07 v maccombiner.partial2_upper_partial3_full_adder.adder_chain[1].adder/COUT (sky130_fd_sc_hd__fa_4)
   0.93  110.00 v maccombiner.partial2_upper_partial3_full_adder.adder_chain[2].adder/COUT (sky130_fd_sc_hd__fa_4)
   1.38  111.38 v maccombiner.partial2_upper_partial3_full_adder.adder_chain[3].adder/SUM (sky130_fd_sc_hd__fa_4)
   1.05  112.43 v maccombiner.quad_full_adder.adder_chain[11].adder/COUT (sky130_fd_sc_hd__fa_4)
   1.54  113.97 ^ maccombiner.quad_full_adder.adder_chain[12].adder/SUM (sky130_fd_sc_hd__fa_4)
   0.08  114.06 v _4494_/Y (sky130_fd_sc_hd__nor2_2)
   1.24  115.29 v _4496_/X (sky130_fd_sc_hd__or3_2)
   1.11  116.41 v macaccnegator.C0_adder.adder_chain[28].adder/COUT (sky130_fd_sc_hd__fa_4)
   0.94  117.35 v macaccnegator.C0_adder.adder_chain[29].adder/COUT (sky130_fd_sc_hd__fa_4)
   0.94  118.29 v macaccnegator.C0_adder.adder_chain[30].adder/COUT (sky130_fd_sc_hd__fa_4)
   0.90  119.18 v macaccnegator.C0_adder.adder_chain[31].adder/COUT (sky130_fd_sc_hd__fa_4)
   0.75  119.93 v _4519_/X (sky130_fd_sc_hd__or2_2)
   0.94  120.87 v macaccnegator.C1_adder.adder_chain[0].adder/COUT (sky130_fd_sc_hd__fa_4)
   0.95  121.82 v macaccnegator.C1_adder.adder_chain[1].adder/COUT (sky130_fd_sc_hd__fa_4)
   0.94  122.75 v macaccnegator.C1_adder.adder_chain[2].adder/COUT (sky130_fd_sc_hd__fa_4)
   0.94  123.70 v macaccnegator.C1_adder.adder_chain[3].adder/COUT (sky130_fd_sc_hd__fa_4)
   0.93  124.63 v macaccnegator.C1_adder.adder_chain[4].adder/COUT (sky130_fd_sc_hd__fa_4)
   0.93  125.56 v macaccnegator.C1_adder.adder_chain[5].adder/COUT (sky130_fd_sc_hd__fa_4)
   0.95  126.52 v macaccnegator.C1_adder.adder_chain[6].adder/COUT (sky130_fd_sc_hd__fa_4)
   0.96  127.48 v macaccnegator.C1_adder.adder_chain[7].adder/COUT (sky130_fd_sc_hd__fa_4)
   0.94  128.41 v macaccnegator.C1_adder.adder_chain[8].adder/COUT (sky130_fd_sc_hd__fa_4)
   0.93  129.35 v macaccnegator.C1_adder.adder_chain[9].adder/COUT (sky130_fd_sc_hd__fa_4)
   0.93  130.28 v macaccnegator.C1_adder.adder_chain[10].adder/COUT (sky130_fd_sc_hd__fa_4)
   0.94  131.22 v macaccnegator.C1_adder.adder_chain[11].adder/COUT (sky130_fd_sc_hd__fa_4)
   0.93  132.15 v macaccnegator.C1_adder.adder_chain[12].adder/COUT (sky130_fd_sc_hd__fa_4)
   0.95  133.09 v macaccnegator.C1_adder.adder_chain[13].adder/COUT (sky130_fd_sc_hd__fa_4)
   0.94  134.03 v macaccnegator.C1_adder.adder_chain[14].adder/COUT (sky130_fd_sc_hd__fa_4)
   0.94  134.97 v macaccnegator.C1_adder.adder_chain[15].adder/COUT (sky130_fd_sc_hd__fa_4)
   0.95  135.92 v macaccnegator.C1_adder.adder_chain[16].adder/COUT (sky130_fd_sc_hd__fa_4)
   0.94  136.86 v macaccnegator.C1_adder.adder_chain[17].adder/COUT (sky130_fd_sc_hd__fa_4)
   0.94  137.80 v macaccnegator.C1_adder.adder_chain[18].adder/COUT (sky130_fd_sc_hd__fa_4)
   0.93  138.73 v macaccnegator.C1_adder.adder_chain[19].adder/COUT (sky130_fd_sc_hd__fa_4)
   0.94  139.68 v macaccnegator.C1_adder.adder_chain[20].adder/COUT (sky130_fd_sc_hd__fa_4)
   0.94  140.61 v macaccnegator.C1_adder.adder_chain[21].adder/COUT (sky130_fd_sc_hd__fa_4)
   0.94  141.55 v macaccnegator.C1_adder.adder_chain[22].adder/COUT (sky130_fd_sc_hd__fa_4)
   0.94  142.50 v macaccnegator.C1_adder.adder_chain[23].adder/COUT (sky130_fd_sc_hd__fa_4)
   0.94  143.44 v macaccnegator.C1_adder.adder_chain[24].adder/COUT (sky130_fd_sc_hd__fa_4)
   0.94  144.38 v macaccnegator.C1_adder.adder_chain[25].adder/COUT (sky130_fd_sc_hd__fa_4)
   0.94  145.33 v macaccnegator.C1_adder.adder_chain[26].adder/COUT (sky130_fd_sc_hd__fa_4)
   0.94  146.27 v macaccnegator.C1_adder.adder_chain[27].adder/COUT (sky130_fd_sc_hd__fa_4)
   0.94  147.21 v macaccnegator.C1_adder.adder_chain[28].adder/COUT (sky130_fd_sc_hd__fa_4)
   0.94  148.15 v macaccnegator.C1_adder.adder_chain[29].adder/COUT (sky130_fd_sc_hd__fa_4)
   0.93  149.08 v macaccnegator.C1_adder.adder_chain[30].adder/COUT (sky130_fd_sc_hd__fa_4)
   1.00  150.08 v macaccnegator.C1_adder.adder_chain[31].adder/COUT (sky130_fd_sc_hd__fa_4)
   0.74  150.83 v _4518_/X (sky130_fd_sc_hd__or2_2)
   0.92  151.75 v macaccnegator.C2_adder.adder_chain[0].adder/COUT (sky130_fd_sc_hd__fa_4)
   0.95  152.69 v macaccnegator.C2_adder.adder_chain[1].adder/COUT (sky130_fd_sc_hd__fa_4)
   0.94  153.64 v macaccnegator.C2_adder.adder_chain[2].adder/COUT (sky130_fd_sc_hd__fa_4)
   0.93  154.57 v macaccnegator.C2_adder.adder_chain[3].adder/COUT (sky130_fd_sc_hd__fa_4)
   0.93  155.50 v macaccnegator.C2_adder.adder_chain[4].adder/COUT (sky130_fd_sc_hd__fa_4)
   0.94  156.45 v macaccnegator.C2_adder.adder_chain[5].adder/COUT (sky130_fd_sc_hd__fa_4)
   0.94  157.39 v macaccnegator.C2_adder.adder_chain[6].adder/COUT (sky130_fd_sc_hd__fa_4)
   0.94  158.33 v macaccnegator.C2_adder.adder_chain[7].adder/COUT (sky130_fd_sc_hd__fa_4)
   0.93  159.26 v macaccnegator.C2_adder.adder_chain[8].adder/COUT (sky130_fd_sc_hd__fa_4)
   0.93  160.19 v macaccnegator.C2_adder.adder_chain[9].adder/COUT (sky130_fd_sc_hd__fa_4)
   0.93  161.12 v macaccnegator.C2_adder.adder_chain[10].adder/COUT (sky130_fd_sc_hd__fa_4)
   0.94  162.06 v macaccnegator.C2_adder.adder_chain[11].adder/COUT (sky130_fd_sc_hd__fa_4)
   0.95  163.01 v macaccnegator.C2_adder.adder_chain[12].adder/COUT (sky130_fd_sc_hd__fa_4)
   0.94  163.95 v macaccnegator.C2_adder.adder_chain[13].adder/COUT (sky130_fd_sc_hd__fa_4)
   0.94  164.89 v macaccnegator.C2_adder.adder_chain[14].adder/COUT (sky130_fd_sc_hd__fa_4)
   0.94  165.82 v macaccnegator.C2_adder.adder_chain[15].adder/COUT (sky130_fd_sc_hd__fa_4)
   0.94  166.76 v macaccnegator.C2_adder.adder_chain[16].adder/COUT (sky130_fd_sc_hd__fa_4)
   0.95  167.71 v macaccnegator.C2_adder.adder_chain[17].adder/COUT (sky130_fd_sc_hd__fa_4)
   0.94  168.65 v macaccnegator.C2_adder.adder_chain[18].adder/COUT (sky130_fd_sc_hd__fa_4)
   0.95  169.60 v macaccnegator.C2_adder.adder_chain[19].adder/COUT (sky130_fd_sc_hd__fa_4)
   0.94  170.54 v macaccnegator.C2_adder.adder_chain[20].adder/COUT (sky130_fd_sc_hd__fa_4)
   0.93  171.47 v macaccnegator.C2_adder.adder_chain[21].adder/COUT (sky130_fd_sc_hd__fa_4)
   0.93  172.40 v macaccnegator.C2_adder.adder_chain[22].adder/COUT (sky130_fd_sc_hd__fa_4)
   0.93  173.34 v macaccnegator.C2_adder.adder_chain[23].adder/COUT (sky130_fd_sc_hd__fa_4)
   0.93  174.27 v macaccnegator.C2_adder.adder_chain[24].adder/COUT (sky130_fd_sc_hd__fa_4)
   0.93  175.20 v macaccnegator.C2_adder.adder_chain[25].adder/COUT (sky130_fd_sc_hd__fa_4)
   0.93  176.14 v macaccnegator.C2_adder.adder_chain[26].adder/COUT (sky130_fd_sc_hd__fa_4)
   0.94  177.07 v macaccnegator.C2_adder.adder_chain[27].adder/COUT (sky130_fd_sc_hd__fa_4)
   0.94  178.01 v macaccnegator.C2_adder.adder_chain[28].adder/COUT (sky130_fd_sc_hd__fa_4)
   0.93  178.95 v macaccnegator.C2_adder.adder_chain[29].adder/COUT (sky130_fd_sc_hd__fa_4)
   0.94  179.88 v macaccnegator.C2_adder.adder_chain[30].adder/COUT (sky130_fd_sc_hd__fa_4)
   0.90  180.78 v macaccnegator.C2_adder.adder_chain[31].adder/COUT (sky130_fd_sc_hd__fa_4)
   0.77  181.56 v _4517_/X (sky130_fd_sc_hd__or2_2)
   0.93  182.49 v macaccnegator.C3_adder.adder_chain[0].adder/COUT (sky130_fd_sc_hd__fa_4)
   0.95  183.44 v macaccnegator.C3_adder.adder_chain[1].adder/COUT (sky130_fd_sc_hd__fa_4)
   0.93  184.38 v macaccnegator.C3_adder.adder_chain[2].adder/COUT (sky130_fd_sc_hd__fa_4)
   0.93  185.31 v macaccnegator.C3_adder.adder_chain[3].adder/COUT (sky130_fd_sc_hd__fa_4)
   0.94  186.25 v macaccnegator.C3_adder.adder_chain[4].adder/COUT (sky130_fd_sc_hd__fa_4)
   0.94  187.19 v macaccnegator.C3_adder.adder_chain[5].adder/COUT (sky130_fd_sc_hd__fa_4)
   0.95  188.14 v macaccnegator.C3_adder.adder_chain[6].adder/COUT (sky130_fd_sc_hd__fa_4)
   0.95  189.09 v macaccnegator.C3_adder.adder_chain[7].adder/COUT (sky130_fd_sc_hd__fa_4)
   0.94  190.03 v macaccnegator.C3_adder.adder_chain[8].adder/COUT (sky130_fd_sc_hd__fa_4)
   0.94  190.97 v macaccnegator.C3_adder.adder_chain[9].adder/COUT (sky130_fd_sc_hd__fa_4)
   0.95  191.91 v macaccnegator.C3_adder.adder_chain[10].adder/COUT (sky130_fd_sc_hd__fa_4)
   0.95  192.86 v macaccnegator.C3_adder.adder_chain[11].adder/COUT (sky130_fd_sc_hd__fa_4)
   0.94  193.81 v macaccnegator.C3_adder.adder_chain[12].adder/COUT (sky130_fd_sc_hd__fa_4)
   0.95  194.75 v macaccnegator.C3_adder.adder_chain[13].adder/COUT (sky130_fd_sc_hd__fa_4)
   0.94  195.70 v macaccnegator.C3_adder.adder_chain[14].adder/COUT (sky130_fd_sc_hd__fa_4)
   0.95  196.65 v macaccnegator.C3_adder.adder_chain[15].adder/COUT (sky130_fd_sc_hd__fa_4)
   1.25  197.90 v macaccnegator.C3_adder.adder_chain[16].adder/SUM (sky130_fd_sc_hd__fa_4)
   0.70  198.59 v _3985_/X (sky130_fd_sc_hd__or2_2)
   0.46  199.05 v _3986_/X (sky130_fd_sc_hd__and2_2)
   1.01  200.06 v macacc.acc3.accumlate_adder.adder_chain[16].adder/COUT (sky130_fd_sc_hd__fa_4)
   0.95  201.01 v macacc.acc3.accumlate_adder.adder_chain[17].adder/COUT (sky130_fd_sc_hd__fa_4)
   0.94  201.94 v macacc.acc3.accumlate_adder.adder_chain[18].adder/COUT (sky130_fd_sc_hd__fa_4)
   0.97  202.92 v macacc.acc3.accumlate_adder.adder_chain[19].adder/COUT (sky130_fd_sc_hd__fa_4)
   0.95  203.87 v macacc.acc3.accumlate_adder.adder_chain[20].adder/COUT (sky130_fd_sc_hd__fa_4)
   0.93  204.80 v macacc.acc3.accumlate_adder.adder_chain[21].adder/COUT (sky130_fd_sc_hd__fa_4)
   0.95  205.75 v macacc.acc3.accumlate_adder.adder_chain[22].adder/COUT (sky130_fd_sc_hd__fa_4)
   0.95  206.70 v macacc.acc3.accumlate_adder.adder_chain[23].adder/COUT (sky130_fd_sc_hd__fa_4)
   0.95  207.64 v macacc.acc3.accumlate_adder.adder_chain[24].adder/COUT (sky130_fd_sc_hd__fa_4)
   0.94  208.58 v macacc.acc3.accumlate_adder.adder_chain[25].adder/COUT (sky130_fd_sc_hd__fa_4)
   0.93  209.52 v macacc.acc3.accumlate_adder.adder_chain[26].adder/COUT (sky130_fd_sc_hd__fa_4)
   0.94  210.46 v macacc.acc3.accumlate_adder.adder_chain[27].adder/COUT (sky130_fd_sc_hd__fa_4)
   0.95  211.41 v macacc.acc3.accumlate_adder.adder_chain[28].adder/COUT (sky130_fd_sc_hd__fa_4)
   0.93  212.34 v macacc.acc3.accumlate_adder.adder_chain[29].adder/COUT (sky130_fd_sc_hd__fa_4)
   0.95  213.29 v macacc.acc3.accumlate_adder.adder_chain[30].adder/COUT (sky130_fd_sc_hd__fa_4)
   1.55  214.84 ^ macacc.acc3.accumlate_adder.adder_chain[31].adder/SUM (sky130_fd_sc_hd__fa_4)
   0.08  214.93 v _2838_/Y (sky130_fd_sc_hd__nor2_2)
   0.22  215.14 ^ _2839_/Y (sky130_fd_sc_hd__nor3_2)
   0.13  215.27 v _2840_/Y (sky130_fd_sc_hd__nor2_2)
   0.12  215.39 ^ _2841_/Y (sky130_fd_sc_hd__nor2_2)
   0.00  215.39 ^ _7081_/D (sky130_fd_sc_hd__dfxtp_4)
         215.39   data arrival time

 250.00  250.00   clock clk (rise edge)
   0.00  250.00   clock network delay (ideal)
   0.00  250.00   clock reconvergence pessimism
         250.00 ^ _7081_/CLK (sky130_fd_sc_hd__dfxtp_4)
  -0.16  249.84   library setup time
         249.84   data required time
---------------------------------------------------------
         249.84   data required time
        -215.39   data arrival time
---------------------------------------------------------
          34.44   slack (MET)


