Startpoint: cset (input port clocked by clk)
Endpoint: _12387_ (rising edge-triggered flip-flop clocked by clk)
Path Group: clk
Path Type: max

  Delay    Time   Description
---------------------------------------------------------
   0.00    0.00   clock clk (rise edge)
   0.00    0.00   clock network delay (ideal)
  12.00   12.00 ^ input external delay
   0.02   12.02 ^ cset (in)
   0.68   12.70 ^ _05479_/X (sky130_fd_sc_hd__buf_1)
   1.07   13.77 ^ _05498_/X (sky130_fd_sc_hd__buf_1)
   1.29   15.06 ^ _06113_/X (sky130_fd_sc_hd__buf_1)
   0.44   15.50 v _06140_/Y (sky130_fd_sc_hd__nor3_2)
   0.21   15.71 ^ _06141_/Y (sky130_fd_sc_hd__nor2_2)
   0.08   15.79 v _06142_/Y (sky130_fd_sc_hd__nor2_2)
   0.00   15.79 v _12387_/D (sky130_fd_sc_hd__dfxtp_4)
          15.79   data arrival time

  60.00   60.00   clock clk (rise edge)
   0.00   60.00   clock network delay (ideal)
   0.00   60.00   clock reconvergence pessimism
          60.00 ^ _12387_/CLK (sky130_fd_sc_hd__dfxtp_4)
  -0.32   59.68   library setup time
          59.68   data required time
---------------------------------------------------------
          59.68   data required time
         -15.79   data arrival time
---------------------------------------------------------
          43.89   slack (MET)


