Startpoint: _12263_ (rising edge-triggered flip-flop clocked by clk)
Endpoint: _12418_ (rising edge-triggered flip-flop clocked by clk)
Path Group: clk
Path Type: max

  Delay    Time   Description
---------------------------------------------------------
   0.00    0.00   clock clk (rise edge)
   0.00    0.00   clock network delay (ideal)
   0.00    0.00 ^ _12263_/CLK (sky130_fd_sc_hd__dfxtp_4)
   0.79    0.79 ^ _12263_/Q (sky130_fd_sc_hd__dfxtp_4)
   0.09    0.88 v _08173_/Y (sky130_fd_sc_hd__inv_8)
   1.12    2.00 v _08175_/X (sky130_fd_sc_hd__or3_2)
   0.23    2.23 ^ _08176_/Y (sky130_fd_sc_hd__nor2_2)
   0.39    2.62 ^ _08182_/X (sky130_fd_sc_hd__o22a_4)
   0.06    2.69 v _08183_/Y (sky130_fd_sc_hd__inv_8)
   1.40    4.08 v _08184_/X (sky130_fd_sc_hd__or4_2)
   0.79    4.88 v _08185_/X (sky130_fd_sc_hd__or2_2)
   0.17    5.05 ^ _08186_/Y (sky130_fd_sc_hd__nor2_2)
   0.22    5.27 ^ _08187_/X (sky130_fd_sc_hd__or4_2)
   0.44    5.70 ^ _08188_/X (sky130_fd_sc_hd__buf_1)
   0.14    5.85 v _08189_/Y (sky130_fd_sc_hd__inv_8)
   0.46    6.31 v _08694_/X (sky130_fd_sc_hd__o22a_4)
   0.65    6.96 v _08696_/X (sky130_fd_sc_hd__or2_2)
   0.13    7.09 ^ _08697_/Y (sky130_fd_sc_hd__nand2_2)
   1.38    8.47 v maccombiner.partial0_upper_partial1_full_adder.adder.adders[1].adder.adders[0].adder.adders[2].adder/SUM (sky130_fd_sc_hd__fa_4)
   0.28    8.75 ^ _08280_/Y (sky130_fd_sc_hd__nor2_2)
   0.28    9.03 ^ _08285_/X (sky130_fd_sc_hd__or2_2)
   0.08    9.11 v _08287_/Y (sky130_fd_sc_hd__nor2_2)
   1.01   10.12 v _08288_/X (sky130_fd_sc_hd__or3_2)
   0.25   10.37 v _08289_/X (sky130_fd_sc_hd__o21a_4)
   1.52   11.90 v _08322_/X (sky130_fd_sc_hd__or4_2)
   0.30   12.20 v _08323_/X (sky130_fd_sc_hd__buf_1)
   0.22   12.42 ^ _08324_/Y (sky130_fd_sc_hd__nand2_2)
   0.10   12.52 v _08325_/Y (sky130_fd_sc_hd__nor3_2)
   0.95   13.47 v _08326_/X (sky130_fd_sc_hd__or3_2)
   0.37   13.84 v _08327_/X (sky130_fd_sc_hd__buf_1)
   0.15   13.99 ^ _08328_/Y (sky130_fd_sc_hd__inv_8)
   0.24   14.23 ^ _08366_/X (sky130_fd_sc_hd__or2_2)
   0.30   14.53 ^ _08367_/X (sky130_fd_sc_hd__or2_2)
   0.24   14.77 ^ _08368_/X (sky130_fd_sc_hd__or2_2)
   0.21   14.98 v _08369_/Y (sky130_fd_sc_hd__nand2_2)
   0.13   15.10 ^ _08370_/Y (sky130_fd_sc_hd__inv_8)
   0.21   15.32 ^ _08371_/X (sky130_fd_sc_hd__or2_2)
   0.07   15.38 v _08372_/Y (sky130_fd_sc_hd__nor2_2)
   0.61   15.99 v _08373_/X (sky130_fd_sc_hd__or2_2)
   0.25   16.24 v _08374_/X (sky130_fd_sc_hd__buf_1)
   0.28   16.52 v _08375_/X (sky130_fd_sc_hd__o21a_4)
   0.62   17.14 v _08393_/X (sky130_fd_sc_hd__or2_2)
   0.24   17.38 v _08394_/X (sky130_fd_sc_hd__buf_1)
   0.22   17.60 v _08395_/X (sky130_fd_sc_hd__o21a_4)
   0.64   18.24 v _08396_/X (sky130_fd_sc_hd__or2_2)
   1.27   19.51 v maccombiner.quad_full_adder.adder.adders[1].adder.adders[2].adder.adders[2].adder/SUM (sky130_fd_sc_hd__fa_4)
   0.54   20.05 v _08961_/X (sky130_fd_sc_hd__o22a_4)
   0.50   20.55 v _08962_/X (sky130_fd_sc_hd__o22a_4)
   0.97   21.52 v _08963_/X (sky130_fd_sc_hd__or3_2)
   1.45   22.97 v _08971_/X (sky130_fd_sc_hd__or4_2)
   0.66   23.63 v _08972_/X (sky130_fd_sc_hd__or2_2)
   0.33   23.96 v _08973_/X (sky130_fd_sc_hd__buf_1)
   1.59   25.55 v _08974_/X (sky130_fd_sc_hd__or4_2)
   0.91   26.46 v _08977_/X (sky130_fd_sc_hd__or2_2)
   1.32   27.78 v _08978_/X (sky130_fd_sc_hd__or4_2)
   0.40   28.18 v _08979_/X (sky130_fd_sc_hd__buf_1)
   0.73   28.92 v _09007_/X (sky130_fd_sc_hd__or2_2)
   0.35   29.27 v _09008_/X (sky130_fd_sc_hd__buf_1)
   0.54   29.81 ^ _09009_/Y (sky130_fd_sc_hd__nor4_2)
   0.39   30.21 ^ _09010_/X (sky130_fd_sc_hd__or2_2)
   0.25   30.45 ^ _09011_/X (sky130_fd_sc_hd__buf_1)
   0.25   30.70 v _09016_/Y (sky130_fd_sc_hd__nand2_2)
   1.32   32.02 v _09017_/X (sky130_fd_sc_hd__or4_2)
   0.40   32.42 v _09018_/X (sky130_fd_sc_hd__buf_1)
   1.37   33.79 v _09019_/X (sky130_fd_sc_hd__or4_2)
   0.40   34.19 v _09020_/X (sky130_fd_sc_hd__buf_1)
   1.60   35.79 v _09021_/X (sky130_fd_sc_hd__or4_2)
   1.39   37.17 v _09022_/X (sky130_fd_sc_hd__or4_2)
   0.41   37.58 v _09023_/X (sky130_fd_sc_hd__buf_1)
   0.74   38.32 v _09050_/X (sky130_fd_sc_hd__or2_2)
   0.36   38.67 v _09051_/X (sky130_fd_sc_hd__buf_1)
   0.27   38.95 ^ _09052_/Y (sky130_fd_sc_hd__nor4_2)
   0.37   39.31 ^ _09053_/X (sky130_fd_sc_hd__or2_2)
   0.48   39.79 ^ _09054_/X (sky130_fd_sc_hd__buf_1)
   0.11   39.90 v _09055_/Y (sky130_fd_sc_hd__inv_8)
   1.29   41.19 v _09056_/X (sky130_fd_sc_hd__or4_2)
   0.41   41.60 v _09057_/X (sky130_fd_sc_hd__buf_1)
   0.75   42.35 v _09077_/X (sky130_fd_sc_hd__or2_2)
   0.34   42.69 v _09078_/X (sky130_fd_sc_hd__buf_1)
   1.58   44.27 v _09079_/X (sky130_fd_sc_hd__or4_2)
   0.90   45.17 v _09090_/X (sky130_fd_sc_hd__or2_2)
   0.80   45.96 v _09091_/X (sky130_fd_sc_hd__or2_2)
   0.80   46.76 v _09092_/X (sky130_fd_sc_hd__or2_2)
   0.81   47.57 v _09093_/X (sky130_fd_sc_hd__or2_2)
   0.70   48.27 v _09116_/X (sky130_fd_sc_hd__or2_2)
   0.35   48.61 v _09117_/X (sky130_fd_sc_hd__buf_1)
   1.22   49.83 v _09118_/X (sky130_fd_sc_hd__or3_2)
   0.75   50.58 v _09119_/X (sky130_fd_sc_hd__or2_2)
   0.41   50.99 v _09120_/X (sky130_fd_sc_hd__buf_1)
   1.05   52.04 v _09131_/X (sky130_fd_sc_hd__or3_2)
   0.36   52.40 v _09132_/X (sky130_fd_sc_hd__buf_1)
   0.13   52.53 ^ _09133_/Y (sky130_fd_sc_hd__inv_8)
   1.29   53.82 v macaccnegator.C3_adder.adder.adders[1].adder.adders[2].adder.adders[2].adder/SUM (sky130_fd_sc_hd__fa_4)
   0.52   54.34 v _10168_/X (sky130_fd_sc_hd__o22a_4)
   0.19   54.53 ^ _10179_/Y (sky130_fd_sc_hd__nor2_2)
   0.27   54.80 ^ _10184_/X (sky130_fd_sc_hd__or2_2)
   0.08   54.88 v _10186_/Y (sky130_fd_sc_hd__nor2_2)
   1.01   55.89 v _10187_/X (sky130_fd_sc_hd__or3_2)
   0.25   56.14 v _10188_/X (sky130_fd_sc_hd__o21a_4)
   1.53   57.67 v _10230_/X (sky130_fd_sc_hd__or4_2)
   0.30   57.97 v _10231_/X (sky130_fd_sc_hd__buf_1)
   0.12   58.09 ^ _10245_/Y (sky130_fd_sc_hd__nand2_2)
   0.22   58.31 v _10246_/Y (sky130_fd_sc_hd__nand2_2)
   0.12   58.44 ^ _10247_/Y (sky130_fd_sc_hd__inv_8)
   0.05   58.49 v _10248_/Y (sky130_fd_sc_hd__nor3_2)
   1.01   59.50 v _10249_/X (sky130_fd_sc_hd__or3_2)
   1.56   61.06 ^ macacc.acc3.accumlate_adder.adder.adders[1].adder.adders[3].adder.adders[3].adder/SUM (sky130_fd_sc_hd__fa_4)
   0.09   61.14 v _05936_/Y (sky130_fd_sc_hd__nor2_2)
   0.23   61.37 ^ _05937_/Y (sky130_fd_sc_hd__nor3_2)
   0.13   61.50 v _05938_/Y (sky130_fd_sc_hd__nor2_2)
   0.11   61.61 ^ _05939_/Y (sky130_fd_sc_hd__nor2_2)
   0.00   61.61 ^ _12418_/D (sky130_fd_sc_hd__dfxtp_4)
          61.61   data arrival time

  60.00   60.00   clock clk (rise edge)
   0.00   60.00   clock network delay (ideal)
   0.00   60.00   clock reconvergence pessimism
          60.00 ^ _12418_/CLK (sky130_fd_sc_hd__dfxtp_4)
  -0.17   59.83   library setup time
          59.83   data required time
---------------------------------------------------------
          59.83   data required time
         -61.61   data arrival time
---------------------------------------------------------
          -1.78   slack (VIOLATED)


Startpoint: _12263_ (rising edge-triggered flip-flop clocked by clk)
Endpoint: _12417_ (rising edge-triggered flip-flop clocked by clk)
Path Group: clk
Path Type: max

  Delay    Time   Description
---------------------------------------------------------
   0.00    0.00   clock clk (rise edge)
   0.00    0.00   clock network delay (ideal)
   0.00    0.00 ^ _12263_/CLK (sky130_fd_sc_hd__dfxtp_4)
   0.79    0.79 ^ _12263_/Q (sky130_fd_sc_hd__dfxtp_4)
   0.09    0.88 v _08173_/Y (sky130_fd_sc_hd__inv_8)
   1.12    2.00 v _08175_/X (sky130_fd_sc_hd__or3_2)
   0.23    2.23 ^ _08176_/Y (sky130_fd_sc_hd__nor2_2)
   0.39    2.62 ^ _08182_/X (sky130_fd_sc_hd__o22a_4)
   0.06    2.69 v _08183_/Y (sky130_fd_sc_hd__inv_8)
   1.40    4.08 v _08184_/X (sky130_fd_sc_hd__or4_2)
   0.79    4.88 v _08185_/X (sky130_fd_sc_hd__or2_2)
   0.17    5.05 ^ _08186_/Y (sky130_fd_sc_hd__nor2_2)
   0.22    5.27 ^ _08187_/X (sky130_fd_sc_hd__or4_2)
   0.44    5.70 ^ _08188_/X (sky130_fd_sc_hd__buf_1)
   0.14    5.85 v _08189_/Y (sky130_fd_sc_hd__inv_8)
   0.46    6.31 v _08694_/X (sky130_fd_sc_hd__o22a_4)
   0.65    6.96 v _08696_/X (sky130_fd_sc_hd__or2_2)
   0.13    7.09 ^ _08697_/Y (sky130_fd_sc_hd__nand2_2)
   1.38    8.47 v maccombiner.partial0_upper_partial1_full_adder.adder.adders[1].adder.adders[0].adder.adders[2].adder/SUM (sky130_fd_sc_hd__fa_4)
   0.28    8.75 ^ _08280_/Y (sky130_fd_sc_hd__nor2_2)
   0.28    9.03 ^ _08285_/X (sky130_fd_sc_hd__or2_2)
   0.08    9.11 v _08287_/Y (sky130_fd_sc_hd__nor2_2)
   1.01   10.12 v _08288_/X (sky130_fd_sc_hd__or3_2)
   0.25   10.37 v _08289_/X (sky130_fd_sc_hd__o21a_4)
   1.52   11.90 v _08322_/X (sky130_fd_sc_hd__or4_2)
   0.30   12.20 v _08323_/X (sky130_fd_sc_hd__buf_1)
   0.22   12.42 ^ _08324_/Y (sky130_fd_sc_hd__nand2_2)
   0.10   12.52 v _08325_/Y (sky130_fd_sc_hd__nor3_2)
   0.95   13.47 v _08326_/X (sky130_fd_sc_hd__or3_2)
   0.37   13.84 v _08327_/X (sky130_fd_sc_hd__buf_1)
   0.15   13.99 ^ _08328_/Y (sky130_fd_sc_hd__inv_8)
   0.24   14.23 ^ _08366_/X (sky130_fd_sc_hd__or2_2)
   0.30   14.53 ^ _08367_/X (sky130_fd_sc_hd__or2_2)
   0.24   14.77 ^ _08368_/X (sky130_fd_sc_hd__or2_2)
   0.21   14.98 v _08369_/Y (sky130_fd_sc_hd__nand2_2)
   0.13   15.10 ^ _08370_/Y (sky130_fd_sc_hd__inv_8)
   0.21   15.32 ^ _08371_/X (sky130_fd_sc_hd__or2_2)
   0.07   15.38 v _08372_/Y (sky130_fd_sc_hd__nor2_2)
   0.61   15.99 v _08373_/X (sky130_fd_sc_hd__or2_2)
   0.25   16.24 v _08374_/X (sky130_fd_sc_hd__buf_1)
   0.28   16.52 v _08375_/X (sky130_fd_sc_hd__o21a_4)
   0.62   17.14 v _08393_/X (sky130_fd_sc_hd__or2_2)
   0.24   17.38 v _08394_/X (sky130_fd_sc_hd__buf_1)
   0.22   17.60 v _08395_/X (sky130_fd_sc_hd__o21a_4)
   0.64   18.24 v _08396_/X (sky130_fd_sc_hd__or2_2)
   1.27   19.51 v maccombiner.quad_full_adder.adder.adders[1].adder.adders[2].adder.adders[2].adder/SUM (sky130_fd_sc_hd__fa_4)
   0.54   20.05 v _08961_/X (sky130_fd_sc_hd__o22a_4)
   0.50   20.55 v _08962_/X (sky130_fd_sc_hd__o22a_4)
   0.97   21.52 v _08963_/X (sky130_fd_sc_hd__or3_2)
   1.45   22.97 v _08971_/X (sky130_fd_sc_hd__or4_2)
   0.66   23.63 v _08972_/X (sky130_fd_sc_hd__or2_2)
   0.33   23.96 v _08973_/X (sky130_fd_sc_hd__buf_1)
   1.59   25.55 v _08974_/X (sky130_fd_sc_hd__or4_2)
   0.91   26.46 v _08977_/X (sky130_fd_sc_hd__or2_2)
   1.32   27.78 v _08978_/X (sky130_fd_sc_hd__or4_2)
   0.40   28.18 v _08979_/X (sky130_fd_sc_hd__buf_1)
   0.73   28.92 v _09007_/X (sky130_fd_sc_hd__or2_2)
   0.35   29.27 v _09008_/X (sky130_fd_sc_hd__buf_1)
   0.54   29.81 ^ _09009_/Y (sky130_fd_sc_hd__nor4_2)
   0.39   30.21 ^ _09010_/X (sky130_fd_sc_hd__or2_2)
   0.25   30.45 ^ _09011_/X (sky130_fd_sc_hd__buf_1)
   0.25   30.70 v _09016_/Y (sky130_fd_sc_hd__nand2_2)
   1.32   32.02 v _09017_/X (sky130_fd_sc_hd__or4_2)
   0.40   32.42 v _09018_/X (sky130_fd_sc_hd__buf_1)
   1.37   33.79 v _09019_/X (sky130_fd_sc_hd__or4_2)
   0.40   34.19 v _09020_/X (sky130_fd_sc_hd__buf_1)
   1.60   35.79 v _09021_/X (sky130_fd_sc_hd__or4_2)
   1.39   37.17 v _09022_/X (sky130_fd_sc_hd__or4_2)
   0.41   37.58 v _09023_/X (sky130_fd_sc_hd__buf_1)
   0.74   38.32 v _09050_/X (sky130_fd_sc_hd__or2_2)
   0.36   38.67 v _09051_/X (sky130_fd_sc_hd__buf_1)
   0.27   38.95 ^ _09052_/Y (sky130_fd_sc_hd__nor4_2)
   0.37   39.31 ^ _09053_/X (sky130_fd_sc_hd__or2_2)
   0.48   39.79 ^ _09054_/X (sky130_fd_sc_hd__buf_1)
   0.11   39.90 v _09055_/Y (sky130_fd_sc_hd__inv_8)
   1.29   41.19 v _09056_/X (sky130_fd_sc_hd__or4_2)
   0.41   41.60 v _09057_/X (sky130_fd_sc_hd__buf_1)
   0.75   42.35 v _09077_/X (sky130_fd_sc_hd__or2_2)
   0.34   42.69 v _09078_/X (sky130_fd_sc_hd__buf_1)
   1.58   44.27 v _09079_/X (sky130_fd_sc_hd__or4_2)
   0.90   45.17 v _09090_/X (sky130_fd_sc_hd__or2_2)
   0.80   45.96 v _09091_/X (sky130_fd_sc_hd__or2_2)
   0.80   46.76 v _09092_/X (sky130_fd_sc_hd__or2_2)
   0.81   47.57 v _09093_/X (sky130_fd_sc_hd__or2_2)
   0.70   48.27 v _09116_/X (sky130_fd_sc_hd__or2_2)
   0.35   48.61 v _09117_/X (sky130_fd_sc_hd__buf_1)
   1.22   49.83 v _09118_/X (sky130_fd_sc_hd__or3_2)
   0.75   50.58 v _09119_/X (sky130_fd_sc_hd__or2_2)
   0.41   50.99 v _09120_/X (sky130_fd_sc_hd__buf_1)
   1.05   52.04 v _09131_/X (sky130_fd_sc_hd__or3_2)
   0.36   52.40 v _09132_/X (sky130_fd_sc_hd__buf_1)
   0.13   52.53 ^ _09133_/Y (sky130_fd_sc_hd__inv_8)
   1.29   53.82 v macaccnegator.C3_adder.adder.adders[1].adder.adders[2].adder.adders[2].adder/SUM (sky130_fd_sc_hd__fa_4)
   0.52   54.34 v _10168_/X (sky130_fd_sc_hd__o22a_4)
   0.19   54.53 ^ _10179_/Y (sky130_fd_sc_hd__nor2_2)
   0.27   54.80 ^ _10184_/X (sky130_fd_sc_hd__or2_2)
   0.08   54.88 v _10186_/Y (sky130_fd_sc_hd__nor2_2)
   1.01   55.89 v _10187_/X (sky130_fd_sc_hd__or3_2)
   0.25   56.14 v _10188_/X (sky130_fd_sc_hd__o21a_4)
   1.53   57.67 v _10230_/X (sky130_fd_sc_hd__or4_2)
   0.30   57.97 v _10231_/X (sky130_fd_sc_hd__buf_1)
   0.12   58.09 ^ _10245_/Y (sky130_fd_sc_hd__nand2_2)
   0.22   58.31 v _10246_/Y (sky130_fd_sc_hd__nand2_2)
   0.12   58.44 ^ _10247_/Y (sky130_fd_sc_hd__inv_8)
   0.26   58.70 ^ _10250_/X (sky130_fd_sc_hd__and2_2)
   0.07   58.77 v _10251_/Y (sky130_fd_sc_hd__nor2_2)
   1.50   60.27 ^ macacc.acc3.accumlate_adder.adder.adders[1].adder.adders[3].adder.adders[2].adder/SUM (sky130_fd_sc_hd__fa_4)
   0.08   60.36 v _05942_/Y (sky130_fd_sc_hd__nor2_2)
   0.23   60.59 ^ _05943_/Y (sky130_fd_sc_hd__nor3_2)
   0.13   60.72 v _05944_/Y (sky130_fd_sc_hd__nor2_2)
   0.10   60.82 ^ _05945_/Y (sky130_fd_sc_hd__nor2_2)
   0.00   60.82 ^ _12417_/D (sky130_fd_sc_hd__dfxtp_4)
          60.82   data arrival time

  60.00   60.00   clock clk (rise edge)
   0.00   60.00   clock network delay (ideal)
   0.00   60.00   clock reconvergence pessimism
          60.00 ^ _12417_/CLK (sky130_fd_sc_hd__dfxtp_4)
  -0.17   59.83   library setup time
          59.83   data required time
---------------------------------------------------------
          59.83   data required time
         -60.82   data arrival time
---------------------------------------------------------
          -0.99   slack (VIOLATED)


Startpoint: _12263_ (rising edge-triggered flip-flop clocked by clk)
Endpoint: _12416_ (rising edge-triggered flip-flop clocked by clk)
Path Group: clk
Path Type: max

  Delay    Time   Description
---------------------------------------------------------
   0.00    0.00   clock clk (rise edge)
   0.00    0.00   clock network delay (ideal)
   0.00    0.00 ^ _12263_/CLK (sky130_fd_sc_hd__dfxtp_4)
   0.79    0.79 ^ _12263_/Q (sky130_fd_sc_hd__dfxtp_4)
   0.09    0.88 v _08173_/Y (sky130_fd_sc_hd__inv_8)
   1.12    2.00 v _08175_/X (sky130_fd_sc_hd__or3_2)
   0.23    2.23 ^ _08176_/Y (sky130_fd_sc_hd__nor2_2)
   0.39    2.62 ^ _08182_/X (sky130_fd_sc_hd__o22a_4)
   0.06    2.69 v _08183_/Y (sky130_fd_sc_hd__inv_8)
   1.40    4.08 v _08184_/X (sky130_fd_sc_hd__or4_2)
   0.79    4.88 v _08185_/X (sky130_fd_sc_hd__or2_2)
   0.17    5.05 ^ _08186_/Y (sky130_fd_sc_hd__nor2_2)
   0.22    5.27 ^ _08187_/X (sky130_fd_sc_hd__or4_2)
   0.44    5.70 ^ _08188_/X (sky130_fd_sc_hd__buf_1)
   0.14    5.85 v _08189_/Y (sky130_fd_sc_hd__inv_8)
   0.46    6.31 v _08694_/X (sky130_fd_sc_hd__o22a_4)
   0.65    6.96 v _08696_/X (sky130_fd_sc_hd__or2_2)
   0.13    7.09 ^ _08697_/Y (sky130_fd_sc_hd__nand2_2)
   1.38    8.47 v maccombiner.partial0_upper_partial1_full_adder.adder.adders[1].adder.adders[0].adder.adders[2].adder/SUM (sky130_fd_sc_hd__fa_4)
   0.28    8.75 ^ _08280_/Y (sky130_fd_sc_hd__nor2_2)
   0.28    9.03 ^ _08285_/X (sky130_fd_sc_hd__or2_2)
   0.08    9.11 v _08287_/Y (sky130_fd_sc_hd__nor2_2)
   1.01   10.12 v _08288_/X (sky130_fd_sc_hd__or3_2)
   0.25   10.37 v _08289_/X (sky130_fd_sc_hd__o21a_4)
   1.52   11.90 v _08322_/X (sky130_fd_sc_hd__or4_2)
   0.30   12.20 v _08323_/X (sky130_fd_sc_hd__buf_1)
   0.22   12.42 ^ _08324_/Y (sky130_fd_sc_hd__nand2_2)
   0.10   12.52 v _08325_/Y (sky130_fd_sc_hd__nor3_2)
   0.95   13.47 v _08326_/X (sky130_fd_sc_hd__or3_2)
   0.37   13.84 v _08327_/X (sky130_fd_sc_hd__buf_1)
   0.15   13.99 ^ _08328_/Y (sky130_fd_sc_hd__inv_8)
   0.24   14.23 ^ _08366_/X (sky130_fd_sc_hd__or2_2)
   0.30   14.53 ^ _08367_/X (sky130_fd_sc_hd__or2_2)
   0.24   14.77 ^ _08368_/X (sky130_fd_sc_hd__or2_2)
   0.21   14.98 v _08369_/Y (sky130_fd_sc_hd__nand2_2)
   0.13   15.10 ^ _08370_/Y (sky130_fd_sc_hd__inv_8)
   0.21   15.32 ^ _08371_/X (sky130_fd_sc_hd__or2_2)
   0.07   15.38 v _08372_/Y (sky130_fd_sc_hd__nor2_2)
   0.61   15.99 v _08373_/X (sky130_fd_sc_hd__or2_2)
   0.25   16.24 v _08374_/X (sky130_fd_sc_hd__buf_1)
   0.28   16.52 v _08375_/X (sky130_fd_sc_hd__o21a_4)
   0.62   17.14 v _08393_/X (sky130_fd_sc_hd__or2_2)
   0.24   17.38 v _08394_/X (sky130_fd_sc_hd__buf_1)
   0.22   17.60 v _08395_/X (sky130_fd_sc_hd__o21a_4)
   0.64   18.24 v _08396_/X (sky130_fd_sc_hd__or2_2)
   1.27   19.51 v maccombiner.quad_full_adder.adder.adders[1].adder.adders[2].adder.adders[2].adder/SUM (sky130_fd_sc_hd__fa_4)
   0.54   20.05 v _08961_/X (sky130_fd_sc_hd__o22a_4)
   0.50   20.55 v _08962_/X (sky130_fd_sc_hd__o22a_4)
   0.97   21.52 v _08963_/X (sky130_fd_sc_hd__or3_2)
   1.45   22.97 v _08971_/X (sky130_fd_sc_hd__or4_2)
   0.66   23.63 v _08972_/X (sky130_fd_sc_hd__or2_2)
   0.33   23.96 v _08973_/X (sky130_fd_sc_hd__buf_1)
   1.59   25.55 v _08974_/X (sky130_fd_sc_hd__or4_2)
   0.91   26.46 v _08977_/X (sky130_fd_sc_hd__or2_2)
   1.32   27.78 v _08978_/X (sky130_fd_sc_hd__or4_2)
   0.40   28.18 v _08979_/X (sky130_fd_sc_hd__buf_1)
   0.73   28.92 v _09007_/X (sky130_fd_sc_hd__or2_2)
   0.35   29.27 v _09008_/X (sky130_fd_sc_hd__buf_1)
   0.54   29.81 ^ _09009_/Y (sky130_fd_sc_hd__nor4_2)
   0.39   30.21 ^ _09010_/X (sky130_fd_sc_hd__or2_2)
   0.25   30.45 ^ _09011_/X (sky130_fd_sc_hd__buf_1)
   0.25   30.70 v _09016_/Y (sky130_fd_sc_hd__nand2_2)
   1.32   32.02 v _09017_/X (sky130_fd_sc_hd__or4_2)
   0.40   32.42 v _09018_/X (sky130_fd_sc_hd__buf_1)
   1.37   33.79 v _09019_/X (sky130_fd_sc_hd__or4_2)
   0.40   34.19 v _09020_/X (sky130_fd_sc_hd__buf_1)
   1.60   35.79 v _09021_/X (sky130_fd_sc_hd__or4_2)
   1.39   37.17 v _09022_/X (sky130_fd_sc_hd__or4_2)
   0.41   37.58 v _09023_/X (sky130_fd_sc_hd__buf_1)
   0.74   38.32 v _09050_/X (sky130_fd_sc_hd__or2_2)
   0.36   38.67 v _09051_/X (sky130_fd_sc_hd__buf_1)
   0.27   38.95 ^ _09052_/Y (sky130_fd_sc_hd__nor4_2)
   0.37   39.31 ^ _09053_/X (sky130_fd_sc_hd__or2_2)
   0.48   39.79 ^ _09054_/X (sky130_fd_sc_hd__buf_1)
   0.11   39.90 v _09055_/Y (sky130_fd_sc_hd__inv_8)
   1.29   41.19 v _09056_/X (sky130_fd_sc_hd__or4_2)
   0.41   41.60 v _09057_/X (sky130_fd_sc_hd__buf_1)
   0.75   42.35 v _09077_/X (sky130_fd_sc_hd__or2_2)
   0.34   42.69 v _09078_/X (sky130_fd_sc_hd__buf_1)
   1.58   44.27 v _09079_/X (sky130_fd_sc_hd__or4_2)
   0.90   45.17 v _09090_/X (sky130_fd_sc_hd__or2_2)
   0.80   45.96 v _09091_/X (sky130_fd_sc_hd__or2_2)
   0.80   46.76 v _09092_/X (sky130_fd_sc_hd__or2_2)
   0.81   47.57 v _09093_/X (sky130_fd_sc_hd__or2_2)
   0.70   48.27 v _09116_/X (sky130_fd_sc_hd__or2_2)
   0.35   48.61 v _09117_/X (sky130_fd_sc_hd__buf_1)
   1.22   49.83 v _09118_/X (sky130_fd_sc_hd__or3_2)
   0.75   50.58 v _09119_/X (sky130_fd_sc_hd__or2_2)
   0.41   50.99 v _09120_/X (sky130_fd_sc_hd__buf_1)
   1.05   52.04 v _09131_/X (sky130_fd_sc_hd__or3_2)
   0.36   52.40 v _09132_/X (sky130_fd_sc_hd__buf_1)
   0.13   52.53 ^ _09133_/Y (sky130_fd_sc_hd__inv_8)
   1.29   53.82 v macaccnegator.C3_adder.adder.adders[1].adder.adders[2].adder.adders[2].adder/SUM (sky130_fd_sc_hd__fa_4)
   0.52   54.34 v _10168_/X (sky130_fd_sc_hd__o22a_4)
   0.19   54.53 ^ _10179_/Y (sky130_fd_sc_hd__nor2_2)
   0.27   54.80 ^ _10184_/X (sky130_fd_sc_hd__or2_2)
   0.08   54.88 v _10186_/Y (sky130_fd_sc_hd__nor2_2)
   1.01   55.89 v _10187_/X (sky130_fd_sc_hd__or3_2)
   0.25   56.14 v _10188_/X (sky130_fd_sc_hd__o21a_4)
   1.53   57.67 v _10230_/X (sky130_fd_sc_hd__or4_2)
   0.30   57.97 v _10231_/X (sky130_fd_sc_hd__buf_1)
   0.12   58.09 ^ _10245_/Y (sky130_fd_sc_hd__nand2_2)
   0.22   58.31 v _10246_/Y (sky130_fd_sc_hd__nand2_2)
   1.55   59.87 ^ macacc.acc3.accumlate_adder.adder.adders[1].adder.adders[3].adder.adders[1].adder/SUM (sky130_fd_sc_hd__fa_4)
   0.08   59.95 v _05948_/Y (sky130_fd_sc_hd__nor2_2)
   0.23   60.18 ^ _05949_/Y (sky130_fd_sc_hd__nor3_2)
   0.13   60.30 v _05950_/Y (sky130_fd_sc_hd__nor2_2)
   0.10   60.41 ^ _05951_/Y (sky130_fd_sc_hd__nor2_2)
   0.00   60.41 ^ _12416_/D (sky130_fd_sc_hd__dfxtp_4)
          60.41   data arrival time

  60.00   60.00   clock clk (rise edge)
   0.00   60.00   clock network delay (ideal)
   0.00   60.00   clock reconvergence pessimism
          60.00 ^ _12416_/CLK (sky130_fd_sc_hd__dfxtp_4)
  -0.17   59.83   library setup time
          59.83   data required time
---------------------------------------------------------
          59.83   data required time
         -60.41   data arrival time
---------------------------------------------------------
          -0.57   slack (VIOLATED)


Startpoint: _12263_ (rising edge-triggered flip-flop clocked by clk)
Endpoint: _12415_ (rising edge-triggered flip-flop clocked by clk)
Path Group: clk
Path Type: max

  Delay    Time   Description
---------------------------------------------------------
   0.00    0.00   clock clk (rise edge)
   0.00    0.00   clock network delay (ideal)
   0.00    0.00 ^ _12263_/CLK (sky130_fd_sc_hd__dfxtp_4)
   0.79    0.79 ^ _12263_/Q (sky130_fd_sc_hd__dfxtp_4)
   0.09    0.88 v _08173_/Y (sky130_fd_sc_hd__inv_8)
   1.12    2.00 v _08175_/X (sky130_fd_sc_hd__or3_2)
   0.23    2.23 ^ _08176_/Y (sky130_fd_sc_hd__nor2_2)
   0.39    2.62 ^ _08182_/X (sky130_fd_sc_hd__o22a_4)
   0.06    2.69 v _08183_/Y (sky130_fd_sc_hd__inv_8)
   1.40    4.08 v _08184_/X (sky130_fd_sc_hd__or4_2)
   0.79    4.88 v _08185_/X (sky130_fd_sc_hd__or2_2)
   0.17    5.05 ^ _08186_/Y (sky130_fd_sc_hd__nor2_2)
   0.22    5.27 ^ _08187_/X (sky130_fd_sc_hd__or4_2)
   0.44    5.70 ^ _08188_/X (sky130_fd_sc_hd__buf_1)
   0.14    5.85 v _08189_/Y (sky130_fd_sc_hd__inv_8)
   0.46    6.31 v _08694_/X (sky130_fd_sc_hd__o22a_4)
   0.65    6.96 v _08696_/X (sky130_fd_sc_hd__or2_2)
   0.13    7.09 ^ _08697_/Y (sky130_fd_sc_hd__nand2_2)
   1.38    8.47 v maccombiner.partial0_upper_partial1_full_adder.adder.adders[1].adder.adders[0].adder.adders[2].adder/SUM (sky130_fd_sc_hd__fa_4)
   0.28    8.75 ^ _08280_/Y (sky130_fd_sc_hd__nor2_2)
   0.28    9.03 ^ _08285_/X (sky130_fd_sc_hd__or2_2)
   0.08    9.11 v _08287_/Y (sky130_fd_sc_hd__nor2_2)
   1.01   10.12 v _08288_/X (sky130_fd_sc_hd__or3_2)
   0.25   10.37 v _08289_/X (sky130_fd_sc_hd__o21a_4)
   1.52   11.90 v _08322_/X (sky130_fd_sc_hd__or4_2)
   0.30   12.20 v _08323_/X (sky130_fd_sc_hd__buf_1)
   0.22   12.42 ^ _08324_/Y (sky130_fd_sc_hd__nand2_2)
   0.10   12.52 v _08325_/Y (sky130_fd_sc_hd__nor3_2)
   0.95   13.47 v _08326_/X (sky130_fd_sc_hd__or3_2)
   0.37   13.84 v _08327_/X (sky130_fd_sc_hd__buf_1)
   0.15   13.99 ^ _08328_/Y (sky130_fd_sc_hd__inv_8)
   0.24   14.23 ^ _08366_/X (sky130_fd_sc_hd__or2_2)
   0.30   14.53 ^ _08367_/X (sky130_fd_sc_hd__or2_2)
   0.24   14.77 ^ _08368_/X (sky130_fd_sc_hd__or2_2)
   0.21   14.98 v _08369_/Y (sky130_fd_sc_hd__nand2_2)
   0.13   15.10 ^ _08370_/Y (sky130_fd_sc_hd__inv_8)
   0.21   15.32 ^ _08371_/X (sky130_fd_sc_hd__or2_2)
   0.07   15.38 v _08372_/Y (sky130_fd_sc_hd__nor2_2)
   0.61   15.99 v _08373_/X (sky130_fd_sc_hd__or2_2)
   0.25   16.24 v _08374_/X (sky130_fd_sc_hd__buf_1)
   0.28   16.52 v _08375_/X (sky130_fd_sc_hd__o21a_4)
   0.62   17.14 v _08393_/X (sky130_fd_sc_hd__or2_2)
   0.24   17.38 v _08394_/X (sky130_fd_sc_hd__buf_1)
   0.22   17.60 v _08395_/X (sky130_fd_sc_hd__o21a_4)
   0.64   18.24 v _08396_/X (sky130_fd_sc_hd__or2_2)
   1.27   19.51 v maccombiner.quad_full_adder.adder.adders[1].adder.adders[2].adder.adders[2].adder/SUM (sky130_fd_sc_hd__fa_4)
   0.54   20.05 v _08961_/X (sky130_fd_sc_hd__o22a_4)
   0.50   20.55 v _08962_/X (sky130_fd_sc_hd__o22a_4)
   0.97   21.52 v _08963_/X (sky130_fd_sc_hd__or3_2)
   1.45   22.97 v _08971_/X (sky130_fd_sc_hd__or4_2)
   0.66   23.63 v _08972_/X (sky130_fd_sc_hd__or2_2)
   0.33   23.96 v _08973_/X (sky130_fd_sc_hd__buf_1)
   1.59   25.55 v _08974_/X (sky130_fd_sc_hd__or4_2)
   0.91   26.46 v _08977_/X (sky130_fd_sc_hd__or2_2)
   1.32   27.78 v _08978_/X (sky130_fd_sc_hd__or4_2)
   0.40   28.18 v _08979_/X (sky130_fd_sc_hd__buf_1)
   0.73   28.92 v _09007_/X (sky130_fd_sc_hd__or2_2)
   0.35   29.27 v _09008_/X (sky130_fd_sc_hd__buf_1)
   0.54   29.81 ^ _09009_/Y (sky130_fd_sc_hd__nor4_2)
   0.39   30.21 ^ _09010_/X (sky130_fd_sc_hd__or2_2)
   0.25   30.45 ^ _09011_/X (sky130_fd_sc_hd__buf_1)
   0.25   30.70 v _09016_/Y (sky130_fd_sc_hd__nand2_2)
   1.32   32.02 v _09017_/X (sky130_fd_sc_hd__or4_2)
   0.40   32.42 v _09018_/X (sky130_fd_sc_hd__buf_1)
   1.37   33.79 v _09019_/X (sky130_fd_sc_hd__or4_2)
   0.40   34.19 v _09020_/X (sky130_fd_sc_hd__buf_1)
   1.60   35.79 v _09021_/X (sky130_fd_sc_hd__or4_2)
   1.39   37.17 v _09022_/X (sky130_fd_sc_hd__or4_2)
   0.41   37.58 v _09023_/X (sky130_fd_sc_hd__buf_1)
   0.74   38.32 v _09050_/X (sky130_fd_sc_hd__or2_2)
   0.36   38.67 v _09051_/X (sky130_fd_sc_hd__buf_1)
   0.27   38.95 ^ _09052_/Y (sky130_fd_sc_hd__nor4_2)
   0.37   39.31 ^ _09053_/X (sky130_fd_sc_hd__or2_2)
   0.48   39.79 ^ _09054_/X (sky130_fd_sc_hd__buf_1)
   0.11   39.90 v _09055_/Y (sky130_fd_sc_hd__inv_8)
   1.29   41.19 v _09056_/X (sky130_fd_sc_hd__or4_2)
   0.41   41.60 v _09057_/X (sky130_fd_sc_hd__buf_1)
   0.75   42.35 v _09077_/X (sky130_fd_sc_hd__or2_2)
   0.34   42.69 v _09078_/X (sky130_fd_sc_hd__buf_1)
   1.58   44.27 v _09079_/X (sky130_fd_sc_hd__or4_2)
   0.90   45.17 v _09090_/X (sky130_fd_sc_hd__or2_2)
   0.80   45.96 v _09091_/X (sky130_fd_sc_hd__or2_2)
   0.80   46.76 v _09092_/X (sky130_fd_sc_hd__or2_2)
   0.81   47.57 v _09093_/X (sky130_fd_sc_hd__or2_2)
   0.70   48.27 v _09116_/X (sky130_fd_sc_hd__or2_2)
   0.35   48.61 v _09117_/X (sky130_fd_sc_hd__buf_1)
   1.22   49.83 v _09118_/X (sky130_fd_sc_hd__or3_2)
   0.75   50.58 v _09119_/X (sky130_fd_sc_hd__or2_2)
   0.41   50.99 v _09120_/X (sky130_fd_sc_hd__buf_1)
   1.05   52.04 v _09131_/X (sky130_fd_sc_hd__or3_2)
   0.36   52.40 v _09132_/X (sky130_fd_sc_hd__buf_1)
   0.13   52.53 ^ _09133_/Y (sky130_fd_sc_hd__inv_8)
   1.29   53.82 v macaccnegator.C3_adder.adder.adders[1].adder.adders[2].adder.adders[2].adder/SUM (sky130_fd_sc_hd__fa_4)
   0.52   54.34 v _10168_/X (sky130_fd_sc_hd__o22a_4)
   0.19   54.53 ^ _10179_/Y (sky130_fd_sc_hd__nor2_2)
   0.27   54.80 ^ _10184_/X (sky130_fd_sc_hd__or2_2)
   0.08   54.88 v _10186_/Y (sky130_fd_sc_hd__nor2_2)
   1.01   55.89 v _10187_/X (sky130_fd_sc_hd__or3_2)
   0.25   56.14 v _10188_/X (sky130_fd_sc_hd__o21a_4)
   1.53   57.67 v _10230_/X (sky130_fd_sc_hd__or4_2)
   0.30   57.97 v _10231_/X (sky130_fd_sc_hd__buf_1)
   1.53   59.50 ^ macacc.acc3.accumlate_adder.adder.adders[1].adder.adders[3].adder.adders[0].adder/SUM (sky130_fd_sc_hd__fa_4)
   0.08   59.58 v _05956_/Y (sky130_fd_sc_hd__nor2_2)
   0.25   59.83 ^ _05957_/Y (sky130_fd_sc_hd__nor3_2)
   0.13   59.96 v _05958_/Y (sky130_fd_sc_hd__nor2_2)
   0.10   60.06 ^ _05959_/Y (sky130_fd_sc_hd__nor2_2)
   0.00   60.06 ^ _12415_/D (sky130_fd_sc_hd__dfxtp_4)
          60.06   data arrival time

  60.00   60.00   clock clk (rise edge)
   0.00   60.00   clock network delay (ideal)
   0.00   60.00   clock reconvergence pessimism
          60.00 ^ _12415_/CLK (sky130_fd_sc_hd__dfxtp_4)
  -0.17   59.83   library setup time
          59.83   data required time
---------------------------------------------------------
          59.83   data required time
         -60.06   data arrival time
---------------------------------------------------------
          -0.23   slack (VIOLATED)


